t1000

C1Z0M0E0I0 A=01 B=019A D=0014 H=1B95>7F01 S=FFE8>053D P=1BA2 MOV  C,A
C1Z0M0E0I0 A=01 B=0101 D=0014 H=1B95>7F01 S=FFE8>053D P=1BA3 RLC  
C0Z0M0E0I0 A=02 B=0101 D=0014 H=1B95>7F01 S=FFE8>053D P=1BA4 MOV  M,A
C0Z0M0E0I0 A=02 B=0101 D=0014 H=1B95>7F02 S=FFE8>053D P=1BA5 CPI  01
C0Z0M0E0I0 A=02 B=0101 D=0014 H=1B95>7F02 S=FFE8>053D P=1BA7 JNZ  1BB1
C0Z0M0E0I0 A=02 B=0101 D=0014 H=1B95>7F02 S=FFE8>053D P=1BB1 MOV  A,B
C0Z0M0E0I0 A=01 B=0101 D=0014 H=1B95>7F02 S=FFE8>053D P=1BB2 ANA  C
C0Z0M0E0I1 A=01 B=0101 D=0014 H=1B95>7F02 S=FFE8>053D P=1BB3 POP  H
C0Z0M0E0I1 A=01 B=0101 D=0014 H=053D>0010 S=FFEA>049A P=1BB4 POP  B
C0Z0M0E0I1 A=01 B=049A D=0014 H=053D>0010 S=FFEC>1B69 P=1BB5 RZ   
C0Z0M0E0I1 A=01 B=049A D=0014 H=053D>0010 S=FFEC>1B69 P=1BB6 MVI  A,01
C0Z0M0E0I1 A=01 B=049A D=0014 H=053D>0010 S=FFEC>1B69 P=1BB8 RET  
C0Z0M0E0I1 A=01 B=049A D=0014 H=053D>0010 S=FFEE>8001 P=1B69 XRA  C
C0Z0M1E0I0 A=9B B=049A D=0014 H=053D>0010 S=FFEE>8001 P=1B6A RRC  
C1Z0M1E0I0 A=CD B=049A D=0014 H=053D>0010 S=FFEE>8001 P=1B6B MOV  C,A
C1Z0M1E0I0 A=CD B=04CD D=0014 H=053D>0010 S=FFEE>8001 P=1B6C POP  PSW
C1Z0M0E0I0 A=80 B=04CD D=0014 H=053D>0010 S=FFF0>0529 P=1B6D DCR  B
C1Z0M0E0I0 A=80 B=03CD D=0014 H=053D>0010 S=FFF0>0529 P=1B6E JNZ  1B62
C1Z0M0E0I0 A=80 B=03CD D=0014 H=053D>0010 S=FFF0>0529 P=1B62 RRC  
C0Z0M0E0I0 A=40 B=03CD D=0014 H=053D>0010 S=FFF0>0529 P=1B63 PUSH PSW
C0Z0M0E0I0 A=40 B=03CD D=0014 H=053D>0010 S=FFEE>4000 P=1B64 MVI  A,00
C0Z0M0E0I0 A=00 B=03CD D=0014 H=053D>0010 S=FFEE>4000 P=1B66 CC   1B98
C0Z0M0E0I0 A=00 B=03CD D=0014 H=053D>0010 S=FFEE>4000 P=1B69 XRA  C
C0Z0M1E0I0 A=CD B=03CD D=0014 H=053D>0010 S=FFEE>4000 P=1B6A RRC  
C1Z0M1E0I0 A=E6 B=03CD D=0014 H=053D>0010 S=FFEE>4000 P=1B6B MOV  C,A
C1Z0M1E0I0 A=E6 B=03E6 D=0014 H=053D>0010 S=FFEE>4000 P=1B6C POP  PSW
C0Z0M0E0I0 A=40 B=03E6 D=0014 H=053D>0010 S=FFF0>0529 P=1B6D DCR  B
C0Z0M0E0I0 A=40 B=02E6 D=0014 H=053D>0010 S=FFF0>0529 P=1B6E JNZ  1B62
C0Z0M0E0I0 A=40 B=02E6 D=0014 H=053D>0010 S=FFF0>0529 P=1B62 RRC  
C0Z0M0E0I0 A=20 B=02E6 D=0014 H=053D>0010 S=FFF0>0529 P=1B63 PUSH PSW
C0Z0M0E0I0 A=20 B=02E6 D=0014 H=053D>0010 S=FFEE>2020 P=1B64 MVI  A,00
C0Z0M0E0I0 A=00 B=02E6 D=0014 H=053D>0010 S=FFEE>2020 P=1B66 CC   1B98
C0Z0M0E0I0 A=00 B=02E6 D=0014 H=053D>0010 S=FFEE>2020 P=1B69 XRA  C
C0Z0M1E0I0 A=E6 B=02E6 D=0014 H=053D>0010 S=FFEE>2020 P=1B6A RRC  
C0Z0M1E0I0 A=73 B=02E6 D=0014 H=053D>0010 S=FFEE>2020 P=1B6B MOV  C,A
C0Z0M1E0I0 A=73 B=0273 D=0014 H=053D>0010 S=FFEE>2020 P=1B6C POP  PSW
C0Z0M0E0I0 A=20 B=0273 D=0014 H=053D>0010 S=FFF0>0529 P=1B6D DCR  B
C0Z0M0E0I0 A=20 B=0173 D=0014 H=053D>0010 S=FFF0>0529 P=1B6E JNZ  1B62
C0Z0M0E0I0 A=20 B=0173 D=0014 H=053D>0010 S=FFF0>0529 P=1B62 RRC  
C0Z0M0E0I0 A=10 B=0173 D=0014 H=053D>0010 S=FFF0>0529 P=1B63 PUSH PSW
C0Z0M0E0I0 A=10 B=0173 D=0014 H=053D>0010 S=FFEE>1000 P=1B64 MVI  A,00
C0Z0M0E0I0 A=00 B=0173 D=0014 H=053D>0010 S=FFEE>1000 P=1B66 CC   1B98
C0Z0M0E0I0 A=00 B=0173 D=0014 H=053D>0010 S=FFEE>1000 P=1B69 XRA  C
C0Z0M0E0I0 A=73 B=0173 D=0014 H=053D>0010 S=FFEE>1000 P=1B6A RRC  
C1Z0M0E0I0 A=B9 B=0173 D=0014 H=053D>0010 S=FFEE>1000 P=1B6B MOV  C,A
C1Z0M0E0I0 A=B9 B=01B9 D=0014 H=053D>0010 S=FFEE>1000 P=1B6C POP  PSW
C0Z0M0E0I0 A=10 B=01B9 D=0014 H=053D>0010 S=FFF0>0529 P=1B6D DCR  B
C0Z1M0E0I0 A=10 B=00B9 D=0014 H=053D>0010 S=FFF0>0529 P=1B6E JNZ  1B62
C0Z1M0E0I0 A=10 B=00B9 D=0014 H=053D>0010 S=FFF0>0529 P=1B71 MVI  B,08
C0Z1M0E0I0 A=10 B=08B9 D=0014 H=053D>0010 S=FFF0>0529 P=1B73 LXI  D,0014
C0Z1M0E0I0 A=10 B=08B9 D=0014 H=053D>0010 S=FFF0>0529 P=1B76 DAD  D
C0Z1M0E0I0 A=10 B=08B9 D=0014 H=0551>0000 S=FFF0>0529 P=1B77 MOV  A,M
C0Z1M0E0I0 A=00 B=08B9 D=0014 H=0551>0000 S=FFF0>0529 P=1B78 CPI  00
C0Z1M0E0I0 A=00 B=08B9 D=0014 H=0551>0000 S=FFF0>0529 P=1B7A JZ   1B8E
C0Z1M0E0I0 A=00 B=08B9 D=0014 H=0551>0000 S=FFF0>0529 P=1B8E POP  H
C0Z1M0E0I0 A=00 B=08B9 D=0014 H=0529>00A9 S=FFF2>1CE8 P=1B8F POP  D
C0Z1M0E0I0 A=00 B=08B9 D=1CE8 H=0529>00A9 S=FFF4>032C P=1B90 MOV  A,C
C0Z1M0E0I0 A=B9 B=08B9 D=1CE8 H=0529>00A9 S=FFF4>032C P=1B91 STAX D
C0Z1M0E0I0 A=B9 B=08B9 D=1CE8 H=0529>00A9 S=FFF4>032C P=1B92 INX  D
C0Z1M0E0I0 A=B9 B=08B9 D=1CE9 H=0529>00A9 S=FFF4>032C P=1B93 POP  B
C0Z1M0E0I0 A=B9 B=032C D=1CE9 H=0529>00A9 S=FFF6>1B4C P=1B94 RET  
C0Z1M0E0I0 A=B9 B=032C D=1CE9 H=0529>00A9 S=FFF8>1B3E P=1B4C INX  H
C0Z1M0E0I0 A=B9 B=032C D=1CE9 H=052A>0000 S=FFF8>1B3E P=1B4D DCR  B
C0Z0M0E0I0 A=B9 B=022C D=1CE9 H=052A>0000 S=FFF8>1B3E P=1B4E JNZ  1B49
C0Z0M0E0I0 A=B9 B=022C D=1CE9 H=052A>0000 S=FFF8>1B3E P=1B49 CALL 1B52
C0Z0M0E0I0 A=B9 B=022C D=1CE9 H=052A>0000 S=FFF6>1B4C P=1B52 PUSH B
C0Z0M0E0I0 A=B9 B=022C D=1CE9 H=052A>0000 S=FFF4>022C P=1B53 PUSH D
C0Z0M0E0I0 A=B9 B=022C D=1CE9 H=052A>0000 S=FFF2>1CE9 P=1B54 PUSH H
C0Z0M0E0I0 A=B9 B=022C D=1CE9 H=052A>0000 S=FFF0>052A P=1B55 MOV  C,M
C0Z0M0E0I0 A=B9 B=0200 D=1CE9 H=052A>0000 S=FFF0>052A P=1B56 LXI  D,0014
C0Z0M0E0I0 A=B9 B=0200 D=0014 H=052A>0000 S=FFF0>052A P=1B59 DAD  D
C0Z0M0E0I0 A=B9 B=0200 D=0014 H=053E>0000 S=FFF0>052A P=1B5A MOV  A,M
C0Z0M0E0I0 A=00 B=0200 D=0014 H=053E>0000 S=FFF0>052A P=1B5B CPI  00
C0Z1M0E0I0 A=00 B=0200 D=0014 H=053E>0000 S=FFF0>052A P=1B5D JZ   1B73
C0Z1M0E0I0 A=00 B=0200 D=0014 H=053E>0000 S=FFF0>052A P=1B73 LXI  D,0014
C0Z1M0E0I0 A=00 B=0200 D=0014 H=053E>0000 S=FFF0>052A P=1B76 DAD  D
C0Z1M0E0I0 A=00 B=0200 D=0014 H=0552>0000 S=FFF0>052A P=1B77 MOV  A,M
C0Z1M0E0I0 A=00 B=0200 D=0014 H=0552>0000 S=FFF0>052A P=1B78 CPI  00
C0Z1M0E0I0 A=00 B=0200 D=0014 H=0552>0000 S=FFF0>052A P=1B7A JZ   1B8E
C0Z1M0E0I0 A=00 B=0200 D=0014 H=0552>0000 S=FFF0>052A P=1B8E POP  H
C0Z1M0E0I0 A=00 B=0200 D=0014 H=052A>0000 S=FFF2>1CE9 P=1B8F POP  D
C0Z1M0E0I0 A=00 B=0200 D=1CE9 H=052A>0000 S=FFF4>022C P=1B90 MOV  A,C
C0Z1M0E0I0 A=00 B=0200 D=1CE9 H=052A>0000 S=FFF4>022C P=1B91 STAX D
C0Z1M0E0I0 A=00 B=0200 D=1CE9 H=052A>0000 S=FFF4>022C P=1B92 INX  D
C0Z1M0E0I0 A=00 B=0200 D=1CEA H=052A>0000 S=FFF4>022C P=1B93 POP  B
C0Z1M0E0I0 A=00 B=022C D=1CEA H=052A>0000 S=FFF6>1B4C P=1B94 RET  
C0Z1M0E0I0 A=00 B=022C D=1CEA H=052A>0000 S=FFF8>1B3E P=1B4C INX  H
C0Z1M0E0I0 A=00 B=022C D=1CEA H=052B>B600 S=FFF8>1B3E P=1B4D DCR  B
C0Z0M0E0I0 A=00 B=012C D=1CEA H=052B>B600 S=FFF8>1B3E P=1B4E JNZ  1B49
C0Z0M0E0I0 A=00 B=012C D=1CEA H=052B>B600 S=FFF8>1B3E P=1B49 CALL 1B52
C0Z0M0E0I0 A=00 B=012C D=1CEA H=052B>B600 S=FFF6>1B4C P=1B52 PUSH B
C0Z0M0E0I0 A=00 B=012C D=1CEA H=052B>B600 S=FFF4>012C P=1B53 PUSH D
C0Z0M0E0I0 A=00 B=012C D=1CEA H=052B>B600 S=FFF2>1CEA P=1B54 PUSH H
C0Z0M0E0I0 A=00 B=012C D=1CEA H=052B>B600 S=FFF0>052B P=1B55 MOV  C,M
C0Z0M0E0I0 A=00 B=0100 D=1CEA H=052B>B600 S=FFF0>052B P=1B56 LXI  D,0014
C0Z0M0E0I0 A=00 B=0100 D=0014 H=052B>B600 S=FFF0>052B P=1B59 DAD  D
C0Z0M0E0I0 A=00 B=0100 D=0014 H=053F>0000 S=FFF0>052B P=1B5A MOV  A,M
C0Z0M0E0I0 A=00 B=0100 D=0014 H=053F>0000 S=FFF0>052B P=1B5B CPI  00
C0Z1M0E0I0 A=00 B=0100 D=0014 H=053F>0000 S=FFF0>052B P=1B5D JZ   1B73
C0Z1M0E0I0 A=00 B=0100 D=0014 H=053F>0000 S=FFF0>052B P=1B73 LXI  D,0014
C0Z1M0E0I0 A=00 B=0100 D=0014 H=053F>0000 S=FFF0>052B P=1B76 DAD  D
C0Z1M0E0I0 A=00 B=0100 D=0014 H=0553>0000 S=FFF0>052B P=1B77 MOV  A,M
C0Z1M0E0I0 A=00 B=0100 D=0014 H=0553>0000 S=FFF0>052B P=1B78 CPI  00
C0Z1M0E0I0 A=00 B=0100 D=0014 H=0553>0000 S=FFF0>052B P=1B7A JZ   1B8E
C0Z1M0E0I0 A=00 B=0100 D=0014 H=0553>0000 S=FFF0>052B P=1B8E POP  H
C0Z1M0E0I0 A=00 B=0100 D=0014 H=052B>B600 S=FFF2>1CEA P=1B8F POP  D
C0Z1M0E0I0 A=00 B=0100 D=1CEA H=052B>B600 S=FFF4>012C P=1B90 MOV  A,C
C0Z1M0E0I0 A=00 B=0100 D=1CEA H=052B>B600 S=FFF4>012C P=1B91 STAX D
C0Z1M0E0I0 A=00 B=0100 D=1CEA H=052B>B600 S=FFF4>012C P=1B92 INX  D
C0Z1M0E0I0 A=00 B=0100 D=1CEB H=052B>B600 S=FFF4>012C P=1B93 POP  B
C0Z1M0E0I0 A=00 B=012C D=1CEB H=052B>B600 S=FFF6>1B4C P=1B94 RET  
C0Z1M0E0I0 A=00 B=012C D=1CEB H=052B>B600 S=FFF8>1B3E P=1B4C INX  H
C0Z1M0E0I0 A=00 B=012C D=1CEB H=052C>C7B6 S=FFF8>1B3E P=1B4D DCR  B
C0Z1M0E0I0 A=00 B=002C D=1CEB H=052C>C7B6 S=FFF8>1B3E P=1B4E JNZ  1B49
C0Z1M0E0I0 A=00 B=002C D=1CEB H=052C>C7B6 S=FFF8>1B3E P=1B51 RET  
C0Z1M0E0I0 A=00 B=002C D=1CEB H=052C>C7B6 S=FFFA>0528 P=1B3E MVI  B,10
C0Z1M0E0I0 A=00 B=102C D=1CEB H=052C>C7B6 S=FFFA>0528 P=1B40 LXI  D,0103
C0Z1M0E0I0 A=00 B=102C D=0103 H=052C>C7B6 S=FFFA>0528 P=1B43 CALL 1B49
C0Z1M0E0I0 A=00 B=102C D=0103 H=052C>C7B6 S=FFF8>1B46 P=1B49 CALL 1B52
C0Z1M0E0I0 A=00 B=102C D=0103 H=052C>C7B6 S=FFF6>1B4C P=1B52 PUSH B
C0Z1M0E0I0 A=00 B=102C D=0103 H=052C>C7B6 S=FFF4>102C P=1B53 PUSH D
C0Z1M0E0I0 A=00 B=102C D=0103 H=052C>C7B6 S=FFF2>0103 P=1B54 PUSH H
C0Z1M0E0I0 A=00 B=102C D=0103 H=052C>C7B6 S=FFF0>052C P=1B55 MOV  C,M
C0Z1M0E0I0 A=00 B=10B6 D=0103 H=052C>C7B6 S=FFF0>052C P=1B56 LXI  D,0014
C0Z1M0E0I0 A=00 B=10B6 D=0014 H=052C>C7B6 S=FFF0>052C P=1B59 DAD  D
C0Z1M0E0I0 A=00 B=10B6 D=0014 H=0540>0000 S=FFF0>052C P=1B5A MOV  A,M
C0Z1M0E0I0 A=00 B=10B6 D=0014 H=0540>0000 S=FFF0>052C P=1B5B CPI  00
C0Z1M0E0I0 A=00 B=10B6 D=0014 H=0540>0000 S=FFF0>052C P=1B5D JZ   1B73
C0Z1M0E0I0 A=00 B=10B6 D=0014 H=0540>0000 S=FFF0>052C P=1B73 LXI  D,0014
C0Z1M0E0I0 A=00 B=10B6 D=0014 H=0540>0000 S=FFF0>052C P=1B76 DAD  D
C0Z1M0E0I0 A=00 B=10B6 D=0014 H=0554>0000 S=FFF0>052C P=1B77 MOV  A,M
C0Z1M0E0I0 A=00 B=10B6 D=0014 H=0554>0000 S=FFF0>052C P=1B78 CPI  00
C0Z1M0E0I0 A=00 B=10B6 D=0014 H=0554>0000 S=FFF0>052C P=1B7A JZ   1B8E
C0Z1M0E0I0 A=00 B=10B6 D=0014 H=0554>0000 S=FFF0>052C P=1B8E POP  H
C0Z1M0E0I0 A=00 B=10B6 D=0014 H=052C>C7B6 S=FFF2>0103 P=1B8F POP  D
C0Z1M0E0I0 A=00 B=10B6 D=0103 H=052C>C7B6 S=FFF4>102C P=1B90 MOV  A,C
C0Z1M0E0I0 A=B6 B=10B6 D=0103 H=052C>C7B6 S=FFF4>102C P=1B91 STAX D
C0Z1M0E0I0 A=B6 B=10B6 D=0103 H=052C>C7B6 S=FFF4>102C P=1B92 INX  D
C0Z1M0E0I0 A=B6 B=10B6 D=0104 H=052C>C7B6 S=FFF4>102C P=1B93 POP  B
C0Z1M0E0I0 A=B6 B=102C D=0104 H=052C>C7B6 S=FFF6>1B4C P=1B94 RET  
C0Z1M0E0I0 A=B6 B=102C D=0104 H=052C>C7B6 S=FFF8>1B46 P=1B4C INX  H
C0Z1M0E0I0 A=B6 B=102C D=0104 H=052D>B4C7 S=FFF8>1B46 P=1B4D DCR  B
C0Z0M0E0I1 A=B6 B=0F2C D=0104 H=052D>B4C7 S=FFF8>1B46 P=1B4E JNZ  1B49
C0Z0M0E0I1 A=B6 B=0F2C D=0104 H=052D>B4C7 S=FFF8>1B46 P=1B49 CALL 1B52
C0Z0M0E0I1 A=B6 B=0F2C D=0104 H=052D>B4C7 S=FFF6>1B4C P=1B52 PUSH B
C0Z0M0E0I1 A=B6 B=0F2C D=0104 H=052D>B4C7 S=FFF4>0F2C P=1B53 PUSH D
C0Z0M0E0I1 A=B6 B=0F2C D=0104 H=052D>B4C7 S=FFF2>0104 P=1B54 PUSH H
C0Z0M0E0I1 A=B6 B=0F2C D=0104 H=052D>B4C7 S=FFF0>052D P=1B55 MOV  C,M
C0Z0M0E0I1 A=B6 B=0FC7 D=0104 H=052D>B4C7 S=FFF0>052D P=1B56 LXI  D,0014
C0Z0M0E0I1 A=B6 B=0FC7 D=0014 H=052D>B4C7 S=FFF0>052D P=1B59 DAD  D
C0Z0M0E0I0 A=B6 B=0FC7 D=0014 H=0541>0000 S=FFF0>052D P=1B5A MOV  A,M
C0Z0M0E0I0 A=00 B=0FC7 D=0014 H=0541>0000 S=FFF0>052D P=1B5B CPI  00
C0Z1M0E0I0 A=00 B=0FC7 D=0014 H=0541>0000 S=FFF0>052D P=1B5D JZ   1B73
C0Z1M0E0I0 A=00 B=0FC7 D=0014 H=0541>0000 S=FFF0>052D P=1B73 LXI  D,0014
C0Z1M0E0I0 A=00 B=0FC7 D=0014 H=0541>0000 S=FFF0>052D P=1B76 DAD  D
C0Z1M0E0I0 A=00 B=0FC7 D=0014 H=0555>0000 S=FFF0>052D P=1B77 MOV  A,M
C0Z1M0E0I0 A=00 B=0FC7 D=0014 H=0555>0000 S=FFF0>052D P=1B78 CPI  00
C0Z1M0E0I0 A=00 B=0FC7 D=0014 H=0555>0000 S=FFF0>052D P=1B7A JZ   1B8E
C0Z1M0E0I0 A=00 B=0FC7 D=0014 H=0555>0000 S=FFF0>052D P=1B8E POP  H
C0Z1M0E0I0 A=00 B=0FC7 D=0014 H=052D>B4C7 S=FFF2>0104 P=1B8F POP  D
C0Z1M0E0I0 A=00 B=0FC7 D=0104 H=052D>B4C7 S=FFF4>0F2C P=1B90 MOV  A,C
C0Z1M0E0I0 A=C7 B=0FC7 D=0104 H=052D>B4C7 S=FFF4>0F2C P=1B91 STAX D
C0Z1M0E0I0 A=C7 B=0FC7 D=0104 H=052D>B4C7 S=FFF4>0F2C P=1B92 INX  D
C0Z1M0E0I0 A=C7 B=0FC7 D=0105 H=052D>B4C7 S=FFF4>0F2C P=1B93 POP  B
C0Z1M0E0I0 A=C7 B=0F2C D=0105 H=052D>B4C7 S=FFF6>1B4C P=1B94 RET  
C0Z1M0E0I0 A=C7 B=0F2C D=0105 H=052D>B4C7 S=FFF8>1B46 P=1B4C INX  H
C0Z1M0E0I0 A=C7 B=0F2C D=0105 H=052E>72B4 S=FFF8>1B46 P=1B4D DCR  B
C0Z0M0E0I0 A=C7 B=0E2C D=0105 H=052E>72B4 S=FFF8>1B46 P=1B4E JNZ  1B49
C0Z0M0E0I0 A=C7 B=0E2C D=0105 H=052E>72B4 S=FFF8>1B46 P=1B49 CALL 1B52
C0Z0M0E0I0 A=C7 B=0E2C D=0105 H=052E>72B4 S=FFF6>1B4C P=1B52 PUSH B
C0Z0M0E0I0 A=C7 B=0E2C D=0105 H=052E>72B4 S=FFF4>0E2C P=1B53 PUSH D
C0Z0M0E0I0 A=C7 B=0E2C D=0105 H=052E>72B4 S=FFF2>0105 P=1B54 PUSH H
C0Z0M0E0I0 A=C7 B=0E2C D=0105 H=052E>72B4 S=FFF0>052E P=1B55 MOV  C,M
C0Z0M0E0I0 A=C7 B=0EB4 D=0105 H=052E>72B4 S=FFF0>052E P=1B56 LXI  D,0014
C0Z0M0E0I0 A=C7 B=0EB4 D=0014 H=052E>72B4 S=FFF0>052E P=1B59 DAD  D
C0Z0M0E0I0 A=C7 B=0EB4 D=0014 H=0542>0000 S=FFF0>052E P=1B5A MOV  A,M
C0Z0M0E0I0 A=00 B=0EB4 D=0014 H=0542>0000 S=FFF0>052E P=1B5B CPI  00
C0Z1M0E0I0 A=00 B=0EB4 D=0014 H=0542>0000 S=FFF0>052E P=1B5D JZ   1B73
C0Z1M0E0I0 A=00 B=0EB4 D=0014 H=0542>0000 S=FFF0>052E P=1B73 LXI  D,0014
C0Z1M0E0I0 A=00 B=0EB4 D=0014 H=0542>0000 S=FFF0>052E P=1B76 DAD  D
C0Z1M0E0I0 A=00 B=0EB4 D=0014 H=0556>0000 S=FFF0>052E P=1B77 MOV  A,M
C0Z1M0E0I0 A=00 B=0EB4 D=0014 H=0556>0000 S=FFF0>052E P=1B78 CPI  00
C0Z1M0E0I0 A=00 B=0EB4 D=0014 H=0556>0000 S=FFF0>052E P=1B7A JZ   1B8E
C0Z1M0E0I0 A=00 B=0EB4 D=0014 H=0556>0000 S=FFF0>052E P=1B8E POP  H
C0Z1M0E0I0 A=00 B=0EB4 D=0014 H=052E>72B4 S=FFF2>0105 P=1B8F POP  D
C0Z1M0E0I0 A=00 B=0EB4 D=0105 H=052E>72B4 S=FFF4>0E2C P=1B90 MOV  A,C
C0Z1M0E0I0 A=B4 B=0EB4 D=0105 H=052E>72B4 S=FFF4>0E2C P=1B91 STAX D
C0Z1M0E0I0 A=B4 B=0EB4 D=0105 H=052E>72B4 S=FFF4>0E2C P=1B92 INX  D
C0Z1M0E0I0 A=B4 B=0EB4 D=0106 H=052E>72B4 S=FFF4>0E2C P=1B93 POP  B
C0Z1M0E0I0 A=B4 B=0E2C D=0106 H=052E>72B4 S=FFF6>1B4C P=1B94 RET  
C0Z1M0E0I0 A=B4 B=0E2C D=0106 H=052E>72B4 S=FFF8>1B46 P=1B4C INX  H
C0Z1M0E0I0 A=B4 B=0E2C D=0106 H=052F>F672 S=FFF8>1B46 P=1B4D DCR  B
C0Z0M0E0I0 A=B4 B=0D2C D=0106 H=052F>F672 S=FFF8>1B46 P=1B4E JNZ  1B49
C0Z0M0E0I0 A=B4 B=0D2C D=0106 H=052F>F672 S=FFF8>1B46 P=1B49 CALL 1B52
C0Z0M0E0I0 A=B4 B=0D2C D=0106 H=052F>F672 S=FFF6>1B4C P=1B52 PUSH B
C0Z0M0E0I0 A=B4 B=0D2C D=0106 H=052F>F672 S=FFF4>0D2C P=1B53 PUSH D
C0Z0M0E0I0 A=B4 B=0D2C D=0106 H=052F>F672 S=FFF2>0106 P=1B54 PUSH H
C0Z0M0E0I0 A=B4 B=0D2C D=0106 H=052F>F672 S=FFF0>052F P=1B55 MOV  C,M
C0Z0M0E0I0 A=B4 B=0D72 D=0106 H=052F>F672 S=FFF0>052F P=1B56 LXI  D,0014
C0Z0M0E0I0 A=B4 B=0D72 D=0014 H=052F>F672 S=FFF0>052F P=1B59 DAD  D
C0Z0M0E0I0 A=B4 B=0D72 D=0014 H=0543>0000 S=FFF0>052F P=1B5A MOV  A,M
C0Z0M0E0I0 A=00 B=0D72 D=0014 H=0543>0000 S=FFF0>052F P=1B5B CPI  00
C0Z1M0E0I0 A=00 B=0D72 D=0014 H=0543>0000 S=FFF0>052F P=1B5D JZ   1B73
C0Z1M0E0I0 A=00 B=0D72 D=0014 H=0543>0000 S=FFF0>052F P=1B73 LXI  D,0014
C0Z1M0E0I0 A=00 B=0D72 D=0014 H=0543>0000 S=FFF0>052F P=1B76 DAD  D
C0Z1M0E0I0 A=00 B=0D72 D=0014 H=0557>0000 S=FFF0>052F P=1B77 MOV  A,M
C0Z1M0E0I0 A=00 B=0D72 D=0014 H=0557>0000 S=FFF0>052F P=1B78 CPI  00
C0Z1M0E0I0 A=00 B=0D72 D=0014 H=0557>0000 S=FFF0>052F P=1B7A JZ   1B8E
C0Z1M0E0I0 A=00 B=0D72 D=0014 H=0557>0000 S=FFF0>052F P=1B8E POP  H
C0Z1M0E0I0 A=00 B=0D72 D=0014 H=052F>F672 S=FFF2>0106 P=1B8F POP  D
C0Z1M0E0I0 A=00 B=0D72 D=0106 H=052F>F672 S=FFF4>0D2C P=1B90 MOV  A,C
C0Z1M0E0I0 A=72 B=0D72 D=0106 H=052F>F672 S=FFF4>0D2C P=1B91 STAX D
C0Z1M0E0I0 A=72 B=0D72 D=0106 H=052F>F672 S=FFF4>0D2C P=1B92 INX  D
C0Z1M0E0I0 A=72 B=0D72 D=0107 H=052F>F672 S=FFF4>0D2C P=1B93 POP  B
C0Z1M0E0I0 A=72 B=0D2C D=0107 H=052F>F672 S=FFF6>1B4C P=1B94 RET  
C0Z1M0E0I0 A=72 B=0D2C D=0107 H=052F>F672 S=FFF8>1B46 P=1B4C INX  H
C0Z1M0E0I0 A=72 B=0D2C D=0107 H=0530>18F6 S=FFF8>1B46 P=1B4D DCR  B
C0Z0M0E0I0 A=72 B=0C2C D=0107 H=0530>18F6 S=FFF8>1B46 P=1B4E JNZ  1B49
C0Z0M0E0I0 A=72 B=0C2C D=0107 H=0530>18F6 S=FFF8>1B46 P=1B49 CALL 1B52
C0Z0M0E0I0 A=72 B=0C2C D=0107 H=0530>18F6 S=FFF6>1B4C P=1B52 PUSH B
C0Z0M0E0I0 A=72 B=0C2C D=0107 H=0530>18F6 S=FFF4>0C2C P=1B53 PUSH D
C0Z0M0E0I0 A=72 B=0C2C D=0107 H=0530>18F6 S=FFF2>0107 P=1B54 PUSH H
C0Z0M0E0I0 A=72 B=0C2C D=0107 H=0530>18F6 S=FFF0>0530 P=1B55 MOV  C,M
C0Z0M0E0I0 A=72 B=0CF6 D=0107 H=0530>18F6 S=FFF0>0530 P=1B56 LXI  D,0014
C0Z0M0E0I0 A=72 B=0CF6 D=0014 H=0530>18F6 S=FFF0>0530 P=1B59 DAD  D
C0Z0M0E0I0 A=72 B=0CF6 D=0014 H=0544>0000 S=FFF0>0530 P=1B5A MOV  A,M
C0Z0M0E0I0 A=00 B=0CF6 D=0014 H=0544>0000 S=FFF0>0530 P=1B5B CPI  00
C0Z1M0E0I0 A=00 B=0CF6 D=0014 H=0544>0000 S=FFF0>0530 P=1B5D JZ   1B73
C0Z1M0E0I0 A=00 B=0CF6 D=0014 H=0544>0000 S=FFF0>0530 P=1B73 LXI  D,0014
C0Z1M0E0I0 A=00 B=0CF6 D=0014 H=0544>0000 S=FFF0>0530 P=1B76 DAD  D
C0Z1M0E0I0 A=00 B=0CF6 D=0014 H=0558>0000 S=FFF0>0530 P=1B77 MOV  A,M
C0Z1M0E0I0 A=00 B=0CF6 D=0014 H=0558>0000 S=FFF0>0530 P=1B78 CPI  00
C0Z1M0E0I0 A=00 B=0CF6 D=0014 H=0558>0000 S=FFF0>0530 P=1B7A JZ   1B8E
C0Z1M0E0I0 A=00 B=0CF6 D=0014 H=0558>0000 S=FFF0>0530 P=1B8E POP  H
C0Z1M0E0I0 A=00 B=0CF6 D=0014 H=0530>18F6 S=FFF2>0107 P=1B8F POP  D
C0Z1M0E0I0 A=00 B=0CF6 D=0107 H=0530>18F6 S=FFF4>0C2C P=1B90 MOV  A,C
C0Z1M0E0I0 A=F6 B=0CF6 D=0107 H=0530>18F6 S=FFF4>0C2C P=1B91 STAX D
C0Z1M0E0I0 A=F6 B=0CF6 D=0107 H=0530>18F6 S=FFF4>0C2C P=1B92 INX  D
C0Z1M0E0I0 A=F6 B=0CF6 D=0108 H=0530>18F6 S=FFF4>0C2C P=1B93 POP  B
C0Z1M0E0I0 A=F6 B=0C2C D=0108 H=0530>18F6 S=FFF6>1B4C P=1B94 RET  
C0Z1M0E0I0 A=F6 B=0C2C D=0108 H=0530>18F6 S=FFF8>1B46 P=1B4C INX  H
C0Z1M0E0I0 A=F6 B=0C2C D=0108 H=0531>1418 S=FFF8>1B46 P=1B4D DCR  B
C0Z0M0E0I0 A=F6 B=0B2C D=0108 H=0531>1418 S=FFF8>1B46 P=1B4E JNZ  1B49
C0Z0M0E0I0 A=F6 B=0B2C D=0108 H=0531>1418 S=FFF8>1B46 P=1B49 CALL 1B52
C0Z0M0E0I0 A=F6 B=0B2C D=0108 H=0531>1418 S=FFF6>1B4C P=1B52 PUSH B
C0Z0M0E0I0 A=F6 B=0B2C D=0108 H=0531>1418 S=FFF4>0B2C P=1B53 PUSH D
C0Z0M0E0I0 A=F6 B=0B2C D=0108 H=0531>1418 S=FFF2>0108 P=1B54 PUSH H
C0Z0M0E0I0 A=F6 B=0B2C D=0108 H=0531>1418 S=FFF0>0531 P=1B55 MOV  C,M
C0Z0M0E0I0 A=F6 B=0B18 D=0108 H=0531>1418 S=FFF0>0531 P=1B56 LXI  D,0014
C0Z0M0E0I0 A=F6 B=0B18 D=0014 H=0531>1418 S=FFF0>0531 P=1B59 DAD  D
C0Z0M0E0I0 A=F6 B=0B18 D=0014 H=0545>0000 S=FFF0>0531 P=1B5A MOV  A,M
C0Z0M0E0I0 A=00 B=0B18 D=0014 H=0545>0000 S=FFF0>0531 P=1B5B CPI  00
C0Z1M0E0I0 A=00 B=0B18 D=0014 H=0545>0000 S=FFF0>0531 P=1B5D JZ   1B73
C0Z1M0E0I0 A=00 B=0B18 D=0014 H=0545>0000 S=FFF0>0531 P=1B73 LXI  D,0014
C0Z1M0E0I0 A=00 B=0B18 D=0014 H=0545>0000 S=FFF0>0531 P=1B76 DAD  D
C0Z1M0E0I0 A=00 B=0B18 D=0014 H=0559>0000 S=FFF0>0531 P=1B77 MOV  A,M
C0Z1M0E0I0 A=00 B=0B18 D=0014 H=0559>0000 S=FFF0>0531 P=1B78 CPI  00
C0Z1M0E0I0 A=00 B=0B18 D=0014 H=0559>0000 S=FFF0>0531 P=1B7A JZ   1B8E
C0Z1M0E0I0 A=00 B=0B18 D=0014 H=0559>0000 S=FFF0>0531 P=1B8E POP  H
C0Z1M0E0I0 A=00 B=0B18 D=0014 H=0531>1418 S=FFF2>0108 P=1B8F POP  D
C0Z1M0E0I0 A=00 B=0B18 D=0108 H=0531>1418 S=FFF4>0B2C P=1B90 MOV  A,C
C0Z1M0E0I0 A=18 B=0B18 D=0108 H=0531>1418 S=FFF4>0B2C P=1B91 STAX D
C0Z1M0E0I0 A=18 B=0B18 D=0108 H=0531>1418 S=FFF4>0B2C P=1B92 INX  D
C0Z1M0E0I0 A=18 B=0B18 D=0109 H=0531>1418 S=FFF4>0B2C P=1B93 POP  B
C0Z1M0E0I0 A=18 B=0B2C D=0109 H=0531>1418 S=FFF6>1B4C P=1B94 RET  
C0Z1M0E0I0 A=18 B=0B2C D=0109 H=0531>1418 S=FFF8>1B46 P=1B4C INX  H
C0Z1M0E0I0 A=18 B=0B2C D=0109 H=0532>0114 S=FFF8>1B46 P=1B4D DCR  B
C0Z0M0E0I0 A=18 B=0A2C D=0109 H=0532>0114 S=FFF8>1B46 P=1B4E JNZ  1B49
C0Z0M0E0I0 A=18 B=0A2C D=0109 H=0532>0114 S=FFF8>1B46 P=1B49 CALL 1B52
C0Z0M0E0I0 A=18 B=0A2C D=0109 H=0532>0114 S=FFF6>1B4C P=1B52 PUSH B
C0Z0M0E0I0 A=18 B=0A2C D=0109 H=0532>0114 S=FFF4>0A2C P=1B53 PUSH D
C0Z0M0E0I0 A=18 B=0A2C D=0109 H=0532>0114 S=FFF2>0109 P=1B54 PUSH H
C0Z0M0E0I0 A=18 B=0A2C D=0109 H=0532>0114 S=FFF0>0532 P=1B55 MOV  C,M
C0Z0M0E0I0 A=18 B=0A14 D=0109 H=0532>0114 S=FFF0>0532 P=1B56 LXI  D,0014
C0Z0M0E0I0 A=18 B=0A14 D=0014 H=0532>0114 S=FFF0>0532 P=1B59 DAD  D
C0Z0M0E0I0 A=18 B=0A14 D=0014 H=0546>0000 S=FFF0>0532 P=1B5A MOV  A,M
C0Z0M0E0I0 A=00 B=0A14 D=0014 H=0546>0000 S=FFF0>0532 P=1B5B CPI  00
C0Z1M0E0I0 A=00 B=0A14 D=0014 H=0546>0000 S=FFF0>0532 P=1B5D JZ   1B73
C0Z1M0E0I0 A=00 B=0A14 D=0014 H=0546>0000 S=FFF0>0532 P=1B73 LXI  D,0014
C0Z1M0E0I0 A=00 B=0A14 D=0014 H=0546>0000 S=FFF0>0532 P=1B76 DAD  D
C0Z1M0E0I0 A=00 B=0A14 D=0014 H=055A>0000 S=FFF0>0532 P=1B77 MOV  A,M
C0Z1M0E0I0 A=00 B=0A14 D=0014 H=055A>0000 S=FFF0>0532 P=1B78 CPI  00
C0Z1M0E0I0 A=00 B=0A14 D=0014 H=055A>0000 S=FFF0>0532 P=1B7A JZ   1B8E
C0Z1M0E0I0 A=00 B=0A14 D=0014 H=055A>0000 S=FFF0>0532 P=1B8E POP  H
C0Z1M0E0I0 A=00 B=0A14 D=0014 H=0532>0114 S=FFF2>0109 P=1B8F POP  D
C0Z1M0E0I0 A=00 B=0A14 D=0109 H=0532>0114 S=FFF4>0A2C P=1B90 MOV  A,C
C0Z1M0E0I0 A=14 B=0A14 D=0109 H=0532>0114 S=FFF4>0A2C P=1B91 STAX D
C0Z1M0E0I0 A=14 B=0A14 D=0109 H=0532>0114 S=FFF4>0A2C P=1B92 INX  D
C0Z1M0E0I0 A=14 B=0A14 D=010A H=0532>0114 S=FFF4>0A2C P=1B93 POP  B
C0Z1M0E0I0 A=14 B=0A2C D=010A H=0532>0114 S=FFF6>1B4C P=1B94 RET  
C0Z1M0E0I0 A=14 B=0A2C D=010A H=0532>0114 S=FFF8>1B46 P=1B4C INX  H
C0Z1M0E0I0 A=14 B=0A2C D=010A H=0533>BD01 S=FFF8>1B46 P=1B4D DCR  B
C0Z0M0E0I0 A=14 B=092C D=010A H=0533>BD01 S=FFF8>1B46 P=1B4E JNZ  1B49
C0Z0M0E0I0 A=14 B=092C D=010A H=0533>BD01 S=FFF8>1B46 P=1B49 CALL 1B52
C0Z0M0E0I0 A=14 B=092C D=010A H=0533>BD01 S=FFF6>1B4C P=1B52 PUSH B
C0Z0M0E0I0 A=14 B=092C D=010A H=0533>BD01 S=FFF4>092C P=1B53 PUSH D
C0Z0M0E0I0 A=14 B=092C D=010A H=0533>BD01 S=FFF2>010A P=1B54 PUSH H
C0Z0M0E0I0 A=14 B=092C D=010A H=0533>BD01 S=FFF0>0533 P=1B55 MOV  C,M
C0Z0M0E0I0 A=14 B=0901 D=010A H=0533>BD01 S=FFF0>0533 P=1B56 LXI  D,0014
C0Z0M0E0I0 A=14 B=0901 D=0014 H=0533>BD01 S=FFF0>0533 P=1B59 DAD  D
C0Z0M0E0I0 A=14 B=0901 D=0014 H=0547>0000 S=FFF0>0533 P=1B5A MOV  A,M
C0Z0M0E0I0 A=00 B=0901 D=0014 H=0547>0000 S=FFF0>0533 P=1B5B CPI  00
C0Z1M0E0I0 A=00 B=0901 D=0014 H=0547>0000 S=FFF0>0533 P=1B5D JZ   1B73
C0Z1M0E0I0 A=00 B=0901 D=0014 H=0547>0000 S=FFF0>0533 P=1B73 LXI  D,0014
C0Z1M0E0I0 A=00 B=0901 D=0014 H=0547>0000 S=FFF0>0533 P=1B76 DAD  D
C0Z1M0E0I0 A=00 B=0901 D=0014 H=055B>0000 S=FFF0>0533 P=1B77 MOV  A,M
C0Z1M0E0I0 A=00 B=0901 D=0014 H=055B>0000 S=FFF0>0533 P=1B78 CPI  00
C0Z1M0E0I0 A=00 B=0901 D=0014 H=055B>0000 S=FFF0>0533 P=1B7A JZ   1B8E
C0Z1M0E0I0 A=00 B=0901 D=0014 H=055B>0000 S=FFF0>0533 P=1B8E POP  H
C0Z1M0E0I0 A=00 B=0901 D=0014 H=0533>BD01 S=FFF2>010A P=1B8F POP  D
C0Z1M0E0I0 A=00 B=0901 D=010A H=0533>BD01 S=FFF4>092C P=1B90 MOV  A,C
C0Z1M0E0I0 A=01 B=0901 D=010A H=0533>BD01 S=FFF4>092C P=1B91 STAX D
C0Z1M0E0I0 A=01 B=0901 D=010A H=0533>BD01 S=FFF4>092C P=1B92 INX  D
C0Z1M0E0I0 A=01 B=0901 D=010B H=0533>BD01 S=FFF4>092C P=1B93 POP  B
C0Z1M0E0I0 A=01 B=092C D=010B H=0533>BD01 S=FFF6>1B4C P=1B94 RET  
C0Z1M0E0I0 A=01 B=092C D=010B H=0533>BD01 S=FFF8>1B46 P=1B4C INX  H
C0Z1M0E0I0 A=01 B=092C D=010B H=0534>8DBD S=FFF8>1B46 P=1B4D DCR  B
C0Z0M0E0I0 A=01 B=082C D=010B H=0534>8DBD S=FFF8>1B46 P=1B4E JNZ  1B49
C0Z0M0E0I0 A=01 B=082C D=010B H=0534>8DBD S=FFF8>1B46 P=1B49 CALL 1B52
C0Z0M0E0I0 A=01 B=082C D=010B H=0534>8DBD S=FFF6>1B4C P=1B52 PUSH B
C0Z0M0E0I0 A=01 B=082C D=010B H=0534>8DBD S=FFF4>082C P=1B53 PUSH D
C0Z0M0E0I0 A=01 B=082C D=010B H=0534>8DBD S=FFF2>010B P=1B54 PUSH H
C0Z0M0E0I0 A=01 B=082C D=010B H=0534>8DBD S=FFF0>0534 P=1B55 MOV  C,M
C0Z0M0E0I0 A=01 B=08BD D=010B H=0534>8DBD S=FFF0>0534 P=1B56 LXI  D,0014
C0Z0M0E0I0 A=01 B=08BD D=0014 H=0534>8DBD S=FFF0>0534 P=1B59 DAD  D
C0Z0M0E0I0 A=01 B=08BD D=0014 H=0548>0000 S=FFF0>0534 P=1B5A MOV  A,M
C0Z0M0E0I0 A=00 B=08BD D=0014 H=0548>0000 S=FFF0>0534 P=1B5B CPI  00
C0Z1M0E0I0 A=00 B=08BD D=0014 H=0548>0000 S=FFF0>0534 P=1B5D JZ   1B73
C0Z1M0E0I0 A=00 B=08BD D=0014 H=0548>0000 S=FFF0>0534 P=1B73 LXI  D,0014
C0Z1M0E0I0 A=00 B=08BD D=0014 H=0548>0000 S=FFF0>0534 P=1B76 DAD  D
C0Z1M0E0I0 A=00 B=08BD D=0014 H=055C>0000 S=FFF0>0534 P=1B77 MOV  A,M
C0Z1M0E0I0 A=00 B=08BD D=0014 H=055C>0000 S=FFF0>0534 P=1B78 CPI  00
C0Z1M0E0I0 A=00 B=08BD D=0014 H=055C>0000 S=FFF0>0534 P=1B7A JZ   1B8E
C0Z1M0E0I0 A=00 B=08BD D=0014 H=055C>0000 S=FFF0>0534 P=1B8E POP  H
C0Z1M0E0I0 A=00 B=08BD D=0014 H=0534>8DBD S=FFF2>010B P=1B8F POP  D
C0Z1M0E0I0 A=00 B=08BD D=010B H=0534>8DBD S=FFF4>082C P=1B90 MOV  A,C
C0Z1M0E0I0 A=BD B=08BD D=010B H=0534>8DBD S=FFF4>082C P=1B91 STAX D
C0Z1M0E0I0 A=BD B=08BD D=010B H=0534>8DBD S=FFF4>082C P=1B92 INX  D
C0Z1M0E0I0 A=BD B=08BD D=010C H=0534>8DBD S=FFF4>082C P=1B93 POP  B
C0Z1M0E0I0 A=BD B=082C D=010C H=0534>8DBD S=FFF6>1B4C P=1B94 RET  
C0Z1M0E0I0 A=BD B=082C D=010C H=0534>8DBD S=FFF8>1B46 P=1B4C INX  H
C0Z1M0E0I0 A=BD B=082C D=010C H=0535>018D S=FFF8>1B46 P=1B4D DCR  B
C0Z0M0E0I0 A=BD B=072C D=010C H=0535>018D S=FFF8>1B46 P=1B4E JNZ  1B49
C0Z0M0E0I0 A=BD B=072C D=010C H=0535>018D S=FFF8>1B46 P=1B49 CALL 1B52
C0Z0M0E0I0 A=BD B=072C D=010C H=0535>018D S=FFF6>1B4C P=1B52 PUSH B
C0Z0M0E0I0 A=BD B=072C D=010C H=0535>018D S=FFF4>072C P=1B53 PUSH D
C0Z0M0E0I0 A=BD B=072C D=010C H=0535>018D S=FFF2>010C P=1B54 PUSH H
C0Z0M0E0I0 A=BD B=072C D=010C H=0535>018D S=FFF0>0535 P=1B55 MOV  C,M
C0Z0M0E0I0 A=BD B=078D D=010C H=0535>018D S=FFF0>0535 P=1B56 LXI  D,0014
C0Z0M0E0I0 A=BD B=078D D=0014 H=0535>018D S=FFF0>0535 P=1B59 DAD  D
C0Z0M0E0I0 A=BD B=078D D=0014 H=0549>0A00 S=FFF0>0535 P=1B5A MOV  A,M
C0Z0M0E0I0 A=00 B=078D D=0014 H=0549>0A00 S=FFF0>0535 P=1B5B CPI  00
C0Z1M0E0I0 A=00 B=078D D=0014 H=0549>0A00 S=FFF0>0535 P=1B5D JZ   1B73
C0Z1M0E0I0 A=00 B=078D D=0014 H=0549>0A00 S=FFF0>0535 P=1B73 LXI  D,0014
C0Z1M0E0I0 A=00 B=078D D=0014 H=0549>0A00 S=FFF0>0535 P=1B76 DAD  D
C0Z1M0E0I0 A=00 B=078D D=0014 H=055D>0000 S=FFF0>0535 P=1B77 MOV  A,M
C0Z1M0E0I0 A=00 B=078D D=0014 H=055D>0000 S=FFF0>0535 P=1B78 CPI  00
C0Z1M0E0I0 A=00 B=078D D=0014 H=055D>0000 S=FFF0>0535 P=1B7A JZ   1B8E
C0Z1M0E0I0 A=00 B=078D D=0014 H=055D>0000 S=FFF0>0535 P=1B8E POP  H
C0Z1M0E0I0 A=00 B=078D D=0014 H=0535>018D S=FFF2>010C P=1B8F POP  D
C0Z1M0E0I0 A=00 B=078D D=010C H=0535>018D S=FFF4>072C P=1B90 MOV  A,C
C0Z1M0E0I0 A=8D B=078D D=010C H=0535>018D S=FFF4>072C P=1B91 STAX D
C0Z1M0E0I0 A=8D B=078D D=010C H=0535>018D S=FFF4>072C P=1B92 INX  D
C0Z1M0E0I0 A=8D B=078D D=010D H=0535>018D S=FFF4>072C P=1B93 POP  B
C0Z1M0E0I0 A=8D B=072C D=010D H=0535>018D S=FFF6>1B4C P=1B94 RET  
C0Z1M0E0I0 A=8D B=072C D=010D H=0535>018D S=FFF8>1B46 P=1B4C INX  H
C0Z1M0E0I0 A=8D B=072C D=010D H=0536>0001 S=FFF8>1B46 P=1B4D DCR  B
C0Z0M0E0I0 A=8D B=062C D=010D H=0536>0001 S=FFF8>1B46 P=1B4E JNZ  1B49
C0Z0M0E0I0 A=8D B=062C D=010D H=0536>0001 S=FFF8>1B46 P=1B49 CALL 1B52
C0Z0M0E0I0 A=8D B=062C D=010D H=0536>0001 S=FFF6>1B4C P=1B52 PUSH B
C0Z0M0E0I0 A=8D B=062C D=010D H=0536>0001 S=FFF4>062C P=1B53 PUSH D
C0Z0M0E0I0 A=8D B=062C D=010D H=0536>0001 S=FFF2>010D P=1B54 PUSH H
C0Z0M0E0I0 A=8D B=062C D=010D H=0536>0001 S=FFF0>0536 P=1B55 MOV  C,M
C0Z0M0E0I0 A=8D B=0601 D=010D H=0536>0001 S=FFF0>0536 P=1B56 LXI  D,0014
C0Z0M0E0I0 A=8D B=0601 D=0014 H=0536>0001 S=FFF0>0536 P=1B59 DAD  D
C0Z0M0E0I0 A=8D B=0601 D=0014 H=054A>000A S=FFF0>0536 P=1B5A MOV  A,M
C0Z0M0E0I0 A=0A B=0601 D=0014 H=054A>000A S=FFF0>0536 P=1B5B CPI  00
C0Z0M0E0I0 A=0A B=0601 D=0014 H=054A>000A S=FFF0>0536 P=1B5D JZ   1B73
C0Z0M0E0I0 A=0A B=0601 D=0014 H=054A>000A S=FFF0>0536 P=1B60 MVI  B,08
C0Z0M0E0I0 A=0A B=0801 D=0014 H=054A>000A S=FFF0>0536 P=1B62 RRC  
C0Z0M0E0I0 A=05 B=0801 D=0014 H=054A>000A S=FFF0>0536 P=1B63 PUSH PSW
C0Z0M0E0I0 A=05 B=0801 D=0014 H=054A>000A S=FFEE>0500 P=1B64 MVI  A,00
C0Z0M0E0I0 A=00 B=0801 D=0014 H=054A>000A S=FFEE>0500 P=1B66 CC   1B98
C0Z0M0E0I0 A=00 B=0801 D=0014 H=054A>000A S=FFEE>0500 P=1B69 XRA  C
C0Z0M0E0I0 A=01 B=0801 D=0014 H=054A>000A S=FFEE>0500 P=1B6A RRC  
C1Z0M0E0I0 A=80 B=0801 D=0014 H=054A>000A S=FFEE>0500 P=1B6B MOV  C,A
C1Z0M0E0I0 A=80 B=0880 D=0014 H=054A>000A S=FFEE>0500 P=1B6C POP  PSW
C0Z0M0E0I0 A=05 B=0880 D=0014 H=054A>000A S=FFF0>0536 P=1B6D DCR  B
C0Z0M0E0I0 A=05 B=0780 D=0014 H=054A>000A S=FFF0>0536 P=1B6E JNZ  1B62
C0Z0M0E0I0 A=05 B=0780 D=0014 H=054A>000A S=FFF0>0536 P=1B62 RRC  
C1Z0M0E0I0 A=82 B=0780 D=0014 H=054A>000A S=FFF0>0536 P=1B63 PUSH PSW
C1Z0M0E0I0 A=82 B=0780 D=0014 H=054A>000A S=FFEE>8201 P=1B64 MVI  A,00
C1Z0M0E0I0 A=00 B=0780 D=0014 H=054A>000A S=FFEE>8201 P=1B66 CC   1B98
C1Z0M0E0I0 A=00 B=0780 D=0014 H=054A>000A S=FFEC>1B69 P=1B98 PUSH B
C1Z0M0E0I0 A=00 B=0780 D=0014 H=054A>000A S=FFEA>0780 P=1B99 PUSH H
C1Z0M0E0I0 A=00 B=0780 D=0014 H=054A>000A S=FFE8>054A P=1B9A LHLD 1B96
C1Z0M0E0I0 A=00 B=0780 D=0014 H=1C7F>0001 S=FFE8>054A P=1B9D MOV  B,M
C1Z0M0E0I0 A=00 B=0180 D=0014 H=1C7F>0001 S=FFE8>054A P=1B9E LXI  H,1B95
C1Z0M0E0I0 A=00 B=0180 D=0014 H=1B95>7F02 S=FFE8>054A P=1BA1 MOV  A,M
C1Z0M0E0I0 A=02 B=0180 D=0014 H=1B95>7F02 S=FFE8>054A P=1BA2 MOV  C,A
C1Z0M0E0I0 A=02 B=0102 D=0014 H=1B95>7F02 S=FFE8>054A P=1BA3 RLC  
C0Z0M0E0I0 A=04 B=0102 D=0014 H=1B95>7F02 S=FFE8>054A P=1BA4 MOV  M,A
C0Z0M0E0I0 A=04 B=0102 D=0014 H=1B95>7F04 S=FFE8>054A P=1BA5 CPI  01
C0Z0M0E0I0 A=04 B=0102 D=0014 H=1B95>7F04 S=FFE8>054A P=1BA7 JNZ  1BB1
C0Z0M0E0I0 A=04 B=0102 D=0014 H=1B95>7F04 S=FFE8>054A P=1BB1 MOV  A,B
C0Z0M0E0I0 A=01 B=0102 D=0014 H=1B95>7F04 S=FFE8>054A P=1BB2 ANA  C
C0Z1M0E1I1 A=00 B=0102 D=0014 H=1B95>7F04 S=FFE8>054A P=1BB3 POP  H
C0Z1M0E1I1 A=00 B=0102 D=0014 H=054A>000A S=FFEA>0780 P=1BB4 POP  B
C0Z1M0E1I1 A=00 B=0780 D=0014 H=054A>000A S=FFEC>1B69 P=1BB5 RZ   
C0Z1M0E1I1 A=00 B=0780 D=0014 H=054A>000A S=FFEE>8201 P=1B69 XRA  C
C0Z0M1E0I0 A=80 B=0780 D=0014 H=054A>000A S=FFEE>8201 P=1B6A RRC  
C0Z0M1E0I0 A=40 B=0780 D=0014 H=054A>000A S=FFEE>8201 P=1B6B MOV  C,A
C0Z0M1E0I0 A=40 B=0740 D=0014 H=054A>000A S=FFEE>8201 P=1B6C POP  PSW
C1Z0M0E0I0 A=82 B=0740 D=0014 H=054A>000A S=FFF0>0536 P=1B6D DCR  B
C1Z0M0E0I0 A=82 B=0640 D=0014 H=054A>000A S=FFF0>0536 P=1B6E JNZ  1B62
C1Z0M0E0I0 A=82 B=0640 D=0014 H=054A>000A S=FFF0>0536 P=1B62 RRC  
C0Z0M0E0I0 A=41 B=0640 D=0014 H=054A>000A S=FFF0>0536 P=1B63 PUSH PSW
C0Z0M0E0I0 A=41 B=0640 D=0014 H=054A>000A S=FFEE>4100 P=1B64 MVI  A,00
C0Z0M0E0I0 A=00 B=0640 D=0014 H=054A>000A S=FFEE>4100 P=1B66 CC   1B98
C0Z0M0E0I0 A=00 B=0640 D=0014 H=054A>000A S=FFEE>4100 P=1B69 XRA  C
C0Z0M0E0I0 A=40 B=0640 D=0014 H=054A>000A S=FFEE>4100 P=1B6A RRC  
C0Z0M0E0I0 A=20 B=0640 D=0014 H=054A>000A S=FFEE>4100 P=1B6B MOV  C,A
C0Z0M0E0I0 A=20 B=0620 D=0014 H=054A>000A S=FFEE>4100 P=1B6C POP  PSW
C0Z0M0E0I0 A=41 B=0620 D=0014 H=054A>000A S=FFF0>0536 P=1B6D DCR  B
C0Z0M0E0I0 A=41 B=0520 D=0014 H=054A>000A S=FFF0>0536 P=1B6E JNZ  1B62
C0Z0M0E0I0 A=41 B=0520 D=0014 H=054A>000A S=FFF0>0536 P=1B62 RRC  
C1Z0M0E0I0 A=A0 B=0520 D=0014 H=054A>000A S=FFF0>0536 P=1B63 PUSH PSW
C1Z0M0E0I0 A=A0 B=0520 D=0014 H=054A>000A S=FFEE>A021 P=1B64 MVI  A,00
C1Z0M0E0I0 A=00 B=0520 D=0014 H=054A>000A S=FFEE>A021 P=1B66 CC   1B98
C1Z0M0E0I0 A=00 B=0520 D=0014 H=054A>000A S=FFEC>1B69 P=1B98 PUSH B
C1Z0M0E0I0 A=00 B=0520 D=0014 H=054A>000A S=FFEA>0520 P=1B99 PUSH H
C1Z0M0E0I0 A=00 B=0520 D=0014 H=054A>000A S=FFE8>054A P=1B9A LHLD 1B96
C1Z0M0E0I0 A=00 B=0520 D=0014 H=1C7F>0001 S=FFE8>054A P=1B9D MOV  B,M
C1Z0M0E0I0 A=00 B=0120 D=0014 H=1C7F>0001 S=FFE8>054A P=1B9E LXI  H,1B95
C1Z0M0E0I0 A=00 B=0120 D=0014 H=1B95>7F04 S=FFE8>054A P=1BA1 MOV  A,M
C1Z0M0E0I0 A=04 B=0120 D=0014 H=1B95>7F04 S=FFE8>054A P=1BA2 MOV  C,A
C1Z0M0E0I0 A=04 B=0104 D=0014 H=1B95>7F04 S=FFE8>054A P=1BA3 RLC  
C0Z0M0E0I0 A=08 B=0104 D=0014 H=1B95>7F04 S=FFE8>054A P=1BA4 MOV  M,A
C0Z0M0E0I0 A=08 B=0104 D=0014 H=1B95>7F08 S=FFE8>054A P=1BA5 CPI  01
C0Z0M0E0I0 A=08 B=0104 D=0014 H=1B95>7F08 S=FFE8>054A P=1BA7 JNZ  1BB1
C0Z0M0E0I0 A=08 B=0104 D=0014 H=1B95>7F08 S=FFE8>054A P=1BB1 MOV  A,B
C0Z0M0E0I0 A=01 B=0104 D=0014 H=1B95>7F08 S=FFE8>054A P=1BB2 ANA  C
C0Z1M0E1I1 A=00 B=0104 D=0014 H=1B95>7F08 S=FFE8>054A P=1BB3 POP  H
C0Z1M0E1I1 A=00 B=0104 D=0014 H=054A>000A S=FFEA>0520 P=1BB4 POP  B
C0Z1M0E1I1 A=00 B=0520 D=0014 H=054A>000A S=FFEC>1B69 P=1BB5 RZ   
C0Z1M0E1I1 A=00 B=0520 D=0014 H=054A>000A S=FFEE>A021 P=1B69 XRA  C
C0Z0M0E0I0 A=20 B=0520 D=0014 H=054A>000A S=FFEE>A021 P=1B6A RRC  
C0Z0M0E0I0 A=10 B=0520 D=0014 H=054A>000A S=FFEE>A021 P=1B6B MOV  C,A
C0Z0M0E0I0 A=10 B=0510 D=0014 H=054A>000A S=FFEE>A021 P=1B6C POP  PSW
C1Z0M0E0I0 A=A0 B=0510 D=0014 H=054A>000A S=FFF0>0536 P=1B6D DCR  B
C1Z0M0E0I0 A=A0 B=0410 D=0014 H=054A>000A S=FFF0>0536 P=1B6E JNZ  1B62
C1Z0M0E0I0 A=A0 B=0410 D=0014 H=054A>000A S=FFF0>0536 P=1B62 RRC  
C0Z0M0E0I0 A=50 B=0410 D=0014 H=054A>000A S=FFF0>0536 P=1B63 PUSH PSW
C0Z0M0E0I0 A=50 B=0410 D=0014 H=054A>000A S=FFEE>5000 P=1B64 MVI  A,00
C0Z0M0E0I0 A=00 B=0410 D=0014 H=054A>000A S=FFEE>5000 P=1B66 CC   1B98
C0Z0M0E0I0 A=00 B=0410 D=0014 H=054A>000A S=FFEE>5000 P=1B69 XRA  C
C0Z0M0E0I0 A=10 B=0410 D=0014 H=054A>000A S=FFEE>5000 P=1B6A RRC  
C0Z0M0E0I0 A=08 B=0410 D=0014 H=054A>000A S=FFEE>5000 P=1B6B MOV  C,A
C0Z0M0E0I0 A=08 B=0408 D=0014 H=054A>000A S=FFEE>5000 P=1B6C POP  PSW
C0Z0M0E0I0 A=50 B=0408 D=0014 H=054A>000A S=FFF0>0536 P=1B6D DCR  B
C0Z0M0E0I0 A=50 B=0308 D=0014 H=054A>000A S=FFF0>0536 P=1B6E JNZ  1B62
C0Z0M0E0I0 A=50 B=0308 D=0014 H=054A>000A S=FFF0>0536 P=1B62 RRC  
C0Z0M0E0I0 A=28 B=0308 D=0014 H=054A>000A S=FFF0>0536 P=1B63 PUSH PSW
C0Z0M0E0I0 A=28 B=0308 D=0014 H=054A>000A S=FFEE>2828 P=1B64 MVI  A,00
C0Z0M0E0I0 A=00 B=0308 D=0014 H=054A>000A S=FFEE>2828 P=1B66 CC   1B98
C0Z0M0E0I0 A=00 B=0308 D=0014 H=054A>000A S=FFEE>2828 P=1B69 XRA  C
C0Z0M0E0I0 A=08 B=0308 D=0014 H=054A>000A S=FFEE>2828 P=1B6A RRC  
C0Z0M0E0I0 A=04 B=0308 D=0014 H=054A>000A S=FFEE>2828 P=1B6B MOV  C,A
C0Z0M0E0I0 A=04 B=0304 D=0014 H=054A>000A S=FFEE>2828 P=1B6C POP  PSW
C0Z0M0E0I0 A=28 B=0304 D=0014 H=054A>000A S=FFF0>0536 P=1B6D DCR  B
C0Z0M0E0I0 A=28 B=0204 D=0014 H=054A>000A S=FFF0>0536 P=1B6E JNZ  1B62
C0Z0M0E0I0 A=28 B=0204 D=0014 H=054A>000A S=FFF0>0536 P=1B62 RRC  
C0Z0M0E0I0 A=14 B=0204 D=0014 H=054A>000A S=FFF0>0536 P=1B63 PUSH PSW
C0Z0M0E0I0 A=14 B=0204 D=0014 H=054A>000A S=FFEE>1400 P=1B64 MVI  A,00
C0Z0M0E0I0 A=00 B=0204 D=0014 H=054A>000A S=FFEE>1400 P=1B66 CC   1B98
C0Z0M0E0I0 A=00 B=0204 D=0014 H=054A>000A S=FFEE>1400 P=1B69 XRA  C
C0Z0M0E0I0 A=04 B=0204 D=0014 H=054A>000A S=FFEE>1400 P=1B6A RRC  
C0Z0M0E0I0 A=02 B=0204 D=0014 H=054A>000A S=FFEE>1400 P=1B6B MOV  C,A
C0Z0M0E0I0 A=02 B=0202 D=0014 H=054A>000A S=FFEE>1400 P=1B6C POP  PSW
C0Z0M0E0I0 A=14 B=0202 D=0014 H=054A>000A S=FFF0>0536 P=1B6D DCR  B
C0Z0M0E0I0 A=14 B=0102 D=0014 H=054A>000A S=FFF0>0536 P=1B6E JNZ  1B62
C0Z0M0E0I0 A=14 B=0102 D=0014 H=054A>000A S=FFF0>0536 P=1B62 RRC  
C0Z0M0E0I0 A=0A B=0102 D=0014 H=054A>000A S=FFF0>0536 P=1B63 PUSH PSW
C0Z0M0E0I0 A=0A B=0102 D=0014 H=054A>000A S=FFEE>0A08 P=1B64 MVI  A,00
C0Z0M0E0I0 A=00 B=0102 D=0014 H=054A>000A S=FFEE>0A08 P=1B66 CC   1B98
C0Z0M0E0I0 A=00 B=0102 D=0014 H=054A>000A S=FFEE>0A08 P=1B69 XRA  C
C0Z0M0E0I0 A=02 B=0102 D=0014 H=054A>000A S=FFEE>0A08 P=1B6A RRC  
C0Z0M0E0I0 A=01 B=0102 D=0014 H=054A>000A S=FFEE>0A08 P=1B6B MOV  C,A
C0Z0M0E0I0 A=01 B=0101 D=0014 H=054A>000A S=FFEE>0A08 P=1B6C POP  PSW
C0Z0M0E0I0 A=0A B=0101 D=0014 H=054A>000A S=FFF0>0536 P=1B6D DCR  B
C0Z1M0E0I0 A=0A B=0001 D=0014 H=054A>000A S=FFF0>0536 P=1B6E JNZ  1B62
C0Z1M0E0I0 A=0A B=0001 D=0014 H=054A>000A S=FFF0>0536 P=1B71 MVI  B,08
C0Z1M0E0I0 A=0A B=0801 D=0014 H=054A>000A S=FFF0>0536 P=1B73 LXI  D,0014
C0Z1M0E0I0 A=0A B=0801 D=0014 H=054A>000A S=FFF0>0536 P=1B76 DAD  D
C0Z1M0E0I0 A=0A B=0801 D=0014 H=055E>0000 S=FFF0>0536 P=1B77 MOV  A,M
C0Z1M0E0I0 A=00 B=0801 D=0014 H=055E>0000 S=FFF0>0536 P=1B78 CPI  00
C0Z1M0E0I0 A=00 B=0801 D=0014 H=055E>0000 S=FFF0>0536 P=1B7A JZ   1B8E
C0Z1M0E0I0 A=00 B=0801 D=0014 H=055E>0000 S=FFF0>0536 P=1B8E POP  H
C0Z1M0E0I0 A=00 B=0801 D=0014 H=0536>0001 S=FFF2>010D P=1B8F POP  D
C0Z1M0E0I0 A=00 B=0801 D=010D H=0536>0001 S=FFF4>062C P=1B90 MOV  A,C
C0Z1M0E0I0 A=01 B=0801 D=010D H=0536>0001 S=FFF4>062C P=1B91 STAX D
C0Z1M0E0I0 A=01 B=0801 D=010D H=0536>0001 S=FFF4>062C P=1B92 INX  D
C0Z1M0E0I0 A=01 B=0801 D=010E H=0536>0001 S=FFF4>062C P=1B93 POP  B
C0Z1M0E0I0 A=01 B=062C D=010E H=0536>0001 S=FFF6>1B4C P=1B94 RET  
C0Z1M0E0I0 A=01 B=062C D=010E H=0536>0001 S=FFF8>1B46 P=1B4C INX  H
C0Z1M0E0I0 A=01 B=062C D=010E H=0537>C000 S=FFF8>1B46 P=1B4D DCR  B
C0Z0M0E0I0 A=01 B=052C D=010E H=0537>C000 S=FFF8>1B46 P=1B4E JNZ  1B49
C0Z0M0E0I0 A=01 B=052C D=010E H=0537>C000 S=FFF8>1B46 P=1B49 CALL 1B52
C0Z0M0E0I0 A=01 B=052C D=010E H=0537>C000 S=FFF6>1B4C P=1B52 PUSH B
C0Z0M0E0I0 A=01 B=052C D=010E H=0537>C000 S=FFF4>052C P=1B53 PUSH D
C0Z0M0E0I0 A=01 B=052C D=010E H=0537>C000 S=FFF2>010E P=1B54 PUSH H
C0Z0M0E0I0 A=01 B=052C D=010E H=0537>C000 S=FFF0>0537 P=1B55 MOV  C,M
C0Z0M0E0I0 A=01 B=0500 D=010E H=0537>C000 S=FFF0>0537 P=1B56 LXI  D,0014
C0Z0M0E0I0 A=01 B=0500 D=0014 H=0537>C000 S=FFF0>0537 P=1B59 DAD  D
C0Z0M0E0I0 A=01 B=0500 D=0014 H=054B>0000 S=FFF0>0537 P=1B5A MOV  A,M
C0Z0M0E0I0 A=00 B=0500 D=0014 H=054B>0000 S=FFF0>0537 P=1B5B CPI  00
C0Z1M0E0I0 A=00 B=0500 D=0014 H=054B>0000 S=FFF0>0537 P=1B5D JZ   1B73
C0Z1M0E0I0 A=00 B=0500 D=0014 H=054B>0000 S=FFF0>0537 P=1B73 LXI  D,0014
C0Z1M0E0I0 A=00 B=0500 D=0014 H=054B>0000 S=FFF0>0537 P=1B76 DAD  D
C0Z1M0E0I0 A=00 B=0500 D=0014 H=055F>D700 S=FFF0>0537 P=1B77 MOV  A,M
C0Z1M0E0I0 A=00 B=0500 D=0014 H=055F>D700 S=FFF0>0537 P=1B78 CPI  00
C0Z1M0E0I0 A=00 B=0500 D=0014 H=055F>D700 S=FFF0>0537 P=1B7A JZ   1B8E
C0Z1M0E0I0 A=00 B=0500 D=0014 H=055F>D700 S=FFF0>0537 P=1B8E POP  H
C0Z1M0E0I0 A=00 B=0500 D=0014 H=0537>C000 S=FFF2>010E P=1B8F POP  D
C0Z1M0E0I0 A=00 B=0500 D=010E H=0537>C000 S=FFF4>052C P=1B90 MOV  A,C
C0Z1M0E0I0 A=00 B=0500 D=010E H=0537>C000 S=FFF4>052C P=1B91 STAX D
C0Z1M0E0I0 A=00 B=0500 D=010E H=0537>C000 S=FFF4>052C P=1B92 INX  D
C0Z1M0E0I0 A=00 B=0500 D=010F H=0537>C000 S=FFF4>052C P=1B93 POP  B
C0Z1M0E0I0 A=00 B=052C D=010F H=0537>C000 S=FFF6>1B4C P=1B94 RET  
C0Z1M0E0I0 A=00 B=052C D=010F H=0537>C000 S=FFF8>1B46 P=1B4C INX  H
C0Z1M0E0I0 A=00 B=052C D=010F H=0538>30C0 S=FFF8>1B46 P=1B4D DCR  B
C0Z0M0E0I0 A=00 B=042C D=010F H=0538>30C0 S=FFF8>1B46 P=1B4E JNZ  1B49
C0Z0M0E0I0 A=00 B=042C D=010F H=0538>30C0 S=FFF8>1B46 P=1B49 CALL 1B52
C0Z0M0E0I0 A=00 B=042C D=010F H=0538>30C0 S=FFF6>1B4C P=1B52 PUSH B
C0Z0M0E0I0 A=00 B=042C D=010F H=0538>30C0 S=FFF4>042C P=1B53 PUSH D
C0Z0M0E0I0 A=00 B=042C D=010F H=0538>30C0 S=FFF2>010F P=1B54 PUSH H
C0Z0M0E0I0 A=00 B=042C D=010F H=0538>30C0 S=FFF0>0538 P=1B55 MOV  C,M
C0Z0M0E0I0 A=00 B=04C0 D=010F H=0538>30C0 S=FFF0>0538 P=1B56 LXI  D,0014
C0Z0M0E0I0 A=00 B=04C0 D=0014 H=0538>30C0 S=FFF0>0538 P=1B59 DAD  D
C0Z0M0E0I0 A=00 B=04C0 D=0014 H=054C>FF00 S=FFF0>0538 P=1B5A MOV  A,M
C0Z0M0E0I0 A=00 B=04C0 D=0014 H=054C>FF00 S=FFF0>0538 P=1B5B CPI  00
C0Z1M0E0I0 A=00 B=04C0 D=0014 H=054C>FF00 S=FFF0>0538 P=1B5D JZ   1B73
C0Z1M0E0I0 A=00 B=04C0 D=0014 H=054C>FF00 S=FFF0>0538 P=1B73 LXI  D,0014
C0Z1M0E0I0 A=00 B=04C0 D=0014 H=054C>FF00 S=FFF0>0538 P=1B76 DAD  D
C0Z1M0E0I0 A=00 B=04C0 D=0014 H=0560>00D7 S=FFF0>0538 P=1B77 MOV  A,M
C0Z1M0E0I0 A=D7 B=04C0 D=0014 H=0560>00D7 S=FFF0>0538 P=1B78 CPI  00
C0Z0M1E0I0 A=D7 B=04C0 D=0014 H=0560>00D7 S=FFF0>0538 P=1B7A JZ   1B8E
C0Z0M1E0I0 A=D7 B=04C0 D=0014 H=0560>00D7 S=FFF0>0538 P=1B7D MVI  B,08
C0Z0M1E0I0 A=D7 B=08C0 D=0014 H=0560>00D7 S=FFF0>0538 P=1B7F RRC  
C1Z0M1E0I0 A=EB B=08C0 D=0014 H=0560>00D7 S=FFF0>0538 P=1B80 PUSH PSW
C1Z0M1E0I0 A=EB B=08C0 D=0014 H=0560>00D7 S=FFEE>EBA9 P=1B81 MVI  A,00
C1Z0M1E0I0 A=00 B=08C0 D=0014 H=0560>00D7 S=FFEE>EBA9 P=1B83 CC   1BBC
C1Z0M1E0I0 A=00 B=08C0 D=0014 H=0560>00D7 S=FFEC>1B86 P=1BBC PUSH B
C1Z0M1E0I0 A=00 B=08C0 D=0014 H=0560>00D7 S=FFEA>08C0 P=1BBD PUSH H
C1Z0M1E0I0 A=00 B=08C0 D=0014 H=0560>00D7 S=FFE8>0560 P=1BBE LHLD 1BBA
C1Z0M1E0I0 A=00 B=08C0 D=0014 H=1CA7>0001 S=FFE8>0560 P=1BC1 MOV  B,M
C1Z0M1E0I0 A=00 B=01C0 D=0014 H=1CA7>0001 S=FFE8>0560 P=1BC2 LXI  H,1BB9
C1Z0M1E0I0 A=00 B=01C0 D=0014 H=1BB9>A701 S=FFE8>0560 P=1BC5 MOV  A,M
C1Z0M1E0I0 A=01 B=01C0 D=0014 H=1BB9>A701 S=FFE8>0560 P=1BC6 MOV  C,A
C1Z0M1E0I0 A=01 B=0101 D=0014 H=1BB9>A701 S=FFE8>0560 P=1BC7 RLC  
C0Z0M1E0I0 A=02 B=0101 D=0014 H=1BB9>A701 S=FFE8>0560 P=1BC8 MOV  M,A
C0Z0M1E0I0 A=02 B=0101 D=0014 H=1BB9>A702 S=FFE8>0560 P=1BC9 CPI  01
C0Z0M0E0I0 A=02 B=0101 D=0014 H=1BB9>A702 S=FFE8>0560 P=1BCB JNZ  1BD5
C0Z0M0E0I0 A=02 B=0101 D=0014 H=1BB9>A702 S=FFE8>0560 P=1BD5 MOV  A,B
C0Z0M0E0I0 A=01 B=0101 D=0014 H=1BB9>A702 S=FFE8>0560 P=1BD6 ANA  C
C0Z0M0E0I1 A=01 B=0101 D=0014 H=1BB9>A702 S=FFE8>0560 P=1BD7 POP  H
C0Z0M0E0I1 A=01 B=0101 D=0014 H=0560>00D7 S=FFEA>08C0 P=1BD8 POP  B
C0Z0M0E0I1 A=01 B=08C0 D=0014 H=0560>00D7 S=FFEC>1B86 P=1BD9 RZ   
C0Z0M0E0I1 A=01 B=08C0 D=0014 H=0560>00D7 S=FFEC>1B86 P=1BDA MVI  A,01
C0Z0M0E0I1 A=01 B=08C0 D=0014 H=0560>00D7 S=FFEC>1B86 P=1BDC RET  
C0Z0M0E0I1 A=01 B=08C0 D=0014 H=0560>00D7 S=FFEE>EBA9 P=1B86 XRA  C
C0Z0M1E0I0 A=C1 B=08C0 D=0014 H=0560>00D7 S=FFEE>EBA9 P=1B87 RRC  
C1Z0M1E0I0 A=E0 B=08C0 D=0014 H=0560>00D7 S=FFEE>EBA9 P=1B88 MOV  C,A
C1Z0M1E0I0 A=E0 B=08E0 D=0014 H=0560>00D7 S=FFEE>EBA9 P=1B89 POP  PSW
C1Z0M1E0I0 A=EB B=08E0 D=0014 H=0560>00D7 S=FFF0>0538 P=1B8A DCR  B
C1Z0M0E0I0 A=EB B=07E0 D=0014 H=0560>00D7 S=FFF0>0538 P=1B8B JNZ  1B7F
C1Z0M0E0I0 A=EB B=07E0 D=0014 H=0560>00D7 S=FFF0>0538 P=1B7F RRC  
C1Z0M0E0I0 A=F5 B=07E0 D=0014 H=0560>00D7 S=FFF0>0538 P=1B80 PUSH PSW
C1Z0M0E0I0 A=F5 B=07E0 D=0014 H=0560>00D7 S=FFEE>F521 P=1B81 MVI  A,00
C1Z0M0E0I0 A=00 B=07E0 D=0014 H=0560>00D7 S=FFEE>F521 P=1B83 CC   1BBC
C1Z0M0E0I0 A=00 B=07E0 D=0014 H=0560>00D7 S=FFEC>1B86 P=1BBC PUSH B
C1Z0M0E0I0 A=00 B=07E0 D=0014 H=0560>00D7 S=FFEA>07E0 P=1BBD PUSH H
C1Z0M0E0I0 A=00 B=07E0 D=0014 H=0560>00D7 S=FFE8>0560 P=1BBE LHLD 1BBA
C1Z0M0E0I0 A=00 B=07E0 D=0014 H=1CA7>0001 S=FFE8>0560 P=1BC1 MOV  B,M
C1Z0M0E0I0 A=00 B=01E0 D=0014 H=1CA7>0001 S=FFE8>0560 P=1BC2 LXI  H,1BB9
C1Z0M0E0I0 A=00 B=01E0 D=0014 H=1BB9>A702 S=FFE8>0560 P=1BC5 MOV  A,M
C1Z0M0E0I0 A=02 B=01E0 D=0014 H=1BB9>A702 S=FFE8>0560 P=1BC6 MOV  C,A
C1Z0M0E0I0 A=02 B=0102 D=0014 H=1BB9>A702 S=FFE8>0560 P=1BC7 RLC  
C0Z0M0E0I0 A=04 B=0102 D=0014 H=1BB9>A702 S=FFE8>0560 P=1BC8 MOV  M,A
C0Z0M0E0I0 A=04 B=0102 D=0014 H=1BB9>A704 S=FFE8>0560 P=1BC9 CPI  01
C0Z0M0E0I0 A=04 B=0102 D=0014 H=1BB9>A704 S=FFE8>0560 P=1BCB JNZ  1BD5
C0Z0M0E0I0 A=04 B=0102 D=0014 H=1BB9>A704 S=FFE8>0560 P=1BD5 MOV  A,B
C0Z0M0E0I0 A=01 B=0102 D=0014 H=1BB9>A704 S=FFE8>0560 P=1BD6 ANA  C
C0Z1M0E1I1 A=00 B=0102 D=0014 H=1BB9>A704 S=FFE8>0560 P=1BD7 POP  H
C0Z1M0E1I1 A=00 B=0102 D=0014 H=0560>00D7 S=FFEA>07E0 P=1BD8 POP  B
C0Z1M0E1I1 A=00 B=07E0 D=0014 H=0560>00D7 S=FFEC>1B86 P=1BD9 RZ   
C0Z1M0E1I1 A=00 B=07E0 D=0014 H=0560>00D7 S=FFEE>F521 P=1B86 XRA  C
C0Z0M1E0I0 A=E0 B=07E0 D=0014 H=0560>00D7 S=FFEE>F521 P=1B87 RRC  
C0Z0M1E0I0 A=70 B=07E0 D=0014 H=0560>00D7 S=FFEE>F521 P=1B88 MOV  C,A
C0Z0M1E0I0 A=70 B=0770 D=0014 H=0560>00D7 S=FFEE>F521 P=1B89 POP  PSW
C1Z0M0E0I0 A=F5 B=0770 D=0014 H=0560>00D7 S=FFF0>0538 P=1B8A DCR  B
C1Z0M0E0I0 A=F5 B=0670 D=0014 H=0560>00D7 S=FFF0>0538 P=1B8B JNZ  1B7F
C1Z0M0E0I0 A=F5 B=0670 D=0014 H=0560>00D7 S=FFF0>0538 P=1B7F RRC  
C1Z0M0E0I0 A=FA B=0670 D=0014 H=0560>00D7 S=FFF0>0538 P=1B80 PUSH PSW
C1Z0M0E0I0 A=FA B=0670 D=0014 H=0560>00D7 S=FFEE>FA29 P=1B81 MVI  A,00
C1Z0M0E0I0 A=00 B=0670 D=0014 H=0560>00D7 S=FFEE>FA29 P=1B83 CC   1BBC
C1Z0M0E0I0 A=00 B=0670 D=0014 H=0560>00D7 S=FFEC>1B86 P=1BBC PUSH B
C1Z0M0E0I0 A=00 B=0670 D=0014 H=0560>00D7 S=FFEA>0670 P=1BBD PUSH H
C1Z0M0E0I0 A=00 B=0670 D=0014 H=0560>00D7 S=FFE8>0560 P=1BBE LHLD 1BBA
C1Z0M0E0I0 A=00 B=0670 D=0014 H=1CA7>0001 S=FFE8>0560 P=1BC1 MOV  B,M
C1Z0M0E0I0 A=00 B=0170 D=0014 H=1CA7>0001 S=FFE8>0560 P=1BC2 LXI  H,1BB9
C1Z0M0E0I0 A=00 B=0170 D=0014 H=1BB9>A704 S=FFE8>0560 P=1BC5 MOV  A,M
C1Z0M0E0I0 A=04 B=0170 D=0014 H=1BB9>A704 S=FFE8>0560 P=1BC6 MOV  C,A
C1Z0M0E0I0 A=04 B=0104 D=0014 H=1BB9>A704 S=FFE8>0560 P=1BC7 RLC  
C0Z0M0E0I0 A=08 B=0104 D=0014 H=1BB9>A704 S=FFE8>0560 P=1BC8 MOV  M,A
C0Z0M0E0I0 A=08 B=0104 D=0014 H=1BB9>A708 S=FFE8>0560 P=1BC9 CPI  01
C0Z0M0E0I0 A=08 B=0104 D=0014 H=1BB9>A708 S=FFE8>0560 P=1BCB JNZ  1BD5
C0Z0M0E0I0 A=08 B=0104 D=0014 H=1BB9>A708 S=FFE8>0560 P=1BD5 MOV  A,B
C0Z0M0E0I0 A=01 B=0104 D=0014 H=1BB9>A708 S=FFE8>0560 P=1BD6 ANA  C
C0Z1M0E1I1 A=00 B=0104 D=0014 H=1BB9>A708 S=FFE8>0560 P=1BD7 POP  H
C0Z1M0E1I1 A=00 B=0104 D=0014 H=0560>00D7 S=FFEA>0670 P=1BD8 POP  B
C0Z1M0E1I1 A=00 B=0670 D=0014 H=0560>00D7 S=FFEC>1B86 P=1BD9 RZ   
C0Z1M0E1I1 A=00 B=0670 D=0014 H=0560>00D7 S=FFEE>FA29 P=1B86 XRA  C
C0Z0M0E0I0 A=70 B=0670 D=0014 H=0560>00D7 S=FFEE>FA29 P=1B87 RRC  
C0Z0M0E0I0 A=38 B=0670 D=0014 H=0560>00D7 S=FFEE>FA29 P=1B88 MOV  C,A
C0Z0M0E0I0 A=38 B=0638 D=0014 H=0560>00D7 S=FFEE>FA29 P=1B89 POP  PSW
C1Z0M0E0I0 A=FA B=0638 D=0014 H=0560>00D7 S=FFF0>0538 P=1B8A DCR  B
C1Z0M0E0I0 A=FA B=0538 D=0014 H=0560>00D7 S=FFF0>0538 P=1B8B JNZ  1B7F
C1Z0M0E0I0 A=FA B=0538 D=0014 H=0560>00D7 S=FFF0>0538 P=1B7F RRC  
C0Z0M0E0I0 A=7D B=0538 D=0014 H=0560>00D7 S=FFF0>0538 P=1B80 PUSH PSW
C0Z0M0E0I0 A=7D B=0538 D=0014 H=0560>00D7 S=FFEE>7D28 P=1B81 MVI  A,00
C0Z0M0E0I0 A=00 B=0538 D=0014 H=0560>00D7 S=FFEE>7D28 P=1B83 CC   1BBC
C0Z0M0E0I0 A=00 B=0538 D=0014 H=0560>00D7 S=FFEE>7D28 P=1B86 XRA  C
C0Z0M0E0I0 A=38 B=0538 D=0014 H=0560>00D7 S=FFEE>7D28 P=1B87 RRC  
C0Z0M0E0I0 A=1C B=0538 D=0014 H=0560>00D7 S=FFEE>7D28 P=1B88 MOV  C,A
C0Z0M0E0I0 A=1C B=051C D=0014 H=0560>00D7 S=FFEE>7D28 P=1B89 POP  PSW
C0Z0M0E0I0 A=7D B=051C D=0014 H=0560>00D7 S=FFF0>0538 P=1B8A DCR  B
C0Z0M0E0I0 A=7D B=041C D=0014 H=0560>00D7 S=FFF0>0538 P=1B8B JNZ  1B7F
C0Z0M0E0I0 A=7D B=041C D=0014 H=0560>00D7 S=FFF0>0538 P=1B7F RRC  
C1Z0M0E0I0 A=BE B=041C D=0014 H=0560>00D7 S=FFF0>0538 P=1B80 PUSH PSW
C1Z0M0E0I0 A=BE B=041C D=0014 H=0560>00D7 S=FFEE>BE29 P=1B81 MVI  A,00
C1Z0M0E0I0 A=00 B=041C D=0014 H=0560>00D7 S=FFEE>BE29 P=1B83 CC   1BBC
C1Z0M0E0I0 A=00 B=041C D=0014 H=0560>00D7 S=FFEC>1B86 P=1BBC PUSH B
C1Z0M0E0I0 A=00 B=041C D=0014 H=0560>00D7 S=FFEA>041C P=1BBD PUSH H
C1Z0M0E0I0 A=00 B=041C D=0014 H=0560>00D7 S=FFE8>0560 P=1BBE LHLD 1BBA
C1Z0M0E0I0 A=00 B=041C D=0014 H=1CA7>0001 S=FFE8>0560 P=1BC1 MOV  B,M
C1Z0M0E0I0 A=00 B=011C D=0014 H=1CA7>0001 S=FFE8>0560 P=1BC2 LXI  H,1BB9
C1Z0M0E0I0 A=00 B=011C D=0014 H=1BB9>A708 S=FFE8>0560 P=1BC5 MOV  A,M
C1Z0M0E0I0 A=08 B=011C D=0014 H=1BB9>A708 S=FFE8>0560 P=1BC6 MOV  C,A
C1Z0M0E0I0 A=08 B=0108 D=0014 H=1BB9>A708 S=FFE8>0560 P=1BC7 RLC  
C0Z0M0E0I0 A=10 B=0108 D=0014 H=1BB9>A708 S=FFE8>0560 P=1BC8 MOV  M,A
C0Z0M0E0I0 A=10 B=0108 D=0014 H=1BB9>A710 S=FFE8>0560 P=1BC9 CPI  01
C0Z0M0E0I1 A=10 B=0108 D=0014 H=1BB9>A710 S=FFE8>0560 P=1BCB JNZ  1BD5
C0Z0M0E0I1 A=10 B=0108 D=0014 H=1BB9>A710 S=FFE8>0560 P=1BD5 MOV  A,B
C0Z0M0E0I1 A=01 B=0108 D=0014 H=1BB9>A710 S=FFE8>0560 P=1BD6 ANA  C
C0Z1M0E1I1 A=00 B=0108 D=0014 H=1BB9>A710 S=FFE8>0560 P=1BD7 POP  H
C0Z1M0E1I1 A=00 B=0108 D=0014 H=0560>00D7 S=FFEA>041C P=1BD8 POP  B
C0Z1M0E1I1 A=00 B=041C D=0014 H=0560>00D7 S=FFEC>1B86 P=1BD9 RZ   
C0Z1M0E1I1 A=00 B=041C D=0014 H=0560>00D7 S=FFEE>BE29 P=1B86 XRA  C
C0Z0M0E0I0 A=1C B=041C D=0014 H=0560>00D7 S=FFEE>BE29 P=1B87 RRC  
C0Z0M0E0I0 A=0E B=041C D=0014 H=0560>00D7 S=FFEE>BE29 P=1B88 MOV  C,A
C0Z0M0E0I0 A=0E B=040E D=0014 H=0560>00D7 S=FFEE>BE29 P=1B89 POP  PSW
C1Z0M0E0I0 A=BE B=040E D=0014 H=0560>00D7 S=FFF0>0538 P=1B8A DCR  B
C1Z0M0E0I0 A=BE B=030E D=0014 H=0560>00D7 S=FFF0>0538 P=1B8B JNZ  1B7F
C1Z0M0E0I0 A=BE B=030E D=0014 H=0560>00D7 S=FFF0>0538 P=1B7F RRC  
C0Z0M0E0I0 A=5F B=030E D=0014 H=0560>00D7 S=FFF0>0538 P=1B80 PUSH PSW
C0Z0M0E0I0 A=5F B=030E D=0014 H=0560>00D7 S=FFEE>5F08 P=1B81 MVI  A,00
C0Z0M0E0I0 A=00 B=030E D=0014 H=0560>00D7 S=FFEE>5F08 P=1B83 CC   1BBC
C0Z0M0E0I0 A=00 B=030E D=0014 H=0560>00D7 S=FFEE>5F08 P=1B86 XRA  C
C0Z0M0E0I0 A=0E B=030E D=0014 H=0560>00D7 S=FFEE>5F08 P=1B87 RRC  
C0Z0M0E0I0 A=07 B=030E D=0014 H=0560>00D7 S=FFEE>5F08 P=1B88 MOV  C,A
C0Z0M0E0I0 A=07 B=0307 D=0014 H=0560>00D7 S=FFEE>5F08 P=1B89 POP  PSW
C0Z0M0E0I0 A=5F B=0307 D=0014 H=0560>00D7 S=FFF0>0538 P=1B8A DCR  B
C0Z0M0E0I0 A=5F B=0207 D=0014 H=0560>00D7 S=FFF0>0538 P=1B8B JNZ  1B7F
C0Z0M0E0I0 A=5F B=0207 D=0014 H=0560>00D7 S=FFF0>0538 P=1B7F RRC  
C1Z0M0E0I0 A=AF B=0207 D=0014 H=0560>00D7 S=FFF0>0538 P=1B80 PUSH PSW
C1Z0M0E0I0 A=AF B=0207 D=0014 H=0560>00D7 S=FFEE>AF29 P=1B81 MVI  A,00
C1Z0M0E0I0 A=00 B=0207 D=0014 H=0560>00D7 S=FFEE>AF29 P=1B83 CC   1BBC
C1Z0M0E0I0 A=00 B=0207 D=0014 H=0560>00D7 S=FFEC>1B86 P=1BBC PUSH B
C1Z0M0E0I0 A=00 B=0207 D=0014 H=0560>00D7 S=FFEA>0207 P=1BBD PUSH H
C1Z0M0E0I0 A=00 B=0207 D=0014 H=0560>00D7 S=FFE8>0560 P=1BBE LHLD 1BBA
C1Z0M0E0I0 A=00 B=0207 D=0014 H=1CA7>0001 S=FFE8>0560 P=1BC1 MOV  B,M
C1Z0M0E0I0 A=00 B=0107 D=0014 H=1CA7>0001 S=FFE8>0560 P=1BC2 LXI  H,1BB9
C1Z0M0E0I0 A=00 B=0107 D=0014 H=1BB9>A710 S=FFE8>0560 P=1BC5 MOV  A,M
C1Z0M0E0I0 A=10 B=0107 D=0014 H=1BB9>A710 S=FFE8>0560 P=1BC6 MOV  C,A
C1Z0M0E0I0 A=10 B=0110 D=0014 H=1BB9>A710 S=FFE8>0560 P=1BC7 RLC  
C0Z0M0E0I0 A=20 B=0110 D=0014 H=1BB9>A710 S=FFE8>0560 P=1BC8 MOV  M,A
C0Z0M0E0I0 A=20 B=0110 D=0014 H=1BB9>A720 S=FFE8>0560 P=1BC9 CPI  01
C0Z0M0E0I1 A=20 B=0110 D=0014 H=1BB9>A720 S=FFE8>0560 P=1BCB JNZ  1BD5
C0Z0M0E0I1 A=20 B=0110 D=0014 H=1BB9>A720 S=FFE8>0560 P=1BD5 MOV  A,B
C0Z0M0E0I1 A=01 B=0110 D=0014 H=1BB9>A720 S=FFE8>0560 P=1BD6 ANA  C
C0Z1M0E1I1 A=00 B=0110 D=0014 H=1BB9>A720 S=FFE8>0560 P=1BD7 POP  H
C0Z1M0E1I1 A=00 B=0110 D=0014 H=0560>00D7 S=FFEA>0207 P=1BD8 POP  B
C0Z1M0E1I1 A=00 B=0207 D=0014 H=0560>00D7 S=FFEC>1B86 P=1BD9 RZ   
C0Z1M0E1I1 A=00 B=0207 D=0014 H=0560>00D7 S=FFEE>AF29 P=1B86 XRA  C
C0Z0M0E0I0 A=07 B=0207 D=0014 H=0560>00D7 S=FFEE>AF29 P=1B87 RRC  
C1Z0M0E0I0 A=83 B=0207 D=0014 H=0560>00D7 S=FFEE>AF29 P=1B88 MOV  C,A
C1Z0M0E0I0 A=83 B=0283 D=0014 H=0560>00D7 S=FFEE>AF29 P=1B89 POP  PSW
C1Z0M0E0I0 A=AF B=0283 D=0014 H=0560>00D7 S=FFF0>0538 P=1B8A DCR  B
C1Z0M0E0I0 A=AF B=0183 D=0014 H=0560>00D7 S=FFF0>0538 P=1B8B JNZ  1B7F
C1Z0M0E0I0 A=AF B=0183 D=0014 H=0560>00D7 S=FFF0>0538 P=1B7F RRC  
C1Z0M0E0I0 A=D7 B=0183 D=0014 H=0560>00D7 S=FFF0>0538 P=1B80 PUSH PSW
C1Z0M0E0I0 A=D7 B=0183 D=0014 H=0560>00D7 S=FFEE>D701 P=1B81 MVI  A,00
C1Z0M0E0I0 A=00 B=0183 D=0014 H=0560>00D7 S=FFEE>D701 P=1B83 CC   1BBC
C1Z0M0E0I0 A=00 B=0183 D=0014 H=0560>00D7 S=FFEC>1B86 P=1BBC PUSH B
C1Z0M0E0I0 A=00 B=0183 D=0014 H=0560>00D7 S=FFEA>0183 P=1BBD PUSH H
C1Z0M0E0I0 A=00 B=0183 D=0014 H=0560>00D7 S=FFE8>0560 P=1BBE LHLD 1BBA
C1Z0M0E0I0 A=00 B=0183 D=0014 H=1CA7>0001 S=FFE8>0560 P=1BC1 MOV  B,M
C1Z0M0E0I0 A=00 B=0183 D=0014 H=1CA7>0001 S=FFE8>0560 P=1BC2 LXI  H,1BB9
C1Z0M0E0I0 A=00 B=0183 D=0014 H=1BB9>A720 S=FFE8>0560 P=1BC5 MOV  A,M
C1Z0M0E0I0 A=20 B=0183 D=0014 H=1BB9>A720 S=FFE8>0560 P=1BC6 MOV  C,A
C1Z0M0E0I0 A=20 B=0120 D=0014 H=1BB9>A720 S=FFE8>0560 P=1BC7 RLC  
C0Z0M0E0I0 A=40 B=0120 D=0014 H=1BB9>A720 S=FFE8>0560 P=1BC8 MOV  M,A
C0Z0M0E0I0 A=40 B=0120 D=0014 H=1BB9>A740 S=FFE8>0560 P=1BC9 CPI  01
C0Z0M0E0I1 A=40 B=0120 D=0014 H=1BB9>A740 S=FFE8>0560 P=1BCB JNZ  1BD5
C0Z0M0E0I1 A=40 B=0120 D=0014 H=1BB9>A740 S=FFE8>0560 P=1BD5 MOV  A,B
C0Z0M0E0I1 A=01 B=0120 D=0014 H=1BB9>A740 S=FFE8>0560 P=1BD6 ANA  C
C0Z1M0E1I1 A=00 B=0120 D=0014 H=1BB9>A740 S=FFE8>0560 P=1BD7 POP  H
C0Z1M0E1I1 A=00 B=0120 D=0014 H=0560>00D7 S=FFEA>0183 P=1BD8 POP  B
C0Z1M0E1I1 A=00 B=0183 D=0014 H=0560>00D7 S=FFEC>1B86 P=1BD9 RZ   
C0Z1M0E1I1 A=00 B=0183 D=0014 H=0560>00D7 S=FFEE>D701 P=1B86 XRA  C
C0Z0M1E0I0 A=83 B=0183 D=0014 H=0560>00D7 S=FFEE>D701 P=1B87 RRC  
C1Z0M1E0I0 A=C1 B=0183 D=0014 H=0560>00D7 S=FFEE>D701 P=1B88 MOV  C,A
C1Z0M1E0I0 A=C1 B=01C1 D=0014 H=0560>00D7 S=FFEE>D701 P=1B89 POP  PSW
C1Z0M0E0I0 A=D7 B=01C1 D=0014 H=0560>00D7 S=FFF0>0538 P=1B8A DCR  B
C1Z1M0E0I0 A=D7 B=00C1 D=0014 H=0560>00D7 S=FFF0>0538 P=1B8B JNZ  1B7F
C1Z1M0E0I0 A=D7 B=00C1 D=0014 H=0560>00D7 S=FFF0>0538 P=1B8E POP  H
C1Z1M0E0I0 A=D7 B=00C1 D=0014 H=0538>30C0 S=FFF2>010F P=1B8F POP  D
C1Z1M0E0I0 A=D7 B=00C1 D=010F H=0538>30C0 S=FFF4>042C P=1B90 MOV  A,C
C1Z1M0E0I0 A=C1 B=00C1 D=010F H=0538>30C0 S=FFF4>042C P=1B91 STAX D
C1Z1M0E0I0 A=C1 B=00C1 D=010F H=0538>30C0 S=FFF4>042C P=1B92 INX  D
C1Z1M0E0I0 A=C1 B=00C1 D=0110 H=0538>30C0 S=FFF4>042C P=1B93 POP  B
C1Z1M0E0I0 A=C1 B=042C D=0110 H=0538>30C0 S=FFF6>1B4C P=1B94 RET  
C1Z1M0E0I0 A=C1 B=042C D=0110 H=0538>30C0 S=FFF8>1B46 P=1B4C INX  H
C1Z1M0E0I0 A=C1 B=042C D=0110 H=0539>A330 S=FFF8>1B46 P=1B4D DCR  B
C1Z0M0E0I0 A=C1 B=032C D=0110 H=0539>A330 S=FFF8>1B46 P=1B4E JNZ  1B49
C1Z0M0E0I0 A=C1 B=032C D=0110 H=0539>A330 S=FFF8>1B46 P=1B49 CALL 1B52
C1Z0M0E0I0 A=C1 B=032C D=0110 H=0539>A330 S=FFF6>1B4C P=1B52 PUSH B
C1Z0M0E0I0 A=C1 B=032C D=0110 H=0539>A330 S=FFF4>032C P=1B53 PUSH D
C1Z0M0E0I0 A=C1 B=032C D=0110 H=0539>A330 S=FFF2>0110 P=1B54 PUSH H
C1Z0M0E0I0 A=C1 B=032C D=0110 H=0539>A330 S=FFF0>0539 P=1B55 MOV  C,M
C1Z0M0E0I0 A=C1 B=0330 D=0110 H=0539>A330 S=FFF0>0539 P=1B56 LXI  D,0014
C1Z0M0E0I0 A=C1 B=0330 D=0014 H=0539>A330 S=FFF0>0539 P=1B59 DAD  D
C0Z0M0E0I0 A=C1 B=0330 D=0014 H=054D>00FF S=FFF0>0539 P=1B5A MOV  A,M
C0Z0M0E0I0 A=FF B=0330 D=0014 H=054D>00FF S=FFF0>0539 P=1B5B CPI  00
C0Z0M1E0I0 A=FF B=0330 D=0014 H=054D>00FF S=FFF0>0539 P=1B5D JZ   1B73
C0Z0M1E0I0 A=FF B=0330 D=0014 H=054D>00FF S=FFF0>0539 P=1B60 MVI  B,08
C0Z0M1E0I0 A=FF B=0830 D=0014 H=054D>00FF S=FFF0>0539 P=1B62 RRC  
C1Z0M1E0I0 A=FF B=0830 D=0014 H=054D>00FF S=FFF0>0539 P=1B63 PUSH PSW
C1Z0M1E0I0 A=FF B=0830 D=0014 H=054D>00FF S=FFEE>FFA9 P=1B64 MVI  A,00
C1Z0M1E0I0 A=00 B=0830 D=0014 H=054D>00FF S=FFEE>FFA9 P=1B66 CC   1B98
C1Z0M1E0I0 A=00 B=0830 D=0014 H=054D>00FF S=FFEC>1B69 P=1B98 PUSH B
C1Z0M1E0I0 A=00 B=0830 D=0014 H=054D>00FF S=FFEA>0830 P=1B99 PUSH H
C1Z0M1E0I0 A=00 B=0830 D=0014 H=054D>00FF S=FFE8>054D P=1B9A LHLD 1B96
C1Z0M1E0I0 A=00 B=0830 D=0014 H=1C7F>0001 S=FFE8>054D P=1B9D MOV  B,M
C1Z0M1E0I0 A=00 B=0130 D=0014 H=1C7F>0001 S=FFE8>054D P=1B9E LXI  H,1B95
C1Z0M1E0I0 A=00 B=0130 D=0014 H=1B95>7F08 S=FFE8>054D P=1BA1 MOV  A,M
C1Z0M1E0I0 A=08 B=0130 D=0014 H=1B95>7F08 S=FFE8>054D P=1BA2 MOV  C,A
C1Z0M1E0I0 A=08 B=0108 D=0014 H=1B95>7F08 S=FFE8>054D P=1BA3 RLC  
C0Z0M1E0I0 A=10 B=0108 D=0014 H=1B95>7F08 S=FFE8>054D P=1BA4 MOV  M,A
C0Z0M1E0I0 A=10 B=0108 D=0014 H=1B95>7F10 S=FFE8>054D P=1BA5 CPI  01
C0Z0M0E0I1 A=10 B=0108 D=0014 H=1B95>7F10 S=FFE8>054D P=1BA7 JNZ  1BB1
C0Z0M0E0I1 A=10 B=0108 D=0014 H=1B95>7F10 S=FFE8>054D P=1BB1 MOV  A,B
C0Z0M0E0I1 A=01 B=0108 D=0014 H=1B95>7F10 S=FFE8>054D P=1BB2 ANA  C
C0Z1M0E1I1 A=00 B=0108 D=0014 H=1B95>7F10 S=FFE8>054D P=1BB3 POP  H
C0Z1M0E1I1 A=00 B=0108 D=0014 H=054D>00FF S=FFEA>0830 P=1BB4 POP  B
C0Z1M0E1I1 A=00 B=0830 D=0014 H=054D>00FF S=FFEC>1B69 P=1BB5 RZ   
C0Z1M0E1I1 A=00 B=0830 D=0014 H=054D>00FF S=FFEE>FFA9 P=1B69 XRA  C
C0Z0M0E1I0 A=30 B=0830 D=0014 H=054D>00FF S=FFEE>FFA9 P=1B6A RRC  
C0Z0M0E1I0 A=18 B=0830 D=0014 H=054D>00FF S=FFEE>FFA9 P=1B6B MOV  C,A
C0Z0M0E1I0 A=18 B=0818 D=0014 H=054D>00FF S=FFEE>FFA9 P=1B6C POP  PSW
C1Z0M1E0I0 A=FF B=0818 D=0014 H=054D>00FF S=FFF0>0539 P=1B6D DCR  B
C1Z0M0E0I0 A=FF B=0718 D=0014 H=054D>00FF S=FFF0>0539 P=1B6E JNZ  1B62
C1Z0M0E0I0 A=FF B=0718 D=0014 H=054D>00FF S=FFF0>0539 P=1B62 RRC  
C1Z0M0E0I0 A=FF B=0718 D=0014 H=054D>00FF S=FFF0>0539 P=1B63 PUSH PSW
C1Z0M0E0I0 A=FF B=0718 D=0014 H=054D>00FF S=FFEE>FF29 P=1B64 MVI  A,00
C1Z0M0E0I0 A=00 B=0718 D=0014 H=054D>00FF S=FFEE>FF29 P=1B66 CC   1B98
C1Z0M0E0I0 A=00 B=0718 D=0014 H=054D>00FF S=FFEC>1B69 P=1B98 PUSH B
C1Z0M0E0I0 A=00 B=0718 D=0014 H=054D>00FF S=FFEA>0718 P=1B99 PUSH H
C1Z0M0E0I0 A=00 B=0718 D=0014 H=054D>00FF S=FFE8>054D P=1B9A LHLD 1B96
C1Z0M0E0I0 A=00 B=0718 D=0014 H=1C7F>0001 S=FFE8>054D P=1B9D MOV  B,M
C1Z0M0E0I0 A=00 B=0118 D=0014 H=1C7F>0001 S=FFE8>054D P=1B9E LXI  H,1B95
C1Z0M0E0I0 A=00 B=0118 D=0014 H=1B95>7F10 S=FFE8>054D P=1BA1 MOV  A,M
C1Z0M0E0I0 A=10 B=0118 D=0014 H=1B95>7F10 S=FFE8>054D P=1BA2 MOV  C,A
C1Z0M0E0I0 A=10 B=0110 D=0014 H=1B95>7F10 S=FFE8>054D P=1BA3 RLC  
C0Z0M0E0I0 A=20 B=0110 D=0014 H=1B95>7F10 S=FFE8>054D P=1BA4 MOV  M,A
C0Z0M0E0I0 A=20 B=0110 D=0014 H=1B95>7F20 S=FFE8>054D P=1BA5 CPI  01
C0Z0M0E0I1 A=20 B=0110 D=0014 H=1B95>7F20 S=FFE8>054D P=1BA7 JNZ  1BB1
C0Z0M0E0I1 A=20 B=0110 D=0014 H=1B95>7F20 S=FFE8>054D P=1BB1 MOV  A,B
C0Z0M0E0I1 A=01 B=0110 D=0014 H=1B95>7F20 S=FFE8>054D P=1BB2 ANA  C
C0Z1M0E1I1 A=00 B=0110 D=0014 H=1B95>7F20 S=FFE8>054D P=1BB3 POP  H
C0Z1M0E1I1 A=00 B=0110 D=0014 H=054D>00FF S=FFEA>0718 P=1BB4 POP  B
C0Z1M0E1I1 A=00 B=0718 D=0014 H=054D>00FF S=FFEC>1B69 P=1BB5 RZ   
C0Z1M0E1I1 A=00 B=0718 D=0014 H=054D>00FF S=FFEE>FF29 P=1B69 XRA  C
C0Z0M0E1I0 A=18 B=0718 D=0014 H=054D>00FF S=FFEE>FF29 P=1B6A RRC  
C0Z0M0E1I0 A=0C B=0718 D=0014 H=054D>00FF S=FFEE>FF29 P=1B6B MOV  C,A
C0Z0M0E1I0 A=0C B=070C D=0014 H=054D>00FF S=FFEE>FF29 P=1B6C POP  PSW
C1Z0M0E0I0 A=FF B=070C D=0014 H=054D>00FF S=FFF0>0539 P=1B6D DCR  B
C1Z0M0E0I0 A=FF B=060C D=0014 H=054D>00FF S=FFF0>0539 P=1B6E JNZ  1B62
C1Z0M0E0I0 A=FF B=060C D=0014 H=054D>00FF S=FFF0>0539 P=1B62 RRC  
C1Z0M0E0I0 A=FF B=060C D=0014 H=054D>00FF S=FFF0>0539 P=1B63 PUSH PSW
C1Z0M0E0I0 A=FF B=060C D=0014 H=054D>00FF S=FFEE>FF29 P=1B64 MVI  A,00
C1Z0M0E0I0 A=00 B=060C D=0014 H=054D>00FF S=FFEE>FF29 P=1B66 CC   1B98
C1Z0M0E0I0 A=00 B=060C D=0014 H=054D>00FF S=FFEC>1B69 P=1B98 PUSH B
C1Z0M0E0I0 A=00 B=060C D=0014 H=054D>00FF S=FFEA>060C P=1B99 PUSH H
C1Z0M0E0I0 A=00 B=060C D=0014 H=054D>00FF S=FFE8>054D P=1B9A LHLD 1B96
C1Z0M0E0I0 A=00 B=060C D=0014 H=1C7F>0001 S=FFE8>054D P=1B9D MOV  B,M
C1Z0M0E0I0 A=00 B=010C D=0014 H=1C7F>0001 S=FFE8>054D P=1B9E LXI  H,1B95
C1Z0M0E0I0 A=00 B=010C D=0014 H=1B95>7F20 S=FFE8>054D P=1BA1 MOV  A,M
C1Z0M0E0I0 A=20 B=010C D=0014 H=1B95>7F20 S=FFE8>054D P=1BA2 MOV  C,A
C1Z0M0E0I0 A=20 B=0120 D=0014 H=1B95>7F20 S=FFE8>054D P=1BA3 RLC  
C0Z0M0E0I0 A=40 B=0120 D=0014 H=1B95>7F20 S=FFE8>054D P=1BA4 MOV  M,A
C0Z0M0E0I0 A=40 B=0120 D=0014 H=1B95>7F40 S=FFE8>054D P=1BA5 CPI  01
C0Z0M0E0I1 A=40 B=0120 D=0014 H=1B95>7F40 S=FFE8>054D P=1BA7 JNZ  1BB1
C0Z0M0E0I1 A=40 B=0120 D=0014 H=1B95>7F40 S=FFE8>054D P=1BB1 MOV  A,B
C0Z0M0E0I1 A=01 B=0120 D=0014 H=1B95>7F40 S=FFE8>054D P=1BB2 ANA  C
C0Z1M0E1I1 A=00 B=0120 D=0014 H=1B95>7F40 S=FFE8>054D P=1BB3 POP  H
C0Z1M0E1I1 A=00 B=0120 D=0014 H=054D>00FF S=FFEA>060C P=1BB4 POP  B
C0Z1M0E1I1 A=00 B=060C D=0014 H=054D>00FF S=FFEC>1B69 P=1BB5 RZ   
C0Z1M0E1I1 A=00 B=060C D=0014 H=054D>00FF S=FFEE>FF29 P=1B69 XRA  C
C0Z0M0E1I0 A=0C B=060C D=0014 H=054D>00FF S=FFEE>FF29 P=1B6A RRC  
C0Z0M0E1I0 A=06 B=060C D=0014 H=054D>00FF S=FFEE>FF29 P=1B6B MOV  C,A
C0Z0M0E1I0 A=06 B=0606 D=0014 H=054D>00FF S=FFEE>FF29 P=1B6C POP  PSW
C1Z0M0E0I0 A=FF B=0606 D=0014 H=054D>00FF S=FFF0>0539 P=1B6D DCR  B
C1Z0M0E0I0 A=FF B=0506 D=0014 H=054D>00FF S=FFF0>0539 P=1B6E JNZ  1B62
C1Z0M0E0I0 A=FF B=0506 D=0014 H=054D>00FF S=FFF0>0539 P=1B62 RRC  
C1Z0M0E0I0 A=FF B=0506 D=0014 H=054D>00FF S=FFF0>0539 P=1B63 PUSH PSW
C1Z0M0E0I0 A=FF B=0506 D=0014 H=054D>00FF S=FFEE>FF29 P=1B64 MVI  A,00
C1Z0M0E0I0 A=00 B=0506 D=0014 H=054D>00FF S=FFEE>FF29 P=1B66 CC   1B98
C1Z0M0E0I0 A=00 B=0506 D=0014 H=054D>00FF S=FFEC>1B69 P=1B98 PUSH B
C1Z0M0E0I0 A=00 B=0506 D=0014 H=054D>00FF S=FFEA>0506 P=1B99 PUSH H
C1Z0M0E0I0 A=00 B=0506 D=0014 H=054D>00FF S=FFE8>054D P=1B9A LHLD 1B96
C1Z0M0E0I0 A=00 B=0506 D=0014 H=1C7F>0001 S=FFE8>054D P=1B9D MOV  B,M
C1Z0M0E0I0 A=00 B=0106 D=0014 H=1C7F>0001 S=FFE8>054D P=1B9E LXI  H,1B95
C1Z0M0E0I0 A=00 B=0106 D=0014 H=1B95>7F40 S=FFE8>054D P=1BA1 MOV  A,M
C1Z0M0E0I0 A=40 B=0106 D=0014 H=1B95>7F40 S=FFE8>054D P=1BA2 MOV  C,A
C1Z0M0E0I0 A=40 B=0140 D=0014 H=1B95>7F40 S=FFE8>054D P=1BA3 RLC  
C0Z0M0E0I0 A=80 B=0140 D=0014 H=1B95>7F40 S=FFE8>054D P=1BA4 MOV  M,A
C0Z0M0E0I0 A=80 B=0140 D=0014 H=1B95>7F80 S=FFE8>054D P=1BA5 CPI  01
C0Z0M0E1I1 A=80 B=0140 D=0014 H=1B95>7F80 S=FFE8>054D P=1BA7 JNZ  1BB1
C0Z0M0E1I1 A=80 B=0140 D=0014 H=1B95>7F80 S=FFE8>054D P=1BB1 MOV  A,B
C0Z0M0E1I1 A=01 B=0140 D=0014 H=1B95>7F80 S=FFE8>054D P=1BB2 ANA  C
C0Z1M0E1I1 A=00 B=0140 D=0014 H=1B95>7F80 S=FFE8>054D P=1BB3 POP  H
C0Z1M0E1I1 A=00 B=0140 D=0014 H=054D>00FF S=FFEA>0506 P=1BB4 POP  B
C0Z1M0E1I1 A=00 B=0506 D=0014 H=054D>00FF S=FFEC>1B69 P=1BB5 RZ   
C0Z1M0E1I1 A=00 B=0506 D=0014 H=054D>00FF S=FFEE>FF29 P=1B69 XRA  C
C0Z0M0E1I0 A=06 B=0506 D=0014 H=054D>00FF S=FFEE>FF29 P=1B6A RRC  
C0Z0M0E1I0 A=03 B=0506 D=0014 H=054D>00FF S=FFEE>FF29 P=1B6B MOV  C,A
C0Z0M0E1I0 A=03 B=0503 D=0014 H=054D>00FF S=FFEE>FF29 P=1B6C POP  PSW
C1Z0M0E0I0 A=FF B=0503 D=0014 H=054D>00FF S=FFF0>0539 P=1B6D DCR  B
C1Z0M0E0I0 A=FF B=0403 D=0014 H=054D>00FF S=FFF0>0539 P=1B6E JNZ  1B62
C1Z0M0E0I0 A=FF B=0403 D=0014 H=054D>00FF S=FFF0>0539 P=1B62 RRC  
C1Z0M0E0I0 A=FF B=0403 D=0014 H=054D>00FF S=FFF0>0539 P=1B63 PUSH PSW
C1Z0M0E0I0 A=FF B=0403 D=0014 H=054D>00FF S=FFEE>FF29 P=1B64 MVI  A,00
C1Z0M0E0I0 A=00 B=0403 D=0014 H=054D>00FF S=FFEE>FF29 P=1B66 CC   1B98
C1Z0M0E0I0 A=00 B=0403 D=0014 H=054D>00FF S=FFEC>1B69 P=1B98 PUSH B
C1Z0M0E0I0 A=00 B=0403 D=0014 H=054D>00FF S=FFEA>0403 P=1B99 PUSH H
C1Z0M0E0I0 A=00 B=0403 D=0014 H=054D>00FF S=FFE8>054D P=1B9A LHLD 1B96
C1Z0M0E0I0 A=00 B=0403 D=0014 H=1C7F>0001 S=FFE8>054D P=1B9D MOV  B,M
C1Z0M0E0I0 A=00 B=0103 D=0014 H=1C7F>0001 S=FFE8>054D P=1B9E LXI  H,1B95
C1Z0M0E0I0 A=00 B=0103 D=0014 H=1B95>7F80 S=FFE8>054D P=1BA1 MOV  A,M
C1Z0M0E0I0 A=80 B=0103 D=0014 H=1B95>7F80 S=FFE8>054D P=1BA2 MOV  C,A
C1Z0M0E0I0 A=80 B=0180 D=0014 H=1B95>7F80 S=FFE8>054D P=1BA3 RLC  
C1Z0M0E0I0 A=01 B=0180 D=0014 H=1B95>7F80 S=FFE8>054D P=1BA4 MOV  M,A
C1Z0M0E0I0 A=01 B=0180 D=0014 H=1B95>7F01 S=FFE8>054D P=1BA5 CPI  01
C0Z1M0E0I0 A=01 B=0180 D=0014 H=1B95>7F01 S=FFE8>054D P=1BA7 JNZ  1BB1
C0Z1M0E0I0 A=01 B=0180 D=0014 H=1B95>7F01 S=FFE8>054D P=1BAA LHLD 1B96
C0Z1M0E0I0 A=01 B=0180 D=0014 H=1C7F>0001 S=FFE8>054D P=1BAD INX  H
C0Z1M0E0I0 A=01 B=0180 D=0014 H=1C80>0000 S=FFE8>054D P=1BAE SHLD 1B96
C0Z1M0E0I0 A=01 B=0180 D=0014 H=1C80>0000 S=FFE8>054D P=1BB1 MOV  A,B
C0Z1M0E0I0 A=01 B=0180 D=0014 H=1C80>0000 S=FFE8>054D P=1BB2 ANA  C
C0Z1M0E1I1 A=00 B=0180 D=0014 H=1C80>0000 S=FFE8>054D P=1BB3 POP  H
C0Z1M0E1I1 A=00 B=0180 D=0014 H=054D>00FF S=FFEA>0403 P=1BB4 POP  B
C0Z1M0E1I1 A=00 B=0403 D=0014 H=054D>00FF S=FFEC>1B69 P=1BB5 RZ   
C0Z1M0E1I1 A=00 B=0403 D=0014 H=054D>00FF S=FFEE>FF29 P=1B69 XRA  C
C0Z0M0E1I0 A=03 B=0403 D=0014 H=054D>00FF S=FFEE>FF29 P=1B6A RRC  
C1Z0M0E1I0 A=81 B=0403 D=0014 H=054D>00FF S=FFEE>FF29 P=1B6B MOV  C,A
C1Z0M0E1I0 A=81 B=0481 D=0014 H=054D>00FF S=FFEE>FF29 P=1B6C POP  PSW
C1Z0M0E0I0 A=FF B=0481 D=0014 H=054D>00FF S=FFF0>0539 P=1B6D DCR  B
C1Z0M0E0I0 A=FF B=0381 D=0014 H=054D>00FF S=FFF0>0539 P=1B6E JNZ  1B62
C1Z0M0E0I0 A=FF B=0381 D=0014 H=054D>00FF S=FFF0>0539 P=1B62 RRC  
C1Z0M0E0I0 A=FF B=0381 D=0014 H=054D>00FF S=FFF0>0539 P=1B63 PUSH PSW
C1Z0M0E0I0 A=FF B=0381 D=0014 H=054D>00FF S=FFEE>FF29 P=1B64 MVI  A,00
C1Z0M0E0I0 A=00 B=0381 D=0014 H=054D>00FF S=FFEE>FF29 P=1B66 CC   1B98
C1Z0M0E0I0 A=00 B=0381 D=0014 H=054D>00FF S=FFEC>1B69 P=1B98 PUSH B
C1Z0M0E0I0 A=00 B=0381 D=0014 H=054D>00FF S=FFEA>0381 P=1B99 PUSH H
C1Z0M0E0I0 A=00 B=0381 D=0014 H=054D>00FF S=FFE8>054D P=1B9A LHLD 1B96
C1Z0M0E0I0 A=00 B=0381 D=0014 H=1C80>0000 S=FFE8>054D P=1B9D MOV  B,M
C1Z0M0E0I0 A=00 B=0081 D=0014 H=1C80>0000 S=FFE8>054D P=1B9E LXI  H,1B95
C1Z0M0E0I0 A=00 B=0081 D=0014 H=1B95>8001 S=FFE8>054D P=1BA1 MOV  A,M
C1Z0M0E0I0 A=01 B=0081 D=0014 H=1B95>8001 S=FFE8>054D P=1BA2 MOV  C,A
C1Z0M0E0I0 A=01 B=0001 D=0014 H=1B95>8001 S=FFE8>054D P=1BA3 RLC  
C0Z0M0E0I0 A=02 B=0001 D=0014 H=1B95>8001 S=FFE8>054D P=1BA4 MOV  M,A
C0Z0M0E0I0 A=02 B=0001 D=0014 H=1B95>8002 S=FFE8>054D P=1BA5 CPI  01
C0Z0M0E0I0 A=02 B=0001 D=0014 H=1B95>8002 S=FFE8>054D P=1BA7 JNZ  1BB1
C0Z0M0E0I0 A=02 B=0001 D=0014 H=1B95>8002 S=FFE8>054D P=1BB1 MOV  A,B
C0Z0M0E0I0 A=00 B=0001 D=0014 H=1B95>8002 S=FFE8>054D P=1BB2 ANA  C
C0Z1M0E1I1 A=00 B=0001 D=0014 H=1B95>8002 S=FFE8>054D P=1BB3 POP  H
C0Z1M0E1I1 A=00 B=0001 D=0014 H=054D>00FF S=FFEA>0381 P=1BB4 POP  B
C0Z1M0E1I1 A=00 B=0381 D=0014 H=054D>00FF S=FFEC>1B69 P=1BB5 RZ   
C0Z1M0E1I1 A=00 B=0381 D=0014 H=054D>00FF S=FFEE>FF29 P=1B69 XRA  C
C0Z0M1E1I0 A=81 B=0381 D=0014 H=054D>00FF S=FFEE>FF29 P=1B6A RRC  
C1Z0M1E1I0 A=C0 B=0381 D=0014 H=054D>00FF S=FFEE>FF29 P=1B6B MOV  C,A
C1Z0M1E1I0 A=C0 B=03C0 D=0014 H=054D>00FF S=FFEE>FF29 P=1B6C POP  PSW
C1Z0M0E0I0 A=FF B=03C0 D=0014 H=054D>00FF S=FFF0>0539 P=1B6D DCR  B
C1Z0M0E0I0 A=FF B=02C0 D=0014 H=054D>00FF S=FFF0>0539 P=1B6E JNZ  1B62
C1Z0M0E0I0 A=FF B=02C0 D=0014 H=054D>00FF S=FFF0>0539 P=1B62 RRC  
C1Z0M0E0I0 A=FF B=02C0 D=0014 H=054D>00FF S=FFF0>0539 P=1B63 PUSH PSW
C1Z0M0E0I0 A=FF B=02C0 D=0014 H=054D>00FF S=FFEE>FF29 P=1B64 MVI  A,00
C1Z0M0E0I0 A=00 B=02C0 D=0014 H=054D>00FF S=FFEE>FF29 P=1B66 CC   1B98
C1Z0M0E0I0 A=00 B=02C0 D=0014 H=054D>00FF S=FFEC>1B69 P=1B98 PUSH B
C1Z0M0E0I0 A=00 B=02C0 D=0014 H=054D>00FF S=FFEA>02C0 P=1B99 PUSH H
C1Z0M0E0I0 A=00 B=02C0 D=0014 H=054D>00FF S=FFE8>054D P=1B9A LHLD 1B96
C1Z0M0E0I0 A=00 B=02C0 D=0014 H=1C80>0000 S=FFE8>054D P=1B9D MOV  B,M
C1Z0M0E0I0 A=00 B=00C0 D=0014 H=1C80>0000 S=FFE8>054D P=1B9E LXI  H,1B95
C1Z0M0E0I0 A=00 B=00C0 D=0014 H=1B95>8002 S=FFE8>054D P=1BA1 MOV  A,M
C1Z0M0E0I0 A=02 B=00C0 D=0014 H=1B95>8002 S=FFE8>054D P=1BA2 MOV  C,A
C1Z0M0E0I0 A=02 B=0002 D=0014 H=1B95>8002 S=FFE8>054D P=1BA3 RLC  
C0Z0M0E0I0 A=04 B=0002 D=0014 H=1B95>8002 S=FFE8>054D P=1BA4 MOV  M,A
C0Z0M0E0I0 A=04 B=0002 D=0014 H=1B95>8004 S=FFE8>054D P=1BA5 CPI  01
C0Z0M0E0I0 A=04 B=0002 D=0014 H=1B95>8004 S=FFE8>054D P=1BA7 JNZ  1BB1
C0Z0M0E0I0 A=04 B=0002 D=0014 H=1B95>8004 S=FFE8>054D P=1BB1 MOV  A,B
C0Z0M0E0I0 A=00 B=0002 D=0014 H=1B95>8004 S=FFE8>054D P=1BB2 ANA  C
C0Z1M0E1I1 A=00 B=0002 D=0014 H=1B95>8004 S=FFE8>054D P=1BB3 POP  H
C0Z1M0E1I1 A=00 B=0002 D=0014 H=054D>00FF S=FFEA>02C0 P=1BB4 POP  B
C0Z1M0E1I1 A=00 B=02C0 D=0014 H=054D>00FF S=FFEC>1B69 P=1BB5 RZ   
C0Z1M0E1I1 A=00 B=02C0 D=0014 H=054D>00FF S=FFEE>FF29 P=1B69 XRA  C
C0Z0M1E1I0 A=C0 B=02C0 D=0014 H=054D>00FF S=FFEE>FF29 P=1B6A RRC  
C0Z0M1E1I0 A=60 B=02C0 D=0014 H=054D>00FF S=FFEE>FF29 P=1B6B MOV  C,A
C0Z0M1E1I0 A=60 B=0260 D=0014 H=054D>00FF S=FFEE>FF29 P=1B6C POP  PSW
C1Z0M0E0I0 A=FF B=0260 D=0014 H=054D>00FF S=FFF0>0539 P=1B6D DCR  B
C1Z0M0E0I0 A=FF B=0160 D=0014 H=054D>00FF S=FFF0>0539 P=1B6E JNZ  1B62
C1Z0M0E0I0 A=FF B=0160 D=0014 H=054D>00FF S=FFF0>0539 P=1B62 RRC  
C1Z0M0E0I0 A=FF B=0160 D=0014 H=054D>00FF S=FFF0>0539 P=1B63 PUSH PSW
C1Z0M0E0I0 A=FF B=0160 D=0014 H=054D>00FF S=FFEE>FF29 P=1B64 MVI  A,00
C1Z0M0E0I0 A=00 B=0160 D=0014 H=054D>00FF S=FFEE>FF29 P=1B66 CC   1B98
C1Z0M0E0I0 A=00 B=0160 D=0014 H=054D>00FF S=FFEC>1B69 P=1B98 PUSH B
C1Z0M0E0I0 A=00 B=0160 D=0014 H=054D>00FF S=FFEA>0160 P=1B99 PUSH H
C1Z0M0E0I0 A=00 B=0160 D=0014 H=054D>00FF S=FFE8>054D P=1B9A LHLD 1B96
C1Z0M0E0I0 A=00 B=0160 D=0014 H=1C80>0000 S=FFE8>054D P=1B9D MOV  B,M
C1Z0M0E0I0 A=00 B=0060 D=0014 H=1C80>0000 S=FFE8>054D P=1B9E LXI  H,1B95
C1Z0M0E0I0 A=00 B=0060 D=0014 H=1B95>8004 S=FFE8>054D P=1BA1 MOV  A,M
C1Z0M0E0I0 A=04 B=0060 D=0014 H=1B95>8004 S=FFE8>054D P=1BA2 MOV  C,A
C1Z0M0E0I0 A=04 B=0004 D=0014 H=1B95>8004 S=FFE8>054D P=1BA3 RLC  
C0Z0M0E0I0 A=08 B=0004 D=0014 H=1B95>8004 S=FFE8>054D P=1BA4 MOV  M,A
C0Z0M0E0I0 A=08 B=0004 D=0014 H=1B95>8008 S=FFE8>054D P=1BA5 CPI  01
C0Z0M0E0I0 A=08 B=0004 D=0014 H=1B95>8008 S=FFE8>054D P=1BA7 JNZ  1BB1
C0Z0M0E0I0 A=08 B=0004 D=0014 H=1B95>8008 S=FFE8>054D P=1BB1 MOV  A,B
C0Z0M0E0I0 A=00 B=0004 D=0014 H=1B95>8008 S=FFE8>054D P=1BB2 ANA  C
C0Z1M0E1I1 A=00 B=0004 D=0014 H=1B95>8008 S=FFE8>054D P=1BB3 POP  H
C0Z1M0E1I1 A=00 B=0004 D=0014 H=054D>00FF S=FFEA>0160 P=1BB4 POP  B
C0Z1M0E1I1 A=00 B=0160 D=0014 H=054D>00FF S=FFEC>1B69 P=1BB5 RZ   
C0Z1M0E1I1 A=00 B=0160 D=0014 H=054D>00FF S=FFEE>FF29 P=1B69 XRA  C
C0Z0M0E1I0 A=60 B=0160 D=0014 H=054D>00FF S=FFEE>FF29 P=1B6A RRC  
C0Z0M0E1I0 A=30 B=0160 D=0014 H=054D>00FF S=FFEE>FF29 P=1B6B MOV  C,A
C0Z0M0E1I0 A=30 B=0130 D=0014 H=054D>00FF S=FFEE>FF29 P=1B6C POP  PSW
C1Z0M0E0I0 A=FF B=0130 D=0014 H=054D>00FF S=FFF0>0539 P=1B6D DCR  B
C1Z1M0E0I0 A=FF B=0030 D=0014 H=054D>00FF S=FFF0>0539 P=1B6E JNZ  1B62
C1Z1M0E0I0 A=FF B=0030 D=0014 H=054D>00FF S=FFF0>0539 P=1B71 MVI  B,08
C1Z1M0E0I0 A=FF B=0830 D=0014 H=054D>00FF S=FFF0>0539 P=1B73 LXI  D,0014
C1Z1M0E0I0 A=FF B=0830 D=0014 H=054D>00FF S=FFF0>0539 P=1B76 DAD  D
C0Z1M0E0I0 A=FF B=0830 D=0014 H=0561>0000 S=FFF0>0539 P=1B77 MOV  A,M
C0Z1M0E0I0 A=00 B=0830 D=0014 H=0561>0000 S=FFF0>0539 P=1B78 CPI  00
C0Z1M0E0I0 A=00 B=0830 D=0014 H=0561>0000 S=FFF0>0539 P=1B7A JZ   1B8E
C0Z1M0E0I0 A=00 B=0830 D=0014 H=0561>0000 S=FFF0>0539 P=1B8E POP  H
C0Z1M0E0I0 A=00 B=0830 D=0014 H=0539>A330 S=FFF2>0110 P=1B8F POP  D
C0Z1M0E0I0 A=00 B=0830 D=0110 H=0539>A330 S=FFF4>032C P=1B90 MOV  A,C
C0Z1M0E0I0 A=30 B=0830 D=0110 H=0539>A330 S=FFF4>032C P=1B91 STAX D
C0Z1M0E0I0 A=30 B=0830 D=0110 H=0539>A330 S=FFF4>032C P=1B92 INX  D
C0Z1M0E0I0 A=30 B=0830 D=0111 H=0539>A330 S=FFF4>032C P=1B93 POP  B
C0Z1M0E0I0 A=30 B=032C D=0111 H=0539>A330 S=FFF6>1B4C P=1B94 RET  
C0Z1M0E0I0 A=30 B=032C D=0111 H=0539>A330 S=FFF8>1B46 P=1B4C INX  H
C0Z1M0E0I0 A=30 B=032C D=0111 H=053A>94A3 S=FFF8>1B46 P=1B4D DCR  B
C0Z0M0E0I0 A=30 B=022C D=0111 H=053A>94A3 S=FFF8>1B46 P=1B4E JNZ  1B49
C0Z0M0E0I0 A=30 B=022C D=0111 H=053A>94A3 S=FFF8>1B46 P=1B49 CALL 1B52
C0Z0M0E0I0 A=30 B=022C D=0111 H=053A>94A3 S=FFF6>1B4C P=1B52 PUSH B
C0Z0M0E0I0 A=30 B=022C D=0111 H=053A>94A3 S=FFF4>022C P=1B53 PUSH D
C0Z0M0E0I0 A=30 B=022C D=0111 H=053A>94A3 S=FFF2>0111 P=1B54 PUSH H
C0Z0M0E0I0 A=30 B=022C D=0111 H=053A>94A3 S=FFF0>053A P=1B55 MOV  C,M
C0Z0M0E0I0 A=30 B=02A3 D=0111 H=053A>94A3 S=FFF0>053A P=1B56 LXI  D,0014
C0Z0M0E0I0 A=30 B=02A3 D=0014 H=053A>94A3 S=FFF0>053A P=1B59 DAD  D
C0Z0M0E0I0 A=30 B=02A3 D=0014 H=054E>0000 S=FFF0>053A P=1B5A MOV  A,M
C0Z0M0E0I0 A=00 B=02A3 D=0014 H=054E>0000 S=FFF0>053A P=1B5B CPI  00
C0Z1M0E0I0 A=00 B=02A3 D=0014 H=054E>0000 S=FFF0>053A P=1B5D JZ   1B73
C0Z1M0E0I0 A=00 B=02A3 D=0014 H=054E>0000 S=FFF0>053A P=1B73 LXI  D,0014
C0Z1M0E0I0 A=00 B=02A3 D=0014 H=054E>0000 S=FFF0>053A P=1B76 DAD  D
C0Z1M0E0I0 A=00 B=02A3 D=0014 H=0562>0000 S=FFF0>053A P=1B77 MOV  A,M
C0Z1M0E0I0 A=00 B=02A3 D=0014 H=0562>0000 S=FFF0>053A P=1B78 CPI  00
C0Z1M0E0I0 A=00 B=02A3 D=0014 H=0562>0000 S=FFF0>053A P=1B7A JZ   1B8E
C0Z1M0E0I0 A=00 B=02A3 D=0014 H=0562>0000 S=FFF0>053A P=1B8E POP  H
C0Z1M0E0I0 A=00 B=02A3 D=0014 H=053A>94A3 S=FFF2>0111 P=1B8F POP  D
C0Z1M0E0I0 A=00 B=02A3 D=0111 H=053A>94A3 S=FFF4>022C P=1B90 MOV  A,C
C0Z1M0E0I0 A=A3 B=02A3 D=0111 H=053A>94A3 S=FFF4>022C P=1B91 STAX D
C0Z1M0E0I0 A=A3 B=02A3 D=0111 H=053A>94A3 S=FFF4>022C P=1B92 INX  D
C0Z1M0E0I0 A=A3 B=02A3 D=0112 H=053A>94A3 S=FFF4>022C P=1B93 POP  B
C0Z1M0E0I0 A=A3 B=022C D=0112 H=053A>94A3 S=FFF6>1B4C P=1B94 RET  
C0Z1M0E0I0 A=A3 B=022C D=0112 H=053A>94A3 S=FFF8>1B46 P=1B4C INX  H
C0Z1M0E0I0 A=A3 B=022C D=0112 H=053B>0094 S=FFF8>1B46 P=1B4D DCR  B
C0Z0M0E0I0 A=A3 B=012C D=0112 H=053B>0094 S=FFF8>1B46 P=1B4E JNZ  1B49
C0Z0M0E0I0 A=A3 B=012C D=0112 H=053B>0094 S=FFF8>1B46 P=1B49 CALL 1B52
C0Z0M0E0I0 A=A3 B=012C D=0112 H=053B>0094 S=FFF6>1B4C P=1B52 PUSH B
C0Z0M0E0I0 A=A3 B=012C D=0112 H=053B>0094 S=FFF4>012C P=1B53 PUSH D
C0Z0M0E0I0 A=A3 B=012C D=0112 H=053B>0094 S=FFF2>0112 P=1B54 PUSH H
C0Z0M0E0I0 A=A3 B=012C D=0112 H=053B>0094 S=FFF0>053B P=1B55 MOV  C,M
C0Z0M0E0I0 A=A3 B=0194 D=0112 H=053B>0094 S=FFF0>053B P=1B56 LXI  D,0014
C0Z0M0E0I0 A=A3 B=0194 D=0014 H=053B>0094 S=FFF0>053B P=1B59 DAD  D
C0Z0M0E0I0 A=A3 B=0194 D=0014 H=054F>0000 S=FFF0>053B P=1B5A MOV  A,M
C0Z0M0E0I0 A=00 B=0194 D=0014 H=054F>0000 S=FFF0>053B P=1B5B CPI  00
C0Z1M0E0I0 A=00 B=0194 D=0014 H=054F>0000 S=FFF0>053B P=1B5D JZ   1B73
C0Z1M0E0I0 A=00 B=0194 D=0014 H=054F>0000 S=FFF0>053B P=1B73 LXI  D,0014
C0Z1M0E0I0 A=00 B=0194 D=0014 H=054F>0000 S=FFF0>053B P=1B76 DAD  D
C0Z1M0E0I0 A=00 B=0194 D=0014 H=0563>A800 S=FFF0>053B P=1B77 MOV  A,M
C0Z1M0E0I0 A=00 B=0194 D=0014 H=0563>A800 S=FFF0>053B P=1B78 CPI  00
C0Z1M0E0I0 A=00 B=0194 D=0014 H=0563>A800 S=FFF0>053B P=1B7A JZ   1B8E
C0Z1M0E0I0 A=00 B=0194 D=0014 H=0563>A800 S=FFF0>053B P=1B8E POP  H
C0Z1M0E0I0 A=00 B=0194 D=0014 H=053B>0094 S=FFF2>0112 P=1B8F POP  D
C0Z1M0E0I0 A=00 B=0194 D=0112 H=053B>0094 S=FFF4>012C P=1B90 MOV  A,C
C0Z1M0E0I0 A=94 B=0194 D=0112 H=053B>0094 S=FFF4>012C P=1B91 STAX D
C0Z1M0E0I0 A=94 B=0194 D=0112 H=053B>0094 S=FFF4>012C P=1B92 INX  D
C0Z1M0E0I0 A=94 B=0194 D=0113 H=053B>0094 S=FFF4>012C P=1B93 POP  B
C0Z1M0E0I0 A=94 B=012C D=0113 H=053B>0094 S=FFF6>1B4C P=1B94 RET  
C0Z1M0E0I0 A=94 B=012C D=0113 H=053B>0094 S=FFF8>1B46 P=1B4C INX  H
C0Z1M0E0I0 A=94 B=012C D=0113 H=053C>1000 S=FFF8>1B46 P=1B4D DCR  B
C0Z1M0E0I0 A=94 B=002C D=0113 H=053C>1000 S=FFF8>1B46 P=1B4E JNZ  1B49
C0Z1M0E0I0 A=94 B=002C D=0113 H=053C>1000 S=FFF8>1B46 P=1B51 RET  
C0Z1M0E0I0 A=94 B=002C D=0113 H=053C>1000 S=FFFA>0528 P=1B46 JMP  1ACC
C0Z1M0E0I0 A=94 B=002C D=0113 H=053C>1000 S=FFFA>0528 P=1ACC LDA  1CE7
C0Z1M0E0I0 A=ED B=002C D=0113 H=053C>1000 S=FFFA>0528 P=1ACF CPI  76
C0Z0M0E1I0 A=ED B=002C D=0113 H=053C>1000 S=FFFA>0528 P=1AD1 JZ   1AE3
C0Z0M0E1I0 A=ED B=002C D=0113 H=053C>1000 S=FFFA>0528 P=1AD4 ANI  DF
C0Z0M1E0I1 A=CD B=002C D=0113 H=053C>1000 S=FFFA>0528 P=1AD6 CPI  DD
C1Z0M1E0I0 A=CD B=002C D=0113 H=053C>1000 S=FFFA>0528 P=1AD8 JNZ  1AE0
C1Z0M1E0I0 A=CD B=002C D=0113 H=053C>1000 S=FFFA>0528 P=1AE0 CNZ  1CCF
C1Z0M1E0I0 A=CD B=002C D=0113 H=053C>1000 S=FFF8>1AE3 P=1CCF PUSH PSW
C1Z0M1E0I0 A=CD B=002C D=0113 H=053C>1000 S=FFF6>CD8B P=1CD0 PUSH B
C1Z0M1E0I0 A=CD B=002C D=0113 H=053C>1000 S=FFF4>002C P=1CD1 PUSH D
C1Z0M1E0I0 A=CD B=002C D=0113 H=053C>1000 S=FFF2>0113 P=1CD2 PUSH H
C1Z0M1E0I0 A=CD B=002C D=0113 H=053C>1000 S=FFF0>053C P=1CD3 DI   
C1Z0M1E0I0 A=CD B=002C D=0113 H=053C>1000 S=FFF0>053C P=1CD4 SSPD 1D32
C1Z0M1E0I0 A=CD B=002C D=0113 H=053C>1000 S=FFF0>053C P=1CD8 LXI  SP,0105
C1Z0M1E0I0 A=CD B=002C D=0113 H=053C>1000 S=0105>72B4 P=1CDB POP  Y
C1Z0M1E0I0 A=CD B=002C D=0113 H=053C>1000 S=0107>18F6 P=1CDD POP  X
C1Z0M1E0I0 A=CD B=002C D=0113 H=053C>1000 S=0109>0114 P=1CDF POP  H
C1Z0M1E0I0 A=CD B=002C D=0113 H=0114>21DD S=010B>8DBD P=1CE0 POP  D
C1Z0M1E0I0 A=CD B=002C D=8DBD H=0114>21DD S=010D>0001 P=1CE1 POP  B
C1Z0M1E0I0 A=CD B=0001 D=8DBD H=0114>21DD S=010F>30C1 P=1CE2 POP  PSW
C1Z1M1E0I0 A=30 B=0001 D=8DBD H=0114>21DD S=0111>94A3 P=1CE3 LSPD 0111
C1Z1M1E0I0 A=30 B=0001 D=8DBD H=0114>21DD S=94A3>7783 P=1CE7 CCDR 
C1Z0M0E0I1 A=30 B=0000 D=8DBD H=0113>DDF3 S=94A3>7783 P=1CE9 NOP  
C1Z0M0E0I1 A=30 B=0000 D=8DBD H=0113>DDF3 S=94A3>7783 P=1CEA NOP  
C1Z0M0E0I1 A=30 B=0000 D=8DBD H=0113>DDF3 S=94A3>7783 P=1CEB SSPD 1D30
C1Z0M0E0I1 A=30 B=0000 D=8DBD H=0113>DDF3 S=94A3>7783 P=1CEF LXI  SP,1D30
C1Z0M0E0I1 A=30 B=0000 D=8DBD H=0113>DDF3 S=1D30>94A3 P=1CF2 PUSH PSW
C1Z0M0E0I1 A=30 B=0000 D=8DBD H=0113>DDF3 S=1D2E>3033 P=1CF3 PUSH B
C1Z0M0E0I1 A=30 B=0000 D=8DBD H=0113>DDF3 S=1D2C>0000 P=1CF4 PUSH D
C1Z0M0E0I1 A=30 B=0000 D=8DBD H=0113>DDF3 S=1D2A>8DBD P=1CF5 PUSH H
C1Z0M0E0I1 A=30 B=0000 D=8DBD H=0113>DDF3 S=1D28>0113 P=1CF6 PUSH X
C1Z0M0E0I1 A=30 B=0000 D=8DBD H=0113>DDF3 S=1D26>18F6 P=1CF8 PUSH Y
C1Z0M0E0I1 A=30 B=0000 D=8DBD H=0113>DDF3 S=1D24>72B4 P=1CFA LSPD 1D32
C1Z0M0E0I1 A=30 B=0000 D=8DBD H=0113>DDF3 S=FFF0>053C P=1CFE EI   
C1Z0M0E0I1 A=30 B=0000 D=8DBD H=0113>DDF3 S=FFF0>053C P=1CFF LHLD 0103
C1Z0M0E0I1 A=30 B=0000 D=8DBD H=1CDB>E1FD S=FFF0>053C P=1D02 SHLD 1D22
C1Z0M0E0I1 A=30 B=0000 D=8DBD H=1CDB>E1FD S=FFF0>053C P=1D05 LXI  H,1D2E
C1Z0M0E0I1 A=30 B=0000 D=8DBD H=1D2E>3033 S=FFF0>053C P=1D08 MOV  A,M
C1Z0M0E0I1 A=33 B=0000 D=8DBD H=1D2E>3033 S=FFF0>053C P=1D09 ANI  D7
C0Z0M0E0I1 A=13 B=0000 D=8DBD H=1D2E>3033 S=FFF0>053C P=1D0B MOV  M,A
C0Z0M0E0I1 A=13 B=0000 D=8DBD H=1D2E>3013 S=FFF0>053C P=1D0C MVI  B,10
C0Z0M0E0I1 A=13 B=1000 D=8DBD H=1D2E>3013 S=FFF0>053C P=1D0E LXI  D,1D22
C0Z0M0E0I1 A=13 B=1000 D=1D22 H=1D2E>3013 S=FFF0>053C P=1D11 LXI  H,1E2C
C0Z0M0E0I1 A=13 B=1000 D=1D22 H=1E2C>6B5B S=FFF0>053C P=1D14 LDAX D
C0Z0M0E0I1 A=DB B=1000 D=1D22 H=1E2C>6B5B S=FFF0>053C P=1D15 INX  D
C0Z0M0E0I1 A=DB B=1000 D=1D23 H=1E2C>6B5B S=FFF0>053C P=1D16 CALL 1DF0
C0Z0M0E0I1 A=DB B=1000 D=1D23 H=1E2C>6B5B S=FFEE>1D19 P=1DF0 PUSH PSW
C0Z0M0E0I1 A=DB B=1000 D=1D23 H=1E2C>6B5B S=FFEC>DB10 P=1DF1 PUSH B
C0Z0M0E0I1 A=DB B=1000 D=1D23 H=1E2C>6B5B S=FFEA>1000 P=1DF2 PUSH D
C0Z0M0E0I1 A=DB B=1000 D=1D23 H=1E2C>6B5B S=FFE8>1D23 P=1DF3 PUSH H
C0Z0M0E0I1 A=DB B=1000 D=1D23 H=1E2C>6B5B S=FFE6>1E2C P=1DF4 PUSH H
C0Z0M0E0I1 A=DB B=1000 D=1D23 H=1E2C>6B5B S=FFE4>1E2C P=1DF5 LXI  D,0003
C0Z0M0E0I1 A=DB B=1000 D=0003 H=1E2C>6B5B S=FFE4>1E2C P=1DF8 DAD  D
C0Z0M0E0I0 A=DB B=1000 D=0003 H=1E2F>00CB S=FFE4>1E2C P=1DF9 XRA  M
C0Z0M0E0I0 A=10 B=1000 D=0003 H=1E2F>00CB S=FFE4>1E2C P=1DFA MOV  L,A
C0Z0M0E0I0 A=10 B=1000 D=0003 H=1E10>09C2 S=FFE4>1E2C P=1DFB MVI  H,00
C0Z0M0E0I0 A=10 B=1000 D=0003 H=0010>01F2 S=FFE4>1E2C P=1DFD DAD  H
C0Z0M0E0I0 A=10 B=1000 D=0003 H=0020>DDFF S=FFE4>1E2C P=1DFE DAD  H
C0Z0M0E0I0 A=10 B=1000 D=0003 H=0040>3E04 S=FFE4>1E2C P=1DFF XCHG 
C0Z0M0E0I0 A=10 B=1000 D=0040 H=0003>0000 S=FFE4>1E2C P=1E00 LXI  H,1E30
C0Z0M0E0I0 A=10 B=1000 D=0040 H=1E30>0000 S=FFE4>1E2C P=1E03 DAD  D
C0Z0M0E0I0 A=10 B=1000 D=0040 H=1E70>B71D S=FFE4>1E2C P=1E04 XCHG 
C0Z0M0E0I0 A=10 B=1000 D=1E70 H=0040>3E04 S=FFE4>1E2C P=1E05 POP  H
C0Z0M0E0I0 A=10 B=1000 D=1E70 H=1E2C>6B5B S=FFE6>1E2C P=1E06 LXI  B,0004
C0Z0M0E0I0 A=10 B=0004 D=1E70 H=1E2C>6B5B S=FFE6>1E2C P=1E09 LDAX D
C0Z0M0E0I0 A=1D B=0004 D=1E70 H=1E2C>6B5B S=FFE6>1E2C P=1E0A XRA  B
C0Z0M0E1I0 A=1D B=0004 D=1E70 H=1E2C>6B5B S=FFE6>1E2C P=1E0B MOV  B,M
C0Z0M0E1I0 A=1D B=5B04 D=1E70 H=1E2C>6B5B S=FFE6>1E2C P=1E0C MOV  M,A
C0Z0M0E1I0 A=1D B=5B04 D=1E70 H=1E2C>6B1D S=FFE6>1E2C P=1E0D INX  D
C0Z0M0E1I0 A=1D B=5B04 D=1E71 H=1E2C>6B1D S=FFE6>1E2C P=1E0E INX  H
C0Z0M0E1I0 A=1D B=5B04 D=1E71 H=1E2D>AB6B S=FFE6>1E2C P=1E0F DCR  C
C0Z0M0E0I0 A=1D B=5B03 D=1E71 H=1E2D>AB6B S=FFE6>1E2C P=1E10 JNZ  1E09
C0Z0M0E0I0 A=1D B=5B03 D=1E71 H=1E2D>AB6B S=FFE6>1E2C P=1E09 LDAX D
C0Z0M0E0I0 A=B7 B=5B03 D=1E71 H=1E2D>AB6B S=FFE6>1E2C P=1E0A XRA  B
C0Z0M1E0I0 A=EC B=5B03 D=1E71 H=1E2D>AB6B S=FFE6>1E2C P=1E0B MOV  B,M
C0Z0M1E0I0 A=EC B=6B03 D=1E71 H=1E2D>AB6B S=FFE6>1E2C P=1E0C MOV  M,A
C0Z0M1E0I0 A=EC B=6B03 D=1E71 H=1E2D>ABEC S=FFE6>1E2C P=1E0D INX  D
C0Z0M1E0I0 A=EC B=6B03 D=1E72 H=1E2D>ABEC S=FFE6>1E2C P=1E0E INX  H
C0Z0M1E0I0 A=EC B=6B03 D=1E72 H=1E2E>CBAB S=FFE6>1E2C P=1E0F DCR  C
C0Z0M0E0I0 A=EC B=6B02 D=1E72 H=1E2E>CBAB S=FFE6>1E2C P=1E10 JNZ  1E09
C0Z0M0E0I0 A=EC B=6B02 D=1E72 H=1E2E>CBAB S=FFE6>1E2C P=1E09 LDAX D
C0Z0M0E0I0 A=10 B=6B02 D=1E72 H=1E2E>CBAB S=FFE6>1E2C P=1E0A XRA  B
C0Z0M0E1I0 A=7B B=6B02 D=1E72 H=1E2E>CBAB S=FFE6>1E2C P=1E0B MOV  B,M
C0Z0M0E1I0 A=7B B=AB02 D=1E72 H=1E2E>CBAB S=FFE6>1E2C P=1E0C MOV  M,A
C0Z0M0E1I0 A=7B B=AB02 D=1E72 H=1E2E>CB7B S=FFE6>1E2C P=1E0D INX  D
C0Z0M0E1I0 A=7B B=AB02 D=1E73 H=1E2E>CB7B S=FFE6>1E2C P=1E0E INX  H
C0Z0M0E1I0 A=7B B=AB02 D=1E73 H=1E2F>00CB S=FFE6>1E2C P=1E0F DCR  C
C0Z0M0E0I0 A=7B B=AB01 D=1E73 H=1E2F>00CB S=FFE6>1E2C P=1E10 JNZ  1E09
C0Z0M0E0I0 A=7B B=AB01 D=1E73 H=1E2F>00CB S=FFE6>1E2C P=1E09 LDAX D
C0Z0M0E0I0 A=64 B=AB01 D=1E73 H=1E2F>00CB S=FFE6>1E2C P=1E0A XRA  B
C0Z0M1E1I0 A=CF B=AB01 D=1E73 H=1E2F>00CB S=FFE6>1E2C P=1E0B MOV  B,M
C0Z0M1E1I0 A=CF B=CB01 D=1E73 H=1E2F>00CB S=FFE6>1E2C P=1E0C MOV  M,A
C0Z0M1E1I0 A=CF B=CB01 D=1E73 H=1E2F>00CF S=FFE6>1E2C P=1E0D INX  D
C0Z0M1E1I0 A=CF B=CB01 D=1E74 H=1E2F>00CF S=FFE6>1E2C P=1E0E INX  H
C0Z0M1E1I0 A=CF B=CB01 D=1E74 H=1E30>0000 S=FFE6>1E2C P=1E0F DCR  C
C0Z1M0E0I0 A=CF B=CB00 D=1E74 H=1E30>0000 S=FFE6>1E2C P=1E10 JNZ  1E09
C0Z1M0E0I0 A=CF B=CB00 D=1E74 H=1E30>0000 S=FFE6>1E2C P=1E13 POP  H
C0Z1M0E0I0 A=CF B=CB00 D=1E74 H=1E2C>EC1D S=FFE8>1D23 P=1E14 POP  D
C0Z1M0E0I0 A=CF B=CB00 D=1D23 H=1E2C>EC1D S=FFEA>1000 P=1E15 POP  B
C0Z1M0E0I0 A=CF B=1000 D=1D23 H=1E2C>EC1D S=FFEC>DB10 P=1E16 POP  PSW
C0Z0M0E0I1 A=DB B=1000 D=1D23 H=1E2C>EC1D S=FFEE>1D19 P=1E17 RET  
C0Z0M0E0I1 A=DB B=1000 D=1D23 H=1E2C>EC1D S=FFF0>053C P=1D19 DCR  B
C0Z0M0E0I1 A=DB B=0F00 D=1D23 H=1E2C>EC1D S=FFF0>053C P=1D1A JNZ  1D14
C0Z0M0E0I1 A=DB B=0F00 D=1D23 H=1E2C>EC1D S=FFF0>053C P=1D14 LDAX D
C0Z0M0E0I1 A=1C B=0F00 D=1D23 H=1E2C>EC1D S=FFF0>053C P=1D15 INX  D
C0Z0M0E0I1 A=1C B=0F00 D=1D24 H=1E2C>EC1D S=FFF0>053C P=1D16 CALL 1DF0
C0Z0M0E0I1 A=1C B=0F00 D=1D24 H=1E2C>EC1D S=FFEE>1D19 P=1DF0 PUSH PSW
C0Z0M0E0I1 A=1C B=0F00 D=1D24 H=1E2C>EC1D S=FFEC>1C1A P=1DF1 PUSH B
C0Z0M0E0I1 A=1C B=0F00 D=1D24 H=1E2C>EC1D S=FFEA>0F00 P=1DF2 PUSH D
C0Z0M0E0I1 A=1C B=0F00 D=1D24 H=1E2C>EC1D S=FFE8>1D24 P=1DF3 PUSH H
C0Z0M0E0I1 A=1C B=0F00 D=1D24 H=1E2C>EC1D S=FFE6>1E2C P=1DF4 PUSH H
C0Z0M0E0I1 A=1C B=0F00 D=1D24 H=1E2C>EC1D S=FFE4>1E2C P=1DF5 LXI  D,0003
C0Z0M0E0I1 A=1C B=0F00 D=0003 H=1E2C>EC1D S=FFE4>1E2C P=1DF8 DAD  D
C0Z0M0E0I0 A=1C B=0F00 D=0003 H=1E2F>00CF S=FFE4>1E2C P=1DF9 XRA  M
C0Z0M1E0I0 A=D3 B=0F00 D=0003 H=1E2F>00CF S=FFE4>1E2C P=1DFA MOV  L,A
C0Z0M1E0I0 A=D3 B=0F00 D=0003 H=1ED3>42FA S=FFE4>1E2C P=1DFB MVI  H,00
C0Z0M1E0I0 A=D3 B=0F00 D=0003 H=00D3>1A1A S=FFE4>1E2C P=1DFD DAD  H
C0Z0M1E0I0 A=D3 B=0F00 D=0003 H=01A6>A9EA S=FFE4>1E2C P=1DFE DAD  H
C0Z0M1E0I0 A=D3 B=0F00 D=0003 H=034C>C53E S=FFE4>1E2C P=1DFF XCHG 
C0Z0M1E0I0 A=D3 B=0F00 D=034C H=0003>0000 S=FFE4>1E2C P=1E00 LXI  H,1E30
C0Z0M1E0I0 A=D3 B=0F00 D=034C H=1E30>0000 S=FFE4>1E2C P=1E03 DAD  D
C0Z0M1E0I1 A=D3 B=0F00 D=034C H=217C>DA1F S=FFE4>1E2C P=1E04 XCHG 
C0Z0M1E0I1 A=D3 B=0F00 D=217C H=034C>C53E S=FFE4>1E2C P=1E05 POP  H
C0Z0M1E0I1 A=D3 B=0F00 D=217C H=1E2C>EC1D S=FFE6>1E2C P=1E06 LXI  B,0004
C0Z0M1E0I1 A=D3 B=0004 D=217C H=1E2C>EC1D S=FFE6>1E2C P=1E09 LDAX D
C0Z0M1E0I1 A=1F B=0004 D=217C H=1E2C>EC1D S=FFE6>1E2C P=1E0A XRA  B
C0Z0M0E0I0 A=1F B=0004 D=217C H=1E2C>EC1D S=FFE6>1E2C P=1E0B MOV  B,M
C0Z0M0E0I0 A=1F B=1D04 D=217C H=1E2C>EC1D S=FFE6>1E2C P=1E0C MOV  M,A
C0Z0M0E0I0 A=1F B=1D04 D=217C H=1E2C>EC1F S=FFE6>1E2C P=1E0D INX  D
C0Z0M0E0I0 A=1F B=1D04 D=217D H=1E2C>EC1F S=FFE6>1E2C P=1E0E INX  H
C0Z0M0E0I0 A=1F B=1D04 D=217D H=1E2D>7BEC S=FFE6>1E2C P=1E0F DCR  C
C0Z0M0E0I0 A=1F B=1D03 D=217D H=1E2D>7BEC S=FFE6>1E2C P=1E10 JNZ  1E09
C0Z0M0E0I0 A=1F B=1D03 D=217D H=1E2D>7BEC S=FFE6>1E2C P=1E09 LDAX D
C0Z0M0E0I0 A=DA B=1D03 D=217D H=1E2D>7BEC S=FFE6>1E2C P=1E0A XRA  B
C0Z0M1E0I0 A=C7 B=1D03 D=217D H=1E2D>7BEC S=FFE6>1E2C P=1E0B MOV  B,M
C0Z0M1E0I0 A=C7 B=EC03 D=217D H=1E2D>7BEC S=FFE6>1E2C P=1E0C MOV  M,A
C0Z0M1E0I0 A=C7 B=EC03 D=217D H=1E2D>7BC7 S=FFE6>1E2C P=1E0D INX  D
C0Z0M1E0I0 A=C7 B=EC03 D=217E H=1E2D>7BC7 S=FFE6>1E2C P=1E0E INX  H
C0Z0M1E0I0 A=C7 B=EC03 D=217E H=1E2E>CF7B S=FFE6>1E2C P=1E0F DCR  C
C0Z0M0E0I0 A=C7 B=EC02 D=217E H=1E2E>CF7B S=FFE6>1E2C P=1E10 JNZ  1E09
C0Z0M0E0I0 A=C7 B=EC02 D=217E H=1E2E>CF7B S=FFE6>1E2C P=1E09 LDAX D
C0Z0M0E0I0 A=83 B=EC02 D=217E H=1E2E>CF7B S=FFE6>1E2C P=1E0A XRA  B
C0Z0M0E1I0 A=6F B=EC02 D=217E H=1E2E>CF7B S=FFE6>1E2C P=1E0B MOV  B,M
C0Z0M0E1I0 A=6F B=7B02 D=217E H=1E2E>CF7B S=FFE6>1E2C P=1E0C MOV  M,A
C0Z0M0E1I0 A=6F B=7B02 D=217E H=1E2E>CF6F S=FFE6>1E2C P=1E0D INX  D
C0Z0M0E1I0 A=6F B=7B02 D=217F H=1E2E>CF6F S=FFE6>1E2C P=1E0E INX  H
C0Z0M0E1I0 A=6F B=7B02 D=217F H=1E2F>00CF S=FFE6>1E2C P=1E0F DCR  C
C0Z0M0E0I0 A=6F B=7B01 D=217F H=1E2F>00CF S=FFE6>1E2C P=1E10 JNZ  1E09
C0Z0M0E0I0 A=6F B=7B01 D=217F H=1E2F>00CF S=FFE6>1E2C P=1E09 LDAX D
C0Z0M0E0I0 A=6E B=7B01 D=217F H=1E2F>00CF S=FFE6>1E2C P=1E0A XRA  B
C0Z0M0E0I0 A=15 B=7B01 D=217F H=1E2F>00CF S=FFE6>1E2C P=1E0B MOV  B,M
C0Z0M0E0I0 A=15 B=CF01 D=217F H=1E2F>00CF S=FFE6>1E2C P=1E0C MOV  M,A
C0Z0M0E0I0 A=15 B=CF01 D=217F H=1E2F>0015 S=FFE6>1E2C P=1E0D INX  D
C0Z0M0E0I0 A=15 B=CF01 D=2180 H=1E2F>0015 S=FFE6>1E2C P=1E0E INX  H
C0Z0M0E0I0 A=15 B=CF01 D=2180 H=1E30>0000 S=FFE6>1E2C P=1E0F DCR  C
C0Z1M0E0I0 A=15 B=CF00 D=2180 H=1E30>0000 S=FFE6>1E2C P=1E10 JNZ  1E09
C0Z1M0E0I0 A=15 B=CF00 D=2180 H=1E30>0000 S=FFE6>1E2C P=1E13 POP  H
C0Z1M0E0I0 A=15 B=CF00 D=2180 H=1E2C>C71F S=FFE8>1D24 P=1E14 POP  D
C0Z1M0E0I0 A=15 B=CF00 D=1D24 H=1E2C>C71F S=FFEA>0F00 P=1E15 POP  B
C0Z1M0E0I0 A=15 B=0F00 D=1D24 H=1E2C>C71F S=FFEC>1C1A P=1E16 POP  PSW
C0Z0M0E0I1 A=1C B=0F00 D=1D24 H=1E2C>C71F S=FFEE>1D19 P=1E17 RET  
C0Z0M0E0I1 A=1C B=0F00 D=1D24 H=1E2C>C71F S=FFF0>053C P=1D19 DCR  B
C0Z0M0E0I0 A=1C B=0E00 D=1D24 H=1E2C>C71F S=FFF0>053C P=1D1A JNZ  1D14
C0Z0M0E0I0 A=1C B=0E00 D=1D24 H=1E2C>C71F S=FFF0>053C P=1D14 LDAX D
C0Z0M0E0I0 A=B4 B=0E00 D=1D24 H=1E2C>C71F S=FFF0>053C P=1D15 INX  D
C0Z0M0E0I0 A=B4 B=0E00 D=1D25 H=1E2C>C71F S=FFF0>053C P=1D16 CALL 1DF0
C0Z0M0E0I0 A=B4 B=0E00 D=1D25 H=1E2C>C71F S=FFEE>1D19 P=1DF0 PUSH PSW
C0Z0M0E0I0 A=B4 B=0E00 D=1D25 H=1E2C>C71F S=FFEC>B40A P=1DF1 PUSH B
C0Z0M0E0I0 A=B4 B=0E00 D=1D25 H=1E2C>C71F S=FFEA>0E00 P=1DF2 PUSH D
C0Z0M0E0I0 A=B4 B=0E00 D=1D25 H=1E2C>C71F S=FFE8>1D25 P=1DF3 PUSH H
C0Z0M0E0I0 A=B4 B=0E00 D=1D25 H=1E2C>C71F S=FFE6>1E2C P=1DF4 PUSH H
C0Z0M0E0I0 A=B4 B=0E00 D=1D25 H=1E2C>C71F S=FFE4>1E2C P=1DF5 LXI  D,0003
C0Z0M0E0I0 A=B4 B=0E00 D=0003 H=1E2C>C71F S=FFE4>1E2C P=1DF8 DAD  D
C0Z0M0E0I0 A=B4 B=0E00 D=0003 H=1E2F>0015 S=FFE4>1E2C P=1DF9 XRA  M
C0Z0M1E0I0 A=A1 B=0E00 D=0003 H=1E2F>0015 S=FFE4>1E2C P=1DFA MOV  L,A
C0Z0M1E0I0 A=A1 B=0E00 D=0003 H=1EA1>5C01 S=FFE4>1E2C P=1DFB MVI  H,00
C0Z0M1E0I0 A=A1 B=0E00 D=0003 H=00A1>BE0B S=FFE4>1E2C P=1DFD DAD  H
C0Z0M1E0I0 A=A1 B=0E00 D=0003 H=0142>0E1D S=FFE4>1E2C P=1DFE DAD  H
C0Z0M1E0I0 A=A1 B=0E00 D=0003 H=0284>2E2E S=FFE4>1E2C P=1DFF XCHG 
C0Z0M1E0I0 A=A1 B=0E00 D=0284 H=0003>0000 S=FFE4>1E2C P=1E00 LXI  H,1E30
C0Z0M1E0I0 A=A1 B=0E00 D=0284 H=1E30>0000 S=FFE4>1E2C P=1E03 DAD  D
C0Z0M1E0I1 A=A1 B=0E00 D=0284 H=20B4>D1A1 S=FFE4>1E2C P=1E04 XCHG 
C0Z0M1E0I1 A=A1 B=0E00 D=20B4 H=0284>2E2E S=FFE4>1E2C P=1E05 POP  H
C0Z0M1E0I1 A=A1 B=0E00 D=20B4 H=1E2C>C71F S=FFE6>1E2C P=1E06 LXI  B,0004
C0Z0M1E0I1 A=A1 B=0004 D=20B4 H=1E2C>C71F S=FFE6>1E2C P=1E09 LDAX D
C0Z0M1E0I1 A=A1 B=0004 D=20B4 H=1E2C>C71F S=FFE6>1E2C P=1E0A XRA  B
C0Z0M1E0I0 A=A1 B=0004 D=20B4 H=1E2C>C71F S=FFE6>1E2C P=1E0B MOV  B,M
C0Z0M1E0I0 A=A1 B=1F04 D=20B4 H=1E2C>C71F S=FFE6>1E2C P=1E0C MOV  M,A
C0Z0M1E0I0 A=A1 B=1F04 D=20B4 H=1E2C>C7A1 S=FFE6>1E2C P=1E0D INX  D
C0Z0M1E0I0 A=A1 B=1F04 D=20B5 H=1E2C>C7A1 S=FFE6>1E2C P=1E0E INX  H
C0Z0M1E0I0 A=A1 B=1F04 D=20B5 H=1E2D>6FC7 S=FFE6>1E2C P=1E0F DCR  C
C0Z0M0E0I0 A=A1 B=1F03 D=20B5 H=1E2D>6FC7 S=FFE6>1E2C P=1E10 JNZ  1E09
C0Z0M0E0I0 A=A1 B=1F03 D=20B5 H=1E2D>6FC7 S=FFE6>1E2C P=1E09 LDAX D
C0Z0M0E0I0 A=D1 B=1F03 D=20B5 H=1E2D>6FC7 S=FFE6>1E2C P=1E0A XRA  B
C0Z0M1E0I0 A=CE B=1F03 D=20B5 H=1E2D>6FC7 S=FFE6>1E2C P=1E0B MOV  B,M
C0Z0M1E0I0 A=CE B=C703 D=20B5 H=1E2D>6FC7 S=FFE6>1E2C P=1E0C MOV  M,A
C0Z0M1E0I0 A=CE B=C703 D=20B5 H=1E2D>6FCE S=FFE6>1E2C P=1E0D INX  D
C0Z0M1E0I0 A=CE B=C703 D=20B6 H=1E2D>6FCE S=FFE6>1E2C P=1E0E INX  H
C0Z0M1E0I0 A=CE B=C703 D=20B6 H=1E2E>156F S=FFE6>1E2C P=1E0F DCR  C
C0Z0M0E0I0 A=CE B=C702 D=20B6 H=1E2E>156F S=FFE6>1E2C P=1E10 JNZ  1E09
C0Z0M0E0I0 A=CE B=C702 D=20B6 H=1E2E>156F S=FFE6>1E2C P=1E09 LDAX D
C0Z0M0E0I0 A=93 B=C702 D=20B6 H=1E2E>156F S=FFE6>1E2C P=1E0A XRA  B
C0Z0M0E0I0 A=54 B=C702 D=20B6 H=1E2E>156F S=FFE6>1E2C P=1E0B MOV  B,M
C0Z0M0E0I0 A=54 B=6F02 D=20B6 H=1E2E>156F S=FFE6>1E2C P=1E0C MOV  M,A
C0Z0M0E0I0 A=54 B=6F02 D=20B6 H=1E2E>1554 S=FFE6>1E2C P=1E0D INX  D
C0Z0M0E0I0 A=54 B=6F02 D=20B7 H=1E2E>1554 S=FFE6>1E2C P=1E0E INX  H
C0Z0M0E0I0 A=54 B=6F02 D=20B7 H=1E2F>0015 S=FFE6>1E2C P=1E0F DCR  C
C0Z0M0E0I0 A=54 B=6F01 D=20B7 H=1E2F>0015 S=FFE6>1E2C P=1E10 JNZ  1E09
C0Z0M0E0I0 A=54 B=6F01 D=20B7 H=1E2F>0015 S=FFE6>1E2C P=1E09 LDAX D
C0Z0M0E0I0 A=7E B=6F01 D=20B7 H=1E2F>0015 S=FFE6>1E2C P=1E0A XRA  B
C0Z0M0E1I0 A=11 B=6F01 D=20B7 H=1E2F>0015 S=FFE6>1E2C P=1E0B MOV  B,M
C0Z0M0E1I0 A=11 B=1501 D=20B7 H=1E2F>0015 S=FFE6>1E2C P=1E0C MOV  M,A
C0Z0M0E1I0 A=11 B=1501 D=20B7 H=1E2F>0011 S=FFE6>1E2C P=1E0D INX  D
C0Z0M0E1I0 A=11 B=1501 D=20B8 H=1E2F>0011 S=FFE6>1E2C P=1E0E INX  H
C0Z0M0E1I0 A=11 B=1501 D=20B8 H=1E30>0000 S=FFE6>1E2C P=1E0F DCR  C
C0Z1M0E0I0 A=11 B=1500 D=20B8 H=1E30>0000 S=FFE6>1E2C P=1E10 JNZ  1E09
C0Z1M0E0I0 A=11 B=1500 D=20B8 H=1E30>0000 S=FFE6>1E2C P=1E13 POP  H
C0Z1M0E0I0 A=11 B=1500 D=20B8 H=1E2C>CEA1 S=FFE8>1D25 P=1E14 POP  D
C0Z1M0E0I0 A=11 B=1500 D=1D25 H=1E2C>CEA1 S=FFEA>0E00 P=1E15 POP  B
C0Z1M0E0I0 A=11 B=0E00 D=1D25 H=1E2C>CEA1 S=FFEC>B40A P=1E16 POP  PSW
C0Z0M0E0I0 A=B4 B=0E00 D=1D25 H=1E2C>CEA1 S=FFEE>1D19 P=1E17 RET  
C0Z0M0E0I0 A=B4 B=0E00 D=1D25 H=1E2C>CEA1 S=FFF0>053C P=1D19 DCR  B
C0Z0M0E0I0 A=B4 B=0D00 D=1D25 H=1E2C>CEA1 S=FFF0>053C P=1D1A JNZ  1D14
C0Z0M0E0I0 A=B4 B=0D00 D=1D25 H=1E2C>CEA1 S=FFF0>053C P=1D14 LDAX D
C0Z0M0E0I0 A=72 B=0D00 D=1D25 H=1E2C>CEA1 S=FFF0>053C P=1D15 INX  D
C0Z0M0E0I0 A=72 B=0D00 D=1D26 H=1E2C>CEA1 S=FFF0>053C P=1D16 CALL 1DF0
C0Z0M0E0I0 A=72 B=0D00 D=1D26 H=1E2C>CEA1 S=FFEE>1D19 P=1DF0 PUSH PSW
C0Z0M0E0I0 A=72 B=0D00 D=1D26 H=1E2C>CEA1 S=FFEC>720A P=1DF1 PUSH B
C0Z0M0E0I0 A=72 B=0D00 D=1D26 H=1E2C>CEA1 S=FFEA>0D00 P=1DF2 PUSH D
C0Z0M0E0I0 A=72 B=0D00 D=1D26 H=1E2C>CEA1 S=FFE8>1D26 P=1DF3 PUSH H
C0Z0M0E0I0 A=72 B=0D00 D=1D26 H=1E2C>CEA1 S=FFE6>1E2C P=1DF4 PUSH H
C0Z0M0E0I0 A=72 B=0D00 D=1D26 H=1E2C>CEA1 S=FFE4>1E2C P=1DF5 LXI  D,0003
C0Z0M0E0I0 A=72 B=0D00 D=0003 H=1E2C>CEA1 S=FFE4>1E2C P=1DF8 DAD  D
C0Z0M0E0I0 A=72 B=0D00 D=0003 H=1E2F>0011 S=FFE4>1E2C P=1DF9 XRA  M
C0Z0M0E1I0 A=63 B=0D00 D=0003 H=1E2F>0011 S=FFE4>1E2C P=1DFA MOV  L,A
C0Z0M0E1I0 A=63 B=0D00 D=0003 H=1E63>7E2B S=FFE4>1E2C P=1DFB MVI  H,00
C0Z0M0E1I0 A=63 B=0D00 D=0003 H=0063>2020 S=FFE4>1E2C P=1DFD DAD  H
C0Z0M0E1I0 A=63 B=0D00 D=0003 H=00C6>1A1A S=FFE4>1E2C P=1DFE DAD  H
C0Z0M0E1I0 A=63 B=0D00 D=0003 H=018C>0000 S=FFE4>1E2C P=1DFF XCHG 
C0Z0M0E1I0 A=63 B=0D00 D=018C H=0003>0000 S=FFE4>1E2C P=1E00 LXI  H,1E30
C0Z0M0E1I0 A=63 B=0D00 D=018C H=1E30>0000 S=FFE4>1E2C P=1E03 DAD  D
C0Z0M0E1I0 A=63 B=0D00 D=018C H=1FBC>BBD4 S=FFE4>1E2C P=1E04 XCHG 
C0Z0M0E1I0 A=63 B=0D00 D=1FBC H=018C>0000 S=FFE4>1E2C P=1E05 POP  H
C0Z0M0E1I0 A=63 B=0D00 D=1FBC H=1E2C>CEA1 S=FFE6>1E2C P=1E06 LXI  B,0004
C0Z0M0E1I0 A=63 B=0004 D=1FBC H=1E2C>CEA1 S=FFE6>1E2C P=1E09 LDAX D
C0Z0M0E1I0 A=D4 B=0004 D=1FBC H=1E2C>CEA1 S=FFE6>1E2C P=1E0A XRA  B
C0Z0M1E1I0 A=D4 B=0004 D=1FBC H=1E2C>CEA1 S=FFE6>1E2C P=1E0B MOV  B,M
C0Z0M1E1I0 A=D4 B=A104 D=1FBC H=1E2C>CEA1 S=FFE6>1E2C P=1E0C MOV  M,A
C0Z0M1E1I0 A=D4 B=A104 D=1FBC H=1E2C>CED4 S=FFE6>1E2C P=1E0D INX  D
C0Z0M1E1I0 A=D4 B=A104 D=1FBD H=1E2C>CED4 S=FFE6>1E2C P=1E0E INX  H
C0Z0M1E1I0 A=D4 B=A104 D=1FBD H=1E2D>54CE S=FFE6>1E2C P=1E0F DCR  C
C0Z0M0E0I0 A=D4 B=A103 D=1FBD H=1E2D>54CE S=FFE6>1E2C P=1E10 JNZ  1E09
C0Z0M0E0I0 A=D4 B=A103 D=1FBD H=1E2D>54CE S=FFE6>1E2C P=1E09 LDAX D
C0Z0M0E0I0 A=BB B=A103 D=1FBD H=1E2D>54CE S=FFE6>1E2C P=1E0A XRA  B
C0Z0M0E0I0 A=1A B=A103 D=1FBD H=1E2D>54CE S=FFE6>1E2C P=1E0B MOV  B,M
C0Z0M0E0I0 A=1A B=CE03 D=1FBD H=1E2D>54CE S=FFE6>1E2C P=1E0C MOV  M,A
C0Z0M0E0I0 A=1A B=CE03 D=1FBD H=1E2D>541A S=FFE6>1E2C P=1E0D INX  D
C0Z0M0E0I0 A=1A B=CE03 D=1FBE H=1E2D>541A S=FFE6>1E2C P=1E0E INX  H
C0Z0M0E0I0 A=1A B=CE03 D=1FBE H=1E2E>1154 S=FFE6>1E2C P=1E0F DCR  C
C0Z0M0E0I0 A=1A B=CE02 D=1FBE H=1E2E>1154 S=FFE6>1E2C P=1E10 JNZ  1E09
C0Z0M0E0I0 A=1A B=CE02 D=1FBE H=1E2E>1154 S=FFE6>1E2C P=1E09 LDAX D
C0Z0M0E0I0 A=30 B=CE02 D=1FBE H=1E2E>1154 S=FFE6>1E2C P=1E0A XRA  B
C0Z0M1E0I0 A=FE B=CE02 D=1FBE H=1E2E>1154 S=FFE6>1E2C P=1E0B MOV  B,M
C0Z0M1E0I0 A=FE B=5402 D=1FBE H=1E2E>1154 S=FFE6>1E2C P=1E0C MOV  M,A
C0Z0M1E0I0 A=FE B=5402 D=1FBE H=1E2E>11FE S=FFE6>1E2C P=1E0D INX  D
C0Z0M1E0I0 A=FE B=5402 D=1FBF H=1E2E>11FE S=FFE6>1E2C P=1E0E INX  H
C0Z0M1E0I0 A=FE B=5402 D=1FBF H=1E2F>0011 S=FFE6>1E2C P=1E0F DCR  C
C0Z0M0E0I0 A=FE B=5401 D=1FBF H=1E2F>0011 S=FFE6>1E2C P=1E10 JNZ  1E09
C0Z0M0E0I0 A=FE B=5401 D=1FBF H=1E2F>0011 S=FFE6>1E2C P=1E09 LDAX D
C0Z0M0E0I0 A=E2 B=5401 D=1FBF H=1E2F>0011 S=FFE6>1E2C P=1E0A XRA  B
C0Z0M1E0I0 A=B6 B=5401 D=1FBF H=1E2F>0011 S=FFE6>1E2C P=1E0B MOV  B,M
C0Z0M1E0I0 A=B6 B=1101 D=1FBF H=1E2F>0011 S=FFE6>1E2C P=1E0C MOV  M,A
C0Z0M1E0I0 A=B6 B=1101 D=1FBF H=1E2F>00B6 S=FFE6>1E2C P=1E0D INX  D
C0Z0M1E0I0 A=B6 B=1101 D=1FC0 H=1E2F>00B6 S=FFE6>1E2C P=1E0E INX  H
C0Z0M1E0I0 A=B6 B=1101 D=1FC0 H=1E30>0000 S=FFE6>1E2C P=1E0F DCR  C
C0Z1M0E0I0 A=B6 B=1100 D=1FC0 H=1E30>0000 S=FFE6>1E2C P=1E10 JNZ  1E09
C0Z1M0E0I0 A=B6 B=1100 D=1FC0 H=1E30>0000 S=FFE6>1E2C P=1E13 POP  H
C0Z1M0E0I0 A=B6 B=1100 D=1FC0 H=1E2C>1AD4 S=FFE8>1D26 P=1E14 POP  D
C0Z1M0E0I0 A=B6 B=1100 D=1D26 H=1E2C>1AD4 S=FFEA>0D00 P=1E15 POP  B
C0Z1M0E0I0 A=B6 B=0D00 D=1D26 H=1E2C>1AD4 S=FFEC>720A P=1E16 POP  PSW
C0Z0M0E0I0 A=72 B=0D00 D=1D26 H=1E2C>1AD4 S=FFEE>1D19 P=1E17 RET  
C0Z0M0E0I0 A=72 B=0D00 D=1D26 H=1E2C>1AD4 S=FFF0>053C P=1D19 DCR  B
C0Z0M0E0I0 A=72 B=0C00 D=1D26 H=1E2C>1AD4 S=FFF0>053C P=1D1A JNZ  1D14
C0Z0M0E0I0 A=72 B=0C00 D=1D26 H=1E2C>1AD4 S=FFF0>053C P=1D14 LDAX D
C0Z0M0E0I0 A=F6 B=0C00 D=1D26 H=1E2C>1AD4 S=FFF0>053C P=1D15 INX  D
C0Z0M0E0I0 A=F6 B=0C00 D=1D27 H=1E2C>1AD4 S=FFF0>053C P=1D16 CALL 1DF0
C0Z0M0E0I0 A=F6 B=0C00 D=1D27 H=1E2C>1AD4 S=FFEE>1D19 P=1DF0 PUSH PSW
C0Z0M0E0I0 A=F6 B=0C00 D=1D27 H=1E2C>1AD4 S=FFEC>F60A P=1DF1 PUSH B
C0Z0M0E0I0 A=F6 B=0C00 D=1D27 H=1E2C>1AD4 S=FFEA>0C00 P=1DF2 PUSH D
C0Z0M0E0I0 A=F6 B=0C00 D=1D27 H=1E2C>1AD4 S=FFE8>1D27 P=1DF3 PUSH H
C0Z0M0E0I0 A=F6 B=0C00 D=1D27 H=1E2C>1AD4 S=FFE6>1E2C P=1DF4 PUSH H
C0Z0M0E0I0 A=F6 B=0C00 D=1D27 H=1E2C>1AD4 S=FFE4>1E2C P=1DF5 LXI  D,0003
C0Z0M0E0I0 A=F6 B=0C00 D=0003 H=1E2C>1AD4 S=FFE4>1E2C P=1DF8 DAD  D
C0Z0M0E0I0 A=F6 B=0C00 D=0003 H=1E2F>00B6 S=FFE4>1E2C P=1DF9 XRA  M
C0Z0M0E0I0 A=40 B=0C00 D=0003 H=1E2F>00B6 S=FFE4>1E2C P=1DFA MOV  L,A
C0Z0M0E0I0 A=40 B=0C00 D=0003 H=1E40>6D07 S=FFE4>1E2C P=1DFB MVI  H,00
C0Z0M0E0I0 A=40 B=0C00 D=0003 H=0040>3E04 S=FFE4>1E2C P=1DFD DAD  H
C0Z0M0E0I0 A=40 B=0C00 D=0003 H=0080>D0BA S=FFE4>1E2C P=1DFE DAD  H
C0Z0M0E0I0 A=40 B=0C00 D=0003 H=0100>13C3 S=FFE4>1E2C P=1DFF XCHG 
C0Z0M0E0I0 A=40 B=0C00 D=0100 H=0003>0000 S=FFE4>1E2C P=1E00 LXI  H,1E30
C0Z0M0E0I0 A=40 B=0C00 D=0100 H=1E30>0000 S=FFE4>1E2C P=1E03 DAD  D
C0Z0M0E0I0 A=40 B=0C00 D=0100 H=1F30>DC76 S=FFE4>1E2C P=1E04 XCHG 
C0Z0M0E0I0 A=40 B=0C00 D=1F30 H=0100>13C3 S=FFE4>1E2C P=1E05 POP  H
C0Z0M0E0I0 A=40 B=0C00 D=1F30 H=1E2C>1AD4 S=FFE6>1E2C P=1E06 LXI  B,0004
C0Z0M0E0I0 A=40 B=0004 D=1F30 H=1E2C>1AD4 S=FFE6>1E2C P=1E09 LDAX D
C0Z0M0E0I0 A=76 B=0004 D=1F30 H=1E2C>1AD4 S=FFE6>1E2C P=1E0A XRA  B
C0Z0M0E0I0 A=76 B=0004 D=1F30 H=1E2C>1AD4 S=FFE6>1E2C P=1E0B MOV  B,M
C0Z0M0E0I0 A=76 B=D404 D=1F30 H=1E2C>1AD4 S=FFE6>1E2C P=1E0C MOV  M,A
C0Z0M0E0I0 A=76 B=D404 D=1F30 H=1E2C>1A76 S=FFE6>1E2C P=1E0D INX  D
C0Z0M0E0I0 A=76 B=D404 D=1F31 H=1E2C>1A76 S=FFE6>1E2C P=1E0E INX  H
C0Z0M0E0I0 A=76 B=D404 D=1F31 H=1E2D>FE1A S=FFE6>1E2C P=1E0F DCR  C
C0Z0M0E0I0 A=76 B=D403 D=1F31 H=1E2D>FE1A S=FFE6>1E2C P=1E10 JNZ  1E09
C0Z0M0E0I0 A=76 B=D403 D=1F31 H=1E2D>FE1A S=FFE6>1E2C P=1E09 LDAX D
C0Z0M0E0I0 A=DC B=D403 D=1F31 H=1E2D>FE1A S=FFE6>1E2C P=1E0A XRA  B
C0Z0M0E0I0 A=08 B=D403 D=1F31 H=1E2D>FE1A S=FFE6>1E2C P=1E0B MOV  B,M
C0Z0M0E0I0 A=08 B=1A03 D=1F31 H=1E2D>FE1A S=FFE6>1E2C P=1E0C MOV  M,A
C0Z0M0E0I0 A=08 B=1A03 D=1F31 H=1E2D>FE08 S=FFE6>1E2C P=1E0D INX  D
C0Z0M0E0I0 A=08 B=1A03 D=1F32 H=1E2D>FE08 S=FFE6>1E2C P=1E0E INX  H
C0Z0M0E0I0 A=08 B=1A03 D=1F32 H=1E2E>B6FE S=FFE6>1E2C P=1E0F DCR  C
C0Z0M0E0I0 A=08 B=1A02 D=1F32 H=1E2E>B6FE S=FFE6>1E2C P=1E10 JNZ  1E09
C0Z0M0E0I0 A=08 B=1A02 D=1F32 H=1E2E>B6FE S=FFE6>1E2C P=1E09 LDAX D
C0Z0M0E0I0 A=41 B=1A02 D=1F32 H=1E2E>B6FE S=FFE6>1E2C P=1E0A XRA  B
C0Z0M0E0I0 A=5B B=1A02 D=1F32 H=1E2E>B6FE S=FFE6>1E2C P=1E0B MOV  B,M
C0Z0M0E0I0 A=5B B=FE02 D=1F32 H=1E2E>B6FE S=FFE6>1E2C P=1E0C MOV  M,A
C0Z0M0E0I0 A=5B B=FE02 D=1F32 H=1E2E>B65B S=FFE6>1E2C P=1E0D INX  D
C0Z0M0E0I0 A=5B B=FE02 D=1F33 H=1E2E>B65B S=FFE6>1E2C P=1E0E INX  H
C0Z0M0E0I0 A=5B B=FE02 D=1F33 H=1E2F>00B6 S=FFE6>1E2C P=1E0F DCR  C
C0Z0M0E0I0 A=5B B=FE01 D=1F33 H=1E2F>00B6 S=FFE6>1E2C P=1E10 JNZ  1E09
C0Z0M0E0I0 A=5B B=FE01 D=1F33 H=1E2F>00B6 S=FFE6>1E2C P=1E09 LDAX D
C0Z0M0E0I0 A=90 B=FE01 D=1F33 H=1E2F>00B6 S=FFE6>1E2C P=1E0A XRA  B
C0Z0M0E0I0 A=6E B=FE01 D=1F33 H=1E2F>00B6 S=FFE6>1E2C P=1E0B MOV  B,M
C0Z0M0E0I0 A=6E B=B601 D=1F33 H=1E2F>00B6 S=FFE6>1E2C P=1E0C MOV  M,A
C0Z0M0E0I0 A=6E B=B601 D=1F33 H=1E2F>006E S=FFE6>1E2C P=1E0D INX  D
C0Z0M0E0I0 A=6E B=B601 D=1F34 H=1E2F>006E S=FFE6>1E2C P=1E0E INX  H
C0Z0M0E0I0 A=6E B=B601 D=1F34 H=1E30>0000 S=FFE6>1E2C P=1E0F DCR  C
C0Z1M0E0I0 A=6E B=B600 D=1F34 H=1E30>0000 S=FFE6>1E2C P=1E10 JNZ  1E09
C0Z1M0E0I0 A=6E B=B600 D=1F34 H=1E30>0000 S=FFE6>1E2C P=1E13 POP  H
C0Z1M0E0I0 A=6E B=B600 D=1F34 H=1E2C>0876 S=FFE8>1D27 P=1E14 POP  D
C0Z1M0E0I0 A=6E B=B600 D=1D27 H=1E2C>0876 S=FFEA>0C00 P=1E15 POP  B
C0Z1M0E0I0 A=6E B=0C00 D=1D27 H=1E2C>0876 S=FFEC>F60A P=1E16 POP  PSW
C0Z0M0E0I0 A=F6 B=0C00 D=1D27 H=1E2C>0876 S=FFEE>1D19 P=1E17 RET  
C0Z0M0E0I0 A=F6 B=0C00 D=1D27 H=1E2C>0876 S=FFF0>053C P=1D19 DCR  B
C0Z0M0E0I0 A=F6 B=0B00 D=1D27 H=1E2C>0876 S=FFF0>053C P=1D1A JNZ  1D14
C0Z0M0E0I0 A=F6 B=0B00 D=1D27 H=1E2C>0876 S=FFF0>053C P=1D14 LDAX D
C0Z0M0E0I0 A=18 B=0B00 D=1D27 H=1E2C>0876 S=FFF0>053C P=1D15 INX  D
C0Z0M0E0I0 A=18 B=0B00 D=1D28 H=1E2C>0876 S=FFF0>053C P=1D16 CALL 1DF0
C0Z0M0E0I0 A=18 B=0B00 D=1D28 H=1E2C>0876 S=FFEE>1D19 P=1DF0 PUSH PSW
C0Z0M0E0I0 A=18 B=0B00 D=1D28 H=1E2C>0876 S=FFEC>180A P=1DF1 PUSH B
C0Z0M0E0I0 A=18 B=0B00 D=1D28 H=1E2C>0876 S=FFEA>0B00 P=1DF2 PUSH D
C0Z0M0E0I0 A=18 B=0B00 D=1D28 H=1E2C>0876 S=FFE8>1D28 P=1DF3 PUSH H
C0Z0M0E0I0 A=18 B=0B00 D=1D28 H=1E2C>0876 S=FFE6>1E2C P=1DF4 PUSH H
C0Z0M0E0I0 A=18 B=0B00 D=1D28 H=1E2C>0876 S=FFE4>1E2C P=1DF5 LXI  D,0003
C0Z0M0E0I0 A=18 B=0B00 D=0003 H=1E2C>0876 S=FFE4>1E2C P=1DF8 DAD  D
C0Z0M0E0I0 A=18 B=0B00 D=0003 H=1E2F>006E S=FFE4>1E2C P=1DF9 XRA  M
C0Z0M0E0I0 A=76 B=0B00 D=0003 H=1E2F>006E S=FFE4>1E2C P=1DFA MOV  L,A
C0Z0M0E0I0 A=76 B=0B00 D=0003 H=1E76>F220 S=FFE4>1E2C P=1DFB MVI  H,00
C0Z0M0E0I0 A=76 B=0B00 D=0003 H=0076>0000 S=FFE4>1E2C P=1DFD DAD  H
C0Z0M0E0I0 A=76 B=0B00 D=0003 H=00EC>1A1A S=FFE4>1E2C P=1DFE DAD  H
C0Z0M0E0I0 A=76 B=0B00 D=0003 H=01D8>DEC6 S=FFE4>1E2C P=1DFF XCHG 
C0Z0M0E0I0 A=76 B=0B00 D=01D8 H=0003>0000 S=FFE4>1E2C P=1E00 LXI  H,1E30
C0Z0M0E0I0 A=76 B=0B00 D=01D8 H=1E30>0000 S=FFE4>1E2C P=1E03 DAD  D
C0Z0M0E0I1 A=76 B=0B00 D=01D8 H=2008>66B9 S=FFE4>1E2C P=1E04 XCHG 
C0Z0M0E0I1 A=76 B=0B00 D=2008 H=01D8>DEC6 S=FFE4>1E2C P=1E05 POP  H
C0Z0M0E0I1 A=76 B=0B00 D=2008 H=1E2C>0876 S=FFE6>1E2C P=1E06 LXI  B,0004
C0Z0M0E0I1 A=76 B=0004 D=2008 H=1E2C>0876 S=FFE6>1E2C P=1E09 LDAX D
C0Z0M0E0I1 A=B9 B=0004 D=2008 H=1E2C>0876 S=FFE6>1E2C P=1E0A XRA  B
C0Z0M1E0I0 A=B9 B=0004 D=2008 H=1E2C>0876 S=FFE6>1E2C P=1E0B MOV  B,M
C0Z0M1E0I0 A=B9 B=7604 D=2008 H=1E2C>0876 S=FFE6>1E2C P=1E0C MOV  M,A
C0Z0M1E0I0 A=B9 B=7604 D=2008 H=1E2C>08B9 S=FFE6>1E2C P=1E0D INX  D
C0Z0M1E0I0 A=B9 B=7604 D=2009 H=1E2C>08B9 S=FFE6>1E2C P=1E0E INX  H
C0Z0M1E0I0 A=B9 B=7604 D=2009 H=1E2D>5B08 S=FFE6>1E2C P=1E0F DCR  C
C0Z0M0E0I0 A=B9 B=7603 D=2009 H=1E2D>5B08 S=FFE6>1E2C P=1E10 JNZ  1E09
C0Z0M0E0I0 A=B9 B=7603 D=2009 H=1E2D>5B08 S=FFE6>1E2C P=1E09 LDAX D
C0Z0M0E0I0 A=66 B=7603 D=2009 H=1E2D>5B08 S=FFE6>1E2C P=1E0A XRA  B
C0Z0M0E0I0 A=10 B=7603 D=2009 H=1E2D>5B08 S=FFE6>1E2C P=1E0B MOV  B,M
C0Z0M0E0I0 A=10 B=0803 D=2009 H=1E2D>5B08 S=FFE6>1E2C P=1E0C MOV  M,A
C0Z0M0E0I0 A=10 B=0803 D=2009 H=1E2D>5B10 S=FFE6>1E2C P=1E0D INX  D
C0Z0M0E0I0 A=10 B=0803 D=200A H=1E2D>5B10 S=FFE6>1E2C P=1E0E INX  H
C0Z0M0E0I0 A=10 B=0803 D=200A H=1E2E>6E5B S=FFE6>1E2C P=1E0F DCR  C
C0Z0M0E0I0 A=10 B=0802 D=200A H=1E2E>6E5B S=FFE6>1E2C P=1E10 JNZ  1E09
C0Z0M0E0I0 A=10 B=0802 D=200A H=1E2E>6E5B S=FFE6>1E2C P=1E09 LDAX D
C0Z0M0E0I0 A=D4 B=0802 D=200A H=1E2E>6E5B S=FFE6>1E2C P=1E0A XRA  B
C0Z0M1E0I0 A=DC B=0802 D=200A H=1E2E>6E5B S=FFE6>1E2C P=1E0B MOV  B,M
C0Z0M1E0I0 A=DC B=5B02 D=200A H=1E2E>6E5B S=FFE6>1E2C P=1E0C MOV  M,A
C0Z0M1E0I0 A=DC B=5B02 D=200A H=1E2E>6EDC S=FFE6>1E2C P=1E0D INX  D
C0Z0M1E0I0 A=DC B=5B02 D=200B H=1E2E>6EDC S=FFE6>1E2C P=1E0E INX  H
C0Z0M1E0I0 A=DC B=5B02 D=200B H=1E2F>006E S=FFE6>1E2C P=1E0F DCR  C
C0Z0M0E0I0 A=DC B=5B01 D=200B H=1E2F>006E S=FFE6>1E2C P=1E10 JNZ  1E09
C0Z0M0E0I0 A=DC B=5B01 D=200B H=1E2F>006E S=FFE6>1E2C P=1E09 LDAX D
C0Z0M0E0I0 A=09 B=5B01 D=200B H=1E2F>006E S=FFE6>1E2C P=1E0A XRA  B
C0Z0M0E0I0 A=52 B=5B01 D=200B H=1E2F>006E S=FFE6>1E2C P=1E0B MOV  B,M
C0Z0M0E0I0 A=52 B=6E01 D=200B H=1E2F>006E S=FFE6>1E2C P=1E0C MOV  M,A
C0Z0M0E0I0 A=52 B=6E01 D=200B H=1E2F>0052 S=FFE6>1E2C P=1E0D INX  D
C0Z0M0E0I0 A=52 B=6E01 D=200C H=1E2F>0052 S=FFE6>1E2C P=1E0E INX  H
C0Z0M0E0I0 A=52 B=6E01 D=200C H=1E30>0000 S=FFE6>1E2C P=1E0F DCR  C
C0Z1M0E0I0 A=52 B=6E00 D=200C H=1E30>0000 S=FFE6>1E2C P=1E10 JNZ  1E09
C0Z1M0E0I0 A=52 B=6E00 D=200C H=1E30>0000 S=FFE6>1E2C P=1E13 POP  H
C0Z1M0E0I0 A=52 B=6E00 D=200C H=1E2C>10B9 S=FFE8>1D28 P=1E14 POP  D
C0Z1M0E0I0 A=52 B=6E00 D=1D28 H=1E2C>10B9 S=FFEA>0B00 P=1E15 POP  B
C0Z1M0E0I0 A=52 B=0B00 D=1D28 H=1E2C>10B9 S=FFEC>180A P=1E16 POP  PSW
C0Z0M0E0I0 A=18 B=0B00 D=1D28 H=1E2C>10B9 S=FFEE>1D19 P=1E17 RET  
C0Z0M0E0I0 A=18 B=0B00 D=1D28 H=1E2C>10B9 S=FFF0>053C P=1D19 DCR  B
C0Z0M0E0I0 A=18 B=0A00 D=1D28 H=1E2C>10B9 S=FFF0>053C P=1D1A JNZ  1D14
C0Z0M0E0I0 A=18 B=0A00 D=1D28 H=1E2C>10B9 S=FFF0>053C P=1D14 LDAX D
C0Z0M0E0I0 A=13 B=0A00 D=1D28 H=1E2C>10B9 S=FFF0>053C P=1D15 INX  D
C0Z0M0E0I0 A=13 B=0A00 D=1D29 H=1E2C>10B9 S=FFF0>053C P=1D16 CALL 1DF0
C0Z0M0E0I0 A=13 B=0A00 D=1D29 H=1E2C>10B9 S=FFEE>1D19 P=1DF0 PUSH PSW
C0Z0M0E0I0 A=13 B=0A00 D=1D29 H=1E2C>10B9 S=FFEC>130A P=1DF1 PUSH B
C0Z0M0E0I0 A=13 B=0A00 D=1D29 H=1E2C>10B9 S=FFEA>0A00 P=1DF2 PUSH D
C0Z0M0E0I0 A=13 B=0A00 D=1D29 H=1E2C>10B9 S=FFE8>1D29 P=1DF3 PUSH H
C0Z0M0E0I0 A=13 B=0A00 D=1D29 H=1E2C>10B9 S=FFE6>1E2C P=1DF4 PUSH H
C0Z0M0E0I0 A=13 B=0A00 D=1D29 H=1E2C>10B9 S=FFE4>1E2C P=1DF5 LXI  D,0003
C0Z0M0E0I0 A=13 B=0A00 D=0003 H=1E2C>10B9 S=FFE4>1E2C P=1DF8 DAD  D
C0Z0M0E0I0 A=13 B=0A00 D=0003 H=1E2F>0052 S=FFE4>1E2C P=1DF9 XRA  M
C0Z0M0E1I0 A=41 B=0A00 D=0003 H=1E2F>0052 S=FFE4>1E2C P=1DFA MOV  L,A
C0Z0M0E1I0 A=41 B=0A00 D=0003 H=1E41>C46D S=FFE4>1E2C P=1DFB MVI  H,00
C0Z0M0E1I0 A=41 B=0A00 D=0003 H=0041>003E S=FFE4>1E2C P=1DFD DAD  H
C0Z0M0E1I0 A=41 B=0A00 D=0003 H=0082>0536 S=FFE4>1E2C P=1DFE DAD  H
C0Z0M0E1I0 A=41 B=0A00 D=0003 H=0104>DD1C S=FFE4>1E2C P=1DFF XCHG 
C0Z0M0E1I0 A=41 B=0A00 D=0104 H=0003>0000 S=FFE4>1E2C P=1E00 LXI  H,1E30
C0Z0M0E1I0 A=41 B=0A00 D=0104 H=1E30>0000 S=FFE4>1E2C P=1E03 DAD  D
C0Z0M0E1I0 A=41 B=0A00 D=0104 H=1F34>DB01 S=FFE4>1E2C P=1E04 XCHG 
C0Z0M0E1I0 A=41 B=0A00 D=1F34 H=0104>DD1C S=FFE4>1E2C P=1E05 POP  H
C0Z0M0E1I0 A=41 B=0A00 D=1F34 H=1E2C>10B9 S=FFE6>1E2C P=1E06 LXI  B,0004
C0Z0M0E1I0 A=41 B=0004 D=1F34 H=1E2C>10B9 S=FFE6>1E2C P=1E09 LDAX D
C0Z0M0E1I0 A=01 B=0004 D=1F34 H=1E2C>10B9 S=FFE6>1E2C P=1E0A XRA  B
C0Z0M0E0I0 A=01 B=0004 D=1F34 H=1E2C>10B9 S=FFE6>1E2C P=1E0B MOV  B,M
C0Z0M0E0I0 A=01 B=B904 D=1F34 H=1E2C>10B9 S=FFE6>1E2C P=1E0C MOV  M,A
C0Z0M0E0I0 A=01 B=B904 D=1F34 H=1E2C>1001 S=FFE6>1E2C P=1E0D INX  D
C0Z0M0E0I0 A=01 B=B904 D=1F35 H=1E2C>1001 S=FFE6>1E2C P=1E0E INX  H
C0Z0M0E0I0 A=01 B=B904 D=1F35 H=1E2D>DC10 S=FFE6>1E2C P=1E0F DCR  C
C0Z0M0E0I0 A=01 B=B903 D=1F35 H=1E2D>DC10 S=FFE6>1E2C P=1E10 JNZ  1E09
C0Z0M0E0I0 A=01 B=B903 D=1F35 H=1E2D>DC10 S=FFE6>1E2C P=1E09 LDAX D
C0Z0M0E0I0 A=DB B=B903 D=1F35 H=1E2D>DC10 S=FFE6>1E2C P=1E0A XRA  B
C0Z0M0E0I0 A=62 B=B903 D=1F35 H=1E2D>DC10 S=FFE6>1E2C P=1E0B MOV  B,M
C0Z0M0E0I0 A=62 B=1003 D=1F35 H=1E2D>DC10 S=FFE6>1E2C P=1E0C MOV  M,A
C0Z0M0E0I0 A=62 B=1003 D=1F35 H=1E2D>DC62 S=FFE6>1E2C P=1E0D INX  D
C0Z0M0E0I0 A=62 B=1003 D=1F36 H=1E2D>DC62 S=FFE6>1E2C P=1E0E INX  H
C0Z0M0E0I0 A=62 B=1003 D=1F36 H=1E2E>52DC S=FFE6>1E2C P=1E0F DCR  C
C0Z0M0E0I0 A=62 B=1002 D=1F36 H=1E2E>52DC S=FFE6>1E2C P=1E10 JNZ  1E09
C0Z0M0E0I0 A=62 B=1002 D=1F36 H=1E2E>52DC S=FFE6>1E2C P=1E09 LDAX D
C0Z0M0E0I0 A=71 B=1002 D=1F36 H=1E2E>52DC S=FFE6>1E2C P=1E0A XRA  B
C0Z0M0E0I0 A=61 B=1002 D=1F36 H=1E2E>52DC S=FFE6>1E2C P=1E0B MOV  B,M
C0Z0M0E0I0 A=61 B=DC02 D=1F36 H=1E2E>52DC S=FFE6>1E2C P=1E0C MOV  M,A
C0Z0M0E0I0 A=61 B=DC02 D=1F36 H=1E2E>5261 S=FFE6>1E2C P=1E0D INX  D
C0Z0M0E0I0 A=61 B=DC02 D=1F37 H=1E2E>5261 S=FFE6>1E2C P=1E0E INX  H
C0Z0M0E0I0 A=61 B=DC02 D=1F37 H=1E2F>0052 S=FFE6>1E2C P=1E0F DCR  C
C0Z0M0E0I0 A=61 B=DC01 D=1F37 H=1E2F>0052 S=FFE6>1E2C P=1E10 JNZ  1E09
C0Z0M0E0I0 A=61 B=DC01 D=1F37 H=1E2F>0052 S=FFE6>1E2C P=1E09 LDAX D
C0Z0M0E0I0 A=06 B=DC01 D=1F37 H=1E2F>0052 S=FFE6>1E2C P=1E0A XRA  B
C0Z0M1E0I0 A=DA B=DC01 D=1F37 H=1E2F>0052 S=FFE6>1E2C P=1E0B MOV  B,M
C0Z0M1E0I0 A=DA B=5201 D=1F37 H=1E2F>0052 S=FFE6>1E2C P=1E0C MOV  M,A
C0Z0M1E0I0 A=DA B=5201 D=1F37 H=1E2F>00DA S=FFE6>1E2C P=1E0D INX  D
C0Z0M1E0I0 A=DA B=5201 D=1F38 H=1E2F>00DA S=FFE6>1E2C P=1E0E INX  H
C0Z0M1E0I0 A=DA B=5201 D=1F38 H=1E30>0000 S=FFE6>1E2C P=1E0F DCR  C
C0Z1M0E0I0 A=DA B=5200 D=1F38 H=1E30>0000 S=FFE6>1E2C P=1E10 JNZ  1E09
C0Z1M0E0I0 A=DA B=5200 D=1F38 H=1E30>0000 S=FFE6>1E2C P=1E13 POP  H
C0Z1M0E0I0 A=DA B=5200 D=1F38 H=1E2C>6201 S=FFE8>1D29 P=1E14 POP  D
C0Z1M0E0I0 A=DA B=5200 D=1D29 H=1E2C>6201 S=FFEA>0A00 P=1E15 POP  B
C0Z1M0E0I0 A=DA B=0A00 D=1D29 H=1E2C>6201 S=FFEC>130A P=1E16 POP  PSW
C0Z0M0E0I0 A=13 B=0A00 D=1D29 H=1E2C>6201 S=FFEE>1D19 P=1E17 RET  
C0Z0M0E0I0 A=13 B=0A00 D=1D29 H=1E2C>6201 S=FFF0>053C P=1D19 DCR  B
C0Z0M0E0I0 A=13 B=0900 D=1D29 H=1E2C>6201 S=FFF0>053C P=1D1A JNZ  1D14
C0Z0M0E0I0 A=13 B=0900 D=1D29 H=1E2C>6201 S=FFF0>053C P=1D14 LDAX D
C0Z0M0E0I0 A=01 B=0900 D=1D29 H=1E2C>6201 S=FFF0>053C P=1D15 INX  D
C0Z0M0E0I0 A=01 B=0900 D=1D2A H=1E2C>6201 S=FFF0>053C P=1D16 CALL 1DF0
C0Z0M0E0I0 A=01 B=0900 D=1D2A H=1E2C>6201 S=FFEE>1D19 P=1DF0 PUSH PSW
C0Z0M0E0I0 A=01 B=0900 D=1D2A H=1E2C>6201 S=FFEC>010A P=1DF1 PUSH B
C0Z0M0E0I0 A=01 B=0900 D=1D2A H=1E2C>6201 S=FFEA>0900 P=1DF2 PUSH D
C0Z0M0E0I0 A=01 B=0900 D=1D2A H=1E2C>6201 S=FFE8>1D2A P=1DF3 PUSH H
C0Z0M0E0I0 A=01 B=0900 D=1D2A H=1E2C>6201 S=FFE6>1E2C P=1DF4 PUSH H
C0Z0M0E0I0 A=01 B=0900 D=1D2A H=1E2C>6201 S=FFE4>1E2C P=1DF5 LXI  D,0003
C0Z0M0E0I0 A=01 B=0900 D=0003 H=1E2C>6201 S=FFE4>1E2C P=1DF8 DAD  D
C0Z0M0E0I0 A=01 B=0900 D=0003 H=1E2F>00DA S=FFE4>1E2C P=1DF9 XRA  M
C0Z0M1E1I0 A=DB B=0900 D=0003 H=1E2F>00DA S=FFE4>1E2C P=1DFA MOV  L,A
C0Z0M1E1I0 A=DB B=0900 D=0003 H=1EDB>ACD6 S=FFE4>1E2C P=1DFB MVI  H,00
C0Z0M1E1I0 A=DB B=0900 D=0003 H=00DB>1A1A S=FFE4>1E2C P=1DFD DAD  H
C0Z0M1E1I0 A=DB B=0900 D=0003 H=01B6>6362 S=FFE4>1E2C P=1DFE DAD  H
C0Z0M1E1I0 A=DB B=0900 D=0003 H=036C>FF00 S=FFE4>1E2C P=1DFF XCHG 
C0Z0M1E1I0 A=DB B=0900 D=036C H=0003>0000 S=FFE4>1E2C P=1E00 LXI  H,1E30
C0Z0M1E1I0 A=DB B=0900 D=036C H=1E30>0000 S=FFE4>1E2C P=1E03 DAD  D
C0Z0M1E1I1 A=DB B=0900 D=036C H=219C>0111 S=FFE4>1E2C P=1E04 XCHG 
C0Z0M1E1I1 A=DB B=0900 D=219C H=036C>FF00 S=FFE4>1E2C P=1E05 POP  H
C0Z0M1E1I1 A=DB B=0900 D=219C H=1E2C>6201 S=FFE6>1E2C P=1E06 LXI  B,0004
C0Z0M1E1I1 A=DB B=0004 D=219C H=1E2C>6201 S=FFE6>1E2C P=1E09 LDAX D
C0Z0M1E1I1 A=11 B=0004 D=219C H=1E2C>6201 S=FFE6>1E2C P=1E0A XRA  B
C0Z0M0E1I0 A=11 B=0004 D=219C H=1E2C>6201 S=FFE6>1E2C P=1E0B MOV  B,M
C0Z0M0E1I0 A=11 B=0104 D=219C H=1E2C>6201 S=FFE6>1E2C P=1E0C MOV  M,A
C0Z0M0E1I0 A=11 B=0104 D=219C H=1E2C>6211 S=FFE6>1E2C P=1E0D INX  D
C0Z0M0E1I0 A=11 B=0104 D=219D H=1E2C>6211 S=FFE6>1E2C P=1E0E INX  H
C0Z0M0E1I0 A=11 B=0104 D=219D H=1E2D>6162 S=FFE6>1E2C P=1E0F DCR  C
C0Z0M0E0I0 A=11 B=0103 D=219D H=1E2D>6162 S=FFE6>1E2C P=1E10 JNZ  1E09
C0Z0M0E0I0 A=11 B=0103 D=219D H=1E2D>6162 S=FFE6>1E2C P=1E09 LDAX D
C0Z0M0E0I0 A=01 B=0103 D=219D H=1E2D>6162 S=FFE6>1E2C P=1E0A XRA  B
C0Z1M0E1I0 A=00 B=0103 D=219D H=1E2D>6162 S=FFE6>1E2C P=1E0B MOV  B,M
C0Z1M0E1I0 A=00 B=6203 D=219D H=1E2D>6162 S=FFE6>1E2C P=1E0C MOV  M,A
C0Z1M0E1I0 A=00 B=6203 D=219D H=1E2D>6100 S=FFE6>1E2C P=1E0D INX  D
C0Z1M0E1I0 A=00 B=6203 D=219E H=1E2D>6100 S=FFE6>1E2C P=1E0E INX  H
C0Z1M0E1I0 A=00 B=6203 D=219E H=1E2E>DA61 S=FFE6>1E2C P=1E0F DCR  C
C0Z0M0E0I0 A=00 B=6202 D=219E H=1E2E>DA61 S=FFE6>1E2C P=1E10 JNZ  1E09
C0Z0M0E0I0 A=00 B=6202 D=219E H=1E2E>DA61 S=FFE6>1E2C P=1E09 LDAX D
C0Z0M0E0I0 A=0B B=6202 D=219E H=1E2E>DA61 S=FFE6>1E2C P=1E0A XRA  B
C0Z0M0E1I0 A=69 B=6202 D=219E H=1E2E>DA61 S=FFE6>1E2C P=1E0B MOV  B,M
C0Z0M0E1I0 A=69 B=6102 D=219E H=1E2E>DA61 S=FFE6>1E2C P=1E0C MOV  M,A
C0Z0M0E1I0 A=69 B=6102 D=219E H=1E2E>DA69 S=FFE6>1E2C P=1E0D INX  D
C0Z0M0E1I0 A=69 B=6102 D=219F H=1E2E>DA69 S=FFE6>1E2C P=1E0E INX  H
C0Z0M0E1I0 A=69 B=6102 D=219F H=1E2F>00DA S=FFE6>1E2C P=1E0F DCR  C
C0Z0M0E0I0 A=69 B=6101 D=219F H=1E2F>00DA S=FFE6>1E2C P=1E10 JNZ  1E09
C0Z0M0E0I0 A=69 B=6101 D=219F H=1E2F>00DA S=FFE6>1E2C P=1E09 LDAX D
C0Z0M0E0I0 A=5C B=6101 D=219F H=1E2F>00DA S=FFE6>1E2C P=1E0A XRA  B
C0Z0M0E0I0 A=3D B=6101 D=219F H=1E2F>00DA S=FFE6>1E2C P=1E0B MOV  B,M
C0Z0M0E0I0 A=3D B=DA01 D=219F H=1E2F>00DA S=FFE6>1E2C P=1E0C MOV  M,A
C0Z0M0E0I0 A=3D B=DA01 D=219F H=1E2F>003D S=FFE6>1E2C P=1E0D INX  D
C0Z0M0E0I0 A=3D B=DA01 D=21A0 H=1E2F>003D S=FFE6>1E2C P=1E0E INX  H
C0Z0M0E0I0 A=3D B=DA01 D=21A0 H=1E30>0000 S=FFE6>1E2C P=1E0F DCR  C
C0Z1M0E0I0 A=3D B=DA00 D=21A0 H=1E30>0000 S=FFE6>1E2C P=1E10 JNZ  1E09
C0Z1M0E0I0 A=3D B=DA00 D=21A0 H=1E30>0000 S=FFE6>1E2C P=1E13 POP  H
C0Z1M0E0I0 A=3D B=DA00 D=21A0 H=1E2C>0011 S=FFE8>1D2A P=1E14 POP  D
C0Z1M0E0I0 A=3D B=DA00 D=1D2A H=1E2C>0011 S=FFEA>0900 P=1E15 POP  B
C0Z1M0E0I0 A=3D B=0900 D=1D2A H=1E2C>0011 S=FFEC>010A P=1E16 POP  PSW
C0Z0M0E0I0 A=01 B=0900 D=1D2A H=1E2C>0011 S=FFEE>1D19 P=1E17 RET  
C0Z0M0E0I0 A=01 B=0900 D=1D2A H=1E2C>0011 S=FFF0>053C P=1D19 DCR  B
C0Z0M0E0I0 A=01 B=0800 D=1D2A H=1E2C>0011 S=FFF0>053C P=1D1A JNZ  1D14
C0Z0M0E0I0 A=01 B=0800 D=1D2A H=1E2C>0011 S=FFF0>053C P=1D14 LDAX D
C0Z0M0E0I0 A=BD B=0800 D=1D2A H=1E2C>0011 S=FFF0>053C P=1D15 INX  D
C0Z0M0E0I0 A=BD B=0800 D=1D2B H=1E2C>0011 S=FFF0>053C P=1D16 CALL 1DF0
C0Z0M0E0I0 A=BD B=0800 D=1D2B H=1E2C>0011 S=FFEE>1D19 P=1DF0 PUSH PSW
C0Z0M0E0I0 A=BD B=0800 D=1D2B H=1E2C>0011 S=FFEC>BD0A P=1DF1 PUSH B
C0Z0M0E0I0 A=BD B=0800 D=1D2B H=1E2C>0011 S=FFEA>0800 P=1DF2 PUSH D
C0Z0M0E0I0 A=BD B=0800 D=1D2B H=1E2C>0011 S=FFE8>1D2B P=1DF3 PUSH H
C0Z0M0E0I0 A=BD B=0800 D=1D2B H=1E2C>0011 S=FFE6>1E2C P=1DF4 PUSH H
C0Z0M0E0I0 A=BD B=0800 D=1D2B H=1E2C>0011 S=FFE4>1E2C P=1DF5 LXI  D,0003
C0Z0M0E0I0 A=BD B=0800 D=0003 H=1E2C>0011 S=FFE4>1E2C P=1DF8 DAD  D
C0Z0M0E0I0 A=BD B=0800 D=0003 H=1E2F>003D S=FFE4>1E2C P=1DF9 XRA  M
C0Z0M1E0I0 A=80 B=0800 D=0003 H=1E2F>003D S=FFE4>1E2C P=1DFA MOV  L,A
C0Z0M1E0I0 A=80 B=0800 D=0003 H=1E80>DA1A S=FFE4>1E2C P=1DFB MVI  H,00
C0Z0M1E0I0 A=80 B=0800 D=0003 H=0080>D0BA S=FFE4>1E2C P=1DFD DAD  H
C0Z0M1E0I0 A=80 B=0800 D=0003 H=0100>13C3 S=FFE4>1E2C P=1DFE DAD  H
C0Z0M1E0I0 A=80 B=0800 D=0003 H=0200>00D7 S=FFE4>1E2C P=1DFF XCHG 
C0Z0M1E0I0 A=80 B=0800 D=0200 H=0003>0000 S=FFE4>1E2C P=1E00 LXI  H,1E30
C0Z0M1E0I0 A=80 B=0800 D=0200 H=1E30>0000 S=FFE4>1E2C P=1E03 DAD  D
C0Z0M1E0I1 A=80 B=0800 D=0200 H=2030>B8ED S=FFE4>1E2C P=1E04 XCHG 
C0Z0M1E0I1 A=80 B=0800 D=2030 H=0200>00D7 S=FFE4>1E2C P=1E05 POP  H
C0Z0M1E0I1 A=80 B=0800 D=2030 H=1E2C>0011 S=FFE6>1E2C P=1E06 LXI  B,0004
C0Z0M1E0I1 A=80 B=0004 D=2030 H=1E2C>0011 S=FFE6>1E2C P=1E09 LDAX D
C0Z0M1E0I1 A=ED B=0004 D=2030 H=1E2C>0011 S=FFE6>1E2C P=1E0A XRA  B
C0Z0M1E1I0 A=ED B=0004 D=2030 H=1E2C>0011 S=FFE6>1E2C P=1E0B MOV  B,M
C0Z0M1E1I0 A=ED B=1104 D=2030 H=1E2C>0011 S=FFE6>1E2C P=1E0C MOV  M,A
C0Z0M1E1I0 A=ED B=1104 D=2030 H=1E2C>00ED S=FFE6>1E2C P=1E0D INX  D
C0Z0M1E1I0 A=ED B=1104 D=2031 H=1E2C>00ED S=FFE6>1E2C P=1E0E INX  H
C0Z0M1E1I0 A=ED B=1104 D=2031 H=1E2D>6900 S=FFE6>1E2C P=1E0F DCR  C
C0Z0M0E0I0 A=ED B=1103 D=2031 H=1E2D>6900 S=FFE6>1E2C P=1E10 JNZ  1E09
C0Z0M0E0I0 A=ED B=1103 D=2031 H=1E2D>6900 S=FFE6>1E2C P=1E09 LDAX D
C0Z0M0E0I0 A=B8 B=1103 D=2031 H=1E2D>6900 S=FFE6>1E2C P=1E0A XRA  B
C0Z0M1E1I0 A=A9 B=1103 D=2031 H=1E2D>6900 S=FFE6>1E2C P=1E0B MOV  B,M
C0Z0M1E1I0 A=A9 B=0003 D=2031 H=1E2D>6900 S=FFE6>1E2C P=1E0C MOV  M,A
C0Z0M1E1I0 A=A9 B=0003 D=2031 H=1E2D>69A9 S=FFE6>1E2C P=1E0D INX  D
C0Z0M1E1I0 A=A9 B=0003 D=2032 H=1E2D>69A9 S=FFE6>1E2C P=1E0E INX  H
C0Z0M1E1I0 A=A9 B=0003 D=2032 H=1E2E>3D69 S=FFE6>1E2C P=1E0F DCR  C
C0Z0M0E0I0 A=A9 B=0002 D=2032 H=1E2E>3D69 S=FFE6>1E2C P=1E10 JNZ  1E09
C0Z0M0E0I0 A=A9 B=0002 D=2032 H=1E2E>3D69 S=FFE6>1E2C P=1E09 LDAX D
C0Z0M0E0I0 A=83 B=0002 D=2032 H=1E2E>3D69 S=FFE6>1E2C P=1E0A XRA  B
C0Z0M1E0I0 A=83 B=0002 D=2032 H=1E2E>3D69 S=FFE6>1E2C P=1E0B MOV  B,M
C0Z0M1E0I0 A=83 B=6902 D=2032 H=1E2E>3D69 S=FFE6>1E2C P=1E0C MOV  M,A
C0Z0M1E0I0 A=83 B=6902 D=2032 H=1E2E>3D83 S=FFE6>1E2C P=1E0D INX  D
C0Z0M1E0I0 A=83 B=6902 D=2033 H=1E2E>3D83 S=FFE6>1E2C P=1E0E INX  H
C0Z0M1E0I0 A=83 B=6902 D=2033 H=1E2F>003D S=FFE6>1E2C P=1E0F DCR  C
C0Z0M0E0I0 A=83 B=6901 D=2033 H=1E2F>003D S=FFE6>1E2C P=1E10 JNZ  1E09
C0Z0M0E0I0 A=83 B=6901 D=2033 H=1E2F>003D S=FFE6>1E2C P=1E09 LDAX D
C0Z0M0E0I0 A=20 B=6901 D=2033 H=1E2F>003D S=FFE6>1E2C P=1E0A XRA  B
C0Z0M0E0I0 A=49 B=6901 D=2033 H=1E2F>003D S=FFE6>1E2C P=1E0B MOV  B,M
C0Z0M0E0I0 A=49 B=3D01 D=2033 H=1E2F>003D S=FFE6>1E2C P=1E0C MOV  M,A
C0Z0M0E0I0 A=49 B=3D01 D=2033 H=1E2F>0049 S=FFE6>1E2C P=1E0D INX  D
C0Z0M0E0I0 A=49 B=3D01 D=2034 H=1E2F>0049 S=FFE6>1E2C P=1E0E INX  H
C0Z0M0E0I0 A=49 B=3D01 D=2034 H=1E30>0000 S=FFE6>1E2C P=1E0F DCR  C
C0Z1M0E0I0 A=49 B=3D00 D=2034 H=1E30>0000 S=FFE6>1E2C P=1E10 JNZ  1E09
C0Z1M0E0I0 A=49 B=3D00 D=2034 H=1E30>0000 S=FFE6>1E2C P=1E13 POP  H
C0Z1M0E0I0 A=49 B=3D00 D=2034 H=1E2C>A9ED S=FFE8>1D2B P=1E14 POP  D
C0Z1M0E0I0 A=49 B=3D00 D=1D2B H=1E2C>A9ED S=FFEA>0800 P=1E15 POP  B
C0Z1M0E0I0 A=49 B=0800 D=1D2B H=1E2C>A9ED S=FFEC>BD0A P=1E16 POP  PSW
C0Z0M0E0I0 A=BD B=0800 D=1D2B H=1E2C>A9ED S=FFEE>1D19 P=1E17 RET  
C0Z0M0E0I0 A=BD B=0800 D=1D2B H=1E2C>A9ED S=FFF0>053C P=1D19 DCR  B
C0Z0M0E0I0 A=BD B=0700 D=1D2B H=1E2C>A9ED S=FFF0>053C P=1D1A JNZ  1D14
C0Z0M0E0I0 A=BD B=0700 D=1D2B H=1E2C>A9ED S=FFF0>053C P=1D14 LDAX D
C0Z0M0E0I0 A=8D B=0700 D=1D2B H=1E2C>A9ED S=FFF0>053C P=1D15 INX  D
C0Z0M0E0I0 A=8D B=0700 D=1D2C H=1E2C>A9ED S=FFF0>053C P=1D16 CALL 1DF0
C0Z0M0E0I0 A=8D B=0700 D=1D2C H=1E2C>A9ED S=FFEE>1D19 P=1DF0 PUSH PSW
C0Z0M0E0I0 A=8D B=0700 D=1D2C H=1E2C>A9ED S=FFEC>8D02 P=1DF1 PUSH B
C0Z0M0E0I0 A=8D B=0700 D=1D2C H=1E2C>A9ED S=FFEA>0700 P=1DF2 PUSH D
C0Z0M0E0I0 A=8D B=0700 D=1D2C H=1E2C>A9ED S=FFE8>1D2C P=1DF3 PUSH H
C0Z0M0E0I0 A=8D B=0700 D=1D2C H=1E2C>A9ED S=FFE6>1E2C P=1DF4 PUSH H
C0Z0M0E0I0 A=8D B=0700 D=1D2C H=1E2C>A9ED S=FFE4>1E2C P=1DF5 LXI  D,0003
C0Z0M0E0I0 A=8D B=0700 D=0003 H=1E2C>A9ED S=FFE4>1E2C P=1DF8 DAD  D
C0Z0M0E0I0 A=8D B=0700 D=0003 H=1E2F>0049 S=FFE4>1E2C P=1DF9 XRA  M
C0Z0M1E0I0 A=C4 B=0700 D=0003 H=1E2F>0049 S=FFE4>1E2C P=1DFA MOV  L,A
C0Z0M1E0I0 A=C4 B=0700 D=0003 H=1EC4>044B S=FFE4>1E2C P=1DFB MVI  H,00
C0Z0M1E0I0 A=C4 B=0700 D=0003 H=00C4>1A1A S=FFE4>1E2C P=1DFD DAD  H
C0Z0M1E0I0 A=C4 B=0700 D=0003 H=0188>0000 S=FFE4>1E2C P=1DFE DAD  H
C0Z0M1E0I0 A=C4 B=0700 D=0003 H=0310>FF00 S=FFE4>1E2C P=1DFF XCHG 
C0Z0M1E0I0 A=C4 B=0700 D=0310 H=0003>0000 S=FFE4>1E2C P=1E00 LXI  H,1E30
C0Z0M1E0I0 A=C4 B=0700 D=0310 H=1E30>0000 S=FFE4>1E2C P=1E03 DAD  D
C0Z0M1E0I1 A=C4 B=0700 D=0310 H=2140>099C S=FFE4>1E2C P=1E04 XCHG 
C0Z0M1E0I1 A=C4 B=0700 D=2140 H=0310>FF00 S=FFE4>1E2C P=1E05 POP  H
C0Z0M1E0I1 A=C4 B=0700 D=2140 H=1E2C>A9ED S=FFE6>1E2C P=1E06 LXI  B,0004
C0Z0M1E0I1 A=C4 B=0004 D=2140 H=1E2C>A9ED S=FFE6>1E2C P=1E09 LDAX D
C0Z0M1E0I1 A=9C B=0004 D=2140 H=1E2C>A9ED S=FFE6>1E2C P=1E0A XRA  B
C0Z0M1E1I0 A=9C B=0004 D=2140 H=1E2C>A9ED S=FFE6>1E2C P=1E0B MOV  B,M
C0Z0M1E1I0 A=9C B=ED04 D=2140 H=1E2C>A9ED S=FFE6>1E2C P=1E0C MOV  M,A
C0Z0M1E1I0 A=9C B=ED04 D=2140 H=1E2C>A99C S=FFE6>1E2C P=1E0D INX  D
C0Z0M1E1I0 A=9C B=ED04 D=2141 H=1E2C>A99C S=FFE6>1E2C P=1E0E INX  H
C0Z0M1E1I0 A=9C B=ED04 D=2141 H=1E2D>83A9 S=FFE6>1E2C P=1E0F DCR  C
C0Z0M0E0I0 A=9C B=ED03 D=2141 H=1E2D>83A9 S=FFE6>1E2C P=1E10 JNZ  1E09
C0Z0M0E0I0 A=9C B=ED03 D=2141 H=1E2D>83A9 S=FFE6>1E2C P=1E09 LDAX D
C0Z0M0E0I0 A=09 B=ED03 D=2141 H=1E2D>83A9 S=FFE6>1E2C P=1E0A XRA  B
C0Z0M1E1I0 A=E4 B=ED03 D=2141 H=1E2D>83A9 S=FFE6>1E2C P=1E0B MOV  B,M
C0Z0M1E1I0 A=E4 B=A903 D=2141 H=1E2D>83A9 S=FFE6>1E2C P=1E0C MOV  M,A
C0Z0M1E1I0 A=E4 B=A903 D=2141 H=1E2D>83E4 S=FFE6>1E2C P=1E0D INX  D
C0Z0M1E1I0 A=E4 B=A903 D=2142 H=1E2D>83E4 S=FFE6>1E2C P=1E0E INX  H
C0Z0M1E1I0 A=E4 B=A903 D=2142 H=1E2E>4983 S=FFE6>1E2C P=1E0F DCR  C
C0Z0M0E0I0 A=E4 B=A902 D=2142 H=1E2E>4983 S=FFE6>1E2C P=1E10 JNZ  1E09
C0Z0M0E0I0 A=E4 B=A902 D=2142 H=1E2E>4983 S=FFE6>1E2C P=1E09 LDAX D
C0Z0M0E0I0 A=06 B=A902 D=2142 H=1E2E>4983 S=FFE6>1E2C P=1E0A XRA  B
C0Z0M1E1I0 A=AF B=A902 D=2142 H=1E2E>4983 S=FFE6>1E2C P=1E0B MOV  B,M
C0Z0M1E1I0 A=AF B=8302 D=2142 H=1E2E>4983 S=FFE6>1E2C P=1E0C MOV  M,A
C0Z0M1E1I0 A=AF B=8302 D=2142 H=1E2E>49AF S=FFE6>1E2C P=1E0D INX  D
C0Z0M1E1I0 A=AF B=8302 D=2143 H=1E2E>49AF S=FFE6>1E2C P=1E0E INX  H
C0Z0M1E1I0 A=AF B=8302 D=2143 H=1E2F>0049 S=FFE6>1E2C P=1E0F DCR  C
C0Z0M0E0I0 A=AF B=8301 D=2143 H=1E2F>0049 S=FFE6>1E2C P=1E10 JNZ  1E09
C0Z0M0E0I0 A=AF B=8301 D=2143 H=1E2F>0049 S=FFE6>1E2C P=1E09 LDAX D
C0Z0M0E0I0 A=A9 B=8301 D=2143 H=1E2F>0049 S=FFE6>1E2C P=1E0A XRA  B
C0Z0M0E0I0 A=2A B=8301 D=2143 H=1E2F>0049 S=FFE6>1E2C P=1E0B MOV  B,M
C0Z0M0E0I0 A=2A B=4901 D=2143 H=1E2F>0049 S=FFE6>1E2C P=1E0C MOV  M,A
C0Z0M0E0I0 A=2A B=4901 D=2143 H=1E2F>002A S=FFE6>1E2C P=1E0D INX  D
C0Z0M0E0I0 A=2A B=4901 D=2144 H=1E2F>002A S=FFE6>1E2C P=1E0E INX  H
C0Z0M0E0I0 A=2A B=4901 D=2144 H=1E30>0000 S=FFE6>1E2C P=1E0F DCR  C
C0Z1M0E0I0 A=2A B=4900 D=2144 H=1E30>0000 S=FFE6>1E2C P=1E10 JNZ  1E09
C0Z1M0E0I0 A=2A B=4900 D=2144 H=1E30>0000 S=FFE6>1E2C P=1E13 POP  H
C0Z1M0E0I0 A=2A B=4900 D=2144 H=1E2C>E49C S=FFE8>1D2C P=1E14 POP  D
C0Z1M0E0I0 A=2A B=4900 D=1D2C H=1E2C>E49C S=FFEA>0700 P=1E15 POP  B
C0Z1M0E0I0 A=2A B=0700 D=1D2C H=1E2C>E49C S=FFEC>8D02 P=1E16 POP  PSW
C0Z0M0E0I0 A=8D B=0700 D=1D2C H=1E2C>E49C S=FFEE>1D19 P=1E17 RET  
C0Z0M0E0I0 A=8D B=0700 D=1D2C H=1E2C>E49C S=FFF0>053C P=1D19 DCR  B
C0Z0M0E0I0 A=8D B=0600 D=1D2C H=1E2C>E49C S=FFF0>053C P=1D1A JNZ  1D14
C0Z0M0E0I0 A=8D B=0600 D=1D2C H=1E2C>E49C S=FFF0>053C P=1D14 LDAX D
C0Z0M0E0I0 A=00 B=0600 D=1D2C H=1E2C>E49C S=FFF0>053C P=1D15 INX  D
C0Z0M0E0I0 A=00 B=0600 D=1D2D H=1E2C>E49C S=FFF0>053C P=1D16 CALL 1DF0
C0Z0M0E0I0 A=00 B=0600 D=1D2D H=1E2C>E49C S=FFEE>1D19 P=1DF0 PUSH PSW
C0Z0M0E0I0 A=00 B=0600 D=1D2D H=1E2C>E49C S=FFEC>0002 P=1DF1 PUSH B
C0Z0M0E0I0 A=00 B=0600 D=1D2D H=1E2C>E49C S=FFEA>0600 P=1DF2 PUSH D
C0Z0M0E0I0 A=00 B=0600 D=1D2D H=1E2C>E49C S=FFE8>1D2D P=1DF3 PUSH H
C0Z0M0E0I0 A=00 B=0600 D=1D2D H=1E2C>E49C S=FFE6>1E2C P=1DF4 PUSH H
C0Z0M0E0I0 A=00 B=0600 D=1D2D H=1E2C>E49C S=FFE4>1E2C P=1DF5 LXI  D,0003
C0Z0M0E0I0 A=00 B=0600 D=0003 H=1E2C>E49C S=FFE4>1E2C P=1DF8 DAD  D
C0Z0M0E0I0 A=00 B=0600 D=0003 H=1E2F>002A S=FFE4>1E2C P=1DF9 XRA  M
C0Z0M0E0I0 A=2A B=0600 D=0003 H=1E2F>002A S=FFE4>1E2C P=1DFA MOV  L,A
C0Z0M0E0I0 A=2A B=0600 D=0003 H=1E2A>C9F1 S=FFE4>1E2C P=1DFB MVI  H,00
C0Z0M0E0I0 A=2A B=0600 D=0003 H=002A>3E0A S=FFE4>1E2C P=1DFD DAD  H
C0Z0M0E0I0 A=2A B=0600 D=0003 H=0054>3E08 S=FFE4>1E2C P=1DFE DAD  H
C0Z0M0E0I0 A=2A B=0600 D=0003 H=00A8>055A S=FFE4>1E2C P=1DFF XCHG 
C0Z0M0E0I0 A=2A B=0600 D=00A8 H=0003>0000 S=FFE4>1E2C P=1E00 LXI  H,1E30
C0Z0M0E0I0 A=2A B=0600 D=00A8 H=1E30>0000 S=FFE4>1E2C P=1E03 DAD  D
C0Z0M0E0I0 A=2A B=0600 D=00A8 H=1ED8>BBDB S=FFE4>1E2C P=1E04 XCHG 
C0Z0M0E0I0 A=2A B=0600 D=1ED8 H=00A8>055A S=FFE4>1E2C P=1E05 POP  H
C0Z0M0E0I0 A=2A B=0600 D=1ED8 H=1E2C>E49C S=FFE6>1E2C P=1E06 LXI  B,0004
C0Z0M0E0I0 A=2A B=0004 D=1ED8 H=1E2C>E49C S=FFE6>1E2C P=1E09 LDAX D
C0Z0M0E0I0 A=DB B=0004 D=1ED8 H=1E2C>E49C S=FFE6>1E2C P=1E0A XRA  B
C0Z0M1E1I0 A=DB B=0004 D=1ED8 H=1E2C>E49C S=FFE6>1E2C P=1E0B MOV  B,M
C0Z0M1E1I0 A=DB B=9C04 D=1ED8 H=1E2C>E49C S=FFE6>1E2C P=1E0C MOV  M,A
C0Z0M1E1I0 A=DB B=9C04 D=1ED8 H=1E2C>E4DB S=FFE6>1E2C P=1E0D INX  D
C0Z0M1E1I0 A=DB B=9C04 D=1ED9 H=1E2C>E4DB S=FFE6>1E2C P=1E0E INX  H
C0Z0M1E1I0 A=DB B=9C04 D=1ED9 H=1E2D>AFE4 S=FFE6>1E2C P=1E0F DCR  C
C0Z0M0E0I0 A=DB B=9C03 D=1ED9 H=1E2D>AFE4 S=FFE6>1E2C P=1E10 JNZ  1E09
C0Z0M0E0I0 A=DB B=9C03 D=1ED9 H=1E2D>AFE4 S=FFE6>1E2C P=1E09 LDAX D
C0Z0M0E0I0 A=BB B=9C03 D=1ED9 H=1E2D>AFE4 S=FFE6>1E2C P=1E0A XRA  B
C0Z0M0E1I0 A=27 B=9C03 D=1ED9 H=1E2D>AFE4 S=FFE6>1E2C P=1E0B MOV  B,M
C0Z0M0E1I0 A=27 B=E403 D=1ED9 H=1E2D>AFE4 S=FFE6>1E2C P=1E0C MOV  M,A
C0Z0M0E1I0 A=27 B=E403 D=1ED9 H=1E2D>AF27 S=FFE6>1E2C P=1E0D INX  D
C0Z0M0E1I0 A=27 B=E403 D=1EDA H=1E2D>AF27 S=FFE6>1E2C P=1E0E INX  H
C0Z0M0E1I0 A=27 B=E403 D=1EDA H=1E2E>2AAF S=FFE6>1E2C P=1E0F DCR  C
C0Z0M0E0I0 A=27 B=E402 D=1EDA H=1E2E>2AAF S=FFE6>1E2C P=1E10 JNZ  1E09
C0Z0M0E0I0 A=27 B=E402 D=1EDA H=1E2E>2AAF S=FFE6>1E2C P=1E09 LDAX D
C0Z0M0E0I0 A=C9 B=E402 D=1EDA H=1E2E>2AAF S=FFE6>1E2C P=1E0A XRA  B
C0Z0M0E1I0 A=2D B=E402 D=1EDA H=1E2E>2AAF S=FFE6>1E2C P=1E0B MOV  B,M
C0Z0M0E1I0 A=2D B=AF02 D=1EDA H=1E2E>2AAF S=FFE6>1E2C P=1E0C MOV  M,A
C0Z0M0E1I0 A=2D B=AF02 D=1EDA H=1E2E>2A2D S=FFE6>1E2C P=1E0D INX  D
C0Z0M0E1I0 A=2D B=AF02 D=1EDB H=1E2E>2A2D S=FFE6>1E2C P=1E0E INX  H
C0Z0M0E1I0 A=2D B=AF02 D=1EDB H=1E2F>002A S=FFE6>1E2C P=1E0F DCR  C
C0Z0M0E0I0 A=2D B=AF01 D=1EDB H=1E2F>002A S=FFE6>1E2C P=1E10 JNZ  1E09
C0Z0M0E0I0 A=2D B=AF01 D=1EDB H=1E2F>002A S=FFE6>1E2C P=1E09 LDAX D
C0Z0M0E0I0 A=D6 B=AF01 D=1EDB H=1E2F>002A S=FFE6>1E2C P=1E0A XRA  B
C0Z0M0E0I0 A=79 B=AF01 D=1EDB H=1E2F>002A S=FFE6>1E2C P=1E0B MOV  B,M
C0Z0M0E0I0 A=79 B=2A01 D=1EDB H=1E2F>002A S=FFE6>1E2C P=1E0C MOV  M,A
C0Z0M0E0I0 A=79 B=2A01 D=1EDB H=1E2F>0079 S=FFE6>1E2C P=1E0D INX  D
C0Z0M0E0I0 A=79 B=2A01 D=1EDC H=1E2F>0079 S=FFE6>1E2C P=1E0E INX  H
C0Z0M0E0I0 A=79 B=2A01 D=1EDC H=1E30>0000 S=FFE6>1E2C P=1E0F DCR  C
C0Z1M0E0I0 A=79 B=2A00 D=1EDC H=1E30>0000 S=FFE6>1E2C P=1E10 JNZ  1E09
C0Z1M0E0I0 A=79 B=2A00 D=1EDC H=1E30>0000 S=FFE6>1E2C P=1E13 POP  H
C0Z1M0E0I0 A=79 B=2A00 D=1EDC H=1E2C>27DB S=FFE8>1D2D P=1E14 POP  D
C0Z1M0E0I0 A=79 B=2A00 D=1D2D H=1E2C>27DB S=FFEA>0600 P=1E15 POP  B
C0Z1M0E0I0 A=79 B=0600 D=1D2D H=1E2C>27DB S=FFEC>0002 P=1E16 POP  PSW
C0Z0M0E0I0 A=00 B=0600 D=1D2D H=1E2C>27DB S=FFEE>1D19 P=1E17 RET  
C0Z0M0E0I0 A=00 B=0600 D=1D2D H=1E2C>27DB S=FFF0>053C P=1D19 DCR  B
C0Z0M0E0I0 A=00 B=0500 D=1D2D H=1E2C>27DB S=FFF0>053C P=1D1A JNZ  1D14
C0Z0M0E0I0 A=00 B=0500 D=1D2D H=1E2C>27DB S=FFF0>053C P=1D14 LDAX D
C0Z0M0E0I0 A=00 B=0500 D=1D2D H=1E2C>27DB S=FFF0>053C P=1D15 INX  D
C0Z0M0E0I0 A=00 B=0500 D=1D2E H=1E2C>27DB S=FFF0>053C P=1D16 CALL 1DF0
C0Z0M0E0I0 A=00 B=0500 D=1D2E H=1E2C>27DB S=FFEE>1D19 P=1DF0 PUSH PSW
C0Z0M0E0I0 A=00 B=0500 D=1D2E H=1E2C>27DB S=FFEC>0002 P=1DF1 PUSH B
C0Z0M0E0I0 A=00 B=0500 D=1D2E H=1E2C>27DB S=FFEA>0500 P=1DF2 PUSH D
C0Z0M0E0I0 A=00 B=0500 D=1D2E H=1E2C>27DB S=FFE8>1D2E P=1DF3 PUSH H
C0Z0M0E0I0 A=00 B=0500 D=1D2E H=1E2C>27DB S=FFE6>1E2C P=1DF4 PUSH H
C0Z0M0E0I0 A=00 B=0500 D=1D2E H=1E2C>27DB S=FFE4>1E2C P=1DF5 LXI  D,0003
C0Z0M0E0I0 A=00 B=0500 D=0003 H=1E2C>27DB S=FFE4>1E2C P=1DF8 DAD  D
C0Z0M0E0I0 A=00 B=0500 D=0003 H=1E2F>0079 S=FFE4>1E2C P=1DF9 XRA  M
C0Z0M0E0I0 A=79 B=0500 D=0003 H=1E2F>0079 S=FFE4>1E2C P=1DFA MOV  L,A
C0Z0M0E0I0 A=79 B=0500 D=0003 H=1E79>71B9 S=FFE4>1E2C P=1DFB MVI  H,00
C0Z0M0E0I0 A=79 B=0500 D=0003 H=0079>0000 S=FFE4>1E2C P=1DFD DAD  H
C0Z0M0E0I0 A=79 B=0500 D=0003 H=00F2>1A1A S=FFE4>1E2C P=1DFE DAD  H
C0Z0M0E0I0 A=79 B=0500 D=0003 H=01E4>0000 S=FFE4>1E2C P=1DFF XCHG 
C0Z0M0E0I0 A=79 B=0500 D=01E4 H=0003>0000 S=FFE4>1E2C P=1E00 LXI  H,1E30
C0Z0M0E0I0 A=79 B=0500 D=01E4 H=1E30>0000 S=FFE4>1E2C P=1E03 DAD  D
C0Z0M0E0I1 A=79 B=0500 D=01E4 H=2014>D929 S=FFE4>1E2C P=1E04 XCHG 
C0Z0M0E0I1 A=79 B=0500 D=2014 H=01E4>0000 S=FFE4>1E2C P=1E05 POP  H
C0Z0M0E0I1 A=79 B=0500 D=2014 H=1E2C>27DB S=FFE6>1E2C P=1E06 LXI  B,0004
C0Z0M0E0I1 A=79 B=0004 D=2014 H=1E2C>27DB S=FFE6>1E2C P=1E09 LDAX D
C0Z0M0E0I1 A=29 B=0004 D=2014 H=1E2C>27DB S=FFE6>1E2C P=1E0A XRA  B
C0Z0M0E0I0 A=29 B=0004 D=2014 H=1E2C>27DB S=FFE6>1E2C P=1E0B MOV  B,M
C0Z0M0E0I0 A=29 B=DB04 D=2014 H=1E2C>27DB S=FFE6>1E2C P=1E0C MOV  M,A
C0Z0M0E0I0 A=29 B=DB04 D=2014 H=1E2C>2729 S=FFE6>1E2C P=1E0D INX  D
C0Z0M0E0I0 A=29 B=DB04 D=2015 H=1E2C>2729 S=FFE6>1E2C P=1E0E INX  H
C0Z0M0E0I0 A=29 B=DB04 D=2015 H=1E2D>2D27 S=FFE6>1E2C P=1E0F DCR  C
C0Z0M0E0I0 A=29 B=DB03 D=2015 H=1E2D>2D27 S=FFE6>1E2C P=1E10 JNZ  1E09
C0Z0M0E0I0 A=29 B=DB03 D=2015 H=1E2D>2D27 S=FFE6>1E2C P=1E09 LDAX D
C0Z0M0E0I0 A=D9 B=DB03 D=2015 H=1E2D>2D27 S=FFE6>1E2C P=1E0A XRA  B
C0Z0M0E0I0 A=02 B=DB03 D=2015 H=1E2D>2D27 S=FFE6>1E2C P=1E0B MOV  B,M
C0Z0M0E0I0 A=02 B=2703 D=2015 H=1E2D>2D27 S=FFE6>1E2C P=1E0C MOV  M,A
C0Z0M0E0I0 A=02 B=2703 D=2015 H=1E2D>2D02 S=FFE6>1E2C P=1E0D INX  D
C0Z0M0E0I0 A=02 B=2703 D=2016 H=1E2D>2D02 S=FFE6>1E2C P=1E0E INX  H
C0Z0M0E0I0 A=02 B=2703 D=2016 H=1E2E>792D S=FFE6>1E2C P=1E0F DCR  C
C0Z0M0E0I0 A=02 B=2702 D=2016 H=1E2E>792D S=FFE6>1E2C P=1E10 JNZ  1E09
C0Z0M0E0I0 A=02 B=2702 D=2016 H=1E2E>792D S=FFE6>1E2C P=1E09 LDAX D
C0Z0M0E0I0 A=C9 B=2702 D=2016 H=1E2E>792D S=FFE6>1E2C P=1E0A XRA  B
C0Z0M1E1I0 A=EE B=2702 D=2016 H=1E2E>792D S=FFE6>1E2C P=1E0B MOV  B,M
C0Z0M1E1I0 A=EE B=2D02 D=2016 H=1E2E>792D S=FFE6>1E2C P=1E0C MOV  M,A
C0Z0M1E1I0 A=EE B=2D02 D=2016 H=1E2E>79EE S=FFE6>1E2C P=1E0D INX  D
C0Z0M1E1I0 A=EE B=2D02 D=2017 H=1E2E>79EE S=FFE6>1E2C P=1E0E INX  H
C0Z0M1E1I0 A=EE B=2D02 D=2017 H=1E2F>0079 S=FFE6>1E2C P=1E0F DCR  C
C0Z0M0E0I0 A=EE B=2D01 D=2017 H=1E2F>0079 S=FFE6>1E2C P=1E10 JNZ  1E09
C0Z0M0E0I0 A=EE B=2D01 D=2017 H=1E2F>0079 S=FFE6>1E2C P=1E09 LDAX D
C0Z0M0E0I0 A=98 B=2D01 D=2017 H=1E2F>0079 S=FFE6>1E2C P=1E0A XRA  B
C0Z0M1E0I0 A=B5 B=2D01 D=2017 H=1E2F>0079 S=FFE6>1E2C P=1E0B MOV  B,M
C0Z0M1E0I0 A=B5 B=7901 D=2017 H=1E2F>0079 S=FFE6>1E2C P=1E0C MOV  M,A
C0Z0M1E0I0 A=B5 B=7901 D=2017 H=1E2F>00B5 S=FFE6>1E2C P=1E0D INX  D
C0Z0M1E0I0 A=B5 B=7901 D=2018 H=1E2F>00B5 S=FFE6>1E2C P=1E0E INX  H
C0Z0M1E0I0 A=B5 B=7901 D=2018 H=1E30>0000 S=FFE6>1E2C P=1E0F DCR  C
C0Z1M0E0I0 A=B5 B=7900 D=2018 H=1E30>0000 S=FFE6>1E2C P=1E10 JNZ  1E09
C0Z1M0E0I0 A=B5 B=7900 D=2018 H=1E30>0000 S=FFE6>1E2C P=1E13 POP  H
C0Z1M0E0I0 A=B5 B=7900 D=2018 H=1E2C>0229 S=FFE8>1D2E P=1E14 POP  D
C0Z1M0E0I0 A=B5 B=7900 D=1D2E H=1E2C>0229 S=FFEA>0500 P=1E15 POP  B
C0Z1M0E0I0 A=B5 B=0500 D=1D2E H=1E2C>0229 S=FFEC>0002 P=1E16 POP  PSW
C0Z0M0E0I0 A=00 B=0500 D=1D2E H=1E2C>0229 S=FFEE>1D19 P=1E17 RET  
C0Z0M0E0I0 A=00 B=0500 D=1D2E H=1E2C>0229 S=FFF0>053C P=1D19 DCR  B
C0Z0M0E0I0 A=00 B=0400 D=1D2E H=1E2C>0229 S=FFF0>053C P=1D1A JNZ  1D14
C0Z0M0E0I0 A=00 B=0400 D=1D2E H=1E2C>0229 S=FFF0>053C P=1D14 LDAX D
C0Z0M0E0I0 A=13 B=0400 D=1D2E H=1E2C>0229 S=FFF0>053C P=1D15 INX  D
C0Z0M0E0I0 A=13 B=0400 D=1D2F H=1E2C>0229 S=FFF0>053C P=1D16 CALL 1DF0
C0Z0M0E0I0 A=13 B=0400 D=1D2F H=1E2C>0229 S=FFEE>1D19 P=1DF0 PUSH PSW
C0Z0M0E0I0 A=13 B=0400 D=1D2F H=1E2C>0229 S=FFEC>1302 P=1DF1 PUSH B
C0Z0M0E0I0 A=13 B=0400 D=1D2F H=1E2C>0229 S=FFEA>0400 P=1DF2 PUSH D
C0Z0M0E0I0 A=13 B=0400 D=1D2F H=1E2C>0229 S=FFE8>1D2F P=1DF3 PUSH H
C0Z0M0E0I0 A=13 B=0400 D=1D2F H=1E2C>0229 S=FFE6>1E2C P=1DF4 PUSH H
C0Z0M0E0I0 A=13 B=0400 D=1D2F H=1E2C>0229 S=FFE4>1E2C P=1DF5 LXI  D,0003
C0Z0M0E0I0 A=13 B=0400 D=0003 H=1E2C>0229 S=FFE4>1E2C P=1DF8 DAD  D
C0Z0M0E0I0 A=13 B=0400 D=0003 H=1E2F>00B5 S=FFE4>1E2C P=1DF9 XRA  M
C0Z0M1E1I0 A=A6 B=0400 D=0003 H=1E2F>00B5 S=FFE4>1E2C P=1DFA MOV  L,A
C0Z0M1E1I0 A=A6 B=0400 D=0003 H=1EA6>D96C S=FFE4>1E2C P=1DFB MVI  H,00
C0Z0M1E1I0 A=A6 B=0400 D=0003 H=00A6>A18E S=FFE4>1E2C P=1DFD DAD  H
C0Z0M1E1I0 A=A6 B=0400 D=0003 H=014C>B623 S=FFE4>1E2C P=1DFE DAD  H
C0Z0M1E1I0 A=A6 B=0400 D=0003 H=0298>1E92 S=FFE4>1E2C P=1DFF XCHG 
C0Z0M1E1I0 A=A6 B=0400 D=0298 H=0003>0000 S=FFE4>1E2C P=1E00 LXI  H,1E30
C0Z0M1E1I0 A=A6 B=0400 D=0298 H=1E30>0000 S=FFE4>1E2C P=1E03 DAD  D
C0Z0M1E1I1 A=A6 B=0400 D=0298 H=20C8>B53F S=FFE4>1E2C P=1E04 XCHG 
C0Z0M1E1I1 A=A6 B=0400 D=20C8 H=0298>1E92 S=FFE4>1E2C P=1E05 POP  H
C0Z0M1E1I1 A=A6 B=0400 D=20C8 H=1E2C>0229 S=FFE6>1E2C P=1E06 LXI  B,0004
C0Z0M1E1I1 A=A6 B=0004 D=20C8 H=1E2C>0229 S=FFE6>1E2C P=1E09 LDAX D
C0Z0M1E1I1 A=3F B=0004 D=20C8 H=1E2C>0229 S=FFE6>1E2C P=1E0A XRA  B
C0Z0M0E1I0 A=3F B=0004 D=20C8 H=1E2C>0229 S=FFE6>1E2C P=1E0B MOV  B,M
C0Z0M0E1I0 A=3F B=2904 D=20C8 H=1E2C>0229 S=FFE6>1E2C P=1E0C MOV  M,A
C0Z0M0E1I0 A=3F B=2904 D=20C8 H=1E2C>023F S=FFE6>1E2C P=1E0D INX  D
C0Z0M0E1I0 A=3F B=2904 D=20C9 H=1E2C>023F S=FFE6>1E2C P=1E0E INX  H
C0Z0M0E1I0 A=3F B=2904 D=20C9 H=1E2D>EE02 S=FFE6>1E2C P=1E0F DCR  C
C0Z0M0E0I0 A=3F B=2903 D=20C9 H=1E2D>EE02 S=FFE6>1E2C P=1E10 JNZ  1E09
C0Z0M0E0I0 A=3F B=2903 D=20C9 H=1E2D>EE02 S=FFE6>1E2C P=1E09 LDAX D
C0Z0M0E0I0 A=B5 B=2903 D=20C9 H=1E2D>EE02 S=FFE6>1E2C P=1E0A XRA  B
C0Z0M1E1I0 A=9C B=2903 D=20C9 H=1E2D>EE02 S=FFE6>1E2C P=1E0B MOV  B,M
C0Z0M1E1I0 A=9C B=0203 D=20C9 H=1E2D>EE02 S=FFE6>1E2C P=1E0C MOV  M,A
C0Z0M1E1I0 A=9C B=0203 D=20C9 H=1E2D>EE9C S=FFE6>1E2C P=1E0D INX  D
C0Z0M1E1I0 A=9C B=0203 D=20CA H=1E2D>EE9C S=FFE6>1E2C P=1E0E INX  H
C0Z0M1E1I0 A=9C B=0203 D=20CA H=1E2E>B5EE S=FFE6>1E2C P=1E0F DCR  C
C0Z0M0E0I0 A=9C B=0202 D=20CA H=1E2E>B5EE S=FFE6>1E2C P=1E10 JNZ  1E09
C0Z0M0E0I0 A=9C B=0202 D=20CA H=1E2E>B5EE S=FFE6>1E2C P=1E09 LDAX D
C0Z0M0E0I0 A=06 B=0202 D=20CA H=1E2E>B5EE S=FFE6>1E2C P=1E0A XRA  B
C0Z0M0E0I0 A=04 B=0202 D=20CA H=1E2E>B5EE S=FFE6>1E2C P=1E0B MOV  B,M
C0Z0M0E0I0 A=04 B=EE02 D=20CA H=1E2E>B5EE S=FFE6>1E2C P=1E0C MOV  M,A
C0Z0M0E0I0 A=04 B=EE02 D=20CA H=1E2E>B504 S=FFE6>1E2C P=1E0D INX  D
C0Z0M0E0I0 A=04 B=EE02 D=20CB H=1E2E>B504 S=FFE6>1E2C P=1E0E INX  H
C0Z0M0E0I0 A=04 B=EE02 D=20CB H=1E2F>00B5 S=FFE6>1E2C P=1E0F DCR  C
C0Z0M0E0I0 A=04 B=EE01 D=20CB H=1E2F>00B5 S=FFE6>1E2C P=1E10 JNZ  1E09
C0Z0M0E0I0 A=04 B=EE01 D=20CB H=1E2F>00B5 S=FFE6>1E2C P=1E09 LDAX D
C0Z0M0E0I0 A=DD B=EE01 D=20CB H=1E2F>00B5 S=FFE6>1E2C P=1E0A XRA  B
C0Z0M0E1I0 A=33 B=EE01 D=20CB H=1E2F>00B5 S=FFE6>1E2C P=1E0B MOV  B,M
C0Z0M0E1I0 A=33 B=B501 D=20CB H=1E2F>00B5 S=FFE6>1E2C P=1E0C MOV  M,A
C0Z0M0E1I0 A=33 B=B501 D=20CB H=1E2F>0033 S=FFE6>1E2C P=1E0D INX  D
C0Z0M0E1I0 A=33 B=B501 D=20CC H=1E2F>0033 S=FFE6>1E2C P=1E0E INX  H
C0Z0M0E1I0 A=33 B=B501 D=20CC H=1E30>0000 S=FFE6>1E2C P=1E0F DCR  C
C0Z1M0E0I0 A=33 B=B500 D=20CC H=1E30>0000 S=FFE6>1E2C P=1E10 JNZ  1E09
C0Z1M0E0I0 A=33 B=B500 D=20CC H=1E30>0000 S=FFE6>1E2C P=1E13 POP  H
C0Z1M0E0I0 A=33 B=B500 D=20CC H=1E2C>9C3F S=FFE8>1D2F P=1E14 POP  D
C0Z1M0E0I0 A=33 B=B500 D=1D2F H=1E2C>9C3F S=FFEA>0400 P=1E15 POP  B
C0Z1M0E0I0 A=33 B=0400 D=1D2F H=1E2C>9C3F S=FFEC>1302 P=1E16 POP  PSW
C0Z0M0E0I0 A=13 B=0400 D=1D2F H=1E2C>9C3F S=FFEE>1D19 P=1E17 RET  
C0Z0M0E0I0 A=13 B=0400 D=1D2F H=1E2C>9C3F S=FFF0>053C P=1D19 DCR  B
C0Z0M0E0I0 A=13 B=0300 D=1D2F H=1E2C>9C3F S=FFF0>053C P=1D1A JNZ  1D14
C0Z0M0E0I0 A=13 B=0300 D=1D2F H=1E2C>9C3F S=FFF0>053C P=1D14 LDAX D
C0Z0M0E0I0 A=30 B=0300 D=1D2F H=1E2C>9C3F S=FFF0>053C P=1D15 INX  D
C0Z0M0E0I0 A=30 B=0300 D=1D30 H=1E2C>9C3F S=FFF0>053C P=1D16 CALL 1DF0
C0Z0M0E0I0 A=30 B=0300 D=1D30 H=1E2C>9C3F S=FFEE>1D19 P=1DF0 PUSH PSW
C0Z0M0E0I0 A=30 B=0300 D=1D30 H=1E2C>9C3F S=FFEC>3002 P=1DF1 PUSH B
C0Z0M0E0I0 A=30 B=0300 D=1D30 H=1E2C>9C3F S=FFEA>0300 P=1DF2 PUSH D
C0Z0M0E0I0 A=30 B=0300 D=1D30 H=1E2C>9C3F S=FFE8>1D30 P=1DF3 PUSH H
C0Z0M0E0I0 A=30 B=0300 D=1D30 H=1E2C>9C3F S=FFE6>1E2C P=1DF4 PUSH H
C0Z0M0E0I0 A=30 B=0300 D=1D30 H=1E2C>9C3F S=FFE4>1E2C P=1DF5 LXI  D,0003
C0Z0M0E0I0 A=30 B=0300 D=0003 H=1E2C>9C3F S=FFE4>1E2C P=1DF8 DAD  D
C0Z0M0E0I0 A=30 B=0300 D=0003 H=1E2F>0033 S=FFE4>1E2C P=1DF9 XRA  M
C0Z0M0E1I0 A=03 B=0300 D=0003 H=1E2F>0033 S=FFE4>1E2C P=1DFA MOV  L,A
C0Z0M0E1I0 A=03 B=0300 D=0003 H=1E03>EB19 S=FFE4>1E2C P=1DFB MVI  H,00
C0Z0M0E1I0 A=03 B=0300 D=0003 H=0003>0000 S=FFE4>1E2C P=1DFD DAD  H
C0Z0M0E1I0 A=03 B=0300 D=0003 H=0006>CB06 S=FFE4>1E2C P=1DFE DAD  H
C0Z0M0E1I0 A=03 B=0300 D=0003 H=000C>1700 S=FFE4>1E2C P=1DFF XCHG 
C0Z0M0E1I0 A=03 B=0300 D=000C H=0003>0000 S=FFE4>1E2C P=1E00 LXI  H,1E30
C0Z0M0E1I0 A=03 B=0300 D=000C H=1E30>0000 S=FFE4>1E2C P=1E03 DAD  D
C0Z0M0E1I0 A=03 B=0300 D=000C H=1E3C>0999 S=FFE4>1E2C P=1E04 XCHG 
C0Z0M0E1I0 A=03 B=0300 D=1E3C H=000C>1700 S=FFE4>1E2C P=1E05 POP  H
C0Z0M0E1I0 A=03 B=0300 D=1E3C H=1E2C>9C3F S=FFE6>1E2C P=1E06 LXI  B,0004
C0Z0M0E1I0 A=03 B=0004 D=1E3C H=1E2C>9C3F S=FFE6>1E2C P=1E09 LDAX D
C0Z0M0E1I0 A=99 B=0004 D=1E3C H=1E2C>9C3F S=FFE6>1E2C P=1E0A XRA  B
C0Z0M1E1I0 A=99 B=0004 D=1E3C H=1E2C>9C3F S=FFE6>1E2C P=1E0B MOV  B,M
C0Z0M1E1I0 A=99 B=3F04 D=1E3C H=1E2C>9C3F S=FFE6>1E2C P=1E0C MOV  M,A
C0Z0M1E1I0 A=99 B=3F04 D=1E3C H=1E2C>9C99 S=FFE6>1E2C P=1E0D INX  D
C0Z0M1E1I0 A=99 B=3F04 D=1E3D H=1E2C>9C99 S=FFE6>1E2C P=1E0E INX  H
C0Z0M1E1I0 A=99 B=3F04 D=1E3D H=1E2D>049C S=FFE6>1E2C P=1E0F DCR  C
C0Z0M0E0I0 A=99 B=3F03 D=1E3D H=1E2D>049C S=FFE6>1E2C P=1E10 JNZ  1E09
C0Z0M0E0I0 A=99 B=3F03 D=1E3D H=1E2D>049C S=FFE6>1E2C P=1E09 LDAX D
C0Z0M0E0I0 A=09 B=3F03 D=1E3D H=1E2D>049C S=FFE6>1E2C P=1E0A XRA  B
C0Z0M0E1I0 A=36 B=3F03 D=1E3D H=1E2D>049C S=FFE6>1E2C P=1E0B MOV  B,M
C0Z0M0E1I0 A=36 B=9C03 D=1E3D H=1E2D>049C S=FFE6>1E2C P=1E0C MOV  M,A
C0Z0M0E1I0 A=36 B=9C03 D=1E3D H=1E2D>0436 S=FFE6>1E2C P=1E0D INX  D
C0Z0M0E1I0 A=36 B=9C03 D=1E3E H=1E2D>0436 S=FFE6>1E2C P=1E0E INX  H
C0Z0M0E1I0 A=36 B=9C03 D=1E3E H=1E2E>3304 S=FFE6>1E2C P=1E0F DCR  C
C0Z0M0E0I0 A=36 B=9C02 D=1E3E H=1E2E>3304 S=FFE6>1E2C P=1E10 JNZ  1E09
C0Z0M0E0I0 A=36 B=9C02 D=1E3E H=1E2E>3304 S=FFE6>1E2C P=1E09 LDAX D
C0Z0M0E0I0 A=51 B=9C02 D=1E3E H=1E2E>3304 S=FFE6>1E2C P=1E0A XRA  B
C0Z0M1E0I0 A=CD B=9C02 D=1E3E H=1E2E>3304 S=FFE6>1E2C P=1E0B MOV  B,M
C0Z0M1E0I0 A=CD B=0402 D=1E3E H=1E2E>3304 S=FFE6>1E2C P=1E0C MOV  M,A
C0Z0M1E0I0 A=CD B=0402 D=1E3E H=1E2E>33CD S=FFE6>1E2C P=1E0D INX  D
C0Z0M1E0I0 A=CD B=0402 D=1E3F H=1E2E>33CD S=FFE6>1E2C P=1E0E INX  H
C0Z0M1E0I0 A=CD B=0402 D=1E3F H=1E2F>0033 S=FFE6>1E2C P=1E0F DCR  C
C0Z0M0E0I0 A=CD B=0401 D=1E3F H=1E2F>0033 S=FFE6>1E2C P=1E10 JNZ  1E09
C0Z0M0E0I0 A=CD B=0401 D=1E3F H=1E2F>0033 S=FFE6>1E2C P=1E09 LDAX D
C0Z0M0E0I0 A=BA B=0401 D=1E3F H=1E2F>0033 S=FFE6>1E2C P=1E0A XRA  B
C0Z0M1E1I0 A=BE B=0401 D=1E3F H=1E2F>0033 S=FFE6>1E2C P=1E0B MOV  B,M
C0Z0M1E1I0 A=BE B=3301 D=1E3F H=1E2F>0033 S=FFE6>1E2C P=1E0C MOV  M,A
C0Z0M1E1I0 A=BE B=3301 D=1E3F H=1E2F>00BE S=FFE6>1E2C P=1E0D INX  D
C0Z0M1E1I0 A=BE B=3301 D=1E40 H=1E2F>00BE S=FFE6>1E2C P=1E0E INX  H
C0Z0M1E1I0 A=BE B=3301 D=1E40 H=1E30>0000 S=FFE6>1E2C P=1E0F DCR  C
C0Z1M0E0I0 A=BE B=3300 D=1E40 H=1E30>0000 S=FFE6>1E2C P=1E10 JNZ  1E09
C0Z1M0E0I0 A=BE B=3300 D=1E40 H=1E30>0000 S=FFE6>1E2C P=1E13 POP  H
C0Z1M0E0I0 A=BE B=3300 D=1E40 H=1E2C>3699 S=FFE8>1D30 P=1E14 POP  D
C0Z1M0E0I0 A=BE B=3300 D=1D30 H=1E2C>3699 S=FFEA>0300 P=1E15 POP  B
C0Z1M0E0I0 A=BE B=0300 D=1D30 H=1E2C>3699 S=FFEC>3002 P=1E16 POP  PSW
C0Z0M0E0I0 A=30 B=0300 D=1D30 H=1E2C>3699 S=FFEE>1D19 P=1E17 RET  
C0Z0M0E0I0 A=30 B=0300 D=1D30 H=1E2C>3699 S=FFF0>053C P=1D19 DCR  B
C0Z0M0E0I0 A=30 B=0200 D=1D30 H=1E2C>3699 S=FFF0>053C P=1D1A JNZ  1D14
C0Z0M0E0I0 A=30 B=0200 D=1D30 H=1E2C>3699 S=FFF0>053C P=1D14 LDAX D
C0Z0M0E0I0 A=A3 B=0200 D=1D30 H=1E2C>3699 S=FFF0>053C P=1D15 INX  D
C0Z0M0E0I0 A=A3 B=0200 D=1D31 H=1E2C>3699 S=FFF0>053C P=1D16 CALL 1DF0
C0Z0M0E0I0 A=A3 B=0200 D=1D31 H=1E2C>3699 S=FFEE>1D19 P=1DF0 PUSH PSW
C0Z0M0E0I0 A=A3 B=0200 D=1D31 H=1E2C>3699 S=FFEC>A302 P=1DF1 PUSH B
C0Z0M0E0I0 A=A3 B=0200 D=1D31 H=1E2C>3699 S=FFEA>0200 P=1DF2 PUSH D
C0Z0M0E0I0 A=A3 B=0200 D=1D31 H=1E2C>3699 S=FFE8>1D31 P=1DF3 PUSH H
C0Z0M0E0I0 A=A3 B=0200 D=1D31 H=1E2C>3699 S=FFE6>1E2C P=1DF4 PUSH H
C0Z0M0E0I0 A=A3 B=0200 D=1D31 H=1E2C>3699 S=FFE4>1E2C P=1DF5 LXI  D,0003
C0Z0M0E0I0 A=A3 B=0200 D=0003 H=1E2C>3699 S=FFE4>1E2C P=1DF8 DAD  D
C0Z0M0E0I0 A=A3 B=0200 D=0003 H=1E2F>00BE S=FFE4>1E2C P=1DF9 XRA  M
C0Z0M0E1I0 A=1D B=0200 D=0003 H=1E2F>00BE S=FFE4>1E2C P=1DFA MOV  L,A
C0Z0M0E1I0 A=1D B=0200 D=0003 H=1E1D>3E1E S=FFE4>1E2C P=1DFB MVI  H,00
C0Z0M0E1I0 A=1D B=0200 D=0003 H=001D>21DD S=FFE4>1E2C P=1DFD DAD  H
C0Z0M0E1I0 A=1D B=0200 D=0003 H=003A>D3E0 S=FFE4>1E2C P=1DFE DAD  H
C0Z0M0E1I0 A=1D B=0200 D=0003 H=0074>007C S=FFE4>1E2C P=1DFF XCHG 
C0Z0M0E1I0 A=1D B=0200 D=0074 H=0003>0000 S=FFE4>1E2C P=1E00 LXI  H,1E30
C0Z0M0E1I0 A=1D B=0200 D=0074 H=1E30>0000 S=FFE4>1E2C P=1E03 DAD  D
C0Z0M0E1I0 A=1D B=0200 D=0074 H=1EA4>0663 S=FFE4>1E2C P=1E04 XCHG 
C0Z0M0E1I0 A=1D B=0200 D=1EA4 H=0074>007C S=FFE4>1E2C P=1E05 POP  H
C0Z0M0E1I0 A=1D B=0200 D=1EA4 H=1E2C>3699 S=FFE6>1E2C P=1E06 LXI  B,0004
C0Z0M0E1I0 A=1D B=0004 D=1EA4 H=1E2C>3699 S=FFE6>1E2C P=1E09 LDAX D
C0Z0M0E1I0 A=63 B=0004 D=1EA4 H=1E2C>3699 S=FFE6>1E2C P=1E0A XRA  B
C0Z0M0E1I0 A=63 B=0004 D=1EA4 H=1E2C>3699 S=FFE6>1E2C P=1E0B MOV  B,M
C0Z0M0E1I0 A=63 B=9904 D=1EA4 H=1E2C>3699 S=FFE6>1E2C P=1E0C MOV  M,A
C0Z0M0E1I0 A=63 B=9904 D=1EA4 H=1E2C>3663 S=FFE6>1E2C P=1E0D INX  D
C0Z0M0E1I0 A=63 B=9904 D=1EA5 H=1E2C>3663 S=FFE6>1E2C P=1E0E INX  H
C0Z0M0E1I0 A=63 B=9904 D=1EA5 H=1E2D>CD36 S=FFE6>1E2C P=1E0F DCR  C
C0Z0M0E0I0 A=63 B=9903 D=1EA5 H=1E2D>CD36 S=FFE6>1E2C P=1E10 JNZ  1E09
C0Z0M0E0I0 A=63 B=9903 D=1EA5 H=1E2D>CD36 S=FFE6>1E2C P=1E09 LDAX D
C0Z0M0E0I0 A=06 B=9903 D=1EA5 H=1E2D>CD36 S=FFE6>1E2C P=1E0A XRA  B
C0Z0M1E1I0 A=9F B=9903 D=1EA5 H=1E2D>CD36 S=FFE6>1E2C P=1E0B MOV  B,M
C0Z0M1E1I0 A=9F B=3603 D=1EA5 H=1E2D>CD36 S=FFE6>1E2C P=1E0C MOV  M,A
C0Z0M1E1I0 A=9F B=3603 D=1EA5 H=1E2D>CD9F S=FFE6>1E2C P=1E0D INX  D
C0Z0M1E1I0 A=9F B=3603 D=1EA6 H=1E2D>CD9F S=FFE6>1E2C P=1E0E INX  H
C0Z0M1E1I0 A=9F B=3603 D=1EA6 H=1E2E>BECD S=FFE6>1E2C P=1E0F DCR  C
C0Z0M0E0I0 A=9F B=3602 D=1EA6 H=1E2E>BECD S=FFE6>1E2C P=1E10 JNZ  1E09
C0Z0M0E0I0 A=9F B=3602 D=1EA6 H=1E2E>BECD S=FFE6>1E2C P=1E09 LDAX D
C0Z0M0E0I0 A=6C B=3602 D=1EA6 H=1E2E>BECD S=FFE6>1E2C P=1E0A XRA  B
C0Z0M0E1I0 A=5A B=3602 D=1EA6 H=1E2E>BECD S=FFE6>1E2C P=1E0B MOV  B,M
C0Z0M0E1I0 A=5A B=CD02 D=1EA6 H=1E2E>BECD S=FFE6>1E2C P=1E0C MOV  M,A
C0Z0M0E1I0 A=5A B=CD02 D=1EA6 H=1E2E>BE5A S=FFE6>1E2C P=1E0D INX  D
C0Z0M0E1I0 A=5A B=CD02 D=1EA7 H=1E2E>BE5A S=FFE6>1E2C P=1E0E INX  H
C0Z0M0E1I0 A=5A B=CD02 D=1EA7 H=1E2F>00BE S=FFE6>1E2C P=1E0F DCR  C
C0Z0M0E0I0 A=5A B=CD01 D=1EA7 H=1E2F>00BE S=FFE6>1E2C P=1E10 JNZ  1E09
C0Z0M0E0I0 A=5A B=CD01 D=1EA7 H=1E2F>00BE S=FFE6>1E2C P=1E09 LDAX D
C0Z0M0E0I0 A=D9 B=CD01 D=1EA7 H=1E2F>00BE S=FFE6>1E2C P=1E0A XRA  B
C0Z0M0E1I0 A=14 B=CD01 D=1EA7 H=1E2F>00BE S=FFE6>1E2C P=1E0B MOV  B,M
C0Z0M0E1I0 A=14 B=BE01 D=1EA7 H=1E2F>00BE S=FFE6>1E2C P=1E0C MOV  M,A
C0Z0M0E1I0 A=14 B=BE01 D=1EA7 H=1E2F>0014 S=FFE6>1E2C P=1E0D INX  D
C0Z0M0E1I0 A=14 B=BE01 D=1EA8 H=1E2F>0014 S=FFE6>1E2C P=1E0E INX  H
C0Z0M0E1I0 A=14 B=BE01 D=1EA8 H=1E30>0000 S=FFE6>1E2C P=1E0F DCR  C
C0Z1M0E0I0 A=14 B=BE00 D=1EA8 H=1E30>0000 S=FFE6>1E2C P=1E10 JNZ  1E09
C0Z1M0E0I0 A=14 B=BE00 D=1EA8 H=1E30>0000 S=FFE6>1E2C P=1E13 POP  H
C0Z1M0E0I0 A=14 B=BE00 D=1EA8 H=1E2C>9F63 S=FFE8>1D31 P=1E14 POP  D
C0Z1M0E0I0 A=14 B=BE00 D=1D31 H=1E2C>9F63 S=FFEA>0200 P=1E15 POP  B
C0Z1M0E0I0 A=14 B=0200 D=1D31 H=1E2C>9F63 S=FFEC>A302 P=1E16 POP  PSW
C0Z0M0E0I0 A=A3 B=0200 D=1D31 H=1E2C>9F63 S=FFEE>1D19 P=1E17 RET  
C0Z0M0E0I0 A=A3 B=0200 D=1D31 H=1E2C>9F63 S=FFF0>053C P=1D19 DCR  B
C0Z0M0E0I0 A=A3 B=0100 D=1D31 H=1E2C>9F63 S=FFF0>053C P=1D1A JNZ  1D14
C0Z0M0E0I0 A=A3 B=0100 D=1D31 H=1E2C>9F63 S=FFF0>053C P=1D14 LDAX D
C0Z0M0E0I0 A=94 B=0100 D=1D31 H=1E2C>9F63 S=FFF0>053C P=1D15 INX  D
C0Z0M0E0I0 A=94 B=0100 D=1D32 H=1E2C>9F63 S=FFF0>053C P=1D16 CALL 1DF0
C0Z0M0E0I0 A=94 B=0100 D=1D32 H=1E2C>9F63 S=FFEE>1D19 P=1DF0 PUSH PSW
C0Z0M0E0I0 A=94 B=0100 D=1D32 H=1E2C>9F63 S=FFEC>9402 P=1DF1 PUSH B
C0Z0M0E0I0 A=94 B=0100 D=1D32 H=1E2C>9F63 S=FFEA>0100 P=1DF2 PUSH D
C0Z0M0E0I0 A=94 B=0100 D=1D32 H=1E2C>9F63 S=FFE8>1D32 P=1DF3 PUSH H
C0Z0M0E0I0 A=94 B=0100 D=1D32 H=1E2C>9F63 S=FFE6>1E2C P=1DF4 PUSH H
C0Z0M0E0I0 A=94 B=0100 D=1D32 H=1E2C>9F63 S=FFE4>1E2C P=1DF5 LXI  D,0003
C0Z0M0E0I0 A=94 B=0100 D=0003 H=1E2C>9F63 S=FFE4>1E2C P=1DF8 DAD  D
C0Z0M0E0I0 A=94 B=0100 D=0003 H=1E2F>0014 S=FFE4>1E2C P=1DF9 XRA  M
C0Z0M1E0I0 A=80 B=0100 D=0003 H=1E2F>0014 S=FFE4>1E2C P=1DFA MOV  L,A
C0Z0M1E0I0 A=80 B=0100 D=0003 H=1E80>DA1A S=FFE4>1E2C P=1DFB MVI  H,00
C0Z0M1E0I0 A=80 B=0100 D=0003 H=0080>D0BA S=FFE4>1E2C P=1DFD DAD  H
C0Z0M1E0I0 A=80 B=0100 D=0003 H=0100>13C3 S=FFE4>1E2C P=1DFE DAD  H
C0Z0M1E0I0 A=80 B=0100 D=0003 H=0200>00D7 S=FFE4>1E2C P=1DFF XCHG 
C0Z0M1E0I0 A=80 B=0100 D=0200 H=0003>0000 S=FFE4>1E2C P=1E00 LXI  H,1E30
C0Z0M1E0I0 A=80 B=0100 D=0200 H=1E30>0000 S=FFE4>1E2C P=1E03 DAD  D
C0Z0M1E0I1 A=80 B=0100 D=0200 H=2030>B8ED S=FFE4>1E2C P=1E04 XCHG 
C0Z0M1E0I1 A=80 B=0100 D=2030 H=0200>00D7 S=FFE4>1E2C P=1E05 POP  H
C0Z0M1E0I1 A=80 B=0100 D=2030 H=1E2C>9F63 S=FFE6>1E2C P=1E06 LXI  B,0004
C0Z0M1E0I1 A=80 B=0004 D=2030 H=1E2C>9F63 S=FFE6>1E2C P=1E09 LDAX D
C0Z0M1E0I1 A=ED B=0004 D=2030 H=1E2C>9F63 S=FFE6>1E2C P=1E0A XRA  B
C0Z0M1E1I0 A=ED B=0004 D=2030 H=1E2C>9F63 S=FFE6>1E2C P=1E0B MOV  B,M
C0Z0M1E1I0 A=ED B=6304 D=2030 H=1E2C>9F63 S=FFE6>1E2C P=1E0C MOV  M,A
C0Z0M1E1I0 A=ED B=6304 D=2030 H=1E2C>9FED S=FFE6>1E2C P=1E0D INX  D
C0Z0M1E1I0 A=ED B=6304 D=2031 H=1E2C>9FED S=FFE6>1E2C P=1E0E INX  H
C0Z0M1E1I0 A=ED B=6304 D=2031 H=1E2D>5A9F S=FFE6>1E2C P=1E0F DCR  C
C0Z0M0E0I0 A=ED B=6303 D=2031 H=1E2D>5A9F S=FFE6>1E2C P=1E10 JNZ  1E09
C0Z0M0E0I0 A=ED B=6303 D=2031 H=1E2D>5A9F S=FFE6>1E2C P=1E09 LDAX D
C0Z0M0E0I0 A=B8 B=6303 D=2031 H=1E2D>5A9F S=FFE6>1E2C P=1E0A XRA  B
C0Z0M1E1I0 A=DB B=6303 D=2031 H=1E2D>5A9F S=FFE6>1E2C P=1E0B MOV  B,M
C0Z0M1E1I0 A=DB B=9F03 D=2031 H=1E2D>5A9F S=FFE6>1E2C P=1E0C MOV  M,A
C0Z0M1E1I0 A=DB B=9F03 D=2031 H=1E2D>5ADB S=FFE6>1E2C P=1E0D INX  D
C0Z0M1E1I0 A=DB B=9F03 D=2032 H=1E2D>5ADB S=FFE6>1E2C P=1E0E INX  H
C0Z0M1E1I0 A=DB B=9F03 D=2032 H=1E2E>145A S=FFE6>1E2C P=1E0F DCR  C
C0Z0M0E0I0 A=DB B=9F02 D=2032 H=1E2E>145A S=FFE6>1E2C P=1E10 JNZ  1E09
C0Z0M0E0I0 A=DB B=9F02 D=2032 H=1E2E>145A S=FFE6>1E2C P=1E09 LDAX D
C0Z0M0E0I0 A=83 B=9F02 D=2032 H=1E2E>145A S=FFE6>1E2C P=1E0A XRA  B
C0Z0M0E0I0 A=1C B=9F02 D=2032 H=1E2E>145A S=FFE6>1E2C P=1E0B MOV  B,M
C0Z0M0E0I0 A=1C B=5A02 D=2032 H=1E2E>145A S=FFE6>1E2C P=1E0C MOV  M,A
C0Z0M0E0I0 A=1C B=5A02 D=2032 H=1E2E>141C S=FFE6>1E2C P=1E0D INX  D
C0Z0M0E0I0 A=1C B=5A02 D=2033 H=1E2E>141C S=FFE6>1E2C P=1E0E INX  H
C0Z0M0E0I0 A=1C B=5A02 D=2033 H=1E2F>0014 S=FFE6>1E2C P=1E0F DCR  C
C0Z0M0E0I0 A=1C B=5A01 D=2033 H=1E2F>0014 S=FFE6>1E2C P=1E10 JNZ  1E09
C0Z0M0E0I0 A=1C B=5A01 D=2033 H=1E2F>0014 S=FFE6>1E2C P=1E09 LDAX D
C0Z0M0E0I0 A=20 B=5A01 D=2033 H=1E2F>0014 S=FFE6>1E2C P=1E0A XRA  B
C0Z0M0E0I0 A=7A B=5A01 D=2033 H=1E2F>0014 S=FFE6>1E2C P=1E0B MOV  B,M
C0Z0M0E0I0 A=7A B=1401 D=2033 H=1E2F>0014 S=FFE6>1E2C P=1E0C MOV  M,A
C0Z0M0E0I0 A=7A B=1401 D=2033 H=1E2F>007A S=FFE6>1E2C P=1E0D INX  D
C0Z0M0E0I0 A=7A B=1401 D=2034 H=1E2F>007A S=FFE6>1E2C P=1E0E INX  H
C0Z0M0E0I0 A=7A B=1401 D=2034 H=1E30>0000 S=FFE6>1E2C P=1E0F DCR  C
C0Z1M0E0I0 A=7A B=1400 D=2034 H=1E30>0000 S=FFE6>1E2C P=1E10 JNZ  1E09
C0Z1M0E0I0 A=7A B=1400 D=2034 H=1E30>0000 S=FFE6>1E2C P=1E13 POP  H
C0Z1M0E0I0 A=7A B=1400 D=2034 H=1E2C>DBED S=FFE8>1D32 P=1E14 POP  D
C0Z1M0E0I0 A=7A B=1400 D=1D32 H=1E2C>DBED S=FFEA>0100 P=1E15 POP  B
C0Z1M0E0I0 A=7A B=0100 D=1D32 H=1E2C>DBED S=FFEC>9402 P=1E16 POP  PSW
C0Z0M0E0I0 A=94 B=0100 D=1D32 H=1E2C>DBED S=FFEE>1D19 P=1E17 RET  
C0Z0M0E0I0 A=94 B=0100 D=1D32 H=1E2C>DBED S=FFF0>053C P=1D19 DCR  B
C0Z1M0E0I0 A=94 B=0000 D=1D32 H=1E2C>DBED S=FFF0>053C P=1D1A JNZ  1D14
C0Z1M0E0I0 A=94 B=0000 D=1D32 H=1E2C>DBED S=FFF0>053C P=1D1D POP  H
C0Z1M0E0I0 A=94 B=0000 D=1D32 H=053C>1000 S=FFF2>0113 P=1D1E POP  D
C0Z1M0E0I0 A=94 B=0000 D=0113 H=053C>1000 S=FFF4>002C P=1D1F POP  B
C0Z1M0E0I0 A=94 B=002C D=0113 H=053C>1000 S=FFF6>CD8B P=1D20 POP  PSW
C1Z0M1E0I0 A=CD B=002C D=0113 H=053C>1000 S=FFF8>1AE3 P=1D21 RET  
C1Z0M1E0I0 A=CD B=002C D=0113 H=053C>1000 S=FFFA>0528 P=1AE3 CALL 1C2E
C1Z0M1E0I0 A=CD B=002C D=0113 H=053C>1000 S=FFF8>1AE6 P=1C2E PUSH B
C1Z0M1E0I0 A=CD B=002C D=0113 H=053C>1000 S=FFF6>002C P=1C2F PUSH D
C1Z0M1E0I0 A=CD B=002C D=0113 H=053C>1000 S=FFF4>0113 P=1C30 PUSH H
C1Z0M1E0I0 A=CD B=002C D=0113 H=053C>1000 S=FFF2>053C P=1C31 LXI  H,1C7F
C1Z0M1E0I0 A=CD B=002C D=0113 H=1C7F>0001 S=FFF2>053C P=1C34 LXI  D,0014
C1Z0M1E0I0 A=CD B=002C D=0014 H=1C7F>0001 S=FFF2>053C P=1C37 XCHG 
C1Z0M1E0I0 A=CD B=002C D=1C7F H=0014>B0ED S=FFF2>053C P=1C38 DAD  D
C0Z0M1E0I0 A=CD B=002C D=1C7F H=1C93>0800 S=FFF2>053C P=1C39 XCHG 
C0Z0M1E0I0 A=CD B=002C D=1C93 H=1C7F>0001 S=FFF2>053C P=1C3A INR  M
C0Z0M0E0I0 A=CD B=002C D=1C93 H=1C7F>0002 S=FFF2>053C P=1C3B MOV  A,M
C0Z0M0E0I0 A=02 B=002C D=1C93 H=1C7F>0002 S=FFF2>053C P=1C3C CPI  00
C0Z0M0E0I0 A=02 B=002C D=1C93 H=1C7F>0002 S=FFF2>053C P=1C3E JZ   1C4D
C0Z0M0E0I0 A=02 B=002C D=1C93 H=1C7F>0002 S=FFF2>053C P=1C41 MOV  B,A
C0Z0M0E0I0 A=02 B=022C D=1C93 H=1C7F>0002 S=FFF2>053C P=1C42 LDAX D
C0Z0M0E0I0 A=00 B=022C D=1C93 H=1C7F>0002 S=FFF2>053C P=1C43 ANA  B
C0Z1M0E1I1 A=00 B=022C D=1C93 H=1C7F>0002 S=FFF2>053C P=1C44 JZ   1C49
C0Z1M0E1I1 A=00 B=022C D=1C93 H=1C7F>0002 S=FFF2>053C P=1C49 POP  B
C0Z1M0E1I1 A=00 B=053C D=1C93 H=1C7F>0002 S=FFF4>0113 P=1C4A POP  D
C0Z1M0E1I1 A=00 B=053C D=0113 H=1C7F>0002 S=FFF6>002C P=1C4B POP  H
C0Z1M0E1I1 A=00 B=053C D=0113 H=002C>D330 S=FFF8>1AE6 P=1C4C RET  
C0Z1M0E1I1 A=00 B=053C D=0113 H=002C>D330 S=FFFA>0528 P=1AE6 CNZ  1C52
C0Z1M0E1I1 A=00 B=053C D=0113 H=002C>D330 S=FFFA>0528 P=1AE9 POP  H
C0Z1M0E1I1 A=00 B=053C D=0113 H=0528>A9ED S=FFFC>0163 P=1AEA JZ   1B1F
C0Z1M0E1I1 A=00 B=053C D=0113 H=0528>A9ED S=FFFC>0163 P=1B1F PUSH H
C0Z1M0E1I1 A=00 B=053C D=0113 H=0528>A9ED S=FFFA>0528 P=1B20 MVI  A,01
C0Z1M0E1I1 A=01 B=053C D=0113 H=0528>A9ED S=FFFA>0528 P=1B22 STA  1B95
C0Z1M0E1I1 A=01 B=053C D=0113 H=0528>A9ED S=FFFA>0528 P=1B25 STA  1BB9
C0Z1M0E1I1 A=01 B=053C D=0113 H=0528>A9ED S=FFFA>0528 P=1B28 LXI  H,1C7F
C0Z1M0E1I1 A=01 B=053C D=0113 H=1C7F>0002 S=FFFA>0528 P=1B2B SHLD 1B96
C0Z1M0E1I1 A=01 B=053C D=0113 H=1C7F>0002 S=FFFA>0528 P=1B2E LXI  H,1CA7
C0Z1M0E1I1 A=01 B=053C D=0113 H=1CA7>0001 S=FFFA>0528 P=1B31 SHLD 1BBA
C0Z1M0E1I1 A=01 B=053C D=0113 H=1CA7>0001 S=FFFA>0528 P=1B34 MVI  B,04
C0Z1M0E1I1 A=01 B=043C D=0113 H=1CA7>0001 S=FFFA>0528 P=1B36 POP  H
C0Z1M0E1I1 A=01 B=043C D=0113 H=0528>A9ED S=FFFC>0163 P=1B37 PUSH H
C0Z1M0E1I1 A=01 B=043C D=0113 H=0528>A9ED S=FFFA>0528 P=1B38 LXI  D,1CE7
C0Z1M0E1I1 A=01 B=043C D=1CE7 H=0528>A9ED S=FFFA>0528 P=1B3B CALL 1B49
C0Z1M0E1I1 A=01 B=043C D=1CE7 H=0528>A9ED S=FFF8>1B3E P=1B49 CALL 1B52
C0Z1M0E1I1 A=01 B=043C D=1CE7 H=0528>A9ED S=FFF6>1B4C P=1B52 PUSH B
C0Z1M0E1I1 A=01 B=043C D=1CE7 H=0528>A9ED S=FFF4>043C P=1B53 PUSH D
C0Z1M0E1I1 A=01 B=043C D=1CE7 H=0528>A9ED S=FFF2>1CE7 P=1B54 PUSH H
C0Z1M0E1I1 A=01 B=043C D=1CE7 H=0528>A9ED S=FFF0>0528 P=1B55 MOV  C,M
C0Z1M0E1I1 A=01 B=04ED D=1CE7 H=0528>A9ED S=FFF0>0528 P=1B56 LXI  D,0014
C0Z1M0E1I1 A=01 B=04ED D=0014 H=0528>A9ED S=FFF0>0528 P=1B59 DAD  D
C0Z1M0E1I0 A=01 B=04ED D=0014 H=053C>1000 S=FFF0>0528 P=1B5A MOV  A,M
C0Z1M0E1I0 A=00 B=04ED D=0014 H=053C>1000 S=FFF0>0528 P=1B5B CPI  00
C0Z1M0E0I0 A=00 B=04ED D=0014 H=053C>1000 S=FFF0>0528 P=1B5D JZ   1B73
C0Z1M0E0I0 A=00 B=04ED D=0014 H=053C>1000 S=FFF0>0528 P=1B73 LXI  D,0014
C0Z1M0E0I0 A=00 B=04ED D=0014 H=053C>1000 S=FFF0>0528 P=1B76 DAD  D
C0Z1M0E0I0 A=00 B=04ED D=0014 H=0550>0000 S=FFF0>0528 P=1B77 MOV  A,M
C0Z1M0E0I0 A=00 B=04ED D=0014 H=0550>0000 S=FFF0>0528 P=1B78 CPI  00
C0Z1M0E0I0 A=00 B=04ED D=0014 H=0550>0000 S=FFF0>0528 P=1B7A JZ   1B8E
C0Z1M0E0I0 A=00 B=04ED D=0014 H=0550>0000 S=FFF0>0528 P=1B8E POP  H
C0Z1M0E0I0 A=00 B=04ED D=0014 H=0528>A9ED S=FFF2>1CE7 P=1B8F POP  D
C0Z1M0E0I0 A=00 B=04ED D=1CE7 H=0528>A9ED S=FFF4>043C P=1B90 MOV  A,C
C0Z1M0E0I0 A=ED B=04ED D=1CE7 H=0528>A9ED S=FFF4>043C P=1B91 STAX D
C0Z1M0E0I0 A=ED B=04ED D=1CE7 H=0528>A9ED S=FFF4>043C P=1B92 INX  D
C0Z1M0E0I0 A=ED B=04ED D=1CE8 H=0528>A9ED S=FFF4>043C P=1B93 POP  B
C0Z1M0E0I0 A=ED B=043C D=1CE8 H=0528>A9ED S=FFF6>1B4C P=1B94 RET  
C0Z1M0E0I0 A=ED B=043C D=1CE8 H=0528>A9ED S=FFF8>1B3E P=1B4C INX  H
C0Z1M0E0I0 A=ED B=043C D=1CE8 H=0529>00A9 S=FFF8>1B3E P=1B4D DCR  B
C0Z0M0E0I0 A=ED B=033C D=1CE8 H=0529>00A9 S=FFF8>1B3E P=1B4E JNZ  1B49
C0Z0M0E0I0 A=ED B=033C D=1CE8 H=0529>00A9 S=FFF8>1B3E P=1B49 CALL 1B52
C0Z0M0E0I0 A=ED B=033C D=1CE8 H=0529>00A9 S=FFF6>1B4C P=1B52 PUSH B
C0Z0M0E0I0 A=ED B=033C D=1CE8 H=0529>00A9 S=FFF4>033C P=1B53 PUSH D
C0Z0M0E0I0 A=ED B=033C D=1CE8 H=0529>00A9 S=FFF2>1CE8 P=1B54 PUSH H
C0Z0M0E0I0 A=ED B=033C D=1CE8 H=0529>00A9 S=FFF0>0529 P=1B55 MOV  C,M
C0Z0M0E0I0 A=ED B=03A9 D=1CE8 H=0529>00A9 S=FFF0>0529 P=1B56 LXI  D,0014
C0Z0M0E0I0 A=ED B=03A9 D=0014 H=0529>00A9 S=FFF0>0529 P=1B59 DAD  D
C0Z0M0E0I0 A=ED B=03A9 D=0014 H=053D>0010 S=FFF0>0529 P=1B5A MOV  A,M
C0Z0M0E0I0 A=10 B=03A9 D=0014 H=053D>0010 S=FFF0>0529 P=1B5B CPI  00
C0Z0M0E0I0 A=10 B=03A9 D=0014 H=053D>0010 S=FFF0>0529 P=1B5D JZ   1B73
C0Z0M0E0I0 A=10 B=03A9 D=0014 H=053D>0010 S=FFF0>0529 P=1B60 MVI  B,08
C0Z0M0E0I0 A=10 B=08A9 D=0014 H=053D>0010 S=FFF0>0529 P=1B62 RRC  
C0Z0M0E0I0 A=08 B=08A9 D=0014 H=053D>0010 S=FFF0>0529 P=1B63 PUSH PSW
C0Z0M0E0I0 A=08 B=08A9 D=0014 H=053D>0010 S=FFEE>0808 P=1B64 MVI  A,00
C0Z0M0E0I0 A=00 B=08A9 D=0014 H=053D>0010 S=FFEE>0808 P=1B66 CC   1B98
C0Z0M0E0I0 A=00 B=08A9 D=0014 H=053D>0010 S=FFEE>0808 P=1B69 XRA  C
C0Z0M1E1I0 A=A9 B=08A9 D=0014 H=053D>0010 S=FFEE>0808 P=1B6A RRC  
C1Z0M1E1I0 A=D4 B=08A9 D=0014 H=053D>0010 S=FFEE>0808 P=1B6B MOV  C,A
C1Z0M1E1I0 A=D4 B=08D4 D=0014 H=053D>0010 S=FFEE>0808 P=1B6C POP  PSW
C0Z0M0E0I0 A=08 B=08D4 D=0014 H=053D>0010 S=FFF0>0529 P=1B6D DCR  B
C0Z0M0E0I0 A=08 B=07D4 D=0014 H=053D>0010 S=FFF0>0529 P=1B6E JNZ  1B62
C0Z0M0E0I0 A=08 B=07D4 D=0014 H=053D>0010 S=FFF0>0529 P=1B62 RRC  
C0Z0M0E0I0 A=04 B=07D4 D=0014 H=053D>0010 S=FFF0>0529 P=1B63 PUSH PSW
C0Z0M0E0I0 A=04 B=07D4 D=0014 H=053D>0010 S=FFEE>0400 P=1B64 MVI  A,00
C0Z0M0E0I0 A=00 B=07D4 D=0014 H=053D>0010 S=FFEE>0400 P=1B66 CC   1B98
C0Z0M0E0I0 A=00 B=07D4 D=0014 H=053D>0010 S=FFEE>0400 P=1B69 XRA  C
C0Z0M1E1I0 A=D4 B=07D4 D=0014 H=053D>0010 S=FFEE>0400 P=1B6A RRC  
C0Z0M1E1I0 A=6A B=07D4 D=0014 H=053D>0010 S=FFEE>0400 P=1B6B MOV  C,A
C0Z0M1E1I0 A=6A B=076A D=0014 H=053D>0010 S=FFEE>0400 P=1B6C POP  PSW
C0Z0M0E0I0 A=04 B=076A D=0014 H=053D>0010 S=FFF0>0529 P=1B6D DCR  B
C0Z0M0E0I0 A=04 B=066A D=0014 H=053D>0010 S=FFF0>0529 P=1B6E JNZ  1B62
C0Z0M0E0I0 A=04 B=066A D=0014 H=053D>0010 S=FFF0>0529 P=1B62 RRC  
C0Z0M0E0I0 A=02 B=066A D=0014 H=053D>0010 S=FFF0>0529 P=1B63 PUSH PSW
C0Z0M0E0I0 A=02 B=066A D=0014 H=053D>0010 S=FFEE>0200 P=1B64 MVI  A,00
C0Z0M0E0I0 A=00 B=066A D=0014 H=053D>0010 S=FFEE>0200 P=1B66 CC   1B98
C0Z0M0E0I0 A=00 B=066A D=0014 H=053D>0010 S=FFEE>0200 P=1B69 XRA  C
C0Z0M0E1I0 A=6A B=066A D=0014 H=053D>0010 S=FFEE>0200 P=1B6A RRC  
C0Z0M0E1I0 A=35 B=066A D=0014 H=053D>0010 S=FFEE>0200 P=1B6B MOV  C,A
C0Z0M0E1I0 A=35 B=0635 D=0014 H=053D>0010 S=FFEE>0200 P=1B6C POP  PSW
C0Z0M0E0I0 A=02 B=0635 D=0014 H=053D>0010 S=FFF0>0529 P=1B6D DCR  B
C0Z0M0E0I0 A=02 B=0535 D=0014 H=053D>0010 S=FFF0>0529 P=1B6E JNZ  1B62
C0Z0M0E0I0 A=02 B=0535 D=0014 H=053D>0010 S=FFF0>0529 P=1B62 RRC  
C0Z0M0E0I0 A=01 B=0535 D=0014 H=053D>0010 S=FFF0>0529 P=1B63 PUSH PSW
C0Z0M0E0I0 A=01 B=0535 D=0014 H=053D>0010 S=FFEE>0100 P=1B64 MVI  A,00
C0Z0M0E0I0 A=00 B=0535 D=0014 H=053D>0010 S=FFEE>0100 P=1B66 CC   1B98
C0Z0M0E0I0 A=00 B=0535 D=0014 H=053D>0010 S=FFEE>0100 P=1B69 XRA  C
C0Z0M0E1I0 A=35 B=0535 D=0014 H=053D>0010 S=FFEE>0100 P=1B6A RRC  
C1Z0M0E1I0 A=9A B=0535 D=0014 H=053D>0010 S=FFEE>0100 P=1B6B MOV  C,A
C1Z0M0E1I0 A=9A B=059A D=0014 H=053D>0010 S=FFEE>0100 P=1B6C POP  PSW
C0Z0M0E0I0 A=01 B=059A D=0014 H=053D>0010 S=FFF0>0529 P=1B6D DCR  B
C0Z0M0E0I0 A=01 B=049A D=0014 H=053D>0010 S=FFF0>0529 P=1B6E JNZ  1B62
C0Z0M0E0I0 A=01 B=049A D=0014 H=053D>0010 S=FFF0>0529 P=1B62 RRC  
C1Z0M0E0I0 A=80 B=049A D=0014 H=053D>0010 S=FFF0>0529 P=1B63 PUSH PSW
C1Z0M0E0I0 A=80 B=049A D=0014 H=053D>0010 S=FFEE>8001 P=1B64 MVI  A,00
C1Z0M0E0I0 A=00 B=049A D=0014 H=053D>0010 S=FFEE>8001 P=1B66 CC   1B98
C1Z0M0E0I0 A=00 B=049A D=0014 H=053D>0010 S=FFEC>1B69 P=1B98 PUSH B
C1Z0M0E0I0 A=00 B=049A D=0014 H=053D>0010 S=FFEA>049A P=1B99 PUSH H
C1Z0M0E0I0 A=00 B=049A D=0014 H=053D>0010 S=FFE8>053D P=1B9A LHLD 1B96
C1Z0M0E0I0 A=00 B=049A D=0014 H=1C7F>0002 S=FFE8>053D P=1B9D MOV  B,M
C1Z0M0E0I0 A=00 B=029A D=0014 H=1C7F>0002 S=FFE8>053D P=1B9E LXI  H,1B95
C1Z0M0E0I0 A=00 B=029A D=0014 H=1B95>7F01 S=FFE8>053D P=1BA1 MOV  A,M
C1Z0M0E0I0 A=01 B=029A D=0014 H=1B95>7F01 S=FFE8>053D P=1BA2 MOV  C,A
C1Z0M0E0I0 A=01 B=0201 D=0014 H=1B95>7F01 S=FFE8>053D P=1BA3 RLC  
C0Z0M0E0I0 A=02 B=0201 D=0014 H=1B95>7F01 S=FFE8>053D P=1BA4 MOV  M,A
C0Z0M0E0I0 A=02 B=0201 D=0014 H=1B95>7F02 S=FFE8>053D P=1BA5 CPI  01
C0Z0M0E0I0 A=02 B=0201 D=0014 H=1B95>7F02 S=FFE8>053D P=1BA7 JNZ  1BB1
C0Z0M0E0I0 A=02 B=0201 D=0014 H=1B95>7F02 S=FFE8>053D P=1BB1 MOV  A,B
C0Z0M0E0I0 A=02 B=0201 D=0014 H=1B95>7F02 S=FFE8>053D P=1BB2 ANA  C
C0Z1M0E1I1 A=00 B=0201 D=0014 H=1B95>7F02 S=FFE8>053D P=1BB3 POP  H
C0Z1M0E1I1 A=00 B=0201 D=0014 H=053D>0010 S=FFEA>049A P=1BB4 POP  B
C0Z1M0E1I1 A=00 B=049A D=0014 H=053D>0010 S=FFEC>1B69 P=1BB5 RZ   
C0Z1M0E1I1 A=00 B=049A D=0014 H=053D>0010 S=FFEE>8001 P=1B69 XRA  C
C0Z0M1E1I0 A=9A B=049A D=0014 H=053D>0010 S=FFEE>8001 P=1B6A RRC  
C0Z0M1E1I0 A=4D B=049A D=0014 H=053D>0010 S=FFEE>8001 P=1B6B MOV  C,A
C0Z0M1E1I0 A=4D B=044D D=0014 H=053D>0010 S=FFEE>8001 P=1B6C POP  PSW
C1Z0M0E0I0 A=80 B=044D D=0014 H=053D>0010 S=FFF0>0529 P=1B6D DCR  B
C1Z0M0E0I0 A=80 B=034D D=0014 H=053D>0010 S=FFF0>0529 P=1B6E JNZ  1B62
C1Z0M0E0I0 A=80 B=034D D=0014 H=053D>0010 S=FFF0>0529 P=1B62 RRC  
C0Z0M0E0I0 A=40 B=034D D=0014 H=053D>0010 S=FFF0>0529 P=1B63 PUSH PSW
C0Z0M0E0I0 A=40 B=034D D=0014 H=053D>0010 S=FFEE>4000 P=1B64 MVI  A,00
C0Z0M0E0I0 A=00 B=034D D=0014 H=053D>0010 S=FFEE>4000 P=1B66 CC   1B98
C0Z0M0E0I0 A=00 B=034D D=0014 H=053D>0010 S=FFEE>4000 P=1B69 XRA  C
C0Z0M0E1I0 A=4D B=034D D=0014 H=053D>0010 S=FFEE>4000 P=1B6A RRC  
C1Z0M0E1I0 A=A6 B=034D D=0014 H=053D>0010 S=FFEE>4000 P=1B6B MOV  C,A
C1Z0M0E1I0 A=A6 B=03A6 D=0014 H=053D>0010 S=FFEE>4000 P=1B6C POP  PSW
C0Z0M0E0I0 A=40 B=03A6 D=0014 H=053D>0010 S=FFF0>0529 P=1B6D DCR  B
C0Z0M0E0I0 A=40 B=02A6 D=0014 H=053D>0010 S=FFF0>0529 P=1B6E JNZ  1B62
C0Z0M0E0I0 A=40 B=02A6 D=0014 H=053D>0010 S=FFF0>0529 P=1B62 RRC  
C0Z0M0E0I0 A=20 B=02A6 D=0014 H=053D>0010 S=FFF0>0529 P=1B63 PUSH PSW
C0Z0M0E0I0 A=20 B=02A6 D=0014 H=053D>0010 S=FFEE>2020 P=1B64 MVI  A,00
C0Z0M0E0I0 A=00 B=02A6 D=0014 H=053D>0010 S=FFEE>2020 P=1B66 CC   1B98
C0Z0M0E0I0 A=00 B=02A6 D=0014 H=053D>0010 S=FFEE>2020 P=1B69 XRA  C
C0Z0M1E1I0 A=A6 B=02A6 D=0014 H=053D>0010 S=FFEE>2020 P=1B6A RRC  
C0Z0M1E1I0 A=53 B=02A6 D=0014 H=053D>0010 S=FFEE>2020 P=1B6B MOV  C,A
C0Z0M1E1I0 A=53 B=0253 D=0014 H=053D>0010 S=FFEE>2020 P=1B6C POP  PSW
C0Z0M0E0I0 A=20 B=0253 D=0014 H=053D>0010 S=FFF0>0529 P=1B6D DCR  B
C0Z0M0E0I0 A=20 B=0153 D=0014 H=053D>0010 S=FFF0>0529 P=1B6E JNZ  1B62
C0Z0M0E0I0 A=20 B=0153 D=0014 H=053D>0010 S=FFF0>0529 P=1B62 RRC  
C0Z0M0E0I0 A=10 B=0153 D=0014 H=053D>0010 S=FFF0>0529 P=1B63 PUSH PSW
C0Z0M0E0I0 A=10 B=0153 D=0014 H=053D>0010 S=FFEE>1000 P=1B64 MVI  A,00
C0Z0M0E0I0 A=00 B=0153 D=0014 H=053D>0010 S=FFEE>1000 P=1B66 CC   1B98
C0Z0M0E0I0 A=00 B=0153 D=0014 H=053D>0010 S=FFEE>1000 P=1B69 XRA  C
C0Z0M0E1I0 A=53 B=0153 D=0014 H=053D>0010 S=FFEE>1000 P=1B6A RRC  
C1Z0M0E1I0 A=A9 B=0153 D=0014 H=053D>0010 S=FFEE>1000 P=1B6B MOV  C,A
C1Z0M0E1I0 A=A9 B=01A9 D=0014 H=053D>0010 S=FFEE>1000 P=1B6C POP  PSW
C0Z0M0E0I0 A=10 B=01A9 D=0014 H=053D>0010 S=FFF0>0529 P=1B6D DCR  B
C0Z1M0E0I0 A=10 B=00A9 D=0014 H=053D>0010 S=FFF0>0529 P=1B6E JNZ  1B62
C0Z1M0E0I0 A=10 B=00A9 D=0014 H=053D>0010 S=FFF0>0529 P=1B71 MVI  B,08
C0Z1M0E0I0 A=10 B=08A9 D=0014 H=053D>0010 S=FFF0>0529 P=1B73 LXI  D,0014
C0Z1M0E0I0 A=10 B=08A9 D=0014 H=053D>0010 S=FFF0>0529 P=1B76 DAD  D
C0Z1M0E0I0 A=10 B=08A9 D=0014 H=0551>0000 S=FFF0>0529 P=1B77 MOV  A,M
C0Z1M0E0I0 A=00 B=08A9 D=0014 H=0551>0000 S=FFF0>0529 P=1B78 CPI  00
C0Z1M0E0I0 A=00 B=08A9 D=0014 H=0551>0000 S=FFF0>0529 P=1B7A JZ   1B8E
C0Z1M0E0I0 A=00 B=08A9 D=0014 H=0551>0000 S=FFF0>0529 P=1B8E POP  H
C0Z1M0E0I0 A=00 B=08A9 D=0014 H=0529>00A9 S=FFF2>1CE8 P=1B8F POP  D
C0Z1M0E0I0 A=00 B=08A9 D=1CE8 H=0529>00A9 S=FFF4>033C P=1B90 MOV  A,C
C0Z1M0E0I0 A=A9 B=08A9 D=1CE8 H=0529>00A9 S=FFF4>033C P=1B91 STAX D
C0Z1M0E0I0 A=A9 B=08A9 D=1CE8 H=0529>00A9 S=FFF4>033C P=1B92 INX  D
C0Z1M0E0I0 A=A9 B=08A9 D=1CE9 H=0529>00A9 S=FFF4>033C P=1B93 POP  B
C0Z1M0E0I0 A=A9 B=033C D=1CE9 H=0529>00A9 S=FFF6>1B4C P=1B94 RET  
C0Z1M0E0I0 A=A9 B=033C D=1CE9 H=0529>00A9 S=FFF8>1B3E P=1B4C INX  H
C0Z1M0E0I0 A=A9 B=033C D=1CE9 H=052A>0000 S=FFF8>1B3E P=1B4D DCR  B
C0Z0M0E0I0 A=A9 B=023C D=1CE9 H=052A>0000 S=FFF8>1B3E P=1B4E JNZ  1B49
C0Z0M0E0I0 A=A9 B=023C D=1CE9 H=052A>0000 S=FFF8>1B3E P=1B49 CALL 1B52
C0Z0M0E0I0 A=A9 B=023C D=1CE9 H=052A>0000 S=FFF6>1B4C P=1B52 PUSH B
C0Z0M0E0I0 A=A9 B=023C D=1CE9 H=052A>0000 S=FFF4>023C P=1B53 PUSH D
C0Z0M0E0I0 A=A9 B=023C D=1CE9 H=052A>0000 S=FFF2>1CE9 P=1B54 PUSH H
C0Z0M0E0I0 A=A9 B=023C D=1CE9 H=052A>0000 S=FFF0>052A P=1B55 MOV  C,M
C0Z0M0E0I0 A=A9 B=0200 D=1CE9 H=052A>0000 S=FFF0>052A P=1B56 LXI  D,0014
C0Z0M0E0I0 A=A9 B=0200 D=0014 H=052A>0000 S=FFF0>052A P=1B59 DAD  D
C0Z0M0E0I0 A=A9 B=0200 D=0014 H=053E>0000 S=FFF0>052A P=1B5A MOV  A,M
C0Z0M0E0I0 A=00 B=0200 D=0014 H=053E>0000 S=FFF0>052A P=1B5B CPI  00
C0Z1M0E0I0 A=00 B=0200 D=0014 H=053E>0000 S=FFF0>052A P=1B5D JZ   1B73
C0Z1M0E0I0 A=00 B=0200 D=0014 H=053E>0000 S=FFF0>052A P=1B73 LXI  D,0014
C0Z1M0E0I0 A=00 B=0200 D=0014 H=053E>0000 S=FFF0>052A P=1B76 DAD  D
C0Z1M0E0I0 A=00 B=0200 D=0014 H=0552>0000 S=FFF0>052A P=1B77 MOV  A,M
C0Z1M0E0I0 A=00 B=0200 D=0014 H=0552>0000 S=FFF0>052A P=1B78 CPI  00
C0Z1M0E0I0 A=00 B=0200 D=0014 H=0552>0000 S=FFF0>052A P=1B7A JZ   1B8E
C0Z1M0E0I0 A=00 B=0200 D=0014 H=0552>0000 S=FFF0>052A P=1B8E POP  H
C0Z1M0E0I0 A=00 B=0200 D=0014 H=052A>0000 S=FFF2>1CE9 P=1B8F POP  D
C0Z1M0E0I0 A=00 B=0200 D=1CE9 H=052A>0000 S=FFF4>023C P=1B90 MOV  A,C
C0Z1M0E0I0 A=00 B=0200 D=1CE9 H=052A>0000 S=FFF4>023C P=1B91 STAX D
C0Z1M0E0I0 A=00 B=0200 D=1CE9 H=052A>0000 S=FFF4>023C P=1B92 INX  D
C0Z1M0E0I0 A=00 B=0200 D=1CEA H=052A>0000 S=FFF4>023C P=1B93 POP  B
C0Z1M0E0I0 A=00 B=023C D=1CEA H=052A>0000 S=FFF6>1B4C P=1B94 RET  
C0Z1M0E0I0 A=00 B=023C D=1CEA H=052A>0000 S=FFF8>1B3E P=1B4C INX  H
C0Z1M0E0I0 A=00 B=023C D=1CEA H=052B>B600 S=FFF8>1B3E P=1B4D DCR  B
C0Z0M0E0I0 A=00 B=013C D=1CEA H=052B>B600 S=FFF8>1B3E P=1B4E JNZ  1B49
C0Z0M0E0I0 A=00 B=013C D=1CEA H=052B>B600 S=FFF8>1B3E P=1B49 CALL 1B52
C0Z0M0E0I0 A=00 B=013C D=1CEA H=052B>B600 S=FFF6>1B4C P=1B52 PUSH B
C0Z0M0E0I0 A=00 B=013C D=1CEA H=052B>B600 S=FFF4>013C P=1B53 PUSH D
C0Z0M0E0I0 A=00 B=013C D=1CEA H=052B>B600 S=FFF2>1CEA P=1B54 PUSH H
C0Z0M0E0I0 A=00 B=013C D=1CEA H=052B>B600 S=FFF0>052B P=1B55 MOV  C,M
C0Z0M0E0I0 A=00 B=0100 D=1CEA H=052B>B600 S=FFF0>052B P=1B56 LXI  D,0014
C0Z0M0E0I0 A=00 B=0100 D=0014 H=052B>B600 S=FFF0>052B P=1B59 DAD  D
C0Z0M0E0I0 A=00 B=0100 D=0014 H=053F>0000 S=FFF0>052B P=1B5A MOV  A,M
C0Z0M0E0I0 A=00 B=0100 D=0014 H=053F>0000 S=FFF0>052B P=1B5B CPI  00
C0Z1M0E0I0 A=00 B=0100 D=0014 H=053F>0000 S=FFF0>052B P=1B5D JZ   1B73
C0Z1M0E0I0 A=00 B=0100 D=0014 H=053F>0000 S=FFF0>052B P=1B73 LXI  D,0014
C0Z1M0E0I0 A=00 B=0100 D=0014 H=053F>0000 S=FFF0>052B P=1B76 DAD  D
C0Z1M0E0I0 A=00 B=0100 D=0014 H=0553>0000 S=FFF0>052B P=1B77 MOV  A,M
C0Z1M0E0I0 A=00 B=0100 D=0014 H=0553>0000 S=FFF0>052B P=1B78 CPI  00
C0Z1M0E0I0 A=00 B=0100 D=0014 H=0553>0000 S=FFF0>052B P=1B7A JZ   1B8E
C0Z1M0E0I0 A=00 B=0100 D=0014 H=0553>0000 S=FFF0>052B P=1B8E POP  H
C0Z1M0E0I0 A=00 B=0100 D=0014 H=052B>B600 S=FFF2>1CEA P=1B8F POP  D
C0Z1M0E0I0 A=00 B=0100 D=1CEA H=052B>B600 S=FFF4>013C P=1B90 MOV  A,C
C0Z1M0E0I0 A=00 B=0100 D=1CEA H=052B>B600 S=FFF4>013C P=1B91 STAX D
C0Z1M0E0I0 A=00 B=0100 D=1CEA H=052B>B600 S=FFF4>013C P=1B92 INX  D
C0Z1M0E0I0 A=00 B=0100 D=1CEB H=052B>B600 S=FFF4>013C P=1B93 POP  B
C0Z1M0E0I0 A=00 B=013C D=1CEB H=052B>B600 S=FFF6>1B4C P=1B94 RET  
C0Z1M0E0I0 A=00 B=013C D=1CEB H=052B>B600 S=FFF8>1B3E P=1B4C INX  H
C0Z1M0E0I0 A=00 B=013C D=1CEB H=052C>C7B6 S=FFF8>1B3E P=1B4D DCR  B
C0Z1M0E0I0 A=00 B=003C D=1CEB H=052C>C7B6 S=FFF8>1B3E P=1B4E JNZ  1B49
C0Z1M0E0I0 A=00 B=003C D=1CEB H=052C>C7B6 S=FFF8>1B3E P=1B51 RET  
C0Z1M0E0I0 A=00 B=003C D=1CEB H=052C>C7B6 S=FFFA>0528 P=1B3E MVI  B,10
C0Z1M0E0I0 A=00 B=103C D=1CEB H=052C>C7B6 S=FFFA>0528 P=1B40 LXI  D,0103
C0Z1M0E0I0 A=00 B=103C D=0103 H=052C>C7B6 S=FFFA>0528 P=1B43 CALL 1B49
C0Z1M0E0I0 A=00 B=103C D=0103 H=052C>C7B6 S=FFF8>1B46 P=1B49 CALL 1B52
C0Z1M0E0I0 A=00 B=103C D=0103 H=052C>C7B6 S=FFF6>1B4C P=1B52 PUSH B
C0Z1M0E0I0 A=00 B=103C D=0103 H=052C>C7B6 S=FFF4>103C P=1B53 PUSH D
C0Z1M0E0I0 A=00 B=103C D=0103 H=052C>C7B6 S=FFF2>0103 P=1B54 PUSH H
C0Z1M0E0I0 A=00 B=103C D=0103 H=052C>C7B6 S=FFF0>052C P=1B55 MOV  C,M
C0Z1M0E0I0 A=00 B=10B6 D=0103 H=052C>C7B6 S=FFF0>052C P=1B56 LXI  D,0014
C0Z1M0E0I0 A=00 B=10B6 D=0014 H=052C>C7B6 S=FFF0>052C P=1B59 DAD  D
C0Z1M0E0I0 A=00 B=10B6 D=0014 H=0540>0000 S=FFF0>052C P=1B5A MOV  A,M
C0Z1M0E0I0 A=00 B=10B6 D=0014 H=0540>0000 S=FFF0>052C P=1B5B CPI  00
C0Z1M0E0I0 A=00 B=10B6 D=0014 H=0540>0000 S=FFF0>052C P=1B5D JZ   1B73
C0Z1M0E0I0 A=00 B=10B6 D=0014 H=0540>0000 S=FFF0>052C P=1B73 LXI  D,0014
C0Z1M0E0I0 A=00 B=10B6 D=0014 H=0540>0000 S=FFF0>052C P=1B76 DAD  D
C0Z1M0E0I0 A=00 B=10B6 D=0014 H=0554>0000 S=FFF0>052C P=1B77 MOV  A,M
C0Z1M0E0I0 A=00 B=10B6 D=0014 H=0554>0000 S=FFF0>052C P=1B78 CPI  00
C0Z1M0E0I0 A=00 B=10B6 D=0014 H=0554>0000 S=FFF0>052C P=1B7A JZ   1B8E
C0Z1M0E0I0 A=00 B=10B6 D=0014 H=0554>0000 S=FFF0>052C P=1B8E POP  H
C0Z1M0E0I0 A=00 B=10B6 D=0014 H=052C>C7B6 S=FFF2>0103 P=1B8F POP  D
C0Z1M0E0I0 A=00 B=10B6 D=0103 H=052C>C7B6 S=FFF4>103C P=1B90 MOV  A,C
C0Z1M0E0I0 A=B6 B=10B6 D=0103 H=052C>C7B6 S=FFF4>103C P=1B91 STAX D
C0Z1M0E0I0 A=B6 B=10B6 D=0103 H=052C>C7B6 S=FFF4>103C P=1B92 INX  D
C0Z1M0E0I0 A=B6 B=10B6 D=0104 H=052C>C7B6 S=FFF4>103C P=1B93 POP  B
C0Z1M0E0I0 A=B6 B=103C D=0104 H=052C>C7B6 S=FFF6>1B4C P=1B94 RET  
C0Z1M0E0I0 A=B6 B=103C D=0104 H=052C>C7B6 S=FFF8>1B46 P=1B4C INX  H
C0Z1M0E0I0 A=B6 B=103C D=0104 H=052D>B4C7 S=FFF8>1B46 P=1B4D DCR  B
C0Z0M0E0I1 A=B6 B=0F3C D=0104 H=052D>B4C7 S=FFF8>1B46 P=1B4E JNZ  1B49
C0Z0M0E0I1 A=B6 B=0F3C D=0104 H=052D>B4C7 S=FFF8>1B46 P=1B49 CALL 1B52
C0Z0M0E0I1 A=B6 B=0F3C D=0104 H=052D>B4C7 S=FFF6>1B4C P=1B52 PUSH B
C0Z0M0E0I1 A=B6 B=0F3C D=0104 H=052D>B4C7 S=FFF4>0F3C P=1B53 PUSH D
C0Z0M0E0I1 A=B6 B=0F3C D=0104 H=052D>B4C7 S=FFF2>0104 P=1B54 PUSH H
C0Z0M0E0I1 A=B6 B=0F3C D=0104 H=052D>B4C7 S=FFF0>052D P=1B55 MOV  C,M
C0Z0M0E0I1 A=B6 B=0FC7 D=0104 H=052D>B4C7 S=FFF0>052D P=1B56 LXI  D,0014
C0Z0M0E0I1 A=B6 B=0FC7 D=0014 H=052D>B4C7 S=FFF0>052D P=1B59 DAD  D
C0Z0M0E0I0 A=B6 B=0FC7 D=0014 H=0541>0000 S=FFF0>052D P=1B5A MOV  A,M
C0Z0M0E0I0 A=00 B=0FC7 D=0014 H=0541>0000 S=FFF0>052D P=1B5B CPI  00
C0Z1M0E0I0 A=00 B=0FC7 D=0014 H=0541>0000 S=FFF0>052D P=1B5D JZ   1B73
C0Z1M0E0I0 A=00 B=0FC7 D=0014 H=0541>0000 S=FFF0>052D P=1B73 LXI  D,0014
C0Z1M0E0I0 A=00 B=0FC7 D=0014 H=0541>0000 S=FFF0>052D P=1B76 DAD  D
C0Z1M0E0I0 A=00 B=0FC7 D=0014 H=0555>0000 S=FFF0>052D P=1B77 MOV  A,M
C0Z1M0E0I0 A=00 B=0FC7 D=0014 H=0555>0000 S=FFF0>052D P=1B78 CPI  00
C0Z1M0E0I0 A=00 B=0FC7 D=0014 H=0555>0000 S=FFF0>052D P=1B7A JZ   1B8E
C0Z1M0E0I0 A=00 B=0FC7 D=0014 H=0555>0000 S=FFF0>052D P=1B8E POP  H
C0Z1M0E0I0 A=00 B=0FC7 D=0014 H=052D>B4C7 S=FFF2>0104 P=1B8F POP  D
C0Z1M0E0I0 A=00 B=0FC7 D=0104 H=052D>B4C7 S=FFF4>0F3C P=1B90 MOV  A,C
C0Z1M0E0I0 A=C7 B=0FC7 D=0104 H=052D>B4C7 S=FFF4>0F3C P=1B91 STAX D
C0Z1M0E0I0 A=C7 B=0FC7 D=0104 H=052D>B4C7 S=FFF4>0F3C P=1B92 INX  D
C0Z1M0E0I0 A=C7 B=0FC7 D=0105 H=052D>B4C7 S=FFF4>0F3C P=1B93 POP  B
C0Z1M0E0I0 A=C7 B=0F3C D=0105 H=052D>B4C7 S=FFF6>1B4C P=1B94 RET  
C0Z1M0E0I0 A=C7 B=0F3C D=0105 H=052D>B4C7 S=FFF8>1B46 P=1B4C INX  H
C0Z1M0E0I0 A=C7 B=0F3C D=0105 H=052E>72B4 S=FFF8>1B46 P=1B4D DCR  B
C0Z0M0E0I0 A=C7 B=0E3C D=0105 H=052E>72B4 S=FFF8>1B46 P=1B4E JNZ  1B49
C0Z0M0E0I0 A=C7 B=0E3C D=0105 H=052E>72B4 S=FFF8>1B46 P=1B49 CALL 1B52
C0Z0M0E0I0 A=C7 B=0E3C D=0105 H=052E>72B4 S=FFF6>1B4C P=1B52 PUSH B
C0Z0M0E0I0 A=C7 B=0E3C D=0105 H=052E>72B4 S=FFF4>0E3C P=1B53 PUSH D
C0Z0M0E0I0 A=C7 B=0E3C D=0105 H=052E>72B4 S=FFF2>0105 P=1B54 PUSH H
C0Z0M0E0I0 A=C7 B=0E3C D=0105 H=052E>72B4 S=FFF0>052E P=1B55 MOV  C,M
C0Z0M0E0I0 A=C7 B=0EB4 D=0105 H=052E>72B4 S=FFF0>052E P=1B56 LXI  D,0014
C0Z0M0E0I0 A=C7 B=0EB4 D=0014 H=052E>72B4 S=FFF0>052E P=1B59 DAD  D
C0Z0M0E0I0 A=C7 B=0EB4 D=0014 H=0542>0000 S=FFF0>052E P=1B5A MOV  A,M
C0Z0M0E0I0 A=00 B=0EB4 D=0014 H=0542>0000 S=FFF0>052E P=1B5B CPI  00
C0Z1M0E0I0 A=00 B=0EB4 D=0014 H=0542>0000 S=FFF0>052E P=1B5D JZ   1B73
C0Z1M0E0I0 A=00 B=0EB4 D=0014 H=0542>0000 S=FFF0>052E P=1B73 LXI  D,0014
C0Z1M0E0I0 A=00 B=0EB4 D=0014 H=0542>0000 S=FFF0>052E P=1B76 DAD  D
C0Z1M0E0I0 A=00 B=0EB4 D=0014 H=0556>0000 S=FFF0>052E P=1B77 MOV  A,M
C0Z1M0E0I0 A=00 B=0EB4 D=0014 H=0556>0000 S=FFF0>052E P=1B78 CPI  00
C0Z1M0E0I0 A=00 B=0EB4 D=0014 H=0556>0000 S=FFF0>052E P=1B7A JZ   1B8E
C0Z1M0E0I0 A=00 B=0EB4 D=0014 H=0556>0000 S=FFF0>052E P=1B8E POP  H
C0Z1M0E0I0 A=00 B=0EB4 D=0014 H=052E>72B4 S=FFF2>0105 P=1B8F POP  D
C0Z1M0E0I0 A=00 B=0EB4 D=0105 H=052E>72B4 S=FFF4>0E3C P=1B90 MOV  A,C
C0Z1M0E0I0 A=B4 B=0EB4 D=0105 H=052E>72B4 S=FFF4>0E3C P=1B91 STAX D
C0Z1M0E0I0 A=B4 B=0EB4 D=0105 H=052E>72B4 S=FFF4>0E3C P=1B92 INX  D
C0Z1M0E0I0 A=B4 B=0EB4 D=0106 H=052E>72B4 S=FFF4>0E3C P=1B93 POP  B
C0Z1M0E0I0 A=B4 B=0E3C D=0106 H=052E>72B4 S=FFF6>1B4C P=1B94 RET  
C0Z1M0E0I0 A=B4 B=0E3C D=0106 H=052E>72B4 S=FFF8>1B46 P=1B4C INX  H
C0Z1M0E0I0 A=B4 B=0E3C D=0106 H=052F>F672 S=FFF8>1B46 P=1B4D DCR  B
C0Z0M0E0I0 A=B4 B=0D3C D=0106 H=052F>F672 S=FFF8>1B46 P=1B4E JNZ  1B49
C0Z0M0E0I0 A=B4 B=0D3C D=0106 H=052F>F672 S=FFF8>1B46 P=1B49 CALL 1B52
C0Z0M0E0I0 A=B4 B=0D3C D=0106 H=052F>F672 S=FFF6>1B4C P=1B52 PUSH B
C0Z0M0E0I0 A=B4 B=0D3C D=0106 H=052F>F672 S=FFF4>0D3C P=1B53 PUSH D
C0Z0M0E0I0 A=B4 B=0D3C D=0106 H=052F>F672 S=FFF2>0106 P=1B54 PUSH H
C0Z0M0E0I0 A=B4 B=0D3C D=0106 H=052F>F672 S=FFF0>052F P=1B55 MOV  C,M
C0Z0M0E0I0 A=B4 B=0D72 D=0106 H=052F>F672 S=FFF0>052F P=1B56 LXI  D,0014
C0Z0M0E0I0 A=B4 B=0D72 D=0014 H=052F>F672 S=FFF0>052F P=1B59 DAD  D
C0Z0M0E0I0 A=B4 B=0D72 D=0014 H=0543>0000 S=FFF0>052F P=1B5A MOV  A,M
C0Z0M0E0I0 A=00 B=0D72 D=0014 H=0543>0000 S=FFF0>052F P=1B5B CPI  00
C0Z1M0E0I0 A=00 B=0D72 D=0014 H=0543>0000 S=FFF0>052F P=1B5D JZ   1B73
C0Z1M0E0I0 A=00 B=0D72 D=0014 H=0543>0000 S=FFF0>052F P=1B73 LXI  D,0014
C0Z1M0E0I0 A=00 B=0D72 D=0014 H=0543>0000 S=FFF0>052F P=1B76 DAD  D
C0Z1M0E0I0 A=00 B=0D72 D=0014 H=0557>0000 S=FFF0>052F P=1B77 MOV  A,M
C0Z1M0E0I0 A=00 B=0D72 D=0014 H=0557>0000 S=FFF0>052F P=1B78 CPI  00
C0Z1M0E0I0 A=00 B=0D72 D=0014 H=0557>0000 S=FFF0>052F P=1B7A JZ   1B8E
C0Z1M0E0I0 A=00 B=0D72 D=0014 H=0557>0000 S=FFF0>052F P=1B8E POP  H
C0Z1M0E0I0 A=00 B=0D72 D=0014 H=052F>F672 S=FFF2>0106 P=1B8F POP  D
C0Z1M0E0I0 A=00 B=0D72 D=0106 H=052F>F672 S=FFF4>0D3C P=1B90 MOV  A,C
C0Z1M0E0I0 A=72 B=0D72 D=0106 H=052F>F672 S=FFF4>0D3C P=1B91 STAX D
C0Z1M0E0I0 A=72 B=0D72 D=0106 H=052F>F672 S=FFF4>0D3C P=1B92 INX  D
C0Z1M0E0I0 A=72 B=0D72 D=0107 H=052F>F672 S=FFF4>0D3C P=1B93 POP  B
C0Z1M0E0I0 A=72 B=0D3C D=0107 H=052F>F672 S=FFF6>1B4C P=1B94 RET  
C0Z1M0E0I0 A=72 B=0D3C D=0107 H=052F>F672 S=FFF8>1B46 P=1B4C INX  H
C0Z1M0E0I0 A=72 B=0D3C D=0107 H=0530>18F6 S=FFF8>1B46 P=1B4D DCR  B
C0Z0M0E0I0 A=72 B=0C3C D=0107 H=0530>18F6 S=FFF8>1B46 P=1B4E JNZ  1B49
C0Z0M0E0I0 A=72 B=0C3C D=0107 H=0530>18F6 S=FFF8>1B46 P=1B49 CALL 1B52
C0Z0M0E0I0 A=72 B=0C3C D=0107 H=0530>18F6 S=FFF6>1B4C P=1B52 PUSH B
C0Z0M0E0I0 A=72 B=0C3C D=0107 H=0530>18F6 S=FFF4>0C3C P=1B53 PUSH D
C0Z0M0E0I0 A=72 B=0C3C D=0107 H=0530>18F6 S=FFF2>0107 P=1B54 PUSH H
C0Z0M0E0I0 A=72 B=0C3C D=0107 H=0530>18F6 S=FFF0>0530 P=1B55 MOV  C,M
C0Z0M0E0I0 A=72 B=0CF6 D=0107 H=0530>18F6 S=FFF0>0530 P=1B56 LXI  D,0014
C0Z0M0E0I0 A=72 B=0CF6 D=0014 H=0530>18F6 S=FFF0>0530 P=1B59 DAD  D
C0Z0M0E0I0 A=72 B=0CF6 D=0014 H=0544>0000 S=FFF0>0530 P=1B5A MOV  A,M
C0Z0M0E0I0 A=00 B=0CF6 D=0014 H=0544>0000 S=FFF0>0530 P=1B5B CPI  00
C0Z1M0E0I0 A=00 B=0CF6 D=0014 H=0544>0000 S=FFF0>0530 P=1B5D JZ   1B73
C0Z1M0E0I0 A=00 B=0CF6 D=0014 H=0544>0000 S=FFF0>0530 P=1B73 LXI  D,0014
C0Z1M0E0I0 A=00 B=0CF6 D=0014 H=0544>0000 S=FFF0>0530 P=1B76 DAD  D
C0Z1M0E0I0 A=00 B=0CF6 D=0014 H=0558>0000 S=FFF0>0530 P=1B77 MOV  A,M
C0Z1M0E0I0 A=00 B=0CF6 D=0014 H=0558>0000 S=FFF0>0530 P=1B78 CPI  00
C0Z1M0E0I0 A=00 B=0CF6 D=0014 H=0558>0000 S=FFF0>0530 P=1B7A JZ   1B8E
C0Z1M0E0I0 A=00 B=0CF6 D=0014 H=0558>0000 S=FFF0>0530 P=1B8E POP  H
C0Z1M0E0I0 A=00 B=0CF6 D=0014 H=0530>18F6 S=FFF2>0107 P=1B8F POP  D
C0Z1M0E0I0 A=00 B=0CF6 D=0107 H=0530>18F6 S=FFF4>0C3C P=1B90 MOV  A,C
C0Z1M0E0I0 A=F6 B=0CF6 D=0107 H=0530>18F6 S=FFF4>0C3C P=1B91 STAX D
C0Z1M0E0I0 A=F6 B=0CF6 D=0107 H=0530>18F6 S=FFF4>0C3C P=1B92 INX  D
C0Z1M0E0I0 A=F6 B=0CF6 D=0108 H=0530>18F6 S=FFF4>0C3C P=1B93 POP  B
C0Z1M0E0I0 A=F6 B=0C3C D=0108 H=0530>18F6 S=FFF6>1B4C P=1B94 RET  
C0Z1M0E0I0 A=F6 B=0C3C D=0108 H=0530>18F6 S=FFF8>1B46 P=1B4C INX  H
C0Z1M0E0I0 A=F6 B=0C3C D=0108 H=0531>1418 S=FFF8>1B46 P=1B4D DCR  B
C0Z0M0E0I0 A=F6 B=0B3C D=0108 H=0531>1418 S=FFF8>1B46 P=1B4E JNZ  1B49
C0Z0M0E0I0 A=F6 B=0B3C D=0108 H=0531>1418 S=FFF8>1B46 P=1B49 CALL 1B52
C0Z0M0E0I0 A=F6 B=0B3C D=0108 H=0531>1418 S=FFF6>1B4C P=1B52 PUSH B
C0Z0M0E0I0 A=F6 B=0B3C D=0108 H=0531>1418 S=FFF4>0B3C P=1B53 PUSH D
C0Z0M0E0I0 A=F6 B=0B3C D=0108 H=0531>1418 S=FFF2>0108 P=1B54 PUSH H
C0Z0M0E0I0 A=F6 B=0B3C D=0108 H=0531>1418 S=FFF0>0531 P=1B55 MOV  C,M
C0Z0M0E0I0 A=F6 B=0B18 D=0108 H=0531>1418 S=FFF0>0531 P=1B56 LXI  D,0014
C0Z0M0E0I0 A=F6 B=0B18 D=0014 H=0531>1418 S=FFF0>0531 P=1B59 DAD  D
C0Z0M0E0I0 A=F6 B=0B18 D=0014 H=0545>0000 S=FFF0>0531 P=1B5A MOV  A,M
C0Z0M0E0I0 A=00 B=0B18 D=0014 H=0545>0000 S=FFF0>0531 P=1B5B CPI  00
C0Z1M0E0I0 A=00 B=0B18 D=0014 H=0545>0000 S=FFF0>0531 P=1B5D JZ   1B73
C0Z1M0E0I0 A=00 B=0B18 D=0014 H=0545>0000 S=FFF0>0531 P=1B73 LXI  D,0014
C0Z1M0E0I0 A=00 B=0B18 D=0014 H=0545>0000 S=FFF0>0531 P=1B76 DAD  D
C0Z1M0E0I0 A=00 B=0B18 D=0014 H=0559>0000 S=FFF0>0531 P=1B77 MOV  A,M
C0Z1M0E0I0 A=00 B=0B18 D=0014 H=0559>0000 S=FFF0>0531 P=1B78 CPI  00
C0Z1M0E0I0 A=00 B=0B18 D=0014 H=0559>0000 S=FFF0>0531 P=1B7A JZ   1B8E
C0Z1M0E0I0 A=00 B=0B18 D=0014 H=0559>0000 S=FFF0>0531 P=1B8E POP  H
C0Z1M0E0I0 A=00 B=0B18 D=0014 H=0531>1418 S=FFF2>0108 P=1B8F POP  D
C0Z1M0E0I0 A=00 B=0B18 D=0108 H=0531>1418 S=FFF4>0B3C P=1B90 MOV  A,C
C0Z1M0E0I0 A=18 B=0B18 D=0108 H=0531>1418 S=FFF4>0B3C P=1B91 STAX D
C0Z1M0E0I0 A=18 B=0B18 D=0108 H=0531>1418 S=FFF4>0B3C P=1B92 INX  D
C0Z1M0E0I0 A=18 B=0B18 D=0109 H=0531>1418 S=FFF4>0B3C P=1B93 POP  B
C0Z1M0E0I0 A=18 B=0B3C D=0109 H=0531>1418 S=FFF6>1B4C P=1B94 RET  
C0Z1M0E0I0 A=18 B=0B3C D=0109 H=0531>1418 S=FFF8>1B46 P=1B4C INX  H
C0Z1M0E0I0 A=18 B=0B3C D=0109 H=0532>0114 S=FFF8>1B46 P=1B4D DCR  B
C0Z0M0E0I0 A=18 B=0A3C D=0109 H=0532>0114 S=FFF8>1B46 P=1B4E JNZ  1B49
C0Z0M0E0I0 A=18 B=0A3C D=0109 H=0532>0114 S=FFF8>1B46 P=1B49 CALL 1B52
C0Z0M0E0I0 A=18 B=0A3C D=0109 H=0532>0114 S=FFF6>1B4C P=1B52 PUSH B
C0Z0M0E0I0 A=18 B=0A3C D=0109 H=0532>0114 S=FFF4>0A3C P=1B53 PUSH D
C0Z0M0E0I0 A=18 B=0A3C D=0109 H=0532>0114 S=FFF2>0109 P=1B54 PUSH H
C0Z0M0E0I0 A=18 B=0A3C D=0109 H=0532>0114 S=FFF0>0532 P=1B55 MOV  C,M
C0Z0M0E0I0 A=18 B=0A14 D=0109 H=0532>0114 S=FFF0>0532 P=1B56 LXI  D,0014
C0Z0M0E0I0 A=18 B=0A14 D=0014 H=0532>0114 S=FFF0>0532 P=1B59 DAD  D
C0Z0M0E0I0 A=18 B=0A14 D=0014 H=0546>0000 S=FFF0>0532 P=1B5A MOV  A,M
C0Z0M0E0I0 A=00 B=0A14 D=0014 H=0546>0000 S=FFF0>0532 P=1B5B CPI  00
C0Z1M0E0I0 A=00 B=0A14 D=0014 H=0546>0000 S=FFF0>0532 P=1B5D JZ   1B73
C0Z1M0E0I0 A=00 B=0A14 D=0014 H=0546>0000 S=FFF0>0532 P=1B73 LXI  D,0014
C0Z1M0E0I0 A=00 B=0A14 D=0014 H=0546>0000 S=FFF0>0532 P=1B76 DAD  D
C0Z1M0E0I0 A=00 B=0A14 D=0014 H=055A>0000 S=FFF0>0532 P=1B77 MOV  A,M
C0Z1M0E0I0 A=00 B=0A14 D=0014 H=055A>0000 S=FFF0>0532 P=1B78 CPI  00
C0Z1M0E0I0 A=00 B=0A14 D=0014 H=055A>0000 S=FFF0>0532 P=1B7A JZ   1B8E
C0Z1M0E0I0 A=00 B=0A14 D=0014 H=055A>0000 S=FFF0>0532 P=1B8E POP  H
C0Z1M0E0I0 A=00 B=0A14 D=0014 H=0532>0114 S=FFF2>0109 P=1B8F POP  D
C0Z1M0E0I0 A=00 B=0A14 D=0109 H=0532>0114 S=FFF4>0A3C P=1B90 MOV  A,C
C0Z1M0E0I0 A=14 B=0A14 D=0109 H=0532>0114 S=FFF4>0A3C P=1B91 STAX D
C0Z1M0E0I0 A=14 B=0A14 D=0109 H=0532>0114 S=FFF4>0A3C P=1B92 INX  D
C0Z1M0E0I0 A=14 B=0A14 D=010A H=0532>0114 S=FFF4>0A3C P=1B93 POP  B
C0Z1M0E0I0 A=14 B=0A3C D=010A H=0532>0114 S=FFF6>1B4C P=1B94 RET  
C0Z1M0E0I0 A=14 B=0A3C D=010A H=0532>0114 S=FFF8>1B46 P=1B4C INX  H
C0Z1M0E0I0 A=14 B=0A3C D=010A H=0533>BD01 S=FFF8>1B46 P=1B4D DCR  B
C0Z0M0E0I0 A=14 B=093C D=010A H=0533>BD01 S=FFF8>1B46 P=1B4E JNZ  1B49
C0Z0M0E0I0 A=14 B=093C D=010A H=0533>BD01 S=FFF8>1B46 P=1B49 CALL 1B52
C0Z0M0E0I0 A=14 B=093C D=010A H=0533>BD01 S=FFF6>1B4C P=1B52 PUSH B
C0Z0M0E0I0 A=14 B=093C D=010A H=0533>BD01 S=FFF4>093C P=1B53 PUSH D
C0Z0M0E0I0 A=14 B=093C D=010A H=0533>BD01 S=FFF2>010A P=1B54 PUSH H
C0Z0M0E0I0 A=14 B=093C D=010A H=0533>BD01 S=FFF0>0533 P=1B55 MOV  C,M
C0Z0M0E0I0 A=14 B=0901 D=010A H=0533>BD01 S=FFF0>0533 P=1B56 LXI  D,0014
C0Z0M0E0I0 A=14 B=0901 D=0014 H=0533>BD01 S=FFF0>0533 P=1B59 DAD  D
C0Z0M0E0I0 A=14 B=0901 D=0014 H=0547>0000 S=FFF0>0533 P=1B5A MOV  A,M
C0Z0M0E0I0 A=00 B=0901 D=0014 H=0547>0000 S=FFF0>0533 P=1B5B CPI  00
C0Z1M0E0I0 A=00 B=0901 D=0014 H=0547>0000 S=FFF0>0533 P=1B5D JZ   1B73
C0Z1M0E0I0 A=00 B=0901 D=0014 H=0547>0000 S=FFF0>0533 P=1B73 LXI  D,0014
C0Z1M0E0I0 A=00 B=0901 D=0014 H=0547>0000 S=FFF0>0533 P=1B76 DAD  D
C0Z1M0E0I0 A=00 B=0901 D=0014 H=055B>0000 S=FFF0>0533 P=1B77 MOV  A,M
C0Z1M0E0I0 A=00 B=0901 D=0014 H=055B>0000 S=FFF0>0533 P=1B78 CPI  00
C0Z1M0E0I0 A=00 B=0901 D=0014 H=055B>0000 S=FFF0>0533 P=1B7A JZ   1B8E
C0Z1M0E0I0 A=00 B=0901 D=0014 H=055B>0000 S=FFF0>0533 P=1B8E POP  H
C0Z1M0E0I0 A=00 B=0901 D=0014 H=0533>BD01 S=FFF2>010A P=1B8F POP  D
C0Z1M0E0I0 A=00 B=0901 D=010A H=0533>BD01 S=FFF4>093C P=1B90 MOV  A,C
C0Z1M0E0I0 A=01 B=0901 D=010A H=0533>BD01 S=FFF4>093C P=1B91 STAX D
C0Z1M0E0I0 A=01 B=0901 D=010A H=0533>BD01 S=FFF4>093C P=1B92 INX  D
C0Z1M0E0I0 A=01 B=0901 D=010B H=0533>BD01 S=FFF4>093C P=1B93 POP  B
C0Z1M0E0I0 A=01 B=093C D=010B H=0533>BD01 S=FFF6>1B4C P=1B94 RET  
C0Z1M0E0I0 A=01 B=093C D=010B H=0533>BD01 S=FFF8>1B46 P=1B4C INX  H
C0Z1M0E0I0 A=01 B=093C D=010B H=0534>8DBD S=FFF8>1B46 P=1B4D DCR  B
C0Z0M0E0I0 A=01 B=083C D=010B H=0534>8DBD S=FFF8>1B46 P=1B4E JNZ  1B49
C0Z0M0E0I0 A=01 B=083C D=010B H=0534>8DBD S=FFF8>1B46 P=1B49 CALL 1B52
C0Z0M0E0I0 A=01 B=083C D=010B H=0534>8DBD S=FFF6>1B4C P=1B52 PUSH B
C0Z0M0E0I0 A=01 B=083C D=010B H=0534>8DBD S=FFF4>083C P=1B53 PUSH D
C0Z0M0E0I0 A=01 B=083C D=010B H=0534>8DBD S=FFF2>010B P=1B54 PUSH H
C0Z0M0E0I0 A=01 B=083C D=010B H=0534>8DBD S=FFF0>0534 P=1B55 MOV  C,M
C0Z0M0E0I0 A=01 B=08BD D=010B H=0534>8DBD S=FFF0>0534 P=1B56 LXI  D,0014
C0Z0M0E0I0 A=01 B=08BD D=0014 H=0534>8DBD S=FFF0>0534 P=1B59 DAD  D
C0Z0M0E0I0 A=01 B=08BD D=0014 H=0548>0000 S=FFF0>0534 P=1B5A MOV  A,M
C0Z0M0E0I0 A=00 B=08BD D=0014 H=0548>0000 S=FFF0>0534 P=1B5B CPI  00
C0Z1M0E0I0 A=00 B=08BD D=0014 H=0548>0000 S=FFF0>0534 P=1B5D JZ   1B73
C0Z1M0E0I0 A=00 B=08BD D=0014 H=0548>0000 S=FFF0>0534 P=1B73 LXI  D,0014
C0Z1M0E0I0 A=00 B=08BD D=0014 H=0548>0000 S=FFF0>0534 P=1B76 DAD  D
C0Z1M0E0I0 A=00 B=08BD D=0014 H=055C>0000 S=FFF0>0534 P=1B77 MOV  A,M
C0Z1M0E0I0 A=00 B=08BD D=0014 H=055C>0000 S=FFF0>0534 P=1B78 CPI  00
C0Z1M0E0I0 A=00 B=08BD D=0014 H=055C>0000 S=FFF0>0534 P=1B7A JZ   1B8E
C0Z1M0E0I0 A=00 B=08BD D=0014 H=055C>0000 S=FFF0>0534 P=1B8E POP  H
C0Z1M0E0I0 A=00 B=08BD D=0014 H=0534>8DBD S=FFF2>010B P=1B8F POP  D
C0Z1M0E0I0 A=00 B=08BD D=010B H=0534>8DBD S=FFF4>083C P=1B90 MOV  A,C
C0Z1M0E0I0 A=BD B=08BD D=010B H=0534>8DBD S=FFF4>083C P=1B91 STAX D
C0Z1M0E0I0 A=BD B=08BD D=010B H=0534>8DBD S=FFF4>083C P=1B92 INX  D
C0Z1M0E0I0 A=BD B=08BD D=010C H=0534>8DBD S=FFF4>083C P=1B93 POP  B
C0Z1M0E0I0 A=BD B=083C D=010C H=0534>8DBD S=FFF6>1B4C P=1B94 RET  
C0Z1M0E0I0 A=BD B=083C D=010C H=0534>8DBD S=FFF8>1B46 P=1B4C INX  H
C0Z1M0E0I0 A=BD B=083C D=010C H=0535>018D S=FFF8>1B46 P=1B4D DCR  B
C0Z0M0E0I0 A=BD B=073C D=010C H=0535>018D S=FFF8>1B46 P=1B4E JNZ  1B49
C0Z0M0E0I0 A=BD B=073C D=010C H=0535>018D S=FFF8>1B46 P=1B49 CALL 1B52
C0Z0M0E0I0 A=BD B=073C D=010C H=0535>018D S=FFF6>1B4C P=1B52 PUSH B
C0Z0M0E0I0 A=BD B=073C D=010C H=0535>018D S=FFF4>073C P=1B53 PUSH D
C0Z0M0E0I0 A=BD B=073C D=010C H=0535>018D S=FFF2>010C P=1B54 PUSH H
C0Z0M0E0I0 A=BD B=073C D=010C H=0535>018D S=FFF0>0535 P=1B55 MOV  C,M
C0Z0M0E0I0 A=BD B=078D D=010C H=0535>018D S=FFF0>0535 P=1B56 LXI  D,0014
C0Z0M0E0I0 A=BD B=078D D=0014 H=0535>018D S=FFF0>0535 P=1B59 DAD  D
C0Z0M0E0I0 A=BD B=078D D=0014 H=0549>0A00 S=FFF0>0535 P=1B5A MOV  A,M
C0Z0M0E0I0 A=00 B=078D D=0014 H=0549>0A00 S=FFF0>0535 P=1B5B CPI  00
C0Z1M0E0I0 A=00 B=078D D=0014 H=0549>0A00 S=FFF0>0535 P=1B5D JZ   1B73
C0Z1M0E0I0 A=00 B=078D D=0014 H=0549>0A00 S=FFF0>0535 P=1B73 LXI  D,0014
C0Z1M0E0I0 A=00 B=078D D=0014 H=0549>0A00 S=FFF0>0535 P=1B76 DAD  D
C0Z1M0E0I0 A=00 B=078D D=0014 H=055D>0000 S=FFF0>0535 P=1B77 MOV  A,M
C0Z1M0E0I0 A=00 B=078D D=0014 H=055D>0000 S=FFF0>0535 P=1B78 CPI  00
C0Z1M0E0I0 A=00 B=078D D=0014 H=055D>0000 S=FFF0>0535 P=1B7A JZ   1B8E
C0Z1M0E0I0 A=00 B=078D D=0014 H=055D>0000 S=FFF0>0535 P=1B8E POP  H
C0Z1M0E0I0 A=00 B=078D D=0014 H=0535>018D S=FFF2>010C P=1B8F POP  D
C0Z1M0E0I0 A=00 B=078D D=010C H=0535>018D S=FFF4>073C P=1B90 MOV  A,C
C0Z1M0E0I0 A=8D B=078D D=010C H=0535>018D S=FFF4>073C P=1B91 STAX D
C0Z1M0E0I0 A=8D B=078D D=010C H=0535>018D S=FFF4>073C P=1B92 INX  D
C0Z1M0E0I0 A=8D B=078D D=010D H=0535>018D S=FFF4>073C P=1B93 POP  B
C0Z1M0E0I0 A=8D B=073C D=010D H=0535>018D S=FFF6>1B4C P=1B94 RET  
C0Z1M0E0I0 A=8D B=073C D=010D H=0535>018D S=FFF8>1B46 P=1B4C INX  H
C0Z1M0E0I0 A=8D B=073C D=010D H=0536>0001 S=FFF8>1B46 P=1B4D DCR  B
C0Z0M0E0I0 A=8D B=063C D=010D H=0536>0001 S=FFF8>1B46 P=1B4E JNZ  1B49
C0Z0M0E0I0 A=8D B=063C D=010D H=0536>0001 S=FFF8>1B46 P=1B49 CALL 1B52
C0Z0M0E0I0 A=8D B=063C D=010D H=0536>0001 S=FFF6>1B4C P=1B52 PUSH B
C0Z0M0E0I0 A=8D B=063C D=010D H=0536>0001 S=FFF4>063C P=1B53 PUSH D
C0Z0M0E0I0 A=8D B=063C D=010D H=0536>0001 S=FFF2>010D P=1B54 PUSH H
C0Z0M0E0I0 A=8D B=063C D=010D H=0536>0001 S=FFF0>0536 P=1B55 MOV  C,M
C0Z0M0E0I0 A=8D B=0601 D=010D H=0536>0001 S=FFF0>0536 P=1B56 LXI  D,0014
C0Z0M0E0I0 A=8D B=0601 D=0014 H=0536>0001 S=FFF0>0536 P=1B59 DAD  D
C0Z0M0E0I0 A=8D B=0601 D=0014 H=054A>000A S=FFF0>0536 P=1B5A MOV  A,M
C0Z0M0E0I0 A=0A B=0601 D=0014 H=054A>000A S=FFF0>0536 P=1B5B CPI  00
C0Z0M0E0I0 A=0A B=0601 D=0014 H=054A>000A S=FFF0>0536 P=1B5D JZ   1B73
C0Z0M0E0I0 A=0A B=0601 D=0014 H=054A>000A S=FFF0>0536 P=1B60 MVI  B,08
C0Z0M0E0I0 A=0A B=0801 D=0014 H=054A>000A S=FFF0>0536 P=1B62 RRC  
C0Z0M0E0I0 A=05 B=0801 D=0014 H=054A>000A S=FFF0>0536 P=1B63 PUSH PSW
C0Z0M0E0I0 A=05 B=0801 D=0014 H=054A>000A S=FFEE>0500 P=1B64 MVI  A,00
C0Z0M0E0I0 A=00 B=0801 D=0014 H=054A>000A S=FFEE>0500 P=1B66 CC   1B98
C0Z0M0E0I0 A=00 B=0801 D=0014 H=054A>000A S=FFEE>0500 P=1B69 XRA  C
C0Z0M0E0I0 A=01 B=0801 D=0014 H=054A>000A S=FFEE>0500 P=1B6A RRC  
C1Z0M0E0I0 A=80 B=0801 D=0014 H=054A>000A S=FFEE>0500 P=1B6B MOV  C,A
C1Z0M0E0I0 A=80 B=0880 D=0014 H=054A>000A S=FFEE>0500 P=1B6C POP  PSW
C0Z0M0E0I0 A=05 B=0880 D=0014 H=054A>000A S=FFF0>0536 P=1B6D DCR  B
C0Z0M0E0I0 A=05 B=0780 D=0014 H=054A>000A S=FFF0>0536 P=1B6E JNZ  1B62
C0Z0M0E0I0 A=05 B=0780 D=0014 H=054A>000A S=FFF0>0536 P=1B62 RRC  
C1Z0M0E0I0 A=82 B=0780 D=0014 H=054A>000A S=FFF0>0536 P=1B63 PUSH PSW
C1Z0M0E0I0 A=82 B=0780 D=0014 H=054A>000A S=FFEE>8201 P=1B64 MVI  A,00
C1Z0M0E0I0 A=00 B=0780 D=0014 H=054A>000A S=FFEE>8201 P=1B66 CC   1B98
C1Z0M0E0I0 A=00 B=0780 D=0014 H=054A>000A S=FFEC>1B69 P=1B98 PUSH B
C1Z0M0E0I0 A=00 B=0780 D=0014 H=054A>000A S=FFEA>0780 P=1B99 PUSH H
C1Z0M0E0I0 A=00 B=0780 D=0014 H=054A>000A S=FFE8>054A P=1B9A LHLD 1B96
C1Z0M0E0I0 A=00 B=0780 D=0014 H=1C7F>0002 S=FFE8>054A P=1B9D MOV  B,M
C1Z0M0E0I0 A=00 B=0280 D=0014 H=1C7F>0002 S=FFE8>054A P=1B9E LXI  H,1B95
C1Z0M0E0I0 A=00 B=0280 D=0014 H=1B95>7F02 S=FFE8>054A P=1BA1 MOV  A,M
C1Z0M0E0I0 A=02 B=0280 D=0014 H=1B95>7F02 S=FFE8>054A P=1BA2 MOV  C,A
C1Z0M0E0I0 A=02 B=0202 D=0014 H=1B95>7F02 S=FFE8>054A P=1BA3 RLC  
C0Z0M0E0I0 A=04 B=0202 D=0014 H=1B95>7F02 S=FFE8>054A P=1BA4 MOV  M,A
C0Z0M0E0I0 A=04 B=0202 D=0014 H=1B95>7F04 S=FFE8>054A P=1BA5 CPI  01
C0Z0M0E0I0 A=04 B=0202 D=0014 H=1B95>7F04 S=FFE8>054A P=1BA7 JNZ  1BB1
C0Z0M0E0I0 A=04 B=0202 D=0014 H=1B95>7F04 S=FFE8>054A P=1BB1 MOV  A,B
C0Z0M0E0I0 A=02 B=0202 D=0014 H=1B95>7F04 S=FFE8>054A P=1BB2 ANA  C
C0Z0M0E0I1 A=02 B=0202 D=0014 H=1B95>7F04 S=FFE8>054A P=1BB3 POP  H
C0Z0M0E0I1 A=02 B=0202 D=0014 H=054A>000A S=FFEA>0780 P=1BB4 POP  B
C0Z0M0E0I1 A=02 B=0780 D=0014 H=054A>000A S=FFEC>1B69 P=1BB5 RZ   
C0Z0M0E0I1 A=02 B=0780 D=0014 H=054A>000A S=FFEC>1B69 P=1BB6 MVI  A,01
C0Z0M0E0I1 A=01 B=0780 D=0014 H=054A>000A S=FFEC>1B69 P=1BB8 RET  
C0Z0M0E0I1 A=01 B=0780 D=0014 H=054A>000A S=FFEE>8201 P=1B69 XRA  C
C0Z0M1E1I0 A=81 B=0780 D=0014 H=054A>000A S=FFEE>8201 P=1B6A RRC  
C1Z0M1E1I0 A=C0 B=0780 D=0014 H=054A>000A S=FFEE>8201 P=1B6B MOV  C,A
C1Z0M1E1I0 A=C0 B=07C0 D=0014 H=054A>000A S=FFEE>8201 P=1B6C POP  PSW
C1Z0M0E0I0 A=82 B=07C0 D=0014 H=054A>000A S=FFF0>0536 P=1B6D DCR  B
C1Z0M0E0I0 A=82 B=06C0 D=0014 H=054A>000A S=FFF0>0536 P=1B6E JNZ  1B62
C1Z0M0E0I0 A=82 B=06C0 D=0014 H=054A>000A S=FFF0>0536 P=1B62 RRC  
C0Z0M0E0I0 A=41 B=06C0 D=0014 H=054A>000A S=FFF0>0536 P=1B63 PUSH PSW
C0Z0M0E0I0 A=41 B=06C0 D=0014 H=054A>000A S=FFEE>4100 P=1B64 MVI  A,00
C0Z0M0E0I0 A=00 B=06C0 D=0014 H=054A>000A S=FFEE>4100 P=1B66 CC   1B98
C0Z0M0E0I0 A=00 B=06C0 D=0014 H=054A>000A S=FFEE>4100 P=1B69 XRA  C
C0Z0M1E1I0 A=C0 B=06C0 D=0014 H=054A>000A S=FFEE>4100 P=1B6A RRC  
C0Z0M1E1I0 A=60 B=06C0 D=0014 H=054A>000A S=FFEE>4100 P=1B6B MOV  C,A
C0Z0M1E1I0 A=60 B=0660 D=0014 H=054A>000A S=FFEE>4100 P=1B6C POP  PSW
C0Z0M0E0I0 A=41 B=0660 D=0014 H=054A>000A S=FFF0>0536 P=1B6D DCR  B
C0Z0M0E0I0 A=41 B=0560 D=0014 H=054A>000A S=FFF0>0536 P=1B6E JNZ  1B62
C0Z0M0E0I0 A=41 B=0560 D=0014 H=054A>000A S=FFF0>0536 P=1B62 RRC  
C1Z0M0E0I0 A=A0 B=0560 D=0014 H=054A>000A S=FFF0>0536 P=1B63 PUSH PSW
C1Z0M0E0I0 A=A0 B=0560 D=0014 H=054A>000A S=FFEE>A021 P=1B64 MVI  A,00
C1Z0M0E0I0 A=00 B=0560 D=0014 H=054A>000A S=FFEE>A021 P=1B66 CC   1B98
C1Z0M0E0I0 A=00 B=0560 D=0014 H=054A>000A S=FFEC>1B69 P=1B98 PUSH B
C1Z0M0E0I0 A=00 B=0560 D=0014 H=054A>000A S=FFEA>0560 P=1B99 PUSH H
C1Z0M0E0I0 A=00 B=0560 D=0014 H=054A>000A S=FFE8>054A P=1B9A LHLD 1B96
C1Z0M0E0I0 A=00 B=0560 D=0014 H=1C7F>0002 S=FFE8>054A P=1B9D MOV  B,M
C1Z0M0E0I0 A=00 B=0260 D=0014 H=1C7F>0002 S=FFE8>054A P=1B9E LXI  H,1B95
C1Z0M0E0I0 A=00 B=0260 D=0014 H=1B95>7F04 S=FFE8>054A P=1BA1 MOV  A,M
C1Z0M0E0I0 A=04 B=0260 D=0014 H=1B95>7F04 S=FFE8>054A P=1BA2 MOV  C,A
C1Z0M0E0I0 A=04 B=0204 D=0014 H=1B95>7F04 S=FFE8>054A P=1BA3 RLC  
C0Z0M0E0I0 A=08 B=0204 D=0014 H=1B95>7F04 S=FFE8>054A P=1BA4 MOV  M,A
C0Z0M0E0I0 A=08 B=0204 D=0014 H=1B95>7F08 S=FFE8>054A P=1BA5 CPI  01
C0Z0M0E0I0 A=08 B=0204 D=0014 H=1B95>7F08 S=FFE8>054A P=1BA7 JNZ  1BB1
C0Z0M0E0I0 A=08 B=0204 D=0014 H=1B95>7F08 S=FFE8>054A P=1BB1 MOV  A,B
C0Z0M0E0I0 A=02 B=0204 D=0014 H=1B95>7F08 S=FFE8>054A P=1BB2 ANA  C
C0Z1M0E1I1 A=00 B=0204 D=0014 H=1B95>7F08 S=FFE8>054A P=1BB3 POP  H
C0Z1M0E1I1 A=00 B=0204 D=0014 H=054A>000A S=FFEA>0560 P=1BB4 POP  B
C0Z1M0E1I1 A=00 B=0560 D=0014 H=054A>000A S=FFEC>1B69 P=1BB5 RZ   
C0Z1M0E1I1 A=00 B=0560 D=0014 H=054A>000A S=FFEE>A021 P=1B69 XRA  C
C0Z0M0E1I0 A=60 B=0560 D=0014 H=054A>000A S=FFEE>A021 P=1B6A RRC  
C0Z0M0E1I0 A=30 B=0560 D=0014 H=054A>000A S=FFEE>A021 P=1B6B MOV  C,A
C0Z0M0E1I0 A=30 B=0530 D=0014 H=054A>000A S=FFEE>A021 P=1B6C POP  PSW
C1Z0M0E0I0 A=A0 B=0530 D=0014 H=054A>000A S=FFF0>0536 P=1B6D DCR  B
C1Z0M0E0I0 A=A0 B=0430 D=0014 H=054A>000A S=FFF0>0536 P=1B6E JNZ  1B62
C1Z0M0E0I0 A=A0 B=0430 D=0014 H=054A>000A S=FFF0>0536 P=1B62 RRC  
C0Z0M0E0I0 A=50 B=0430 D=0014 H=054A>000A S=FFF0>0536 P=1B63 PUSH PSW
C0Z0M0E0I0 A=50 B=0430 D=0014 H=054A>000A S=FFEE>5000 P=1B64 MVI  A,00
C0Z0M0E0I0 A=00 B=0430 D=0014 H=054A>000A S=FFEE>5000 P=1B66 CC   1B98
C0Z0M0E0I0 A=00 B=0430 D=0014 H=054A>000A S=FFEE>5000 P=1B69 XRA  C
C0Z0M0E1I0 A=30 B=0430 D=0014 H=054A>000A S=FFEE>5000 P=1B6A RRC  
C0Z0M0E1I0 A=18 B=0430 D=0014 H=054A>000A S=FFEE>5000 P=1B6B MOV  C,A
C0Z0M0E1I0 A=18 B=0418 D=0014 H=054A>000A S=FFEE>5000 P=1B6C POP  PSW
C0Z0M0E0I0 A=50 B=0418 D=0014 H=054A>000A S=FFF0>0536 P=1B6D DCR  B
C0Z0M0E0I0 A=50 B=0318 D=0014 H=054A>000A S=FFF0>0536 P=1B6E JNZ  1B62
C0Z0M0E0I0 A=50 B=0318 D=0014 H=054A>000A S=FFF0>0536 P=1B62 RRC  
C0Z0M0E0I0 A=28 B=0318 D=0014 H=054A>000A S=FFF0>0536 P=1B63 PUSH PSW
C0Z0M0E0I0 A=28 B=0318 D=0014 H=054A>000A S=FFEE>2828 P=1B64 MVI  A,00
C0Z0M0E0I0 A=00 B=0318 D=0014 H=054A>000A S=FFEE>2828 P=1B66 CC   1B98
C0Z0M0E0I0 A=00 B=0318 D=0014 H=054A>000A S=FFEE>2828 P=1B69 XRA  C
C0Z0M0E1I0 A=18 B=0318 D=0014 H=054A>000A S=FFEE>2828 P=1B6A RRC  
C0Z0M0E1I0 A=0C B=0318 D=0014 H=054A>000A S=FFEE>2828 P=1B6B MOV  C,A
C0Z0M0E1I0 A=0C B=030C D=0014 H=054A>000A S=FFEE>2828 P=1B6C POP  PSW
C0Z0M0E0I0 A=28 B=030C D=0014 H=054A>000A S=FFF0>0536 P=1B6D DCR  B
C0Z0M0E0I0 A=28 B=020C D=0014 H=054A>000A S=FFF0>0536 P=1B6E JNZ  1B62
C0Z0M0E0I0 A=28 B=020C D=0014 H=054A>000A S=FFF0>0536 P=1B62 RRC  
C0Z0M0E0I0 A=14 B=020C D=0014 H=054A>000A S=FFF0>0536 P=1B63 PUSH PSW
C0Z0M0E0I0 A=14 B=020C D=0014 H=054A>000A S=FFEE>1400 P=1B64 MVI  A,00
C0Z0M0E0I0 A=00 B=020C D=0014 H=054A>000A S=FFEE>1400 P=1B66 CC   1B98
C0Z0M0E0I0 A=00 B=020C D=0014 H=054A>000A S=FFEE>1400 P=1B69 XRA  C
C0Z0M0E1I0 A=0C B=020C D=0014 H=054A>000A S=FFEE>1400 P=1B6A RRC  
C0Z0M0E1I0 A=06 B=020C D=0014 H=054A>000A S=FFEE>1400 P=1B6B MOV  C,A
C0Z0M0E1I0 A=06 B=0206 D=0014 H=054A>000A S=FFEE>1400 P=1B6C POP  PSW
C0Z0M0E0I0 A=14 B=0206 D=0014 H=054A>000A S=FFF0>0536 P=1B6D DCR  B
C0Z0M0E0I0 A=14 B=0106 D=0014 H=054A>000A S=FFF0>0536 P=1B6E JNZ  1B62
C0Z0M0E0I0 A=14 B=0106 D=0014 H=054A>000A S=FFF0>0536 P=1B62 RRC  
C0Z0M0E0I0 A=0A B=0106 D=0014 H=054A>000A S=FFF0>0536 P=1B63 PUSH PSW
C0Z0M0E0I0 A=0A B=0106 D=0014 H=054A>000A S=FFEE>0A08 P=1B64 MVI  A,00
C0Z0M0E0I0 A=00 B=0106 D=0014 H=054A>000A S=FFEE>0A08 P=1B66 CC   1B98
C0Z0M0E0I0 A=00 B=0106 D=0014 H=054A>000A S=FFEE>0A08 P=1B69 XRA  C
C0Z0M0E1I0 A=06 B=0106 D=0014 H=054A>000A S=FFEE>0A08 P=1B6A RRC  
C0Z0M0E1I0 A=03 B=0106 D=0014 H=054A>000A S=FFEE>0A08 P=1B6B MOV  C,A
C0Z0M0E1I0 A=03 B=0103 D=0014 H=054A>000A S=FFEE>0A08 P=1B6C POP  PSW
C0Z0M0E0I0 A=0A B=0103 D=0014 H=054A>000A S=FFF0>0536 P=1B6D DCR  B
C0Z1M0E0I0 A=0A B=0003 D=0014 H=054A>000A S=FFF0>0536 P=1B6E JNZ  1B62
C0Z1M0E0I0 A=0A B=0003 D=0014 H=054A>000A S=FFF0>0536 P=1B71 MVI  B,08
C0Z1M0E0I0 A=0A B=0803 D=0014 H=054A>000A S=FFF0>0536 P=1B73 LXI  D,0014
C0Z1M0E0I0 A=0A B=0803 D=0014 H=054A>000A S=FFF0>0536 P=1B76 DAD  D
C0Z1M0E0I0 A=0A B=0803 D=0014 H=055E>0000 S=FFF0>0536 P=1B77 MOV  A,M
C0Z1M0E0I0 A=00 B=0803 D=0014 H=055E>0000 S=FFF0>0536 P=1B78 CPI  00
C0Z1M0E0I0 A=00 B=0803 D=0014 H=055E>0000 S=FFF0>0536 P=1B7A JZ   1B8E
C0Z1M0E0I0 A=00 B=0803 D=0014 H=055E>0000 S=FFF0>0536 P=1B8E POP  H
C0Z1M0E0I0 A=00 B=0803 D=0014 H=0536>0001 S=FFF2>010D P=1B8F POP  D
C0Z1M0E0I0 A=00 B=0803 D=010D H=0536>0001 S=FFF4>063C P=1B90 MOV  A,C
C0Z1M0E0I0 A=03 B=0803 D=010D H=0536>0001 S=FFF4>063C P=1B91 STAX D
C0Z1M0E0I0 A=03 B=0803 D=010D H=0536>0001 S=FFF4>063C P=1B92 INX  D
C0Z1M0E0I0 A=03 B=0803 D=010E H=0536>0001 S=FFF4>063C P=1B93 POP  B
C0Z1M0E0I0 A=03 B=063C D=010E H=0536>0001 S=FFF6>1B4C P=1B94 RET  
C0Z1M0E0I0 A=03 B=063C D=010E H=0536>0001 S=FFF8>1B46 P=1B4C INX  H
C0Z1M0E0I0 A=03 B=063C D=010E H=0537>C000 S=FFF8>1B46 P=1B4D DCR  B
C0Z0M0E0I0 A=03 B=053C D=010E H=0537>C000 S=FFF8>1B46 P=1B4E JNZ  1B49
C0Z0M0E0I0 A=03 B=053C D=010E H=0537>C000 S=FFF8>1B46 P=1B49 CALL 1B52
C0Z0M0E0I0 A=03 B=053C D=010E H=0537>C000 S=FFF6>1B4C P=1B52 PUSH B
C0Z0M0E0I0 A=03 B=053C D=010E H=0537>C000 S=FFF4>053C P=1B53 PUSH D
C0Z0M0E0I0 A=03 B=053C D=010E H=0537>C000 S=FFF2>010E P=1B54 PUSH H
C0Z0M0E0I0 A=03 B=053C D=010E H=0537>C000 S=FFF0>0537 P=1B55 MOV  C,M
C0Z0M0E0I0 A=03 B=0500 D=010E H=0537>C000 S=FFF0>0537 P=1B56 LXI  D,0014
C0Z0M0E0I0 A=03 B=0500 D=0014 H=0537>C000 S=FFF0>0537 P=1B59 DAD  D
C0Z0M0E0I0 A=03 B=0500 D=0014 H=054B>0000 S=FFF0>0537 P=1B5A MOV  A,M
C0Z0M0E0I0 A=00 B=0500 D=0014 H=054B>0000 S=FFF0>0537 P=1B5B CPI  00
C0Z1M0E0I0 A=00 B=0500 D=0014 H=054B>0000 S=FFF0>0537 P=1B5D JZ   1B73
C0Z1M0E0I0 A=00 B=0500 D=0014 H=054B>0000 S=FFF0>0537 P=1B73 LXI  D,0014
C0Z1M0E0I0 A=00 B=0500 D=0014 H=054B>0000 S=FFF0>0537 P=1B76 DAD  D
C0Z1M0E0I0 A=00 B=0500 D=0014 H=055F>D700 S=FFF0>0537 P=1B77 MOV  A,M
C0Z1M0E0I0 A=00 B=0500 D=0014 H=055F>D700 S=FFF0>0537 P=1B78 CPI  00
C0Z1M0E0I0 A=00 B=0500 D=0014 H=055F>D700 S=FFF0>0537 P=1B7A JZ   1B8E
C0Z1M0E0I0 A=00 B=0500 D=0014 H=055F>D700 S=FFF0>0537 P=1B8E POP  H
C0Z1M0E0I0 A=00 B=0500 D=0014 H=0537>C000 S=FFF2>010E P=1B8F POP  D
C0Z1M0E0I0 A=00 B=0500 D=010E H=0537>C000 S=FFF4>053C P=1B90 MOV  A,C
C0Z1M0E0I0 A=00 B=0500 D=010E H=0537>C000 S=FFF4>053C P=1B91 STAX D
C0Z1M0E0I0 A=00 B=0500 D=010E H=0537>C000 S=FFF4>053C P=1B92 INX  D
C0Z1M0E0I0 A=00 B=0500 D=010F H=0537>C000 S=FFF4>053C P=1B93 POP  B
C0Z1M0E0I0 A=00 B=053C D=010F H=0537>C000 S=FFF6>1B4C P=1B94 RET  
C0Z1M0E0I0 A=00 B=053C D=010F H=0537>C000 S=FFF8>1B46 P=1B4C INX  H
C0Z1M0E0I0 A=00 B=053C D=010F H=0538>30C0 S=FFF8>1B46 P=1B4D DCR  B
C0Z0M0E0I0 A=00 B=043C D=010F H=0538>30C0 S=FFF8>1B46 P=1B4E JNZ  1B49
C0Z0M0E0I0 A=00 B=043C D=010F H=0538>30C0 S=FFF8>1B46 P=1B49 CALL 1B52
C0Z0M0E0I0 A=00 B=043C D=010F H=0538>30C0 S=FFF6>1B4C P=1B52 PUSH B
C0Z0M0E0I0 A=00 B=043C D=010F H=0538>30C0 S=FFF4>043C P=1B53 PUSH D
C0Z0M0E0I0 A=00 B=043C D=010F H=0538>30C0 S=FFF2>010F P=1B54 PUSH H
C0Z0M0E0I0 A=00 B=043C D=010F H=0538>30C0 S=FFF0>0538 P=1B55 MOV  C,M
C0Z0M0E0I0 A=00 B=04C0 D=010F H=0538>30C0 S=FFF0>0538 P=1B56 LXI  D,0014
C0Z0M0E0I0 A=00 B=04C0 D=0014 H=0538>30C0 S=FFF0>0538 P=1B59 DAD  D
C0Z0M0E0I0 A=00 B=04C0 D=0014 H=054C>FF00 S=FFF0>0538 P=1B5A MOV  A,M
C0Z0M0E0I0 A=00 B=04C0 D=0014 H=054C>FF00 S=FFF0>0538 P=1B5B CPI  00
C0Z1M0E0I0 A=00 B=04C0 D=0014 H=054C>FF00 S=FFF0>0538 P=1B5D JZ   1B73
C0Z1M0E0I0 A=00 B=04C0 D=0014 H=054C>FF00 S=FFF0>0538 P=1B73 LXI  D,0014
C0Z1M0E0I0 A=00 B=04C0 D=0014 H=054C>FF00 S=FFF0>0538 P=1B76 DAD  D
C0Z1M0E0I0 A=00 B=04C0 D=0014 H=0560>00D7 S=FFF0>0538 P=1B77 MOV  A,M
C0Z1M0E0I0 A=D7 B=04C0 D=0014 H=0560>00D7 S=FFF0>0538 P=1B78 CPI  00
C0Z0M1E0I0 A=D7 B=04C0 D=0014 H=0560>00D7 S=FFF0>0538 P=1B7A JZ   1B8E
C0Z0M1E0I0 A=D7 B=04C0 D=0014 H=0560>00D7 S=FFF0>0538 P=1B7D MVI  B,08
C0Z0M1E0I0 A=D7 B=08C0 D=0014 H=0560>00D7 S=FFF0>0538 P=1B7F RRC  
C1Z0M1E0I0 A=EB B=08C0 D=0014 H=0560>00D7 S=FFF0>0538 P=1B80 PUSH PSW
C1Z0M1E0I0 A=EB B=08C0 D=0014 H=0560>00D7 S=FFEE>EBA9 P=1B81 MVI  A,00
C1Z0M1E0I0 A=00 B=08C0 D=0014 H=0560>00D7 S=FFEE>EBA9 P=1B83 CC   1BBC
C1Z0M1E0I0 A=00 B=08C0 D=0014 H=0560>00D7 S=FFEC>1B86 P=1BBC PUSH B
C1Z0M1E0I0 A=00 B=08C0 D=0014 H=0560>00D7 S=FFEA>08C0 P=1BBD PUSH H
C1Z0M1E0I0 A=00 B=08C0 D=0014 H=0560>00D7 S=FFE8>0560 P=1BBE LHLD 1BBA
C1Z0M1E0I0 A=00 B=08C0 D=0014 H=1CA7>0001 S=FFE8>0560 P=1BC1 MOV  B,M
C1Z0M1E0I0 A=00 B=01C0 D=0014 H=1CA7>0001 S=FFE8>0560 P=1BC2 LXI  H,1BB9
C1Z0M1E0I0 A=00 B=01C0 D=0014 H=1BB9>A701 S=FFE8>0560 P=1BC5 MOV  A,M
C1Z0M1E0I0 A=01 B=01C0 D=0014 H=1BB9>A701 S=FFE8>0560 P=1BC6 MOV  C,A
C1Z0M1E0I0 A=01 B=0101 D=0014 H=1BB9>A701 S=FFE8>0560 P=1BC7 RLC  
C0Z0M1E0I0 A=02 B=0101 D=0014 H=1BB9>A701 S=FFE8>0560 P=1BC8 MOV  M,A
C0Z0M1E0I0 A=02 B=0101 D=0014 H=1BB9>A702 S=FFE8>0560 P=1BC9 CPI  01
C0Z0M0E0I0 A=02 B=0101 D=0014 H=1BB9>A702 S=FFE8>0560 P=1BCB JNZ  1BD5
C0Z0M0E0I0 A=02 B=0101 D=0014 H=1BB9>A702 S=FFE8>0560 P=1BD5 MOV  A,B
C0Z0M0E0I0 A=01 B=0101 D=0014 H=1BB9>A702 S=FFE8>0560 P=1BD6 ANA  C
C0Z0M0E0I1 A=01 B=0101 D=0014 H=1BB9>A702 S=FFE8>0560 P=1BD7 POP  H
C0Z0M0E0I1 A=01 B=0101 D=0014 H=0560>00D7 S=FFEA>08C0 P=1BD8 POP  B
C0Z0M0E0I1 A=01 B=08C0 D=0014 H=0560>00D7 S=FFEC>1B86 P=1BD9 RZ   
C0Z0M0E0I1 A=01 B=08C0 D=0014 H=0560>00D7 S=FFEC>1B86 P=1BDA MVI  A,01
C0Z0M0E0I1 A=01 B=08C0 D=0014 H=0560>00D7 S=FFEC>1B86 P=1BDC RET  
C0Z0M0E0I1 A=01 B=08C0 D=0014 H=0560>00D7 S=FFEE>EBA9 P=1B86 XRA  C
C0Z0M1E0I0 A=C1 B=08C0 D=0014 H=0560>00D7 S=FFEE>EBA9 P=1B87 RRC  
C1Z0M1E0I0 A=E0 B=08C0 D=0014 H=0560>00D7 S=FFEE>EBA9 P=1B88 MOV  C,A
C1Z0M1E0I0 A=E0 B=08E0 D=0014 H=0560>00D7 S=FFEE>EBA9 P=1B89 POP  PSW
C1Z0M1E0I0 A=EB B=08E0 D=0014 H=0560>00D7 S=FFF0>0538 P=1B8A DCR  B
C1Z0M0E0I0 A=EB B=07E0 D=0014 H=0560>00D7 S=FFF0>0538 P=1B8B JNZ  1B7F
C1Z0M0E0I0 A=EB B=07E0 D=0014 H=0560>00D7 S=FFF0>0538 P=1B7F RRC  
C1Z0M0E0I0 A=F5 B=07E0 D=0014 H=0560>00D7 S=FFF0>0538 P=1B80 PUSH PSW
C1Z0M0E0I0 A=F5 B=07E0 D=0014 H=0560>00D7 S=FFEE>F521 P=1B81 MVI  A,00
C1Z0M0E0I0 A=00 B=07E0 D=0014 H=0560>00D7 S=FFEE>F521 P=1B83 CC   1BBC
C1Z0M0E0I0 A=00 B=07E0 D=0014 H=0560>00D7 S=FFEC>1B86 P=1BBC PUSH B
C1Z0M0E0I0 A=00 B=07E0 D=0014 H=0560>00D7 S=FFEA>07E0 P=1BBD PUSH H
C1Z0M0E0I0 A=00 B=07E0 D=0014 H=0560>00D7 S=FFE8>0560 P=1BBE LHLD 1BBA
C1Z0M0E0I0 A=00 B=07E0 D=0014 H=1CA7>0001 S=FFE8>0560 P=1BC1 MOV  B,M
C1Z0M0E0I0 A=00 B=01E0 D=0014 H=1CA7>0001 S=FFE8>0560 P=1BC2 LXI  H,1BB9
C1Z0M0E0I0 A=00 B=01E0 D=0014 H=1BB9>A702 S=FFE8>0560 P=1BC5 MOV  A,M
C1Z0M0E0I0 A=02 B=01E0 D=0014 H=1BB9>A702 S=FFE8>0560 P=1BC6 MOV  C,A
C1Z0M0E0I0 A=02 B=0102 D=0014 H=1BB9>A702 S=FFE8>0560 P=1BC7 RLC  
C0Z0M0E0I0 A=04 B=0102 D=0014 H=1BB9>A702 S=FFE8>0560 P=1BC8 MOV  M,A
C0Z0M0E0I0 A=04 B=0102 D=0014 H=1BB9>A704 S=FFE8>0560 P=1BC9 CPI  01
C0Z0M0E0I0 A=04 B=0102 D=0014 H=1BB9>A704 S=FFE8>0560 P=1BCB JNZ  1BD5
C0Z0M0E0I0 A=04 B=0102 D=0014 H=1BB9>A704 S=FFE8>0560 P=1BD5 MOV  A,B
C0Z0M0E0I0 A=01 B=0102 D=0014 H=1BB9>A704 S=FFE8>0560 P=1BD6 ANA  C
C0Z1M0E1I1 A=00 B=0102 D=0014 H=1BB9>A704 S=FFE8>0560 P=1BD7 POP  H
C0Z1M0E1I1 A=00 B=0102 D=0014 H=0560>00D7 S=FFEA>07E0 P=1BD8 POP  B
C0Z1M0E1I1 A=00 B=07E0 D=0014 H=0560>00D7 S=FFEC>1B86 P=1BD9 RZ   
C0Z1M0E1I1 A=00 B=07E0 D=0014 H=0560>00D7 S=FFEE>F521 P=1B86 XRA  C
C0Z0M1E0I0 A=E0 B=07E0 D=0014 H=0560>00D7 S=FFEE>F521 P=1B87 RRC  
C0Z0M1E0I0 A=70 B=07E0 D=0014 H=0560>00D7 S=FFEE>F521 P=1B88 MOV  C,A
C0Z0M1E0I0 A=70 B=0770 D=0014 H=0560>00D7 S=FFEE>F521 P=1B89 POP  PSW
C1Z0M0E0I0 A=F5 B=0770 D=0014 H=0560>00D7 S=FFF0>0538 P=1B8A DCR  B
C1Z0M0E0I0 A=F5 B=0670 D=0014 H=0560>00D7 S=FFF0>0538 P=1B8B JNZ  1B7F
C1Z0M0E0I0 A=F5 B=0670 D=0014 H=0560>00D7 S=FFF0>0538 P=1B7F RRC  
C1Z0M0E0I0 A=FA B=0670 D=0014 H=0560>00D7 S=FFF0>0538 P=1B80 PUSH PSW
C1Z0M0E0I0 A=FA B=0670 D=0014 H=0560>00D7 S=FFEE>FA29 P=1B81 MVI  A,00
C1Z0M0E0I0 A=00 B=0670 D=0014 H=0560>00D7 S=FFEE>FA29 P=1B83 CC   1BBC
C1Z0M0E0I0 A=00 B=0670 D=0014 H=0560>00D7 S=FFEC>1B86 P=1BBC PUSH B
C1Z0M0E0I0 A=00 B=0670 D=0014 H=0560>00D7 S=FFEA>0670 P=1BBD PUSH H
C1Z0M0E0I0 A=00 B=0670 D=0014 H=0560>00D7 S=FFE8>0560 P=1BBE LHLD 1BBA
C1Z0M0E0I0 A=00 B=0670 D=0014 H=1CA7>0001 S=FFE8>0560 P=1BC1 MOV  B,M
C1Z0M0E0I0 A=00 B=0170 D=0014 H=1CA7>0001 S=FFE8>0560 P=1BC2 LXI  H,1BB9
C1Z0M0E0I0 A=00 B=0170 D=0014 H=1BB9>A704 S=FFE8>0560 P=1BC5 MOV  A,M
C1Z0M0E0I0 A=04 B=0170 D=0014 H=1BB9>A704 S=FFE8>0560 P=1BC6 MOV  C,A
C1Z0M0E0I0 A=04 B=0104 D=0014 H=1BB9>A704 S=FFE8>0560 P=1BC7 RLC  
C0Z0M0E0I0 A=08 B=0104 D=0014 H=1BB9>A704 S=FFE8>0560 P=1BC8 MOV  M,A
C0Z0M0E0I0 A=08 B=0104 D=0014 H=1BB9>A708 S=FFE8>0560 P=1BC9 CPI  01
C0Z0M0E0I0 A=08 B=0104 D=0014 H=1BB9>A708 S=FFE8>0560 P=1BCB JNZ  1BD5
C0Z0M0E0I0 A=08 B=0104 D=0014 H=1BB9>A708 S=FFE8>0560 P=1BD5 MOV  A,B
C0Z0M0E0I0 A=01 B=0104 D=0014 H=1BB9>A708 S=FFE8>0560 P=1BD6 ANA  C
C0Z1M0E1I1 A=00 B=0104 D=0014 H=1BB9>A708 S=FFE8>0560 P=1BD7 POP  H
C0Z1M0E1I1 A=00 B=0104 D=0014 H=0560>00D7 S=FFEA>0670 P=1BD8 POP  B
C0Z1M0E1I1 A=00 B=0670 D=0014 H=0560>00D7 S=FFEC>1B86 P=1BD9 RZ   
C0Z1M0E1I1 A=00 B=0670 D=0014 H=0560>00D7 S=FFEE>FA29 P=1B86 XRA  C
C0Z0M0E0I0 A=70 B=0670 D=0014 H=0560>00D7 S=FFEE>FA29 P=1B87 RRC  
C0Z0M0E0I0 A=38 B=0670 D=0014 H=0560>00D7 S=FFEE>FA29 P=1B88 MOV  C,A
C0Z0M0E0I0 A=38 B=0638 D=0014 H=0560>00D7 S=FFEE>FA29 P=1B89 POP  PSW
C1Z0M0E0I0 A=FA B=0638 D=0014 H=0560>00D7 S=FFF0>0538 P=1B8A DCR  B
C1Z0M0E0I0 A=FA B=0538 D=0014 H=0560>00D7 S=FFF0>0538 P=1B8B JNZ  1B7F
C1Z0M0E0I0 A=FA B=0538 D=0014 H=0560>00D7 S=FFF0>0538 P=1B7F RRC  
C0Z0M0E0I0 A=7D B=0538 D=0014 H=0560>00D7 S=FFF0>0538 P=1B80 PUSH PSW
C0Z0M0E0I0 A=7D B=0538 D=0014 H=0560>00D7 S=FFEE>7D28 P=1B81 MVI  A,00
C0Z0M0E0I0 A=00 B=0538 D=0014 H=0560>00D7 S=FFEE>7D28 P=1B83 CC   1BBC
C0Z0M0E0I0 A=00 B=0538 D=0014 H=0560>00D7 S=FFEE>7D28 P=1B86 XRA  C
C0Z0M0E0I0 A=38 B=0538 D=0014 H=0560>00D7 S=FFEE>7D28 P=1B87 RRC  
C0Z0M0E0I0 A=1C B=0538 D=0014 H=0560>00D7 S=FFEE>7D28 P=1B88 MOV  C,A
C0Z0M0E0I0 A=1C B=051C D=0014 H=0560>00D7 S=FFEE>7D28 P=1B89 POP  PSW
C0Z0M0E0I0 A=7D B=051C D=0014 H=0560>00D7 S=FFF0>0538 P=1B8A DCR  B
C0Z0M0E0I0 A=7D B=041C D=0014 H=0560>00D7 S=FFF0>0538 P=1B8B JNZ  1B7F
C0Z0M0E0I0 A=7D B=041C D=0014 H=0560>00D7 S=FFF0>0538 P=1B7F RRC  
C1Z0M0E0I0 A=BE B=041C D=0014 H=0560>00D7 S=FFF0>0538 P=1B80 PUSH PSW
C1Z0M0E0I0 A=BE B=041C D=0014 H=0560>00D7 S=FFEE>BE29 P=1B81 MVI  A,00
C1Z0M0E0I0 A=00 B=041C D=0014 H=0560>00D7 S=FFEE>BE29 P=1B83 CC   1BBC
C1Z0M0E0I0 A=00 B=041C D=0014 H=0560>00D7 S=FFEC>1B86 P=1BBC PUSH B
C1Z0M0E0I0 A=00 B=041C D=0014 H=0560>00D7 S=FFEA>041C P=1BBD PUSH H
C1Z0M0E0I0 A=00 B=041C D=0014 H=0560>00D7 S=FFE8>0560 P=1BBE LHLD 1BBA
C1Z0M0E0I0 A=00 B=041C D=0014 H=1CA7>0001 S=FFE8>0560 P=1BC1 MOV  B,M
C1Z0M0E0I0 A=00 B=011C D=0014 H=1CA7>0001 S=FFE8>0560 P=1BC2 LXI  H,1BB9
C1Z0M0E0I0 A=00 B=011C D=0014 H=1BB9>A708 S=FFE8>0560 P=1BC5 MOV  A,M
C1Z0M0E0I0 A=08 B=011C D=0014 H=1BB9>A708 S=FFE8>0560 P=1BC6 MOV  C,A
C1Z0M0E0I0 A=08 B=0108 D=0014 H=1BB9>A708 S=FFE8>0560 P=1BC7 RLC  
C0Z0M0E0I0 A=10 B=0108 D=0014 H=1BB9>A708 S=FFE8>0560 P=1BC8 MOV  M,A
C0Z0M0E0I0 A=10 B=0108 D=0014 H=1BB9>A710 S=FFE8>0560 P=1BC9 CPI  01
C0Z0M0E0I1 A=10 B=0108 D=0014 H=1BB9>A710 S=FFE8>0560 P=1BCB JNZ  1BD5
C0Z0M0E0I1 A=10 B=0108 D=0014 H=1BB9>A710 S=FFE8>0560 P=1BD5 MOV  A,B
C0Z0M0E0I1 A=01 B=0108 D=0014 H=1BB9>A710 S=FFE8>0560 P=1BD6 ANA  C
C0Z1M0E1I1 A=00 B=0108 D=0014 H=1BB9>A710 S=FFE8>0560 P=1BD7 POP  H
C0Z1M0E1I1 A=00 B=0108 D=0014 H=0560>00D7 S=FFEA>041C P=1BD8 POP  B
C0Z1M0E1I1 A=00 B=041C D=0014 H=0560>00D7 S=FFEC>1B86 P=1BD9 RZ   
C0Z1M0E1I1 A=00 B=041C D=0014 H=0560>00D7 S=FFEE>BE29 P=1B86 XRA  C
C0Z0M0E0I0 A=1C B=041C D=0014 H=0560>00D7 S=FFEE>BE29 P=1B87 RRC  
C0Z0M0E0I0 A=0E B=041C D=0014 H=0560>00D7 S=FFEE>BE29 P=1B88 MOV  C,A
C0Z0M0E0I0 A=0E B=040E D=0014 H=0560>00D7 S=FFEE>BE29 P=1B89 POP  PSW
C1Z0M0E0I0 A=BE B=040E D=0014 H=0560>00D7 S=FFF0>0538 P=1B8A DCR  B
C1Z0M0E0I0 A=BE B=030E D=0014 H=0560>00D7 S=FFF0>0538 P=1B8B JNZ  1B7F
C1Z0M0E0I0 A=BE B=030E D=0014 H=0560>00D7 S=FFF0>0538 P=1B7F RRC  
C0Z0M0E0I0 A=5F B=030E D=0014 H=0560>00D7 S=FFF0>0538 P=1B80 PUSH PSW
C0Z0M0E0I0 A=5F B=030E D=0014 H=0560>00D7 S=FFEE>5F08 P=1B81 MVI  A,00
C0Z0M0E0I0 A=00 B=030E D=0014 H=0560>00D7 S=FFEE>5F08 P=1B83 CC   1BBC
C0Z0M0E0I0 A=00 B=030E D=0014 H=0560>00D7 S=FFEE>5F08 P=1B86 XRA  C
C0Z0M0E0I0 A=0E B=030E D=0014 H=0560>00D7 S=FFEE>5F08 P=1B87 RRC  
C0Z0M0E0I0 A=07 B=030E D=0014 H=0560>00D7 S=FFEE>5F08 P=1B88 MOV  C,A
C0Z0M0E0I0 A=07 B=0307 D=0014 H=0560>00D7 S=FFEE>5F08 P=1B89 POP  PSW
C0Z0M0E0I0 A=5F B=0307 D=0014 H=0560>00D7 S=FFF0>0538 P=1B8A DCR  B
C0Z0M0E0I0 A=5F B=0207 D=0014 H=0560>00D7 S=FFF0>0538 P=1B8B JNZ  1B7F
C0Z0M0E0I0 A=5F B=0207 D=0014 H=0560>00D7 S=FFF0>0538 P=1B7F RRC  
C1Z0M0E0I0 A=AF B=0207 D=0014 H=0560>00D7 S=FFF0>0538 P=1B80 PUSH PSW
C1Z0M0E0I0 A=AF B=0207 D=0014 H=0560>00D7 S=FFEE>AF29 P=1B81 MVI  A,00
C1Z0M0E0I0 A=00 B=0207 D=0014 H=0560>00D7 S=FFEE>AF29 P=1B83 CC   1BBC
C1Z0M0E0I0 A=00 B=0207 D=0014 H=0560>00D7 S=FFEC>1B86 P=1BBC PUSH B
C1Z0M0E0I0 A=00 B=0207 D=0014 H=0560>00D7 S=FFEA>0207 P=1BBD PUSH H
C1Z0M0E0I0 A=00 B=0207 D=0014 H=0560>00D7 S=FFE8>0560 P=1BBE LHLD 1BBA
C1Z0M0E0I0 A=00 B=0207 D=0014 H=1CA7>0001 S=FFE8>0560 P=1BC1 MOV  B,M
C1Z0M0E0I0 A=00 B=0107 D=0014 H=1CA7>0001 S=FFE8>0560 P=1BC2 LXI  H,1BB9
C1Z0M0E0I0 A=00 B=0107 D=0014 H=1BB9>A710 S=FFE8>0560 P=1BC5 MOV  A,M
C1Z0M0E0I0 A=10 B=0107 D=0014 H=1BB9>A710 S=FFE8>0560 P=1BC6 MOV  C,A
C1Z0M0E0I0 A=10 B=0110 D=0014 H=1BB9>A710 S=FFE8>0560 P=1BC7 RLC  
C0Z0M0E0I0 A=20 B=0110 D=0014 H=1BB9>A710 S=FFE8>0560 P=1BC8 MOV  M,A
C0Z0M0E0I0 A=20 B=0110 D=0014 H=1BB9>A720 S=FFE8>0560 P=1BC9 CPI  01
C0Z0M0E0I1 A=20 B=0110 D=0014 H=1BB9>A720 S=FFE8>0560 P=1BCB JNZ  1BD5
C0Z0M0E0I1 A=20 B=0110 D=0014 H=1BB9>A720 S=FFE8>0560 P=1BD5 MOV  A,B
C0Z0M0E0I1 A=01 B=0110 D=0014 H=1BB9>A720 S=FFE8>0560 P=1BD6 ANA  C
C0Z1M0E1I1 A=00 B=0110 D=0014 H=1BB9>A720 S=FFE8>0560 P=1BD7 POP  H
C0Z1M0E1I1 A=00 B=0110 D=0014 H=0560>00D7 S=FFEA>0207 P=1BD8 POP  B
C0Z1M0E1I1 A=00 B=0207 D=0014 H=0560>00D7 S=FFEC>1B86 P=1BD9 RZ   
C0Z1M0E1I1 A=00 B=0207 D=0014 H=0560>00D7 S=FFEE>AF29 P=1B86 XRA  C
C0Z0M0E0I0 A=07 B=0207 D=0014 H=0560>00D7 S=FFEE>AF29 P=1B87 RRC  
C1Z0M0E0I0 A=83 B=0207 D=0014 H=0560>00D7 S=FFEE>AF29 P=1B88 MOV  C,A
C1Z0M0E0I0 A=83 B=0283 D=0014 H=0560>00D7 S=FFEE>AF29 P=1B89 POP  PSW
C1Z0M0E0I0 A=AF B=0283 D=0014 H=0560>00D7 S=FFF0>0538 P=1B8A DCR  B
C1Z0M0E0I0 A=AF B=0183 D=0014 H=0560>00D7 S=FFF0>0538 P=1B8B JNZ  1B7F
C1Z0M0E0I0 A=AF B=0183 D=0014 H=0560>00D7 S=FFF0>0538 P=1B7F RRC  
C1Z0M0E0I0 A=D7 B=0183 D=0014 H=0560>00D7 S=FFF0>0538 P=1B80 PUSH PSW
C1Z0M0E0I0 A=D7 B=0183 D=0014 H=0560>00D7 S=FFEE>D701 P=1B81 MVI  A,00
C1Z0M0E0I0 A=00 B=0183 D=0014 H=0560>00D7 S=FFEE>D701 P=1B83 CC   1BBC
C1Z0M0E0I0 A=00 B=0183 D=0014 H=0560>00D7 S=FFEC>1B86 P=1BBC PUSH B
C1Z0M0E0I0 A=00 B=0183 D=0014 H=0560>00D7 S=FFEA>0183 P=1BBD PUSH H
C1Z0M0E0I0 A=00 B=0183 D=0014 H=0560>00D7 S=FFE8>0560 P=1BBE LHLD 1BBA
C1Z0M0E0I0 A=00 B=0183 D=0014 H=1CA7>0001 S=FFE8>0560 P=1BC1 MOV  B,M
C1Z0M0E0I0 A=00 B=0183 D=0014 H=1CA7>0001 S=FFE8>0560 P=1BC2 LXI  H,1BB9
C1Z0M0E0I0 A=00 B=0183 D=0014 H=1BB9>A720 S=FFE8>0560 P=1BC5 MOV  A,M
C1Z0M0E0I0 A=20 B=0183 D=0014 H=1BB9>A720 S=FFE8>0560 P=1BC6 MOV  C,A
C1Z0M0E0I0 A=20 B=0120 D=0014 H=1BB9>A720 S=FFE8>0560 P=1BC7 RLC  
C0Z0M0E0I0 A=40 B=0120 D=0014 H=1BB9>A720 S=FFE8>0560 P=1BC8 MOV  M,A
C0Z0M0E0I0 A=40 B=0120 D=0014 H=1BB9>A740 S=FFE8>0560 P=1BC9 CPI  01
C0Z0M0E0I1 A=40 B=0120 D=0014 H=1BB9>A740 S=FFE8>0560 P=1BCB JNZ  1BD5
C0Z0M0E0I1 A=40 B=0120 D=0014 H=1BB9>A740 S=FFE8>0560 P=1BD5 MOV  A,B
C0Z0M0E0I1 A=01 B=0120 D=0014 H=1BB9>A740 S=FFE8>0560 P=1BD6 ANA  C
C0Z1M0E1I1 A=00 B=0120 D=0014 H=1BB9>A740 S=FFE8>0560 P=1BD7 POP  H
C0Z1M0E1I1 A=00 B=0120 D=0014 H=0560>00D7 S=FFEA>0183 P=1BD8 POP  B
C0Z1M0E1I1 A=00 B=0183 D=0014 H=0560>00D7 S=FFEC>1B86 P=1BD9 RZ   
C0Z1M0E1I1 A=00 B=0183 D=0014 H=0560>00D7 S=FFEE>D701 P=1B86 XRA  C
C0Z0M1E0I0 A=83 B=0183 D=0014 H=0560>00D7 S=FFEE>D701 P=1B87 RRC  
C1Z0M1E0I0 A=C1 B=0183 D=0014 H=0560>00D7 S=FFEE>D701 P=1B88 MOV  C,A
C1Z0M1E0I0 A=C1 B=01C1 D=0014 H=0560>00D7 S=FFEE>D701 P=1B89 POP  PSW
C1Z0M0E0I0 A=D7 B=01C1 D=0014 H=0560>00D7 S=FFF0>0538 P=1B8A DCR  B
C1Z1M0E0I0 A=D7 B=00C1 D=0014 H=0560>00D7 S=FFF0>0538 P=1B8B JNZ  1B7F
C1Z1M0E0I0 A=D7 B=00C1 D=0014 H=0560>00D7 S=FFF0>0538 P=1B8E POP  H
C1Z1M0E0I0 A=D7 B=00C1 D=0014 H=0538>30C0 S=FFF2>010F P=1B8F POP  D
C1Z1M0E0I0 A=D7 B=00C1 D=010F H=0538>30C0 S=FFF4>043C P=1B90 MOV  A,C
C1Z1M0E0I0 A=C1 B=00C1 D=010F H=0538>30C0 S=FFF4>043C P=1B91 STAX D
C1Z1M0E0I0 A=C1 B=00C1 D=010F H=0538>30C0 S=FFF4>043C P=1B92 INX  D
C1Z1M0E0I0 A=C1 B=00C1 D=0110 H=0538>30C0 S=FFF4>043C P=1B93 POP  B
C1Z1M0E0I0 A=C1 B=043C D=0110 H=0538>30C0 S=FFF6>1B4C P=1B94 RET  
C1Z1M0E0I0 A=C1 B=043C D=0110 H=0538>30C0 S=FFF8>1B46 P=1B4C INX  H
C1Z1M0E0I0 A=C1 B=043C D=0110 H=0539>A330 S=FFF8>1B46 P=1B4D DCR  B
C1Z0M0E0I0 A=C1 B=033C D=0110 H=0539>A330 S=FFF8>1B46 P=1B4E JNZ  1B49
C1Z0M0E0I0 A=C1 B=033C D=0110 H=0539>A330 S=FFF8>1B46 P=1B49 CALL 1B52
C1Z0M0E0I0 A=C1 B=033C D=0110 H=0539>A330 S=FFF6>1B4C P=1B52 PUSH B
C1Z0M0E0I0 A=C1 B=033C D=0110 H=0539>A330 S=FFF4>033C P=1B53 PUSH D
C1Z0M0E0I0 A=C1 B=033C D=0110 H=0539>A330 S=FFF2>0110 P=1B54 PUSH H
C1Z0M0E0I0 A=C1 B=033C D=0110 H=0539>A330 S=FFF0>0539 P=1B55 MOV  C,M
C1Z0M0E0I0 A=C1 B=0330 D=0110 H=0539>A330 S=FFF0>0539 P=1B56 LXI  D,0014
C1Z0M0E0I0 A=C1 B=0330 D=0014 H=0539>A330 S=FFF0>0539 P=1B59 DAD  D
C0Z0M0E0I0 A=C1 B=0330 D=0014 H=054D>00FF S=FFF0>0539 P=1B5A MOV  A,M
C0Z0M0E0I0 A=FF B=0330 D=0014 H=054D>00FF S=FFF0>0539 P=1B5B CPI  00
C0Z0M1E0I0 A=FF B=0330 D=0014 H=054D>00FF S=FFF0>0539 P=1B5D JZ   1B73
C0Z0M1E0I0 A=FF B=0330 D=0014 H=054D>00FF S=FFF0>0539 P=1B60 MVI  B,08
C0Z0M1E0I0 A=FF B=0830 D=0014 H=054D>00FF S=FFF0>0539 P=1B62 RRC  
C1Z0M1E0I0 A=FF B=0830 D=0014 H=054D>00FF S=FFF0>0539 P=1B63 PUSH PSW
C1Z0M1E0I0 A=FF B=0830 D=0014 H=054D>00FF S=FFEE>FFA9 P=1B64 MVI  A,00
C1Z0M1E0I0 A=00 B=0830 D=0014 H=054D>00FF S=FFEE>FFA9 P=1B66 CC   1B98
C1Z0M1E0I0 A=00 B=0830 D=0014 H=054D>00FF S=FFEC>1B69 P=1B98 PUSH B
C1Z0M1E0I0 A=00 B=0830 D=0014 H=054D>00FF S=FFEA>0830 P=1B99 PUSH H
C1Z0M1E0I0 A=00 B=0830 D=0014 H=054D>00FF S=FFE8>054D P=1B9A LHLD 1B96
C1Z0M1E0I0 A=00 B=0830 D=0014 H=1C7F>0002 S=FFE8>054D P=1B9D MOV  B,M
C1Z0M1E0I0 A=00 B=0230 D=0014 H=1C7F>0002 S=FFE8>054D P=1B9E LXI  H,1B95
C1Z0M1E0I0 A=00 B=0230 D=0014 H=1B95>7F08 S=FFE8>054D P=1BA1 MOV  A,M
C1Z0M1E0I0 A=08 B=0230 D=0014 H=1B95>7F08 S=FFE8>054D P=1BA2 MOV  C,A
C1Z0M1E0I0 A=08 B=0208 D=0014 H=1B95>7F08 S=FFE8>054D P=1BA3 RLC  
C0Z0M1E0I0 A=10 B=0208 D=0014 H=1B95>7F08 S=FFE8>054D P=1BA4 MOV  M,A
C0Z0M1E0I0 A=10 B=0208 D=0014 H=1B95>7F10 S=FFE8>054D P=1BA5 CPI  01
C0Z0M0E0I1 A=10 B=0208 D=0014 H=1B95>7F10 S=FFE8>054D P=1BA7 JNZ  1BB1
C0Z0M0E0I1 A=10 B=0208 D=0014 H=1B95>7F10 S=FFE8>054D P=1BB1 MOV  A,B
C0Z0M0E0I1 A=02 B=0208 D=0014 H=1B95>7F10 S=FFE8>054D P=1BB2 ANA  C
C0Z1M0E1I1 A=00 B=0208 D=0014 H=1B95>7F10 S=FFE8>054D P=1BB3 POP  H
C0Z1M0E1I1 A=00 B=0208 D=0014 H=054D>00FF S=FFEA>0830 P=1BB4 POP  B
C0Z1M0E1I1 A=00 B=0830 D=0014 H=054D>00FF S=FFEC>1B69 P=1BB5 RZ   
C0Z1M0E1I1 A=00 B=0830 D=0014 H=054D>00FF S=FFEE>FFA9 P=1B69 XRA  C
C0Z0M0E1I0 A=30 B=0830 D=0014 H=054D>00FF S=FFEE>FFA9 P=1B6A RRC  
C0Z0M0E1I0 A=18 B=0830 D=0014 H=054D>00FF S=FFEE>FFA9 P=1B6B MOV  C,A
C0Z0M0E1I0 A=18 B=0818 D=0014 H=054D>00FF S=FFEE>FFA9 P=1B6C POP  PSW
C1Z0M1E0I0 A=FF B=0818 D=0014 H=054D>00FF S=FFF0>0539 P=1B6D DCR  B
C1Z0M0E0I0 A=FF B=0718 D=0014 H=054D>00FF S=FFF0>0539 P=1B6E JNZ  1B62
C1Z0M0E0I0 A=FF B=0718 D=0014 H=054D>00FF S=FFF0>0539 P=1B62 RRC  
C1Z0M0E0I0 A=FF B=0718 D=0014 H=054D>00FF S=FFF0>0539 P=1B63 PUSH PSW
C1Z0M0E0I0 A=FF B=0718 D=0014 H=054D>00FF S=FFEE>FF29 P=1B64 MVI  A,00
C1Z0M0E0I0 A=00 B=0718 D=0014 H=054D>00FF S=FFEE>FF29 P=1B66 CC   1B98
C1Z0M0E0I0 A=00 B=0718 D=0014 H=054D>00FF S=FFEC>1B69 P=1B98 PUSH B
C1Z0M0E0I0 A=00 B=0718 D=0014 H=054D>00FF S=FFEA>0718 P=1B99 PUSH H
C1Z0M0E0I0 A=00 B=0718 D=0014 H=054D>00FF S=FFE8>054D P=1B9A LHLD 1B96
C1Z0M0E0I0 A=00 B=0718 D=0014 H=1C7F>0002 S=FFE8>054D P=1B9D MOV  B,M
C1Z0M0E0I0 A=00 B=0218 D=0014 H=1C7F>0002 S=FFE8>054D P=1B9E LXI  H,1B95
C1Z0M0E0I0 A=00 B=0218 D=0014 H=1B95>7F10 S=FFE8>054D P=1BA1 MOV  A,M
C1Z0M0E0I0 A=10 B=0218 D=0014 H=1B95>7F10 S=FFE8>054D P=1BA2 MOV  C,A
C1Z0M0E0I0 A=10 B=0210 D=0014 H=1B95>7F10 S=FFE8>054D P=1BA3 RLC  
C0Z0M0E0I0 A=20 B=0210 D=0014 H=1B95>7F10 S=FFE8>054D P=1BA4 MOV  M,A
C0Z0M0E0I0 A=20 B=0210 D=0014 H=1B95>7F20 S=FFE8>054D P=1BA5 CPI  01
C0Z0M0E0I1 A=20 B=0210 D=0014 H=1B95>7F20 S=FFE8>054D P=1BA7 JNZ  1BB1
C0Z0M0E0I1 A=20 B=0210 D=0014 H=1B95>7F20 S=FFE8>054D P=1BB1 MOV  A,B
C0Z0M0E0I1 A=02 B=0210 D=0014 H=1B95>7F20 S=FFE8>054D P=1BB2 ANA  C
C0Z1M0E1I1 A=00 B=0210 D=0014 H=1B95>7F20 S=FFE8>054D P=1BB3 POP  H
C0Z1M0E1I1 A=00 B=0210 D=0014 H=054D>00FF S=FFEA>0718 P=1BB4 POP  B
C0Z1M0E1I1 A=00 B=0718 D=0014 H=054D>00FF S=FFEC>1B69 P=1BB5 RZ   
C0Z1M0E1I1 A=00 B=0718 D=0014 H=054D>00FF S=FFEE>FF29 P=1B69 XRA  C
C0Z0M0E1I0 A=18 B=0718 D=0014 H=054D>00FF S=FFEE>FF29 P=1B6A RRC  
C0Z0M0E1I0 A=0C B=0718 D=0014 H=054D>00FF S=FFEE>FF29 P=1B6B MOV  C,A
C0Z0M0E1I0 A=0C B=070C D=0014 H=054D>00FF S=FFEE>FF29 P=1B6C POP  PSW
C1Z0M0E0I0 A=FF B=070C D=0014 H=054D>00FF S=FFF0>0539 P=1B6D DCR  B
C1Z0M0E0I0 A=FF B=060C D=0014 H=054D>00FF S=FFF0>0539 P=1B6E JNZ  1B62
C1Z0M0E0I0 A=FF B=060C D=0014 H=054D>00FF S=FFF0>0539 P=1B62 RRC  
C1Z0M0E0I0 A=FF B=060C D=0014 H=054D>00FF S=FFF0>0539 P=1B63 PUSH PSW
C1Z0M0E0I0 A=FF B=060C D=0014 H=054D>00FF S=FFEE>FF29 P=1B64 MVI  A,00
C1Z0M0E0I0 A=00 B=060C D=0014 H=054D>00FF S=FFEE>FF29 P=1B66 CC   1B98
C1Z0M0E0I0 A=00 B=060C D=0014 H=054D>00FF S=FFEC>1B69 P=1B98 PUSH B
C1Z0M0E0I0 A=00 B=060C D=0014 H=054D>00FF S=FFEA>060C P=1B99 PUSH H
C1Z0M0E0I0 A=00 B=060C D=0014 H=054D>00FF S=FFE8>054D P=1B9A LHLD 1B96
C1Z0M0E0I0 A=00 B=060C D=0014 H=1C7F>0002 S=FFE8>054D P=1B9D MOV  B,M
C1Z0M0E0I0 A=00 B=020C D=0014 H=1C7F>0002 S=FFE8>054D P=1B9E LXI  H,1B95
C1Z0M0E0I0 A=00 B=020C D=0014 H=1B95>7F20 S=FFE8>054D P=1BA1 MOV  A,M
C1Z0M0E0I0 A=20 B=020C D=0014 H=1B95>7F20 S=FFE8>054D P=1BA2 MOV  C,A
C1Z0M0E0I0 A=20 B=0220 D=0014 H=1B95>7F20 S=FFE8>054D P=1BA3 RLC  
C0Z0M0E0I0 A=40 B=0220 D=0014 H=1B95>7F20 S=FFE8>054D P=1BA4 MOV  M,A
C0Z0M0E0I0 A=40 B=0220 D=0014 H=1B95>7F40 S=FFE8>054D P=1BA5 CPI  01
C0Z0M0E0I1 A=40 B=0220 D=0014 H=1B95>7F40 S=FFE8>054D P=1BA7 JNZ  1BB1
C0Z0M0E0I1 A=40 B=0220 D=0014 H=1B95>7F40 S=FFE8>054D P=1BB1 MOV  A,B
C0Z0M0E0I1 A=02 B=0220 D=0014 H=1B95>7F40 S=FFE8>054D P=1BB2 ANA  C
C0Z1M0E1I1 A=00 B=0220 D=0014 H=1B95>7F40 S=FFE8>054D P=1BB3 POP  H
C0Z1M0E1I1 A=00 B=0220 D=0014 H=054D>00FF S=FFEA>060C P=1BB4 POP  B
C0Z1M0E1I1 A=00 B=060C D=0014 H=054D>00FF S=FFEC>1B69 P=1BB5 RZ   
C0Z1M0E1I1 A=00 B=060C D=0014 H=054D>00FF S=FFEE>FF29 P=1B69 XRA  C
C0Z0M0E1I0 A=0C B=060C D=0014 H=054D>00FF S=FFEE>FF29 P=1B6A RRC  
C0Z0M0E1I0 A=06 B=060C D=0014 H=054D>00FF S=FFEE>FF29 P=1B6B MOV  C,A
C0Z0M0E1I0 A=06 B=0606 D=0014 H=054D>00FF S=FFEE>FF29 P=1B6C POP  PSW
C1Z0M0E0I0 A=FF B=0606 D=0014 H=054D>00FF S=FFF0>0539 P=1B6D DCR  B
C1Z0M0E0I0 A=FF B=0506 D=0014 H=054D>00FF S=FFF0>0539 P=1B6E JNZ  1B62
C1Z0M0E0I0 A=FF B=0506 D=0014 H=054D>00FF S=FFF0>0539 P=1B62 RRC  
C1Z0M0E0I0 A=FF B=0506 D=0014 H=054D>00FF S=FFF0>0539 P=1B63 PUSH PSW
C1Z0M0E0I0 A=FF B=0506 D=0014 H=054D>00FF S=FFEE>FF29 P=1B64 MVI  A,00
C1Z0M0E0I0 A=00 B=0506 D=0014 H=054D>00FF S=FFEE>FF29 P=1B66 CC   1B98
C1Z0M0E0I0 A=00 B=0506 D=0014 H=054D>00FF S=FFEC>1B69 P=1B98 PUSH B
C1Z0M0E0I0 A=00 B=0506 D=0014 H=054D>00FF S=FFEA>0506 P=1B99 PUSH H
C1Z0M0E0I0 A=00 B=0506 D=0014 H=054D>00FF S=FFE8>054D P=1B9A LHLD 1B96
C1Z0M0E0I0 A=00 B=0506 D=0014 H=1C7F>0002 S=FFE8>054D P=1B9D MOV  B,M
C1Z0M0E0I0 A=00 B=0206 D=0014 H=1C7F>0002 S=FFE8>054D P=1B9E LXI  H,1B95
C1Z0M0E0I0 A=00 B=0206 D=0014 H=1B95>7F40 S=FFE8>054D P=1BA1 MOV  A,M
C1Z0M0E0I0 A=40 B=0206 D=0014 H=1B95>7F40 S=FFE8>054D P=1BA2 MOV  C,A
C1Z0M0E0I0 A=40 B=0240 D=0014 H=1B95>7F40 S=FFE8>054D P=1BA3 RLC  
C0Z0M0E0I0 A=80 B=0240 D=0014 H=1B95>7F40 S=FFE8>054D P=1BA4 MOV  M,A
C0Z0M0E0I0 A=80 B=0240 D=0014 H=1B95>7F80 S=FFE8>054D P=1BA5 CPI  01
C0Z0M0E1I1 A=80 B=0240 D=0014 H=1B95>7F80 S=FFE8>054D P=1BA7 JNZ  1BB1
C0Z0M0E1I1 A=80 B=0240 D=0014 H=1B95>7F80 S=FFE8>054D P=1BB1 MOV  A,B
C0Z0M0E1I1 A=02 B=0240 D=0014 H=1B95>7F80 S=FFE8>054D P=1BB2 ANA  C
C0Z1M0E1I1 A=00 B=0240 D=0014 H=1B95>7F80 S=FFE8>054D P=1BB3 POP  H
C0Z1M0E1I1 A=00 B=0240 D=0014 H=054D>00FF S=FFEA>0506 P=1BB4 POP  B
C0Z1M0E1I1 A=00 B=0506 D=0014 H=054D>00FF S=FFEC>1B69 P=1BB5 RZ   
C0Z1M0E1I1 A=00 B=0506 D=0014 H=054D>00FF S=FFEE>FF29 P=1B69 XRA  C
C0Z0M0E1I0 A=06 B=0506 D=0014 H=054D>00FF S=FFEE>FF29 P=1B6A RRC  
C0Z0M0E1I0 A=03 B=0506 D=0014 H=054D>00FF S=FFEE>FF29 P=1B6B MOV  C,A
C0Z0M0E1I0 A=03 B=0503 D=0014 H=054D>00FF S=FFEE>FF29 P=1B6C POP  PSW
C1Z0M0E0I0 A=FF B=0503 D=0014 H=054D>00FF S=FFF0>0539 P=1B6D DCR  B
C1Z0M0E0I0 A=FF B=0403 D=0014 H=054D>00FF S=FFF0>0539 P=1B6E JNZ  1B62
C1Z0M0E0I0 A=FF B=0403 D=0014 H=054D>00FF S=FFF0>0539 P=1B62 RRC  
C1Z0M0E0I0 A=FF B=0403 D=0014 H=054D>00FF S=FFF0>0539 P=1B63 PUSH PSW
C1Z0M0E0I0 A=FF B=0403 D=0014 H=054D>00FF S=FFEE>FF29 P=1B64 MVI  A,00
C1Z0M0E0I0 A=00 B=0403 D=0014 H=054D>00FF S=FFEE>FF29 P=1B66 CC   1B98
C1Z0M0E0I0 A=00 B=0403 D=0014 H=054D>00FF S=FFEC>1B69 P=1B98 PUSH B
C1Z0M0E0I0 A=00 B=0403 D=0014 H=054D>00FF S=FFEA>0403 P=1B99 PUSH H
C1Z0M0E0I0 A=00 B=0403 D=0014 H=054D>00FF S=FFE8>054D P=1B9A LHLD 1B96
C1Z0M0E0I0 A=00 B=0403 D=0014 H=1C7F>0002 S=FFE8>054D P=1B9D MOV  B,M
C1Z0M0E0I0 A=00 B=0203 D=0014 H=1C7F>0002 S=FFE8>054D P=1B9E LXI  H,1B95
C1Z0M0E0I0 A=00 B=0203 D=0014 H=1B95>7F80 S=FFE8>054D P=1BA1 MOV  A,M
C1Z0M0E0I0 A=80 B=0203 D=0014 H=1B95>7F80 S=FFE8>054D P=1BA2 MOV  C,A
C1Z0M0E0I0 A=80 B=0280 D=0014 H=1B95>7F80 S=FFE8>054D P=1BA3 RLC  
C1Z0M0E0I0 A=01 B=0280 D=0014 H=1B95>7F80 S=FFE8>054D P=1BA4 MOV  M,A
C1Z0M0E0I0 A=01 B=0280 D=0014 H=1B95>7F01 S=FFE8>054D P=1BA5 CPI  01
C0Z1M0E0I0 A=01 B=0280 D=0014 H=1B95>7F01 S=FFE8>054D P=1BA7 JNZ  1BB1
C0Z1M0E0I0 A=01 B=0280 D=0014 H=1B95>7F01 S=FFE8>054D P=1BAA LHLD 1B96
C0Z1M0E0I0 A=01 B=0280 D=0014 H=1C7F>0002 S=FFE8>054D P=1BAD INX  H
C0Z1M0E0I0 A=01 B=0280 D=0014 H=1C80>0000 S=FFE8>054D P=1BAE SHLD 1B96
C0Z1M0E0I0 A=01 B=0280 D=0014 H=1C80>0000 S=FFE8>054D P=1BB1 MOV  A,B
C0Z1M0E0I0 A=02 B=0280 D=0014 H=1C80>0000 S=FFE8>054D P=1BB2 ANA  C
C0Z1M0E1I1 A=00 B=0280 D=0014 H=1C80>0000 S=FFE8>054D P=1BB3 POP  H
C0Z1M0E1I1 A=00 B=0280 D=0014 H=054D>00FF S=FFEA>0403 P=1BB4 POP  B
C0Z1M0E1I1 A=00 B=0403 D=0014 H=054D>00FF S=FFEC>1B69 P=1BB5 RZ   
C0Z1M0E1I1 A=00 B=0403 D=0014 H=054D>00FF S=FFEE>FF29 P=1B69 XRA  C
C0Z0M0E1I0 A=03 B=0403 D=0014 H=054D>00FF S=FFEE>FF29 P=1B6A RRC  
C1Z0M0E1I0 A=81 B=0403 D=0014 H=054D>00FF S=FFEE>FF29 P=1B6B MOV  C,A
C1Z0M0E1I0 A=81 B=0481 D=0014 H=054D>00FF S=FFEE>FF29 P=1B6C POP  PSW
C1Z0M0E0I0 A=FF B=0481 D=0014 H=054D>00FF S=FFF0>0539 P=1B6D DCR  B
C1Z0M0E0I0 A=FF B=0381 D=0014 H=054D>00FF S=FFF0>0539 P=1B6E JNZ  1B62
C1Z0M0E0I0 A=FF B=0381 D=0014 H=054D>00FF S=FFF0>0539 P=1B62 RRC  
C1Z0M0E0I0 A=FF B=0381 D=0014 H=054D>00FF S=FFF0>0539 P=1B63 PUSH PSW
C1Z0M0E0I0 A=FF B=0381 D=0014 H=054D>00FF S=FFEE>FF29 P=1B64 MVI  A,00
C1Z0M0E0I0 A=00 B=0381 D=0014 H=054D>00FF S=FFEE>FF29 P=1B66 CC   1B98
C1Z0M0E0I0 A=00 B=0381 D=0014 H=054D>00FF S=FFEC>1B69 P=1B98 PUSH B
C1Z0M0E0I0 A=00 B=0381 D=0014 H=054D>00FF S=FFEA>0381 P=1B99 PUSH H
C1Z0M0E0I0 A=00 B=0381 D=0014 H=054D>00FF S=FFE8>054D P=1B9A LHLD 1B96
C1Z0M0E0I0 A=00 B=0381 D=0014 H=1C80>0000 S=FFE8>054D P=1B9D MOV  B,M
C1Z0M0E0I0 A=00 B=0081 D=0014 H=1C80>0000 S=FFE8>054D P=1B9E LXI  H,1B95
C1Z0M0E0I0 A=00 B=0081 D=0014 H=1B95>8001 S=FFE8>054D P=1BA1 MOV  A,M
C1Z0M0E0I0 A=01 B=0081 D=0014 H=1B95>8001 S=FFE8>054D P=1BA2 MOV  C,A
C1Z0M0E0I0 A=01 B=0001 D=0014 H=1B95>8001 S=FFE8>054D P=1BA3 RLC  
C0Z0M0E0I0 A=02 B=0001 D=0014 H=1B95>8001 S=FFE8>054D P=1BA4 MOV  M,A
C0Z0M0E0I0 A=02 B=0001 D=0014 H=1B95>8002 S=FFE8>054D P=1BA5 CPI  01
C0Z0M0E0I0 A=02 B=0001 D=0014 H=1B95>8002 S=FFE8>054D P=1BA7 JNZ  1BB1
C0Z0M0E0I0 A=02 B=0001 D=0014 H=1B95>8002 S=FFE8>054D P=1BB1 MOV  A,B
C0Z0M0E0I0 A=00 B=0001 D=0014 H=1B95>8002 S=FFE8>054D P=1BB2 ANA  C
C0Z1M0E1I1 A=00 B=0001 D=0014 H=1B95>8002 S=FFE8>054D P=1BB3 POP  H
C0Z1M0E1I1 A=00 B=0001 D=0014 H=054D>00FF S=FFEA>0381 P=1BB4 POP  B
C0Z1M0E1I1 A=00 B=0381 D=0014 H=054D>00FF S=FFEC>1B69 P=1BB5 RZ   
C0Z1M0E1I1 A=00 B=0381 D=0014 H=054D>00FF S=FFEE>FF29 P=1B69 XRA  C
C0Z0M1E1I0 A=81 B=0381 D=0014 H=054D>00FF S=FFEE>FF29 P=1B6A RRC  
C1Z0M1E1I0 A=C0 B=0381 D=0014 H=054D>00FF S=FFEE>FF29 P=1B6B MOV  C,A
C1Z0M1E1I0 A=C0 B=03C0 D=0014 H=054D>00FF S=FFEE>FF29 P=1B6C POP  PSW
C1Z0M0E0I0 A=FF B=03C0 D=0014 H=054D>00FF S=FFF0>0539 P=1B6D DCR  B
C1Z0M0E0I0 A=FF B=02C0 D=0014 H=054D>00FF S=FFF0>0539 P=1B6E JNZ  1B62
C1Z0M0E0I0 A=FF B=02C0 D=0014 H=054D>00FF S=FFF0>0539 P=1B62 RRC  
C1Z0M0E0I0 A=FF B=02C0 D=0014 H=054D>00FF S=FFF0>0539 P=1B63 PUSH PSW
C1Z0M0E0I0 A=FF B=02C0 D=0014 H=054D>00FF S=FFEE>FF29 P=1B64 MVI  A,00
C1Z0M0E0I0 A=00 B=02C0 D=0014 H=054D>00FF S=FFEE>FF29 P=1B66 CC   1B98
C1Z0M0E0I0 A=00 B=02C0 D=0014 H=054D>00FF S=FFEC>1B69 P=1B98 PUSH B
C1Z0M0E0I0 A=00 B=02C0 D=0014 H=054D>00FF S=FFEA>02C0 P=1B99 PUSH H
C1Z0M0E0I0 A=00 B=02C0 D=0014 H=054D>00FF S=FFE8>054D P=1B9A LHLD 1B96
C1Z0M0E0I0 A=00 B=02C0 D=0014 H=1C80>0000 S=FFE8>054D P=1B9D MOV  B,M
C1Z0M0E0I0 A=00 B=00C0 D=0014 H=1C80>0000 S=FFE8>054D P=1B9E LXI  H,1B95
C1Z0M0E0I0 A=00 B=00C0 D=0014 H=1B95>8002 S=FFE8>054D P=1BA1 MOV  A,M
C1Z0M0E0I0 A=02 B=00C0 D=0014 H=1B95>8002 S=FFE8>054D P=1BA2 MOV  C,A
C1Z0M0E0I0 A=02 B=0002 D=0014 H=1B95>8002 S=FFE8>054D P=1BA3 RLC  
C0Z0M0E0I0 A=04 B=0002 D=0014 H=1B95>8002 S=FFE8>054D P=1BA4 MOV  M,A
C0Z0M0E0I0 A=04 B=0002 D=0014 H=1B95>8004 S=FFE8>054D P=1BA5 CPI  01
C0Z0M0E0I0 A=04 B=0002 D=0014 H=1B95>8004 S=FFE8>054D P=1BA7 JNZ  1BB1
C0Z0M0E0I0 A=04 B=0002 D=0014 H=1B95>8004 S=FFE8>054D P=1BB1 MOV  A,B
C0Z0M0E0I0 A=00 B=0002 D=0014 H=1B95>8004 S=FFE8>054D P=1BB2 ANA  C
C0Z1M0E1I1 A=00 B=0002 D=0014 H=1B95>8004 S=FFE8>054D P=1BB3 POP  H
C0Z1M0E1I1 A=00 B=0002 D=0014 H=054D>00FF S=FFEA>02C0 P=1BB4 POP  B
C0Z1M0E1I1 A=00 B=02C0 D=0014 H=054D>00FF S=FFEC>1B69 P=1BB5 RZ   
C0Z1M0E1I1 A=00 B=02C0 D=0014 H=054D>00FF S=FFEE>FF29 P=1B69 XRA  C
C0Z0M1E1I0 A=C0 B=02C0 D=0014 H=054D>00FF S=FFEE>FF29 P=1B6A RRC  
C0Z0M1E1I0 A=60 B=02C0 D=0014 H=054D>00FF S=FFEE>FF29 P=1B6B MOV  C,A
C0Z0M1E1I0 A=60 B=0260 D=0014 H=054D>00FF S=FFEE>FF29 P=1B6C POP  PSW
C1Z0M0E0I0 A=FF B=0260 D=0014 H=054D>00FF S=FFF0>0539 P=1B6D DCR  B
C1Z0M0E0I0 A=FF B=0160 D=0014 H=054D>00FF S=FFF0>0539 P=1B6E JNZ  1B62
C1Z0M0E0I0 A=FF B=0160 D=0014 H=054D>00FF S=FFF0>0539 P=1B62 RRC  
C1Z0M0E0I0 A=FF B=0160 D=0014 H=054D>00FF S=FFF0>0539 P=1B63 PUSH PSW
C1Z0M0E0I0 A=FF B=0160 D=0014 H=054D>00FF S=FFEE>FF29 P=1B64 MVI  A,00
C1Z0M0E0I0 A=00 B=0160 D=0014 H=054D>00FF S=FFEE>FF29 P=1B66 CC   1B98
C1Z0M0E0I0 A=00 B=0160 D=0014 H=054D>00FF S=FFEC>1B69 P=1B98 PUSH B
C1Z0M0E0I0 A=00 B=0160 D=0014 H=054D>00FF S=FFEA>0160 P=1B99 PUSH H
C1Z0M0E0I0 A=00 B=0160 D=0014 H=054D>00FF S=FFE8>054D P=1B9A LHLD 1B96
C1Z0M0E0I0 A=00 B=0160 D=0014 H=1C80>0000 S=FFE8>054D P=1B9D MOV  B,M
C1Z0M0E0I0 A=00 B=0060 D=0014 H=1C80>0000 S=FFE8>054D P=1B9E LXI  H,1B95
C1Z0M0E0I0 A=00 B=0060 D=0014 H=1B95>8004 S=FFE8>054D P=1BA1 MOV  A,M
C1Z0M0E0I0 A=04 B=0060 D=0014 H=1B95>8004 S=FFE8>054D P=1BA2 MOV  C,A
C1Z0M0E0I0 A=04 B=0004 D=0014 H=1B95>8004 S=FFE8>054D P=1BA3 RLC  
C0Z0M0E0I0 A=08 B=0004 D=0014 H=1B95>8004 S=FFE8>054D P=1BA4 MOV  M,A
C0Z0M0E0I0 A=08 B=0004 D=0014 H=1B95>8008 S=FFE8>054D P=1BA5 CPI  01
C0Z0M0E0I0 A=08 B=0004 D=0014 H=1B95>8008 S=FFE8>054D P=1BA7 JNZ  1BB1
C0Z0M0E0I0 A=08 B=0004 D=0014 H=1B95>8008 S=FFE8>054D P=1BB1 MOV  A,B
C0Z0M0E0I0 A=00 B=0004 D=0014 H=1B95>8008 S=FFE8>054D P=1BB2 ANA  C
C0Z1M0E1I1 A=00 B=0004 D=0014 H=1B95>8008 S=FFE8>054D P=1BB3 POP  H
C0Z1M0E1I1 A=00 B=0004 D=0014 H=054D>00FF S=FFEA>0160 P=1BB4 POP  B
C0Z1M0E1I1 A=00 B=0160 D=0014 H=054D>00FF S=FFEC>1B69 P=1BB5 RZ   
C0Z1M0E1I1 A=00 B=0160 D=0014 H=054D>00FF S=FFEE>FF29 P=1B69 XRA  C
C0Z0M0E1I0 A=60 B=0160 D=0014 H=054D>00FF S=FFEE>FF29 P=1B6A RRC  
C0Z0M0E1I0 A=30 B=0160 D=0014 H=054D>00FF S=FFEE>FF29 P=1B6B MOV  C,A
C0Z0M0E1I0 A=30 B=0130 D=0014 H=054D>00FF S=FFEE>FF29 P=1B6C POP  PSW
C1Z0M0E0I0 A=FF B=0130 D=0014 H=054D>00FF S=FFF0>0539 P=1B6D DCR  B
C1Z1M0E0I0 A=FF B=0030 D=0014 H=054D>00FF S=FFF0>0539 P=1B6E JNZ  1B62
C1Z1M0E0I0 A=FF B=0030 D=0014 H=054D>00FF S=FFF0>0539 P=1B71 MVI  B,08
C1Z1M0E0I0 A=FF B=0830 D=0014 H=054D>00FF S=FFF0>0539 P=1B73 LXI  D,0014
C1Z1M0E0I0 A=FF B=0830 D=0014 H=054D>00FF S=FFF0>0539 P=1B76 DAD  D
C0Z1M0E0I0 A=FF B=0830 D=0014 H=0561>0000 S=FFF0>0539 P=1B77 MOV  A,M
C0Z1M0E0I0 A=00 B=0830 D=0014 H=0561>0000 S=FFF0>0539 P=1B78 CPI  00
C0Z1M0E0I0 A=00 B=0830 D=0014 H=0561>0000 S=FFF0>0539 P=1B7A JZ   1B8E
C0Z1M0E0I0 A=00 B=0830 D=0014 H=0561>0000 S=FFF0>0539 P=1B8E POP  H
C0Z1M0E0I0 A=00 B=0830 D=0014 H=0539>A330 S=FFF2>0110 P=1B8F POP  D
C0Z1M0E0I0 A=00 B=0830 D=0110 H=0539>A330 S=FFF4>033C P=1B90 MOV  A,C
C0Z1M0E0I0 A=30 B=0830 D=0110 H=0539>A330 S=FFF4>033C P=1B91 STAX D
C0Z1M0E0I0 A=30 B=0830 D=0110 H=0539>A330 S=FFF4>033C P=1B92 INX  D
C0Z1M0E0I0 A=30 B=0830 D=0111 H=0539>A330 S=FFF4>033C P=1B93 POP  B
C0Z1M0E0I0 A=30 B=033C D=0111 H=0539>A330 S=FFF6>1B4C P=1B94 RET  
C0Z1M0E0I0 A=30 B=033C D=0111 H=0539>A330 S=FFF8>1B46 P=1B4C INX  H
C0Z1M0E0I0 A=30 B=033C D=0111 H=053A>94A3 S=FFF8>1B46 P=1B4D DCR  B
C0Z0M0E0I0 A=30 B=023C D=0111 H=053A>94A3 S=FFF8>1B46 P=1B4E JNZ  1B49
C0Z0M0E0I0 A=30 B=023C D=0111 H=053A>94A3 S=FFF8>1B46 P=1B49 CALL 1B52
C0Z0M0E0I0 A=30 B=023C D=0111 H=053A>94A3 S=FFF6>1B4C P=1B52 PUSH B
C0Z0M0E0I0 A=30 B=023C D=0111 H=053A>94A3 S=FFF4>023C P=1B53 PUSH D
C0Z0M0E0I0 A=30 B=023C D=0111 H=053A>94A3 S=FFF2>0111 P=1B54 PUSH H
C0Z0M0E0I0 A=30 B=023C D=0111 H=053A>94A3 S=FFF0>053A P=1B55 MOV  C,M
C0Z0M0E0I0 A=30 B=02A3 D=0111 H=053A>94A3 S=FFF0>053A P=1B56 LXI  D,0014
C0Z0M0E0I0 A=30 B=02A3 D=0014 H=053A>94A3 S=FFF0>053A P=1B59 DAD  D
C0Z0M0E0I0 A=30 B=02A3 D=0014 H=054E>0000 S=FFF0>053A P=1B5A MOV  A,M
C0Z0M0E0I0 A=00 B=02A3 D=0014 H=054E>0000 S=FFF0>053A P=1B5B CPI  00
C0Z1M0E0I0 A=00 B=02A3 D=0014 H=054E>0000 S=FFF0>053A P=1B5D JZ   1B73
C0Z1M0E0I0 A=00 B=02A3 D=0014 H=054E>0000 S=FFF0>053A P=1B73 LXI  D,0014
C0Z1M0E0I0 A=00 B=02A3 D=0014 H=054E>0000 S=FFF0>053A P=1B76 DAD  D
C0Z1M0E0I0 A=00 B=02A3 D=0014 H=0562>0000 S=FFF0>053A P=1B77 MOV  A,M
C0Z1M0E0I0 A=00 B=02A3 D=0014 H=0562>0000 S=FFF0>053A P=1B78 CPI  00
C0Z1M0E0I0 A=00 B=02A3 D=0014 H=0562>0000 S=FFF0>053A P=1B7A JZ   1B8E
C0Z1M0E0I0 A=00 B=02A3 D=0014 H=0562>0000 S=FFF0>053A P=1B8E POP  H
C0Z1M0E0I0 A=00 B=02A3 D=0014 H=053A>94A3 S=FFF2>0111 P=1B8F POP  D
C0Z1M0E0I0 A=00 B=02A3 D=0111 H=053A>94A3 S=FFF4>023C P=1B90 MOV  A,C
C0Z1M0E0I0 A=A3 B=02A3 D=0111 H=053A>94A3 S=FFF4>023C P=1B91 STAX D
C0Z1M0E0I0 A=A3 B=02A3 D=0111 H=053A>94A3 S=FFF4>023C P=1B92 INX  D
C0Z1M0E0I0 A=A3 B=02A3 D=0112 H=053A>94A3 S=FFF4>023C P=1B93 POP  B
C0Z1M0E0I0 A=A3 B=023C D=0112 H=053A>94A3 S=FFF6>1B4C P=1B94 RET  
C0Z1M0E0I0 A=A3 B=023C D=0112 H=053A>94A3 S=FFF8>1B46 P=1B4C INX  H
C0Z1M0E0I0 A=A3 B=023C D=0112 H=053B>0094 S=FFF8>1B46 P=1B4D DCR  B
C0Z0M0E0I0 A=A3 B=013C D=0112 H=053B>0094 S=FFF8>1B46 P=1B4E JNZ  1B49
C0Z0M0E0I0 A=A3 B=013C D=0112 H=053B>0094 S=FFF8>1B46 P=1B49 CALL 1B52
C0Z0M0E0I0 A=A3 B=013C D=0112 H=053B>0094 S=FFF6>1B4C P=1B52 PUSH B
C0Z0M0E0I0 A=A3 B=013C D=0112 H=053B>0094 S=FFF4>013C P=1B53 PUSH D
C0Z0M0E0I0 A=A3 B=013C D=0112 H=053B>0094 S=FFF2>0112 P=1B54 PUSH H
C0Z0M0E0I0 A=A3 B=013C D=0112 H=053B>0094 S=FFF0>053B P=1B55 MOV  C,M
C0Z0M0E0I0 A=A3 B=0194 D=0112 H=053B>0094 S=FFF0>053B P=1B56 LXI  D,0014
C0Z0M0E0I0 A=A3 B=0194 D=0014 H=053B>0094 S=FFF0>053B P=1B59 DAD  D
C0Z0M0E0I0 A=A3 B=0194 D=0014 H=054F>0000 S=FFF0>053B P=1B5A MOV  A,M
C0Z0M0E0I0 A=00 B=0194 D=0014 H=054F>0000 S=FFF0>053B P=1B5B CPI  00
C0Z1M0E0I0 A=00 B=0194 D=0014 H=054F>0000 S=FFF0>053B P=1B5D JZ   1B73
C0Z1M0E0I0 A=00 B=0194 D=0014 H=054F>0000 S=FFF0>053B P=1B73 LXI  D,0014
C0Z1M0E0I0 A=00 B=0194 D=0014 H=054F>0000 S=FFF0>053B P=1B76 DAD  D
C0Z1M0E0I0 A=00 B=0194 D=0014 H=0563>A800 S=FFF0>053B P=1B77 MOV  A,M
C0Z1M0E0I0 A=00 B=0194 D=0014 H=0563>A800 S=FFF0>053B P=1B78 CPI  00
C0Z1M0E0I0 A=00 B=0194 D=0014 H=0563>A800 S=FFF0>053B P=1B7A JZ   1B8E
C0Z1M0E0I0 A=00 B=0194 D=0014 H=0563>A800 S=FFF0>053B P=1B8E POP  H
C0Z1M0E0I0 A=00 B=0194 D=0014 H=053B>0094 S=FFF2>0112 P=1B8F POP  D
C0Z1M0E0I0 A=00 B=0194 D=0112 H=053B>0094 S=FFF4>013C P=1B90 MOV  A,C
C0Z1M0E0I0 A=94 B=0194 D=0112 H=053B>0094 S=FFF4>013C P=1B91 STAX D
C0Z1M0E0I0 A=94 B=0194 D=0112 H=053B>0094 S=FFF4>013C P=1B92 INX  D
C0Z1M0E0I0 A=94 B=0194 D=0113 H=053B>0094 S=FFF4>013C P=1B93 POP  B
C0Z1M0E0I0 A=94 B=013C D=0113 H=053B>0094 S=FFF6>1B4C P=1B94 RET  
C0Z1M0E0I0 A=94 B=013C D=0113 H=053B>0094 S=FFF8>1B46 P=1B4C INX  H
C0Z1M0E0I0 A=94 B=013C D=0113 H=053C>1000 S=FFF8>1B46 P=1B4D DCR  B
C0Z1M0E0I0 A=94 B=003C D=0113 H=053C>1000 S=FFF8>1B46 P=1B4E JNZ  1B49
C0Z1M0E0I0 A=94 B=003C D=0113 H=053C>1000 S=FFF8>1B46 P=1B51 RET  
C0Z1M0E0I0 A=94 B=003C D=0113 H=053C>1000 S=FFFA>0528 P=1B46 JMP  1ACC
C0Z1M0E0I0 A=94 B=003C D=0113 H=053C>1000 S=FFFA>0528 P=1ACC LDA  1CE7
C0Z1M0E0I0 A=ED B=003C D=0113 H=053C>1000 S=FFFA>0528 P=1ACF CPI  76
C0Z0M0E1I0 A=ED B=003C D=0113 H=053C>1000 S=FFFA>0528 P=1AD1 JZ   1AE3
C0Z0M0E1I0 A=ED B=003C D=0113 H=053C>1000 S=FFFA>0528 P=1AD4 ANI  DF
C0Z0M1E0I1 A=CD B=003C D=0113 H=053C>1000 S=FFFA>0528 P=1AD6 CPI  DD
C1Z0M1E0I0 A=CD B=003C D=0113 H=053C>1000 S=FFFA>0528 P=1AD8 JNZ  1AE0
C1Z0M1E0I0 A=CD B=003C D=0113 H=053C>1000 S=FFFA>0528 P=1AE0 CNZ  1CCF
C1Z0M1E0I0 A=CD B=003C D=0113 H=053C>1000 S=FFF8>1AE3 P=1CCF PUSH PSW
C1Z0M1E0I0 A=CD B=003C D=0113 H=053C>1000 S=FFF6>CD8B P=1CD0 PUSH B
C1Z0M1E0I0 A=CD B=003C D=0113 H=053C>1000 S=FFF4>003C P=1CD1 PUSH D
C1Z0M1E0I0 A=CD B=003C D=0113 H=053C>1000 S=FFF2>0113 P=1CD2 PUSH H
C1Z0M1E0I0 A=CD B=003C D=0113 H=053C>1000 S=FFF0>053C P=1CD3 DI   
C1Z0M1E0I0 A=CD B=003C D=0113 H=053C>1000 S=FFF0>053C P=1CD4 SSPD 1D32
C1Z0M1E0I0 A=CD B=003C D=0113 H=053C>1000 S=FFF0>053C P=1CD8 LXI  SP,0105
C1Z0M1E0I0 A=CD B=003C D=0113 H=053C>1000 S=0105>72B4 P=1CDB POP  Y
C1Z0M1E0I0 A=CD B=003C D=0113 H=053C>1000 S=0107>18F6 P=1CDD POP  X
C1Z0M1E0I0 A=CD B=003C D=0113 H=053C>1000 S=0109>0114 P=1CDF POP  H
C1Z0M1E0I0 A=CD B=003C D=0113 H=0114>21DD S=010B>8DBD P=1CE0 POP  D
C1Z0M1E0I0 A=CD B=003C D=8DBD H=0114>21DD S=010D>0003 P=1CE1 POP  B
C1Z0M1E0I0 A=CD B=0003 D=8DBD H=0114>21DD S=010F>30C1 P=1CE2 POP  PSW
C1Z1M1E0I0 A=30 B=0003 D=8DBD H=0114>21DD S=0111>94A3 P=1CE3 LSPD 0111
C1Z1M1E0I0 A=30 B=0003 D=8DBD H=0114>21DD S=94A3>7783 P=1CE7 CCD  
C1Z0M0E1I1 A=30 B=0002 D=8DBD H=0113>DDF3 S=94A3>7783 P=1CE9 NOP  
C1Z0M0E1I1 A=30 B=0002 D=8DBD H=0113>DDF3 S=94A3>7783 P=1CEA NOP  
C1Z0M0E1I1 A=30 B=0002 D=8DBD H=0113>DDF3 S=94A3>7783 P=1CEB SSPD 1D30
C1Z0M0E1I1 A=30 B=0002 D=8DBD H=0113>DDF3 S=94A3>7783 P=1CEF LXI  SP,1D30
C1Z0M0E1I1 A=30 B=0002 D=8DBD H=0113>DDF3 S=1D30>94A3 P=1CF2 PUSH PSW
C1Z0M0E1I1 A=30 B=0002 D=8DBD H=0113>DDF3 S=1D2E>3037 P=1CF3 PUSH B
C1Z0M0E1I1 A=30 B=0002 D=8DBD H=0113>DDF3 S=1D2C>0002 P=1CF4 PUSH D
C1Z0M0E1I1 A=30 B=0002 D=8DBD H=0113>DDF3 S=1D2A>8DBD P=1CF5 PUSH H
C1Z0M0E1I1 A=30 B=0002 D=8DBD H=0113>DDF3 S=1D28>0113 P=1CF6 PUSH X
C1Z0M0E1I1 A=30 B=0002 D=8DBD H=0113>DDF3 S=1D26>18F6 P=1CF8 PUSH Y
C1Z0M0E1I1 A=30 B=0002 D=8DBD H=0113>DDF3 S=1D24>72B4 P=1CFA LSPD 1D32
C1Z0M0E1I1 A=30 B=0002 D=8DBD H=0113>DDF3 S=FFF0>053C P=1CFE EI   
C1Z0M0E1I1 A=30 B=0002 D=8DBD H=0113>DDF3 S=FFF0>053C P=1CFF LHLD 0103
C1Z0M0E1I1 A=30 B=0002 D=8DBD H=1CDB>E1FD S=FFF0>053C P=1D02 SHLD 1D22
C1Z0M0E1I1 A=30 B=0002 D=8DBD H=1CDB>E1FD S=FFF0>053C P=1D05 LXI  H,1D2E
C1Z0M0E1I1 A=30 B=0002 D=8DBD H=1D2E>3037 S=FFF0>053C P=1D08 MOV  A,M
C1Z0M0E1I1 A=37 B=0002 D=8DBD H=1D2E>3037 S=FFF0>053C P=1D09 ANI  D7
C0Z0M0E1I1 A=17 B=0002 D=8DBD H=1D2E>3037 S=FFF0>053C P=1D0B MOV  M,A
C0Z0M0E1I1 A=17 B=0002 D=8DBD H=1D2E>3017 S=FFF0>053C P=1D0C MVI  B,10
C0Z0M0E1I1 A=17 B=1002 D=8DBD H=1D2E>3017 S=FFF0>053C P=1D0E LXI  D,1D22
C0Z0M0E1I1 A=17 B=1002 D=1D22 H=1D2E>3017 S=FFF0>053C P=1D11 LXI  H,1E2C
C0Z0M0E1I1 A=17 B=1002 D=1D22 H=1E2C>DBED S=FFF0>053C P=1D14 LDAX D
C0Z0M0E1I1 A=DB B=1002 D=1D22 H=1E2C>DBED S=FFF0>053C P=1D15 INX  D
C0Z0M0E1I1 A=DB B=1002 D=1D23 H=1E2C>DBED S=FFF0>053C P=1D16 CALL 1DF0
C0Z0M0E1I1 A=DB B=1002 D=1D23 H=1E2C>DBED S=FFEE>1D19 P=1DF0 PUSH PSW
C0Z0M0E1I1 A=DB B=1002 D=1D23 H=1E2C>DBED S=FFEC>DB14 P=1DF1 PUSH B
C0Z0M0E1I1 A=DB B=1002 D=1D23 H=1E2C>DBED S=FFEA>1002 P=1DF2 PUSH D
C0Z0M0E1I1 A=DB B=1002 D=1D23 H=1E2C>DBED S=FFE8>1D23 P=1DF3 PUSH H
C0Z0M0E1I1 A=DB B=1002 D=1D23 H=1E2C>DBED S=FFE6>1E2C P=1DF4 PUSH H
C0Z0M0E1I1 A=DB B=1002 D=1D23 H=1E2C>DBED S=FFE4>1E2C P=1DF5 LXI  D,0003
C0Z0M0E1I1 A=DB B=1002 D=0003 H=1E2C>DBED S=FFE4>1E2C P=1DF8 DAD  D
C0Z0M0E1I0 A=DB B=1002 D=0003 H=1E2F>007A S=FFE4>1E2C P=1DF9 XRA  M
C0Z0M1E0I0 A=A1 B=1002 D=0003 H=1E2F>007A S=FFE4>1E2C P=1DFA MOV  L,A
C0Z0M1E0I0 A=A1 B=1002 D=0003 H=1EA1>5C01 S=FFE4>1E2C P=1DFB MVI  H,00
C0Z0M1E0I0 A=A1 B=1002 D=0003 H=00A1>BE0B S=FFE4>1E2C P=1DFD DAD  H
C0Z0M1E0I0 A=A1 B=1002 D=0003 H=0142>0E1D S=FFE4>1E2C P=1DFE DAD  H
C0Z0M1E0I0 A=A1 B=1002 D=0003 H=0284>2E2E S=FFE4>1E2C P=1DFF XCHG 
C0Z0M1E0I0 A=A1 B=1002 D=0284 H=0003>0000 S=FFE4>1E2C P=1E00 LXI  H,1E30
C0Z0M1E0I0 A=A1 B=1002 D=0284 H=1E30>0000 S=FFE4>1E2C P=1E03 DAD  D
C0Z0M1E0I1 A=A1 B=1002 D=0284 H=20B4>D1A1 S=FFE4>1E2C P=1E04 XCHG 
C0Z0M1E0I1 A=A1 B=1002 D=20B4 H=0284>2E2E S=FFE4>1E2C P=1E05 POP  H
C0Z0M1E0I1 A=A1 B=1002 D=20B4 H=1E2C>DBED S=FFE6>1E2C P=1E06 LXI  B,0004
C0Z0M1E0I1 A=A1 B=0004 D=20B4 H=1E2C>DBED S=FFE6>1E2C P=1E09 LDAX D
C0Z0M1E0I1 A=A1 B=0004 D=20B4 H=1E2C>DBED S=FFE6>1E2C P=1E0A XRA  B
C0Z0M1E0I0 A=A1 B=0004 D=20B4 H=1E2C>DBED S=FFE6>1E2C P=1E0B MOV  B,M
C0Z0M1E0I0 A=A1 B=ED04 D=20B4 H=1E2C>DBED S=FFE6>1E2C P=1E0C MOV  M,A
C0Z0M1E0I0 A=A1 B=ED04 D=20B4 H=1E2C>DBA1 S=FFE6>1E2C P=1E0D INX  D
C0Z0M1E0I0 A=A1 B=ED04 D=20B5 H=1E2C>DBA1 S=FFE6>1E2C P=1E0E INX  H
C0Z0M1E0I0 A=A1 B=ED04 D=20B5 H=1E2D>1CDB S=FFE6>1E2C P=1E0F DCR  C
C0Z0M0E0I0 A=A1 B=ED03 D=20B5 H=1E2D>1CDB S=FFE6>1E2C P=1E10 JNZ  1E09
C0Z0M0E0I0 A=A1 B=ED03 D=20B5 H=1E2D>1CDB S=FFE6>1E2C P=1E09 LDAX D
C0Z0M0E0I0 A=D1 B=ED03 D=20B5 H=1E2D>1CDB S=FFE6>1E2C P=1E0A XRA  B
C0Z0M0E1I0 A=3C B=ED03 D=20B5 H=1E2D>1CDB S=FFE6>1E2C P=1E0B MOV  B,M
C0Z0M0E1I0 A=3C B=DB03 D=20B5 H=1E2D>1CDB S=FFE6>1E2C P=1E0C MOV  M,A
C0Z0M0E1I0 A=3C B=DB03 D=20B5 H=1E2D>1C3C S=FFE6>1E2C P=1E0D INX  D
C0Z0M0E1I0 A=3C B=DB03 D=20B6 H=1E2D>1C3C S=FFE6>1E2C P=1E0E INX  H
C0Z0M0E1I0 A=3C B=DB03 D=20B6 H=1E2E>7A1C S=FFE6>1E2C P=1E0F DCR  C
C0Z0M0E0I0 A=3C B=DB02 D=20B6 H=1E2E>7A1C S=FFE6>1E2C P=1E10 JNZ  1E09
C0Z0M0E0I0 A=3C B=DB02 D=20B6 H=1E2E>7A1C S=FFE6>1E2C P=1E09 LDAX D
C0Z0M0E0I0 A=93 B=DB02 D=20B6 H=1E2E>7A1C S=FFE6>1E2C P=1E0A XRA  B
C0Z0M0E1I0 A=48 B=DB02 D=20B6 H=1E2E>7A1C S=FFE6>1E2C P=1E0B MOV  B,M
C0Z0M0E1I0 A=48 B=1C02 D=20B6 H=1E2E>7A1C S=FFE6>1E2C P=1E0C MOV  M,A
C0Z0M0E1I0 A=48 B=1C02 D=20B6 H=1E2E>7A48 S=FFE6>1E2C P=1E0D INX  D
C0Z0M0E1I0 A=48 B=1C02 D=20B7 H=1E2E>7A48 S=FFE6>1E2C P=1E0E INX  H
C0Z0M0E1I0 A=48 B=1C02 D=20B7 H=1E2F>007A S=FFE6>1E2C P=1E0F DCR  C
C0Z0M0E0I0 A=48 B=1C01 D=20B7 H=1E2F>007A S=FFE6>1E2C P=1E10 JNZ  1E09
C0Z0M0E0I0 A=48 B=1C01 D=20B7 H=1E2F>007A S=FFE6>1E2C P=1E09 LDAX D
C0Z0M0E0I0 A=7E B=1C01 D=20B7 H=1E2F>007A S=FFE6>1E2C P=1E0A XRA  B
C0Z0M0E0I0 A=62 B=1C01 D=20B7 H=1E2F>007A S=FFE6>1E2C P=1E0B MOV  B,M
C0Z0M0E0I0 A=62 B=7A01 D=20B7 H=1E2F>007A S=FFE6>1E2C P=1E0C MOV  M,A
C0Z0M0E0I0 A=62 B=7A01 D=20B7 H=1E2F>0062 S=FFE6>1E2C P=1E0D INX  D
C0Z0M0E0I0 A=62 B=7A01 D=20B8 H=1E2F>0062 S=FFE6>1E2C P=1E0E INX  H
C0Z0M0E0I0 A=62 B=7A01 D=20B8 H=1E30>0000 S=FFE6>1E2C P=1E0F DCR  C
C0Z1M0E0I0 A=62 B=7A00 D=20B8 H=1E30>0000 S=FFE6>1E2C P=1E10 JNZ  1E09
C0Z1M0E0I0 A=62 B=7A00 D=20B8 H=1E30>0000 S=FFE6>1E2C P=1E13 POP  H
C0Z1M0E0I0 A=62 B=7A00 D=20B8 H=1E2C>3CA1 S=FFE8>1D23 P=1E14 POP  D
C0Z1M0E0I0 A=62 B=7A00 D=1D23 H=1E2C>3CA1 S=FFEA>1002 P=1E15 POP  B
C0Z1M0E0I0 A=62 B=1002 D=1D23 H=1E2C>3CA1 S=FFEC>DB14 P=1E16 POP  PSW
C0Z0M0E1I1 A=DB B=1002 D=1D23 H=1E2C>3CA1 S=FFEE>1D19 P=1E17 RET  
C0Z0M0E1I1 A=DB B=1002 D=1D23 H=1E2C>3CA1 S=FFF0>053C P=1D19 DCR  B
C0Z0M0E0I1 A=DB B=0F02 D=1D23 H=1E2C>3CA1 S=FFF0>053C P=1D1A JNZ  1D14
C0Z0M0E0I1 A=DB B=0F02 D=1D23 H=1E2C>3CA1 S=FFF0>053C P=1D14 LDAX D
C0Z0M0E0I1 A=1C B=0F02 D=1D23 H=1E2C>3CA1 S=FFF0>053C P=1D15 INX  D
C0Z0M0E0I1 A=1C B=0F02 D=1D24 H=1E2C>3CA1 S=FFF0>053C P=1D16 CALL 1DF0
C0Z0M0E0I1 A=1C B=0F02 D=1D24 H=1E2C>3CA1 S=FFEE>1D19 P=1DF0 PUSH PSW
C0Z0M0E0I1 A=1C B=0F02 D=1D24 H=1E2C>3CA1 S=FFEC>1C1A P=1DF1 PUSH B
C0Z0M0E0I1 A=1C B=0F02 D=1D24 H=1E2C>3CA1 S=FFEA>0F02 P=1DF2 PUSH D
C0Z0M0E0I1 A=1C B=0F02 D=1D24 H=1E2C>3CA1 S=FFE8>1D24 P=1DF3 PUSH H
C0Z0M0E0I1 A=1C B=0F02 D=1D24 H=1E2C>3CA1 S=FFE6>1E2C P=1DF4 PUSH H
C0Z0M0E0I1 A=1C B=0F02 D=1D24 H=1E2C>3CA1 S=FFE4>1E2C P=1DF5 LXI  D,0003
C0Z0M0E0I1 A=1C B=0F02 D=0003 H=1E2C>3CA1 S=FFE4>1E2C P=1DF8 DAD  D
C0Z0M0E0I0 A=1C B=0F02 D=0003 H=1E2F>0062 S=FFE4>1E2C P=1DF9 XRA  M
C0Z0M0E1I0 A=7E B=0F02 D=0003 H=1E2F>0062 S=FFE4>1E2C P=1DFA MOV  L,A
C0Z0M0E1I0 A=7E B=0F02 D=0003 H=1E7E>DE41 S=FFE4>1E2C P=1DFB MVI  H,00
C0Z0M0E1I0 A=7E B=0F02 D=0003 H=007E>F2F8 S=FFE4>1E2C P=1DFD DAD  H
C0Z0M0E1I0 A=7E B=0F02 D=0003 H=00FC>1A1A S=FFE4>1E2C P=1DFE DAD  H
C0Z0M0E1I0 A=7E B=0F02 D=0003 H=01F8>0000 S=FFE4>1E2C P=1DFF XCHG 
C0Z0M0E1I0 A=7E B=0F02 D=01F8 H=0003>0000 S=FFE4>1E2C P=1E00 LXI  H,1E30
C0Z0M0E1I0 A=7E B=0F02 D=01F8 H=1E30>0000 S=FFE4>1E2C P=1E03 DAD  D
C0Z0M0E1I1 A=7E B=0F02 D=01F8 H=2028>BDB7 S=FFE4>1E2C P=1E04 XCHG 
C0Z0M0E1I1 A=7E B=0F02 D=2028 H=01F8>0000 S=FFE4>1E2C P=1E05 POP  H
C0Z0M0E1I1 A=7E B=0F02 D=2028 H=1E2C>3CA1 S=FFE6>1E2C P=1E06 LXI  B,0004
C0Z0M0E1I1 A=7E B=0004 D=2028 H=1E2C>3CA1 S=FFE6>1E2C P=1E09 LDAX D
C0Z0M0E1I1 A=B7 B=0004 D=2028 H=1E2C>3CA1 S=FFE6>1E2C P=1E0A XRA  B
C0Z0M1E1I0 A=B7 B=0004 D=2028 H=1E2C>3CA1 S=FFE6>1E2C P=1E0B MOV  B,M
C0Z0M1E1I0 A=B7 B=A104 D=2028 H=1E2C>3CA1 S=FFE6>1E2C P=1E0C MOV  M,A
C0Z0M1E1I0 A=B7 B=A104 D=2028 H=1E2C>3CB7 S=FFE6>1E2C P=1E0D INX  D
C0Z0M1E1I0 A=B7 B=A104 D=2029 H=1E2C>3CB7 S=FFE6>1E2C P=1E0E INX  H
C0Z0M1E1I0 A=B7 B=A104 D=2029 H=1E2D>483C S=FFE6>1E2C P=1E0F DCR  C
C0Z0M0E0I0 A=B7 B=A103 D=2029 H=1E2D>483C S=FFE6>1E2C P=1E10 JNZ  1E09
C0Z0M0E0I0 A=B7 B=A103 D=2029 H=1E2D>483C S=FFE6>1E2C P=1E09 LDAX D
C0Z0M0E0I0 A=BD B=A103 D=2029 H=1E2D>483C S=FFE6>1E2C P=1E0A XRA  B
C0Z0M0E0I0 A=1C B=A103 D=2029 H=1E2D>483C S=FFE6>1E2C P=1E0B MOV  B,M
C0Z0M0E0I0 A=1C B=3C03 D=2029 H=1E2D>483C S=FFE6>1E2C P=1E0C MOV  M,A
C0Z0M0E0I0 A=1C B=3C03 D=2029 H=1E2D>481C S=FFE6>1E2C P=1E0D INX  D
C0Z0M0E0I0 A=1C B=3C03 D=202A H=1E2D>481C S=FFE6>1E2C P=1E0E INX  H
C0Z0M0E0I0 A=1C B=3C03 D=202A H=1E2E>6248 S=FFE6>1E2C P=1E0F DCR  C
C0Z0M0E0I0 A=1C B=3C02 D=202A H=1E2E>6248 S=FFE6>1E2C P=1E10 JNZ  1E09
C0Z0M0E0I0 A=1C B=3C02 D=202A H=1E2E>6248 S=FFE6>1E2C P=1E09 LDAX D
C0Z0M0E0I0 A=5C B=3C02 D=202A H=1E2E>6248 S=FFE6>1E2C P=1E0A XRA  B
C0Z0M0E1I0 A=60 B=3C02 D=202A H=1E2E>6248 S=FFE6>1E2C P=1E0B MOV  B,M
C0Z0M0E1I0 A=60 B=4802 D=202A H=1E2E>6248 S=FFE6>1E2C P=1E0C MOV  M,A
C0Z0M0E1I0 A=60 B=4802 D=202A H=1E2E>6260 S=FFE6>1E2C P=1E0D INX  D
C0Z0M0E1I0 A=60 B=4802 D=202B H=1E2E>6260 S=FFE6>1E2C P=1E0E INX  H
C0Z0M0E1I0 A=60 B=4802 D=202B H=1E2F>0062 S=FFE6>1E2C P=1E0F DCR  C
C0Z0M0E0I0 A=60 B=4801 D=202B H=1E2F>0062 S=FFE6>1E2C P=1E10 JNZ  1E09
C0Z0M0E0I0 A=60 B=4801 D=202B H=1E2F>0062 S=FFE6>1E2C P=1E09 LDAX D
C0Z0M0E0I0 A=3B B=4801 D=202B H=1E2F>0062 S=FFE6>1E2C P=1E0A XRA  B
C0Z0M0E0I0 A=73 B=4801 D=202B H=1E2F>0062 S=FFE6>1E2C P=1E0B MOV  B,M
C0Z0M0E0I0 A=73 B=6201 D=202B H=1E2F>0062 S=FFE6>1E2C P=1E0C MOV  M,A
C0Z0M0E0I0 A=73 B=6201 D=202B H=1E2F>0073 S=FFE6>1E2C P=1E0D INX  D
C0Z0M0E0I0 A=73 B=6201 D=202C H=1E2F>0073 S=FFE6>1E2C P=1E0E INX  H
C0Z0M0E0I0 A=73 B=6201 D=202C H=1E30>0000 S=FFE6>1E2C P=1E0F DCR  C
C0Z1M0E0I0 A=73 B=6200 D=202C H=1E30>0000 S=FFE6>1E2C P=1E10 JNZ  1E09
C0Z1M0E0I0 A=73 B=6200 D=202C H=1E30>0000 S=FFE6>1E2C P=1E13 POP  H
C0Z1M0E0I0 A=73 B=6200 D=202C H=1E2C>1CB7 S=FFE8>1D24 P=1E14 POP  D
C0Z1M0E0I0 A=73 B=6200 D=1D24 H=1E2C>1CB7 S=FFEA>0F02 P=1E15 POP  B
C0Z1M0E0I0 A=73 B=0F02 D=1D24 H=1E2C>1CB7 S=FFEC>1C1A P=1E16 POP  PSW
C0Z0M0E0I1 A=1C B=0F02 D=1D24 H=1E2C>1CB7 S=FFEE>1D19 P=1E17 RET  
C0Z0M0E0I1 A=1C B=0F02 D=1D24 H=1E2C>1CB7 S=FFF0>053C P=1D19 DCR  B
C0Z0M0E0I0 A=1C B=0E02 D=1D24 H=1E2C>1CB7 S=FFF0>053C P=1D1A JNZ  1D14
C0Z0M0E0I0 A=1C B=0E02 D=1D24 H=1E2C>1CB7 S=FFF0>053C P=1D14 LDAX D
C0Z0M0E0I0 A=B4 B=0E02 D=1D24 H=1E2C>1CB7 S=FFF0>053C P=1D15 INX  D
C0Z0M0E0I0 A=B4 B=0E02 D=1D25 H=1E2C>1CB7 S=FFF0>053C P=1D16 CALL 1DF0
C0Z0M0E0I0 A=B4 B=0E02 D=1D25 H=1E2C>1CB7 S=FFEE>1D19 P=1DF0 PUSH PSW
C0Z0M0E0I0 A=B4 B=0E02 D=1D25 H=1E2C>1CB7 S=FFEC>B40A P=1DF1 PUSH B
C0Z0M0E0I0 A=B4 B=0E02 D=1D25 H=1E2C>1CB7 S=FFEA>0E02 P=1DF2 PUSH D
C0Z0M0E0I0 A=B4 B=0E02 D=1D25 H=1E2C>1CB7 S=FFE8>1D25 P=1DF3 PUSH H
C0Z0M0E0I0 A=B4 B=0E02 D=1D25 H=1E2C>1CB7 S=FFE6>1E2C P=1DF4 PUSH H
C0Z0M0E0I0 A=B4 B=0E02 D=1D25 H=1E2C>1CB7 S=FFE4>1E2C P=1DF5 LXI  D,0003
C0Z0M0E0I0 A=B4 B=0E02 D=0003 H=1E2C>1CB7 S=FFE4>1E2C P=1DF8 DAD  D
C0Z0M0E0I0 A=B4 B=0E02 D=0003 H=1E2F>0073 S=FFE4>1E2C P=1DF9 XRA  M
C0Z0M1E0I0 A=C7 B=0E02 D=0003 H=1E2F>0073 S=FFE4>1E2C P=1DFA MOV  L,A
C0Z0M1E0I0 A=C7 B=0E02 D=0003 H=1EC7>D247 S=FFE4>1E2C P=1DFB MVI  H,00
C0Z0M1E0I0 A=C7 B=0E02 D=0003 H=00C7>1A1A S=FFE4>1E2C P=1DFD DAD  H
C0Z0M1E0I0 A=C7 B=0E02 D=0003 H=018E>0000 S=FFE4>1E2C P=1DFE DAD  H
C0Z0M1E0I0 A=C7 B=0E02 D=0003 H=031C>0000 S=FFE4>1E2C P=1DFF XCHG 
C0Z0M1E0I0 A=C7 B=0E02 D=031C H=0003>0000 S=FFE4>1E2C P=1E00 LXI  H,1E30
C0Z0M1E0I0 A=C7 B=0E02 D=031C H=1E30>0000 S=FFE4>1E2C P=1E03 DAD  D
C0Z0M1E0I1 A=C7 B=0E02 D=031C H=214C>0005 S=FFE4>1E2C P=1E04 XCHG 
C0Z0M1E0I1 A=C7 B=0E02 D=214C H=031C>0000 S=FFE4>1E2C P=1E05 POP  H
C0Z0M1E0I1 A=C7 B=0E02 D=214C H=1E2C>1CB7 S=FFE6>1E2C P=1E06 LXI  B,0004
C0Z0M1E0I1 A=C7 B=0004 D=214C H=1E2C>1CB7 S=FFE6>1E2C P=1E09 LDAX D
C0Z0M1E0I1 A=05 B=0004 D=214C H=1E2C>1CB7 S=FFE6>1E2C P=1E0A XRA  B
C0Z0M0E1I0 A=05 B=0004 D=214C H=1E2C>1CB7 S=FFE6>1E2C P=1E0B MOV  B,M
C0Z0M0E1I0 A=05 B=B704 D=214C H=1E2C>1CB7 S=FFE6>1E2C P=1E0C MOV  M,A
C0Z0M0E1I0 A=05 B=B704 D=214C H=1E2C>1C05 S=FFE6>1E2C P=1E0D INX  D
C0Z0M0E1I0 A=05 B=B704 D=214D H=1E2C>1C05 S=FFE6>1E2C P=1E0E INX  H
C0Z0M0E1I0 A=05 B=B704 D=214D H=1E2D>601C S=FFE6>1E2C P=1E0F DCR  C
C0Z0M0E0I0 A=05 B=B703 D=214D H=1E2D>601C S=FFE6>1E2C P=1E10 JNZ  1E09
C0Z0M0E0I0 A=05 B=B703 D=214D H=1E2D>601C S=FFE6>1E2C P=1E09 LDAX D
C0Z0M0E0I0 A=00 B=B703 D=214D H=1E2D>601C S=FFE6>1E2C P=1E0A XRA  B
C0Z0M1E1I0 A=B7 B=B703 D=214D H=1E2D>601C S=FFE6>1E2C P=1E0B MOV  B,M
C0Z0M1E1I0 A=B7 B=1C03 D=214D H=1E2D>601C S=FFE6>1E2C P=1E0C MOV  M,A
C0Z0M1E1I0 A=B7 B=1C03 D=214D H=1E2D>60B7 S=FFE6>1E2C P=1E0D INX  D
C0Z0M1E1I0 A=B7 B=1C03 D=214E H=1E2D>60B7 S=FFE6>1E2C P=1E0E INX  H
C0Z0M1E1I0 A=B7 B=1C03 D=214E H=1E2E>7360 S=FFE6>1E2C P=1E0F DCR  C
C0Z0M0E0I0 A=B7 B=1C02 D=214E H=1E2E>7360 S=FFE6>1E2C P=1E10 JNZ  1E09
C0Z0M0E0I0 A=B7 B=1C02 D=214E H=1E2E>7360 S=FFE6>1E2C P=1E09 LDAX D
C0Z0M0E0I0 A=57 B=1C02 D=214E H=1E2E>7360 S=FFE6>1E2C P=1E0A XRA  B
C0Z0M0E1I0 A=4B B=1C02 D=214E H=1E2E>7360 S=FFE6>1E2C P=1E0B MOV  B,M
C0Z0M0E1I0 A=4B B=6002 D=214E H=1E2E>7360 S=FFE6>1E2C P=1E0C MOV  M,A
C0Z0M0E1I0 A=4B B=6002 D=214E H=1E2E>734B S=FFE6>1E2C P=1E0D INX  D
C0Z0M0E1I0 A=4B B=6002 D=214F H=1E2E>734B S=FFE6>1E2C P=1E0E INX  H
C0Z0M0E1I0 A=4B B=6002 D=214F H=1E2F>0073 S=FFE6>1E2C P=1E0F DCR  C
C0Z0M0E0I0 A=4B B=6001 D=214F H=1E2F>0073 S=FFE6>1E2C P=1E10 JNZ  1E09
C0Z0M0E0I0 A=4B B=6001 D=214F H=1E2F>0073 S=FFE6>1E2C P=1E09 LDAX D
C0Z0M0E0I0 A=13 B=6001 D=214F H=1E2F>0073 S=FFE6>1E2C P=1E0A XRA  B
C0Z0M0E0I0 A=73 B=6001 D=214F H=1E2F>0073 S=FFE6>1E2C P=1E0B MOV  B,M
C0Z0M0E0I0 A=73 B=7301 D=214F H=1E2F>0073 S=FFE6>1E2C P=1E0C MOV  M,A
C0Z0M0E0I0 A=73 B=7301 D=214F H=1E2F>0073 S=FFE6>1E2C P=1E0D INX  D
C0Z0M0E0I0 A=73 B=7301 D=2150 H=1E2F>0073 S=FFE6>1E2C P=1E0E INX  H
C0Z0M0E0I0 A=73 B=7301 D=2150 H=1E30>0000 S=FFE6>1E2C P=1E0F DCR  C
C0Z1M0E0I0 A=73 B=7300 D=2150 H=1E30>0000 S=FFE6>1E2C P=1E10 JNZ  1E09
C0Z1M0E0I0 A=73 B=7300 D=2150 H=1E30>0000 S=FFE6>1E2C P=1E13 POP  H
C0Z1M0E0I0 A=73 B=7300 D=2150 H=1E2C>B705 S=FFE8>1D25 P=1E14 POP  D
C0Z1M0E0I0 A=73 B=7300 D=1D25 H=1E2C>B705 S=FFEA>0E02 P=1E15 POP  B
C0Z1M0E0I0 A=73 B=0E02 D=1D25 H=1E2C>B705 S=FFEC>B40A P=1E16 POP  PSW
C0Z0M0E0I0 A=B4 B=0E02 D=1D25 H=1E2C>B705 S=FFEE>1D19 P=1E17 RET  
C0Z0M0E0I0 A=B4 B=0E02 D=1D25 H=1E2C>B705 S=FFF0>053C P=1D19 DCR  B
C0Z0M0E0I0 A=B4 B=0D02 D=1D25 H=1E2C>B705 S=FFF0>053C P=1D1A JNZ  1D14
C0Z0M0E0I0 A=B4 B=0D02 D=1D25 H=1E2C>B705 S=FFF0>053C P=1D14 LDAX D
C0Z0M0E0I0 A=72 B=0D02 D=1D25 H=1E2C>B705 S=FFF0>053C P=1D15 INX  D
C0Z0M0E0I0 A=72 B=0D02 D=1D26 H=1E2C>B705 S=FFF0>053C P=1D16 CALL 1DF0
C0Z0M0E0I0 A=72 B=0D02 D=1D26 H=1E2C>B705 S=FFEE>1D19 P=1DF0 PUSH PSW
C0Z0M0E0I0 A=72 B=0D02 D=1D26 H=1E2C>B705 S=FFEC>720A P=1DF1 PUSH B
C0Z0M0E0I0 A=72 B=0D02 D=1D26 H=1E2C>B705 S=FFEA>0D02 P=1DF2 PUSH D
C0Z0M0E0I0 A=72 B=0D02 D=1D26 H=1E2C>B705 S=FFE8>1D26 P=1DF3 PUSH H
C0Z0M0E0I0 A=72 B=0D02 D=1D26 H=1E2C>B705 S=FFE6>1E2C P=1DF4 PUSH H
C0Z0M0E0I0 A=72 B=0D02 D=1D26 H=1E2C>B705 S=FFE4>1E2C P=1DF5 LXI  D,0003
C0Z0M0E0I0 A=72 B=0D02 D=0003 H=1E2C>B705 S=FFE4>1E2C P=1DF8 DAD  D
C0Z0M0E0I0 A=72 B=0D02 D=0003 H=1E2F>0073 S=FFE4>1E2C P=1DF9 XRA  M
C0Z0M0E0I0 A=01 B=0D02 D=0003 H=1E2F>0073 S=FFE4>1E2C P=1DFA MOV  L,A
C0Z0M0E0I0 A=01 B=0D02 D=0003 H=1E01>1E30 S=FFE4>1E2C P=1DFB MVI  H,00
C0Z0M0E0I0 A=01 B=0D02 D=0003 H=0001>F203 S=FFE4>1E2C P=1DFD DAD  H
C0Z0M0E0I0 A=01 B=0D02 D=0003 H=0002>00F2 S=FFE4>1E2C P=1DFE DAD  H
C0Z0M0E0I0 A=01 B=0D02 D=0003 H=0004>C300 S=FFE4>1E2C P=1DFF XCHG 
C0Z0M0E0I0 A=01 B=0D02 D=0004 H=0003>0000 S=FFE4>1E2C P=1E00 LXI  H,1E30
C0Z0M0E0I0 A=01 B=0D02 D=0004 H=1E30>0000 S=FFE4>1E2C P=1E03 DAD  D
C0Z0M0E0I0 A=01 B=0D02 D=0004 H=1E34>0777 S=FFE4>1E2C P=1E04 XCHG 
C0Z0M0E0I0 A=01 B=0D02 D=1E34 H=0004>C300 S=FFE4>1E2C P=1E05 POP  H
C0Z0M0E0I0 A=01 B=0D02 D=1E34 H=1E2C>B705 S=FFE6>1E2C P=1E06 LXI  B,0004
C0Z0M0E0I0 A=01 B=0004 D=1E34 H=1E2C>B705 S=FFE6>1E2C P=1E09 LDAX D
C0Z0M0E0I0 A=77 B=0004 D=1E34 H=1E2C>B705 S=FFE6>1E2C P=1E0A XRA  B
C0Z0M0E1I0 A=77 B=0004 D=1E34 H=1E2C>B705 S=FFE6>1E2C P=1E0B MOV  B,M
C0Z0M0E1I0 A=77 B=0504 D=1E34 H=1E2C>B705 S=FFE6>1E2C P=1E0C MOV  M,A
C0Z0M0E1I0 A=77 B=0504 D=1E34 H=1E2C>B777 S=FFE6>1E2C P=1E0D INX  D
C0Z0M0E1I0 A=77 B=0504 D=1E35 H=1E2C>B777 S=FFE6>1E2C P=1E0E INX  H
C0Z0M0E1I0 A=77 B=0504 D=1E35 H=1E2D>4BB7 S=FFE6>1E2C P=1E0F DCR  C
C0Z0M0E0I0 A=77 B=0503 D=1E35 H=1E2D>4BB7 S=FFE6>1E2C P=1E10 JNZ  1E09
C0Z0M0E0I0 A=77 B=0503 D=1E35 H=1E2D>4BB7 S=FFE6>1E2C P=1E09 LDAX D
C0Z0M0E0I0 A=07 B=0503 D=1E35 H=1E2D>4BB7 S=FFE6>1E2C P=1E0A XRA  B
C0Z0M0E0I0 A=02 B=0503 D=1E35 H=1E2D>4BB7 S=FFE6>1E2C P=1E0B MOV  B,M
C0Z0M0E0I0 A=02 B=B703 D=1E35 H=1E2D>4BB7 S=FFE6>1E2C P=1E0C MOV  M,A
C0Z0M0E0I0 A=02 B=B703 D=1E35 H=1E2D>4B02 S=FFE6>1E2C P=1E0D INX  D
C0Z0M0E0I0 A=02 B=B703 D=1E36 H=1E2D>4B02 S=FFE6>1E2C P=1E0E INX  H
C0Z0M0E0I0 A=02 B=B703 D=1E36 H=1E2E>734B S=FFE6>1E2C P=1E0F DCR  C
C0Z0M0E0I0 A=02 B=B702 D=1E36 H=1E2E>734B S=FFE6>1E2C P=1E10 JNZ  1E09
C0Z0M0E0I0 A=02 B=B702 D=1E36 H=1E2E>734B S=FFE6>1E2C P=1E09 LDAX D
C0Z0M0E0I0 A=30 B=B702 D=1E36 H=1E2E>734B S=FFE6>1E2C P=1E0A XRA  B
C0Z0M1E1I0 A=87 B=B702 D=1E36 H=1E2E>734B S=FFE6>1E2C P=1E0B MOV  B,M
C0Z0M1E1I0 A=87 B=4B02 D=1E36 H=1E2E>734B S=FFE6>1E2C P=1E0C MOV  M,A
C0Z0M1E1I0 A=87 B=4B02 D=1E36 H=1E2E>7387 S=FFE6>1E2C P=1E0D INX  D
C0Z0M1E1I0 A=87 B=4B02 D=1E37 H=1E2E>7387 S=FFE6>1E2C P=1E0E INX  H
C0Z0M1E1I0 A=87 B=4B02 D=1E37 H=1E2F>0073 S=FFE6>1E2C P=1E0F DCR  C
C0Z0M0E0I0 A=87 B=4B01 D=1E37 H=1E2F>0073 S=FFE6>1E2C P=1E10 JNZ  1E09
C0Z0M0E0I0 A=87 B=4B01 D=1E37 H=1E2F>0073 S=FFE6>1E2C P=1E09 LDAX D
C0Z0M0E0I0 A=96 B=4B01 D=1E37 H=1E2F>0073 S=FFE6>1E2C P=1E0A XRA  B
C0Z0M1E1I0 A=DD B=4B01 D=1E37 H=1E2F>0073 S=FFE6>1E2C P=1E0B MOV  B,M
C0Z0M1E1I0 A=DD B=7301 D=1E37 H=1E2F>0073 S=FFE6>1E2C P=1E0C MOV  M,A
C0Z0M1E1I0 A=DD B=7301 D=1E37 H=1E2F>00DD S=FFE6>1E2C P=1E0D INX  D
C0Z0M1E1I0 A=DD B=7301 D=1E38 H=1E2F>00DD S=FFE6>1E2C P=1E0E INX  H
C0Z0M1E1I0 A=DD B=7301 D=1E38 H=1E30>0000 S=FFE6>1E2C P=1E0F DCR  C
C0Z1M0E0I0 A=DD B=7300 D=1E38 H=1E30>0000 S=FFE6>1E2C P=1E10 JNZ  1E09
C0Z1M0E0I0 A=DD B=7300 D=1E38 H=1E30>0000 S=FFE6>1E2C P=1E13 POP  H
C0Z1M0E0I0 A=DD B=7300 D=1E38 H=1E2C>0277 S=FFE8>1D26 P=1E14 POP  D
C0Z1M0E0I0 A=DD B=7300 D=1D26 H=1E2C>0277 S=FFEA>0D02 P=1E15 POP  B
C0Z1M0E0I0 A=DD B=0D02 D=1D26 H=1E2C>0277 S=FFEC>720A P=1E16 POP  PSW
C0Z0M0E0I0 A=72 B=0D02 D=1D26 H=1E2C>0277 S=FFEE>1D19 P=1E17 RET  
C0Z0M0E0I0 A=72 B=0D02 D=1D26 H=1E2C>0277 S=FFF0>053C P=1D19 DCR  B
C0Z0M0E0I0 A=72 B=0C02 D=1D26 H=1E2C>0277 S=FFF0>053C P=1D1A JNZ  1D14
C0Z0M0E0I0 A=72 B=0C02 D=1D26 H=1E2C>0277 S=FFF0>053C P=1D14 LDAX D
C0Z0M0E0I0 A=F6 B=0C02 D=1D26 H=1E2C>0277 S=FFF0>053C P=1D15 INX  D
C0Z0M0E0I0 A=F6 B=0C02 D=1D27 H=1E2C>0277 S=FFF0>053C P=1D16 CALL 1DF0
C0Z0M0E0I0 A=F6 B=0C02 D=1D27 H=1E2C>0277 S=FFEE>1D19 P=1DF0 PUSH PSW
C0Z0M0E0I0 A=F6 B=0C02 D=1D27 H=1E2C>0277 S=FFEC>F60A P=1DF1 PUSH B
C0Z0M0E0I0 A=F6 B=0C02 D=1D27 H=1E2C>0277 S=FFEA>0C02 P=1DF2 PUSH D
C0Z0M0E0I0 A=F6 B=0C02 D=1D27 H=1E2C>0277 S=FFE8>1D27 P=1DF3 PUSH H
C0Z0M0E0I0 A=F6 B=0C02 D=1D27 H=1E2C>0277 S=FFE6>1E2C P=1DF4 PUSH H
C0Z0M0E0I0 A=F6 B=0C02 D=1D27 H=1E2C>0277 S=FFE4>1E2C P=1DF5 LXI  D,0003
C0Z0M0E0I0 A=F6 B=0C02 D=0003 H=1E2C>0277 S=FFE4>1E2C P=1DF8 DAD  D
C0Z0M0E0I0 A=F6 B=0C02 D=0003 H=1E2F>00DD S=FFE4>1E2C P=1DF9 XRA  M
C0Z0M0E1I0 A=2B B=0C02 D=0003 H=1E2F>00DD S=FFE4>1E2C P=1DFA MOV  L,A
C0Z0M0E1I0 A=2B B=0C02 D=0003 H=1E2B>77C9 S=FFE4>1E2C P=1DFB MVI  H,00
C0Z0M0E1I0 A=2B B=0C02 D=0003 H=002B>303E S=FFE4>1E2C P=1DFD DAD  H
C0Z0M0E1I0 A=2B B=0C02 D=0003 H=0056>D307 S=FFE4>1E2C P=1DFE DAD  H
C0Z0M0E1I0 A=2B B=0C02 D=0003 H=00AC>022D S=FFE4>1E2C P=1DFF XCHG 
C0Z0M0E1I0 A=2B B=0C02 D=00AC H=0003>0000 S=FFE4>1E2C P=1E00 LXI  H,1E30
C0Z0M0E1I0 A=2B B=0C02 D=00AC H=1E30>0000 S=FFE4>1E2C P=1E03 DAD  D
C0Z0M0E1I0 A=2B B=0C02 D=00AC H=1EDC>BCAC S=FFE4>1E2C P=1E04 XCHG 
C0Z0M0E1I0 A=2B B=0C02 D=1EDC H=00AC>022D S=FFE4>1E2C P=1E05 POP  H
C0Z0M0E1I0 A=2B B=0C02 D=1EDC H=1E2C>0277 S=FFE6>1E2C P=1E06 LXI  B,0004
C0Z0M0E1I0 A=2B B=0004 D=1EDC H=1E2C>0277 S=FFE6>1E2C P=1E09 LDAX D
C0Z0M0E1I0 A=AC B=0004 D=1EDC H=1E2C>0277 S=FFE6>1E2C P=1E0A XRA  B
C0Z0M1E1I0 A=AC B=0004 D=1EDC H=1E2C>0277 S=FFE6>1E2C P=1E0B MOV  B,M
C0Z0M1E1I0 A=AC B=7704 D=1EDC H=1E2C>0277 S=FFE6>1E2C P=1E0C MOV  M,A
C0Z0M1E1I0 A=AC B=7704 D=1EDC H=1E2C>02AC S=FFE6>1E2C P=1E0D INX  D
C0Z0M1E1I0 A=AC B=7704 D=1EDD H=1E2C>02AC S=FFE6>1E2C P=1E0E INX  H
C0Z0M1E1I0 A=AC B=7704 D=1EDD H=1E2D>8702 S=FFE6>1E2C P=1E0F DCR  C
C0Z0M0E0I0 A=AC B=7703 D=1EDD H=1E2D>8702 S=FFE6>1E2C P=1E10 JNZ  1E09
C0Z0M0E0I0 A=AC B=7703 D=1EDD H=1E2D>8702 S=FFE6>1E2C P=1E09 LDAX D
C0Z0M0E0I0 A=BC B=7703 D=1EDD H=1E2D>8702 S=FFE6>1E2C P=1E0A XRA  B
C0Z0M1E0I0 A=CB B=7703 D=1EDD H=1E2D>8702 S=FFE6>1E2C P=1E0B MOV  B,M
C0Z0M1E0I0 A=CB B=0203 D=1EDD H=1E2D>8702 S=FFE6>1E2C P=1E0C MOV  M,A
C0Z0M1E0I0 A=CB B=0203 D=1EDD H=1E2D>87CB S=FFE6>1E2C P=1E0D INX  D
C0Z0M1E0I0 A=CB B=0203 D=1EDE H=1E2D>87CB S=FFE6>1E2C P=1E0E INX  H
C0Z0M1E0I0 A=CB B=0203 D=1EDE H=1E2E>DD87 S=FFE6>1E2C P=1E0F DCR  C
C0Z0M0E0I0 A=CB B=0202 D=1EDE H=1E2E>DD87 S=FFE6>1E2C P=1E10 JNZ  1E09
C0Z0M0E0I0 A=CB B=0202 D=1EDE H=1E2E>DD87 S=FFE6>1E2C P=1E09 LDAX D
C0Z0M0E0I0 A=F9 B=0202 D=1EDE H=1E2E>DD87 S=FFE6>1E2C P=1E0A XRA  B
C0Z0M1E0I0 A=FB B=0202 D=1EDE H=1E2E>DD87 S=FFE6>1E2C P=1E0B MOV  B,M
C0Z0M1E0I0 A=FB B=8702 D=1EDE H=1E2E>DD87 S=FFE6>1E2C P=1E0C MOV  M,A
C0Z0M1E0I0 A=FB B=8702 D=1EDE H=1E2E>DDFB S=FFE6>1E2C P=1E0D INX  D
C0Z0M1E0I0 A=FB B=8702 D=1EDF H=1E2E>DDFB S=FFE6>1E2C P=1E0E INX  H
C0Z0M1E0I0 A=FB B=8702 D=1EDF H=1E2F>00DD S=FFE6>1E2C P=1E0F DCR  C
C0Z0M0E0I0 A=FB B=8701 D=1EDF H=1E2F>00DD S=FFE6>1E2C P=1E10 JNZ  1E09
C0Z0M0E0I0 A=FB B=8701 D=1EDF H=1E2F>00DD S=FFE6>1E2C P=1E09 LDAX D
C0Z0M0E0I0 A=40 B=8701 D=1EDF H=1E2F>00DD S=FFE6>1E2C P=1E0A XRA  B
C0Z0M1E0I0 A=C7 B=8701 D=1EDF H=1E2F>00DD S=FFE6>1E2C P=1E0B MOV  B,M
C0Z0M1E0I0 A=C7 B=DD01 D=1EDF H=1E2F>00DD S=FFE6>1E2C P=1E0C MOV  M,A
C0Z0M1E0I0 A=C7 B=DD01 D=1EDF H=1E2F>00C7 S=FFE6>1E2C P=1E0D INX  D
C0Z0M1E0I0 A=C7 B=DD01 D=1EE0 H=1E2F>00C7 S=FFE6>1E2C P=1E0E INX  H
C0Z0M1E0I0 A=C7 B=DD01 D=1EE0 H=1E30>0000 S=FFE6>1E2C P=1E0F DCR  C
C0Z1M0E0I0 A=C7 B=DD00 D=1EE0 H=1E30>0000 S=FFE6>1E2C P=1E10 JNZ  1E09
C0Z1M0E0I0 A=C7 B=DD00 D=1EE0 H=1E30>0000 S=FFE6>1E2C P=1E13 POP  H
C0Z1M0E0I0 A=C7 B=DD00 D=1EE0 H=1E2C>CBAC S=FFE8>1D27 P=1E14 POP  D
C0Z1M0E0I0 A=C7 B=DD00 D=1D27 H=1E2C>CBAC S=FFEA>0C02 P=1E15 POP  B
C0Z1M0E0I0 A=C7 B=0C02 D=1D27 H=1E2C>CBAC S=FFEC>F60A P=1E16 POP  PSW
C0Z0M0E0I0 A=F6 B=0C02 D=1D27 H=1E2C>CBAC S=FFEE>1D19 P=1E17 RET  
C0Z0M0E0I0 A=F6 B=0C02 D=1D27 H=1E2C>CBAC S=FFF0>053C P=1D19 DCR  B
C0Z0M0E0I0 A=F6 B=0B02 D=1D27 H=1E2C>CBAC S=FFF0>053C P=1D1A JNZ  1D14
C0Z0M0E0I0 A=F6 B=0B02 D=1D27 H=1E2C>CBAC S=FFF0>053C P=1D14 LDAX D
C0Z0M0E0I0 A=18 B=0B02 D=1D27 H=1E2C>CBAC S=FFF0>053C P=1D15 INX  D
C0Z0M0E0I0 A=18 B=0B02 D=1D28 H=1E2C>CBAC S=FFF0>053C P=1D16 CALL 1DF0
C0Z0M0E0I0 A=18 B=0B02 D=1D28 H=1E2C>CBAC S=FFEE>1D19 P=1DF0 PUSH PSW
C0Z0M0E0I0 A=18 B=0B02 D=1D28 H=1E2C>CBAC S=FFEC>180A P=1DF1 PUSH B
C0Z0M0E0I0 A=18 B=0B02 D=1D28 H=1E2C>CBAC S=FFEA>0B02 P=1DF2 PUSH D
C0Z0M0E0I0 A=18 B=0B02 D=1D28 H=1E2C>CBAC S=FFE8>1D28 P=1DF3 PUSH H
C0Z0M0E0I0 A=18 B=0B02 D=1D28 H=1E2C>CBAC S=FFE6>1E2C P=1DF4 PUSH H
C0Z0M0E0I0 A=18 B=0B02 D=1D28 H=1E2C>CBAC S=FFE4>1E2C P=1DF5 LXI  D,0003
C0Z0M0E0I0 A=18 B=0B02 D=0003 H=1E2C>CBAC S=FFE4>1E2C P=1DF8 DAD  D
C0Z0M0E0I0 A=18 B=0B02 D=0003 H=1E2F>00C7 S=FFE4>1E2C P=1DF9 XRA  M
C0Z0M1E0I0 A=DF B=0B02 D=0003 H=1E2F>00C7 S=FFE4>1E2C P=1DFA MOV  L,A
C0Z0M1E0I0 A=DF B=0B02 D=0003 H=1EDF>3240 S=FFE4>1E2C P=1DFB MVI  H,00
C0Z0M1E0I0 A=DF B=0B02 D=0003 H=00DF>1A1A S=FFE4>1E2C P=1DFD DAD  H
C0Z0M1E0I0 A=DF B=0B02 D=0003 H=01BE>732C S=FFE4>1E2C P=1DFE DAD  H
C0Z0M1E0I0 A=DF B=0B02 D=0003 H=037C>FFFF S=FFE4>1E2C P=1DFF XCHG 
C0Z0M1E0I0 A=DF B=0B02 D=037C H=0003>0000 S=FFE4>1E2C P=1E00 LXI  H,1E30
C0Z0M1E0I0 A=DF B=0B02 D=037C H=1E30>0000 S=FFE4>1E2C P=1E03 DAD  D
C0Z0M1E0I1 A=DF B=0B02 D=037C H=21AC>6C16 S=FFE4>1E2C P=1E04 XCHG 
C0Z0M1E0I1 A=DF B=0B02 D=21AC H=037C>FFFF S=FFE4>1E2C P=1E05 POP  H
C0Z0M1E0I1 A=DF B=0B02 D=21AC H=1E2C>CBAC S=FFE6>1E2C P=1E06 LXI  B,0004
C0Z0M1E0I1 A=DF B=0004 D=21AC H=1E2C>CBAC S=FFE6>1E2C P=1E09 LDAX D
C0Z0M1E0I1 A=16 B=0004 D=21AC H=1E2C>CBAC S=FFE6>1E2C P=1E0A XRA  B
C0Z0M0E0I0 A=16 B=0004 D=21AC H=1E2C>CBAC S=FFE6>1E2C P=1E0B MOV  B,M
C0Z0M0E0I0 A=16 B=AC04 D=21AC H=1E2C>CBAC S=FFE6>1E2C P=1E0C MOV  M,A
C0Z0M0E0I0 A=16 B=AC04 D=21AC H=1E2C>CB16 S=FFE6>1E2C P=1E0D INX  D
C0Z0M0E0I0 A=16 B=AC04 D=21AD H=1E2C>CB16 S=FFE6>1E2C P=1E0E INX  H
C0Z0M0E0I0 A=16 B=AC04 D=21AD H=1E2D>FBCB S=FFE6>1E2C P=1E0F DCR  C
C0Z0M0E0I0 A=16 B=AC03 D=21AD H=1E2D>FBCB S=FFE6>1E2C P=1E10 JNZ  1E09
C0Z0M0E0I0 A=16 B=AC03 D=21AD H=1E2D>FBCB S=FFE6>1E2C P=1E09 LDAX D
C0Z0M0E0I0 A=6C B=AC03 D=21AD H=1E2D>FBCB S=FFE6>1E2C P=1E0A XRA  B
C0Z0M1E1I0 A=C0 B=AC03 D=21AD H=1E2D>FBCB S=FFE6>1E2C P=1E0B MOV  B,M
C0Z0M1E1I0 A=C0 B=CB03 D=21AD H=1E2D>FBCB S=FFE6>1E2C P=1E0C MOV  M,A
C0Z0M1E1I0 A=C0 B=CB03 D=21AD H=1E2D>FBC0 S=FFE6>1E2C P=1E0D INX  D
C0Z0M1E1I0 A=C0 B=CB03 D=21AE H=1E2D>FBC0 S=FFE6>1E2C P=1E0E INX  H
C0Z0M1E1I0 A=C0 B=CB03 D=21AE H=1E2E>C7FB S=FFE6>1E2C P=1E0F DCR  C
C0Z0M0E0I0 A=C0 B=CB02 D=21AE H=1E2E>C7FB S=FFE6>1E2C P=1E10 JNZ  1E09
C0Z0M0E0I0 A=C0 B=CB02 D=21AE H=1E2E>C7FB S=FFE6>1E2C P=1E09 LDAX D
C0Z0M0E0I0 A=CF B=CB02 D=21AE H=1E2E>C7FB S=FFE6>1E2C P=1E0A XRA  B
C0Z0M0E0I0 A=04 B=CB02 D=21AE H=1E2E>C7FB S=FFE6>1E2C P=1E0B MOV  B,M
C0Z0M0E0I0 A=04 B=FB02 D=21AE H=1E2E>C7FB S=FFE6>1E2C P=1E0C MOV  M,A
C0Z0M0E0I0 A=04 B=FB02 D=21AE H=1E2E>C704 S=FFE6>1E2C P=1E0D INX  D
C0Z0M0E0I0 A=04 B=FB02 D=21AF H=1E2E>C704 S=FFE6>1E2C P=1E0E INX  H
C0Z0M0E0I0 A=04 B=FB02 D=21AF H=1E2F>00C7 S=FFE6>1E2C P=1E0F DCR  C
C0Z0M0E0I0 A=04 B=FB01 D=21AF H=1E2F>00C7 S=FFE6>1E2C P=1E10 JNZ  1E09
C0Z0M0E0I0 A=04 B=FB01 D=21AF H=1E2F>00C7 S=FFE6>1E2C P=1E09 LDAX D
C0Z0M0E0I0 A=45 B=FB01 D=21AF H=1E2F>00C7 S=FFE6>1E2C P=1E0A XRA  B
C0Z0M1E1I0 A=BE B=FB01 D=21AF H=1E2F>00C7 S=FFE6>1E2C P=1E0B MOV  B,M
C0Z0M1E1I0 A=BE B=C701 D=21AF H=1E2F>00C7 S=FFE6>1E2C P=1E0C MOV  M,A
C0Z0M1E1I0 A=BE B=C701 D=21AF H=1E2F>00BE S=FFE6>1E2C P=1E0D INX  D
C0Z0M1E1I0 A=BE B=C701 D=21B0 H=1E2F>00BE S=FFE6>1E2C P=1E0E INX  H
C0Z0M1E1I0 A=BE B=C701 D=21B0 H=1E30>0000 S=FFE6>1E2C P=1E0F DCR  C
C0Z1M0E0I0 A=BE B=C700 D=21B0 H=1E30>0000 S=FFE6>1E2C P=1E10 JNZ  1E09
C0Z1M0E0I0 A=BE B=C700 D=21B0 H=1E30>0000 S=FFE6>1E2C P=1E13 POP  H
C0Z1M0E0I0 A=BE B=C700 D=21B0 H=1E2C>C016 S=FFE8>1D28 P=1E14 POP  D
C0Z1M0E0I0 A=BE B=C700 D=1D28 H=1E2C>C016 S=FFEA>0B02 P=1E15 POP  B
C0Z1M0E0I0 A=BE B=0B02 D=1D28 H=1E2C>C016 S=FFEC>180A P=1E16 POP  PSW
C0Z0M0E0I0 A=18 B=0B02 D=1D28 H=1E2C>C016 S=FFEE>1D19 P=1E17 RET  
C0Z0M0E0I0 A=18 B=0B02 D=1D28 H=1E2C>C016 S=FFF0>053C P=1D19 DCR  B
C0Z0M0E0I0 A=18 B=0A02 D=1D28 H=1E2C>C016 S=FFF0>053C P=1D1A JNZ  1D14
C0Z0M0E0I0 A=18 B=0A02 D=1D28 H=1E2C>C016 S=FFF0>053C P=1D14 LDAX D
C0Z0M0E0I0 A=13 B=0A02 D=1D28 H=1E2C>C016 S=FFF0>053C P=1D15 INX  D
C0Z0M0E0I0 A=13 B=0A02 D=1D29 H=1E2C>C016 S=FFF0>053C P=1D16 CALL 1DF0
C0Z0M0E0I0 A=13 B=0A02 D=1D29 H=1E2C>C016 S=FFEE>1D19 P=1DF0 PUSH PSW
C0Z0M0E0I0 A=13 B=0A02 D=1D29 H=1E2C>C016 S=FFEC>130A P=1DF1 PUSH B
C0Z0M0E0I0 A=13 B=0A02 D=1D29 H=1E2C>C016 S=FFEA>0A02 P=1DF2 PUSH D
C0Z0M0E0I0 A=13 B=0A02 D=1D29 H=1E2C>C016 S=FFE8>1D29 P=1DF3 PUSH H
C0Z0M0E0I0 A=13 B=0A02 D=1D29 H=1E2C>C016 S=FFE6>1E2C P=1DF4 PUSH H
C0Z0M0E0I0 A=13 B=0A02 D=1D29 H=1E2C>C016 S=FFE4>1E2C P=1DF5 LXI  D,0003
C0Z0M0E0I0 A=13 B=0A02 D=0003 H=1E2C>C016 S=FFE4>1E2C P=1DF8 DAD  D
C0Z0M0E0I0 A=13 B=0A02 D=0003 H=1E2F>00BE S=FFE4>1E2C P=1DF9 XRA  M
C0Z0M1E0I0 A=AD B=0A02 D=0003 H=1E2F>00BE S=FFE4>1E2C P=1DFA MOV  L,A
C0Z0M1E0I0 A=AD B=0A02 D=0003 H=1EAD>0D08 S=FFE4>1E2C P=1DFB MVI  H,00
C0Z0M1E0I0 A=AD B=0A02 D=0003 H=00AD>EF02 S=FFE4>1E2C P=1DFD DAD  H
C0Z0M1E0I0 A=AD B=0A02 D=0003 H=015A>0E1D S=FFE4>1E2C P=1DFE DAD  H
C0Z0M1E0I0 A=AD B=0A02 D=0003 H=02B4>0000 S=FFE4>1E2C P=1DFF XCHG 
C0Z0M1E0I0 A=AD B=0A02 D=02B4 H=0003>0000 S=FFE4>1E2C P=1E00 LXI  H,1E30
C0Z0M1E0I0 A=AD B=0A02 D=02B4 H=1E30>0000 S=FFE4>1E2C P=1E03 DAD  D
C0Z0M1E0I1 A=AD B=0A02 D=02B4 H=20E4>67A8 S=FFE4>1E2C P=1E04 XCHG 
C0Z0M1E0I1 A=AD B=0A02 D=20E4 H=02B4>0000 S=FFE4>1E2C P=1E05 POP  H
C0Z0M1E0I1 A=AD B=0A02 D=20E4 H=1E2C>C016 S=FFE6>1E2C P=1E06 LXI  B,0004
C0Z0M1E0I1 A=AD B=0004 D=20E4 H=1E2C>C016 S=FFE6>1E2C P=1E09 LDAX D
C0Z0M1E0I1 A=A8 B=0004 D=20E4 H=1E2C>C016 S=FFE6>1E2C P=1E0A XRA  B
C0Z0M1E0I0 A=A8 B=0004 D=20E4 H=1E2C>C016 S=FFE6>1E2C P=1E0B MOV  B,M
C0Z0M1E0I0 A=A8 B=1604 D=20E4 H=1E2C>C016 S=FFE6>1E2C P=1E0C MOV  M,A
C0Z0M1E0I0 A=A8 B=1604 D=20E4 H=1E2C>C0A8 S=FFE6>1E2C P=1E0D INX  D
C0Z0M1E0I0 A=A8 B=1604 D=20E5 H=1E2C>C0A8 S=FFE6>1E2C P=1E0E INX  H
C0Z0M1E0I0 A=A8 B=1604 D=20E5 H=1E2D>04C0 S=FFE6>1E2C P=1E0F DCR  C
C0Z0M0E0I0 A=A8 B=1603 D=20E5 H=1E2D>04C0 S=FFE6>1E2C P=1E10 JNZ  1E09
C0Z0M0E0I0 A=A8 B=1603 D=20E5 H=1E2D>04C0 S=FFE6>1E2C P=1E09 LDAX D
C0Z0M0E0I0 A=67 B=1603 D=20E5 H=1E2D>04C0 S=FFE6>1E2C P=1E0A XRA  B
C0Z0M0E1I0 A=71 B=1603 D=20E5 H=1E2D>04C0 S=FFE6>1E2C P=1E0B MOV  B,M
C0Z0M0E1I0 A=71 B=C003 D=20E5 H=1E2D>04C0 S=FFE6>1E2C P=1E0C MOV  M,A
C0Z0M0E1I0 A=71 B=C003 D=20E5 H=1E2D>0471 S=FFE6>1E2C P=1E0D INX  D
C0Z0M0E1I0 A=71 B=C003 D=20E6 H=1E2D>0471 S=FFE6>1E2C P=1E0E INX  H
C0Z0M0E1I0 A=71 B=C003 D=20E6 H=1E2E>BE04 S=FFE6>1E2C P=1E0F DCR  C
C0Z0M0E0I0 A=71 B=C002 D=20E6 H=1E2E>BE04 S=FFE6>1E2C P=1E10 JNZ  1E09
C0Z0M0E0I0 A=71 B=C002 D=20E6 H=1E2E>BE04 S=FFE6>1E2C P=1E09 LDAX D
C0Z0M0E0I0 A=DF B=C002 D=20E6 H=1E2E>BE04 S=FFE6>1E2C P=1E0A XRA  B
C0Z0M0E0I0 A=1F B=C002 D=20E6 H=1E2E>BE04 S=FFE6>1E2C P=1E0B MOV  B,M
C0Z0M0E0I0 A=1F B=0402 D=20E6 H=1E2E>BE04 S=FFE6>1E2C P=1E0C MOV  M,A
C0Z0M0E0I0 A=1F B=0402 D=20E6 H=1E2E>BE1F S=FFE6>1E2C P=1E0D INX  D
C0Z0M0E0I0 A=1F B=0402 D=20E7 H=1E2E>BE1F S=FFE6>1E2C P=1E0E INX  H
C0Z0M0E0I0 A=1F B=0402 D=20E7 H=1E2F>00BE S=FFE6>1E2C P=1E0F DCR  C
C0Z0M0E0I0 A=1F B=0401 D=20E7 H=1E2F>00BE S=FFE6>1E2C P=1E10 JNZ  1E09
C0Z0M0E0I0 A=1F B=0401 D=20E7 H=1E2F>00BE S=FFE6>1E2C P=1E09 LDAX D
C0Z0M0E0I0 A=55 B=0401 D=20E7 H=1E2F>00BE S=FFE6>1E2C P=1E0A XRA  B
C0Z0M0E0I0 A=51 B=0401 D=20E7 H=1E2F>00BE S=FFE6>1E2C P=1E0B MOV  B,M
C0Z0M0E0I0 A=51 B=BE01 D=20E7 H=1E2F>00BE S=FFE6>1E2C P=1E0C MOV  M,A
C0Z0M0E0I0 A=51 B=BE01 D=20E7 H=1E2F>0051 S=FFE6>1E2C P=1E0D INX  D
C0Z0M0E0I0 A=51 B=BE01 D=20E8 H=1E2F>0051 S=FFE6>1E2C P=1E0E INX  H
C0Z0M0E0I0 A=51 B=BE01 D=20E8 H=1E30>0000 S=FFE6>1E2C P=1E0F DCR  C
C0Z1M0E0I0 A=51 B=BE00 D=20E8 H=1E30>0000 S=FFE6>1E2C P=1E10 JNZ  1E09
C0Z1M0E0I0 A=51 B=BE00 D=20E8 H=1E30>0000 S=FFE6>1E2C P=1E13 POP  H
C0Z1M0E0I0 A=51 B=BE00 D=20E8 H=1E2C>71A8 S=FFE8>1D29 P=1E14 POP  D
C0Z1M0E0I0 A=51 B=BE00 D=1D29 H=1E2C>71A8 S=FFEA>0A02 P=1E15 POP  B
C0Z1M0E0I0 A=51 B=0A02 D=1D29 H=1E2C>71A8 S=FFEC>130A P=1E16 POP  PSW
C0Z0M0E0I0 A=13 B=0A02 D=1D29 H=1E2C>71A8 S=FFEE>1D19 P=1E17 RET  
C0Z0M0E0I0 A=13 B=0A02 D=1D29 H=1E2C>71A8 S=FFF0>053C P=1D19 DCR  B
C0Z0M0E0I0 A=13 B=0902 D=1D29 H=1E2C>71A8 S=FFF0>053C P=1D1A JNZ  1D14
C0Z0M0E0I0 A=13 B=0902 D=1D29 H=1E2C>71A8 S=FFF0>053C P=1D14 LDAX D
C0Z0M0E0I0 A=01 B=0902 D=1D29 H=1E2C>71A8 S=FFF0>053C P=1D15 INX  D
C0Z0M0E0I0 A=01 B=0902 D=1D2A H=1E2C>71A8 S=FFF0>053C P=1D16 CALL 1DF0
C0Z0M0E0I0 A=01 B=0902 D=1D2A H=1E2C>71A8 S=FFEE>1D19 P=1DF0 PUSH PSW
C0Z0M0E0I0 A=01 B=0902 D=1D2A H=1E2C>71A8 S=FFEC>010A P=1DF1 PUSH B
C0Z0M0E0I0 A=01 B=0902 D=1D2A H=1E2C>71A8 S=FFEA>0902 P=1DF2 PUSH D
C0Z0M0E0I0 A=01 B=0902 D=1D2A H=1E2C>71A8 S=FFE8>1D2A P=1DF3 PUSH H
C0Z0M0E0I0 A=01 B=0902 D=1D2A H=1E2C>71A8 S=FFE6>1E2C P=1DF4 PUSH H
C0Z0M0E0I0 A=01 B=0902 D=1D2A H=1E2C>71A8 S=FFE4>1E2C P=1DF5 LXI  D,0003
C0Z0M0E0I0 A=01 B=0902 D=0003 H=1E2C>71A8 S=FFE4>1E2C P=1DF8 DAD  D
C0Z0M0E0I0 A=01 B=0902 D=0003 H=1E2F>0051 S=FFE4>1E2C P=1DF9 XRA  M
C0Z0M0E1I0 A=50 B=0902 D=0003 H=1E2F>0051 S=FFE4>1E2C P=1DFA MOV  L,A
C0Z0M0E1I0 A=50 B=0902 D=0003 H=1E50>DB0E S=FFE4>1E2C P=1DFB MVI  H,00
C0Z0M0E1I0 A=50 B=0902 D=0003 H=0050>D313 S=FFE4>1E2C P=1DFD DAD  H
C0Z0M0E1I0 A=50 B=0902 D=0003 H=00A0>0BB4 S=FFE4>1E2C P=1DFE DAD  H
C0Z0M0E1I0 A=50 B=0902 D=0003 H=0140>7F11 S=FFE4>1E2C P=1DFF XCHG 
C0Z0M0E1I0 A=50 B=0902 D=0140 H=0003>0000 S=FFE4>1E2C P=1E00 LXI  H,1E30
C0Z0M0E1I0 A=50 B=0902 D=0140 H=1E30>0000 S=FFE4>1E2C P=1E03 DAD  D
C0Z0M0E1I0 A=50 B=0902 D=0140 H=1F70>6B6B S=FFE4>1E2C P=1E04 XCHG 
C0Z0M0E1I0 A=50 B=0902 D=1F70 H=0140>7F11 S=FFE4>1E2C P=1E05 POP  H
C0Z0M0E1I0 A=50 B=0902 D=1F70 H=1E2C>71A8 S=FFE6>1E2C P=1E06 LXI  B,0004
C0Z0M0E1I0 A=50 B=0004 D=1F70 H=1E2C>71A8 S=FFE6>1E2C P=1E09 LDAX D
C0Z0M0E1I0 A=6B B=0004 D=1F70 H=1E2C>71A8 S=FFE6>1E2C P=1E0A XRA  B
C0Z0M0E0I0 A=6B B=0004 D=1F70 H=1E2C>71A8 S=FFE6>1E2C P=1E0B MOV  B,M
C0Z0M0E0I0 A=6B B=A804 D=1F70 H=1E2C>71A8 S=FFE6>1E2C P=1E0C MOV  M,A
C0Z0M0E0I0 A=6B B=A804 D=1F70 H=1E2C>716B S=FFE6>1E2C P=1E0D INX  D
C0Z0M0E0I0 A=6B B=A804 D=1F71 H=1E2C>716B S=FFE6>1E2C P=1E0E INX  H
C0Z0M0E0I0 A=6B B=A804 D=1F71 H=1E2D>1F71 S=FFE6>1E2C P=1E0F DCR  C
C0Z0M0E0I0 A=6B B=A803 D=1F71 H=1E2D>1F71 S=FFE6>1E2C P=1E10 JNZ  1E09
C0Z0M0E0I0 A=6B B=A803 D=1F71 H=1E2D>1F71 S=FFE6>1E2C P=1E09 LDAX D
C0Z0M0E0I0 A=6B B=A803 D=1F71 H=1E2D>1F71 S=FFE6>1E2C P=1E0A XRA  B
C0Z0M1E1I0 A=C3 B=A803 D=1F71 H=1E2D>1F71 S=FFE6>1E2C P=1E0B MOV  B,M
C0Z0M1E1I0 A=C3 B=7103 D=1F71 H=1E2D>1F71 S=FFE6>1E2C P=1E0C MOV  M,A
C0Z0M1E1I0 A=C3 B=7103 D=1F71 H=1E2D>1FC3 S=FFE6>1E2C P=1E0D INX  D
C0Z0M1E1I0 A=C3 B=7103 D=1F72 H=1E2D>1FC3 S=FFE6>1E2C P=1E0E INX  H
C0Z0M1E1I0 A=C3 B=7103 D=1F72 H=1E2E>511F S=FFE6>1E2C P=1E0F DCR  C
C0Z0M0E0I0 A=C3 B=7102 D=1F72 H=1E2E>511F S=FFE6>1E2C P=1E10 JNZ  1E09
C0Z0M0E0I0 A=C3 B=7102 D=1F72 H=1E2E>511F S=FFE6>1E2C P=1E09 LDAX D
C0Z0M0E0I0 A=51 B=7102 D=1F72 H=1E2E>511F S=FFE6>1E2C P=1E0A XRA  B
C0Z0M0E0I0 A=20 B=7102 D=1F72 H=1E2E>511F S=FFE6>1E2C P=1E0B MOV  B,M
C0Z0M0E0I0 A=20 B=1F02 D=1F72 H=1E2E>511F S=FFE6>1E2C P=1E0C MOV  M,A
C0Z0M0E0I0 A=20 B=1F02 D=1F72 H=1E2E>5120 S=FFE6>1E2C P=1E0D INX  D
C0Z0M0E0I0 A=20 B=1F02 D=1F73 H=1E2E>5120 S=FFE6>1E2C P=1E0E INX  H
C0Z0M0E0I0 A=20 B=1F02 D=1F73 H=1E2F>0051 S=FFE6>1E2C P=1E0F DCR  C
C0Z0M0E0I0 A=20 B=1F01 D=1F73 H=1E2F>0051 S=FFE6>1E2C P=1E10 JNZ  1E09
C0Z0M0E0I0 A=20 B=1F01 D=1F73 H=1E2F>0051 S=FFE6>1E2C P=1E09 LDAX D
C0Z0M0E0I0 A=F4 B=1F01 D=1F73 H=1E2F>0051 S=FFE6>1E2C P=1E0A XRA  B
C0Z0M1E1I0 A=EB B=1F01 D=1F73 H=1E2F>0051 S=FFE6>1E2C P=1E0B MOV  B,M
C0Z0M1E1I0 A=EB B=5101 D=1F73 H=1E2F>0051 S=FFE6>1E2C P=1E0C MOV  M,A
C0Z0M1E1I0 A=EB B=5101 D=1F73 H=1E2F>00EB S=FFE6>1E2C P=1E0D INX  D
C0Z0M1E1I0 A=EB B=5101 D=1F74 H=1E2F>00EB S=FFE6>1E2C P=1E0E INX  H
C0Z0M1E1I0 A=EB B=5101 D=1F74 H=1E30>0000 S=FFE6>1E2C P=1E0F DCR  C
C0Z1M0E0I0 A=EB B=5100 D=1F74 H=1E30>0000 S=FFE6>1E2C P=1E10 JNZ  1E09
C0Z1M0E0I0 A=EB B=5100 D=1F74 H=1E30>0000 S=FFE6>1E2C P=1E13 POP  H
C0Z1M0E0I0 A=EB B=5100 D=1F74 H=1E2C>C36B S=FFE8>1D2A P=1E14 POP  D
C0Z1M0E0I0 A=EB B=5100 D=1D2A H=1E2C>C36B S=FFEA>0902 P=1E15 POP  B
C0Z1M0E0I0 A=EB B=0902 D=1D2A H=1E2C>C36B S=FFEC>010A P=1E16 POP  PSW
C0Z0M0E0I0 A=01 B=0902 D=1D2A H=1E2C>C36B S=FFEE>1D19 P=1E17 RET  
C0Z0M0E0I0 A=01 B=0902 D=1D2A H=1E2C>C36B S=FFF0>053C P=1D19 DCR  B
C0Z0M0E0I0 A=01 B=0802 D=1D2A H=1E2C>C36B S=FFF0>053C P=1D1A JNZ  1D14
C0Z0M0E0I0 A=01 B=0802 D=1D2A H=1E2C>C36B S=FFF0>053C P=1D14 LDAX D
C0Z0M0E0I0 A=BD B=0802 D=1D2A H=1E2C>C36B S=FFF0>053C P=1D15 INX  D
C0Z0M0E0I0 A=BD B=0802 D=1D2B H=1E2C>C36B S=FFF0>053C P=1D16 CALL 1DF0
C0Z0M0E0I0 A=BD B=0802 D=1D2B H=1E2C>C36B S=FFEE>1D19 P=1DF0 PUSH PSW
C0Z0M0E0I0 A=BD B=0802 D=1D2B H=1E2C>C36B S=FFEC>BD0A P=1DF1 PUSH B
C0Z0M0E0I0 A=BD B=0802 D=1D2B H=1E2C>C36B S=FFEA>0802 P=1DF2 PUSH D
C0Z0M0E0I0 A=BD B=0802 D=1D2B H=1E2C>C36B S=FFE8>1D2B P=1DF3 PUSH H
C0Z0M0E0I0 A=BD B=0802 D=1D2B H=1E2C>C36B S=FFE6>1E2C P=1DF4 PUSH H
C0Z0M0E0I0 A=BD B=0802 D=1D2B H=1E2C>C36B S=FFE4>1E2C P=1DF5 LXI  D,0003
C0Z0M0E0I0 A=BD B=0802 D=0003 H=1E2C>C36B S=FFE4>1E2C P=1DF8 DAD  D
C0Z0M0E0I0 A=BD B=0802 D=0003 H=1E2F>00EB S=FFE4>1E2C P=1DF9 XRA  M
C0Z0M0E1I0 A=56 B=0802 D=0003 H=1E2F>00EB S=FFE4>1E2C P=1DFA MOV  L,A
C0Z0M0E1I0 A=56 B=0802 D=0003 H=1E56>A4B8 S=FFE4>1E2C P=1DFB MVI  H,00
C0Z0M0E1I0 A=56 B=0802 D=0003 H=0056>D307 S=FFE4>1E2C P=1DFD DAD  H
C0Z0M0E1I0 A=56 B=0802 D=0003 H=00AC>022D S=FFE4>1E2C P=1DFE DAD  H
C0Z0M0E1I0 A=56 B=0802 D=0003 H=0158>9E11 S=FFE4>1E2C P=1DFF XCHG 
C0Z0M0E1I0 A=56 B=0802 D=0158 H=0003>0000 S=FFE4>1E2C P=1E00 LXI  H,1E30
C0Z0M0E1I0 A=56 B=0802 D=0158 H=1E30>0000 S=FFE4>1E2C P=1E03 DAD  D
C0Z0M0E1I0 A=56 B=0802 D=0158 H=1F88>0882 S=FFE4>1E2C P=1E04 XCHG 
C0Z0M0E1I0 A=56 B=0802 D=1F88 H=0158>9E11 S=FFE4>1E2C P=1E05 POP  H
C0Z0M0E1I0 A=56 B=0802 D=1F88 H=1E2C>C36B S=FFE6>1E2C P=1E06 LXI  B,0004
C0Z0M0E1I0 A=56 B=0004 D=1F88 H=1E2C>C36B S=FFE6>1E2C P=1E09 LDAX D
C0Z0M0E1I0 A=82 B=0004 D=1F88 H=1E2C>C36B S=FFE6>1E2C P=1E0A XRA  B
C0Z0M1E1I0 A=82 B=0004 D=1F88 H=1E2C>C36B S=FFE6>1E2C P=1E0B MOV  B,M
C0Z0M1E1I0 A=82 B=6B04 D=1F88 H=1E2C>C36B S=FFE6>1E2C P=1E0C MOV  M,A
C0Z0M1E1I0 A=82 B=6B04 D=1F88 H=1E2C>C382 S=FFE6>1E2C P=1E0D INX  D
C0Z0M1E1I0 A=82 B=6B04 D=1F89 H=1E2C>C382 S=FFE6>1E2C P=1E0E INX  H
C0Z0M1E1I0 A=82 B=6B04 D=1F89 H=1E2D>20C3 S=FFE6>1E2C P=1E0F DCR  C
C0Z0M0E0I0 A=82 B=6B03 D=1F89 H=1E2D>20C3 S=FFE6>1E2C P=1E10 JNZ  1E09
C0Z0M0E0I0 A=82 B=6B03 D=1F89 H=1E2D>20C3 S=FFE6>1E2C P=1E09 LDAX D
C0Z0M0E0I0 A=08 B=6B03 D=1F89 H=1E2D>20C3 S=FFE6>1E2C P=1E0A XRA  B
C0Z0M0E1I0 A=63 B=6B03 D=1F89 H=1E2D>20C3 S=FFE6>1E2C P=1E0B MOV  B,M
C0Z0M0E1I0 A=63 B=C303 D=1F89 H=1E2D>20C3 S=FFE6>1E2C P=1E0C MOV  M,A
C0Z0M0E1I0 A=63 B=C303 D=1F89 H=1E2D>2063 S=FFE6>1E2C P=1E0D INX  D
C0Z0M0E1I0 A=63 B=C303 D=1F8A H=1E2D>2063 S=FFE6>1E2C P=1E0E INX  H
C0Z0M0E1I0 A=63 B=C303 D=1F8A H=1E2E>EB20 S=FFE6>1E2C P=1E0F DCR  C
C0Z0M0E0I0 A=63 B=C302 D=1F8A H=1E2E>EB20 S=FFE6>1E2C P=1E10 JNZ  1E09
C0Z0M0E0I0 A=63 B=C302 D=1F8A H=1E2E>EB20 S=FFE6>1E2C P=1E09 LDAX D
C0Z0M0E0I0 A=F4 B=C302 D=1F8A H=1E2E>EB20 S=FFE6>1E2C P=1E0A XRA  B
C0Z0M0E0I0 A=37 B=C302 D=1F8A H=1E2E>EB20 S=FFE6>1E2C P=1E0B MOV  B,M
C0Z0M0E0I0 A=37 B=2002 D=1F8A H=1E2E>EB20 S=FFE6>1E2C P=1E0C MOV  M,A
C0Z0M0E0I0 A=37 B=2002 D=1F8A H=1E2E>EB37 S=FFE6>1E2C P=1E0D INX  D
C0Z0M0E0I0 A=37 B=2002 D=1F8B H=1E2E>EB37 S=FFE6>1E2C P=1E0E INX  H
C0Z0M0E0I0 A=37 B=2002 D=1F8B H=1E2F>00EB S=FFE6>1E2C P=1E0F DCR  C
C0Z0M0E0I0 A=37 B=2001 D=1F8B H=1E2F>00EB S=FFE6>1E2C P=1E10 JNZ  1E09
C0Z0M0E0I0 A=37 B=2001 D=1F8B H=1E2F>00EB S=FFE6>1E2C P=1E09 LDAX D
C0Z0M0E0I0 A=C1 B=2001 D=1F8B H=1E2F>00EB S=FFE6>1E2C P=1E0A XRA  B
C0Z0M1E1I0 A=E1 B=2001 D=1F8B H=1E2F>00EB S=FFE6>1E2C P=1E0B MOV  B,M
C0Z0M1E1I0 A=E1 B=EB01 D=1F8B H=1E2F>00EB S=FFE6>1E2C P=1E0C MOV  M,A
C0Z0M1E1I0 A=E1 B=EB01 D=1F8B H=1E2F>00E1 S=FFE6>1E2C P=1E0D INX  D
C0Z0M1E1I0 A=E1 B=EB01 D=1F8C H=1E2F>00E1 S=FFE6>1E2C P=1E0E INX  H
C0Z0M1E1I0 A=E1 B=EB01 D=1F8C H=1E30>0000 S=FFE6>1E2C P=1E0F DCR  C
C0Z1M0E0I0 A=E1 B=EB00 D=1F8C H=1E30>0000 S=FFE6>1E2C P=1E10 JNZ  1E09
C0Z1M0E0I0 A=E1 B=EB00 D=1F8C H=1E30>0000 S=FFE6>1E2C P=1E13 POP  H
C0Z1M0E0I0 A=E1 B=EB00 D=1F8C H=1E2C>6382 S=FFE8>1D2B P=1E14 POP  D
C0Z1M0E0I0 A=E1 B=EB00 D=1D2B H=1E2C>6382 S=FFEA>0802 P=1E15 POP  B
C0Z1M0E0I0 A=E1 B=0802 D=1D2B H=1E2C>6382 S=FFEC>BD0A P=1E16 POP  PSW
C0Z0M0E0I0 A=BD B=0802 D=1D2B H=1E2C>6382 S=FFEE>1D19 P=1E17 RET  
C0Z0M0E0I0 A=BD B=0802 D=1D2B H=1E2C>6382 S=FFF0>053C P=1D19 DCR  B
C0Z0M0E0I0 A=BD B=0702 D=1D2B H=1E2C>6382 S=FFF0>053C P=1D1A JNZ  1D14
C0Z0M0E0I0 A=BD B=0702 D=1D2B H=1E2C>6382 S=FFF0>053C P=1D14 LDAX D
C0Z0M0E0I0 A=8D B=0702 D=1D2B H=1E2C>6382 S=FFF0>053C P=1D15 INX  D
C0Z0M0E0I0 A=8D B=0702 D=1D2C H=1E2C>6382 S=FFF0>053C P=1D16 CALL 1DF0
C0Z0M0E0I0 A=8D B=0702 D=1D2C H=1E2C>6382 S=FFEE>1D19 P=1DF0 PUSH PSW
C0Z0M0E0I0 A=8D B=0702 D=1D2C H=1E2C>6382 S=FFEC>8D02 P=1DF1 PUSH B
C0Z0M0E0I0 A=8D B=0702 D=1D2C H=1E2C>6382 S=FFEA>0702 P=1DF2 PUSH D
C0Z0M0E0I0 A=8D B=0702 D=1D2C H=1E2C>6382 S=FFE8>1D2C P=1DF3 PUSH H
C0Z0M0E0I0 A=8D B=0702 D=1D2C H=1E2C>6382 S=FFE6>1E2C P=1DF4 PUSH H
C0Z0M0E0I0 A=8D B=0702 D=1D2C H=1E2C>6382 S=FFE4>1E2C P=1DF5 LXI  D,0003
C0Z0M0E0I0 A=8D B=0702 D=0003 H=1E2C>6382 S=FFE4>1E2C P=1DF8 DAD  D
C0Z0M0E0I0 A=8D B=0702 D=0003 H=1E2F>00E1 S=FFE4>1E2C P=1DF9 XRA  M
C0Z0M0E1I0 A=6C B=0702 D=0003 H=1E2F>00E1 S=FFE4>1E2C P=1DFA MOV  L,A
C0Z0M0E1I0 A=6C B=0702 D=0003 H=1E6C>BF90 S=FFE4>1E2C P=1DFB MVI  H,00
C0Z0M0E1I0 A=6C B=0702 D=0003 H=006C>7574 S=FFE4>1E2C P=1DFD DAD  H
C0Z0M0E1I0 A=6C B=0702 D=0003 H=00D8>1A1A S=FFE4>1E2C P=1DFE DAD  H
C0Z0M0E1I0 A=6C B=0702 D=0003 H=01B0>203E S=FFE4>1E2C P=1DFF XCHG 
C0Z0M0E1I0 A=6C B=0702 D=01B0 H=0003>0000 S=FFE4>1E2C P=1E00 LXI  H,1E30
C0Z0M0E1I0 A=6C B=0702 D=01B0 H=1E30>0000 S=FFE4>1E2C P=1E03 DAD  D
C0Z0M0E1I0 A=6C B=0702 D=01B0 H=1FE0>0444 S=FFE4>1E2C P=1E04 XCHG 
C0Z0M0E1I0 A=6C B=0702 D=1FE0 H=01B0>203E S=FFE4>1E2C P=1E05 POP  H
C0Z0M0E1I0 A=6C B=0702 D=1FE0 H=1E2C>6382 S=FFE6>1E2C P=1E06 LXI  B,0004
C0Z0M0E1I0 A=6C B=0004 D=1FE0 H=1E2C>6382 S=FFE6>1E2C P=1E09 LDAX D
C0Z0M0E1I0 A=44 B=0004 D=1FE0 H=1E2C>6382 S=FFE6>1E2C P=1E0A XRA  B
C0Z0M0E1I0 A=44 B=0004 D=1FE0 H=1E2C>6382 S=FFE6>1E2C P=1E0B MOV  B,M
C0Z0M0E1I0 A=44 B=8204 D=1FE0 H=1E2C>6382 S=FFE6>1E2C P=1E0C MOV  M,A
C0Z0M0E1I0 A=44 B=8204 D=1FE0 H=1E2C>6344 S=FFE6>1E2C P=1E0D INX  D
C0Z0M0E1I0 A=44 B=8204 D=1FE1 H=1E2C>6344 S=FFE6>1E2C P=1E0E INX  H
C0Z0M0E1I0 A=44 B=8204 D=1FE1 H=1E2D>3763 S=FFE6>1E2C P=1E0F DCR  C
C0Z0M0E0I0 A=44 B=8203 D=1FE1 H=1E2D>3763 S=FFE6>1E2C P=1E10 JNZ  1E09
C0Z0M0E0I0 A=44 B=8203 D=1FE1 H=1E2D>3763 S=FFE6>1E2C P=1E09 LDAX D
C0Z0M0E0I0 A=04 B=8203 D=1FE1 H=1E2D>3763 S=FFE6>1E2C P=1E0A XRA  B
C0Z0M1E0I0 A=86 B=8203 D=1FE1 H=1E2D>3763 S=FFE6>1E2C P=1E0B MOV  B,M
C0Z0M1E0I0 A=86 B=6303 D=1FE1 H=1E2D>3763 S=FFE6>1E2C P=1E0C MOV  M,A
C0Z0M1E0I0 A=86 B=6303 D=1FE1 H=1E2D>3786 S=FFE6>1E2C P=1E0D INX  D
C0Z0M1E0I0 A=86 B=6303 D=1FE2 H=1E2D>3786 S=FFE6>1E2C P=1E0E INX  H
C0Z0M1E0I0 A=86 B=6303 D=1FE2 H=1E2E>E137 S=FFE6>1E2C P=1E0F DCR  C
C0Z0M0E0I0 A=86 B=6302 D=1FE2 H=1E2E>E137 S=FFE6>1E2C P=1E10 JNZ  1E09
C0Z0M0E0I0 A=86 B=6302 D=1FE2 H=1E2E>E137 S=FFE6>1E2C P=1E09 LDAX D
C0Z0M0E0I0 A=2D B=6302 D=1FE2 H=1E2E>E137 S=FFE6>1E2C P=1E0A XRA  B
C0Z0M0E1I0 A=4E B=6302 D=1FE2 H=1E2E>E137 S=FFE6>1E2C P=1E0B MOV  B,M
C0Z0M0E1I0 A=4E B=3702 D=1FE2 H=1E2E>E137 S=FFE6>1E2C P=1E0C MOV  M,A
C0Z0M0E1I0 A=4E B=3702 D=1FE2 H=1E2E>E14E S=FFE6>1E2C P=1E0D INX  D
C0Z0M0E1I0 A=4E B=3702 D=1FE3 H=1E2E>E14E S=FFE6>1E2C P=1E0E INX  H
C0Z0M0E1I0 A=4E B=3702 D=1FE3 H=1E2F>00E1 S=FFE6>1E2C P=1E0F DCR  C
C0Z0M0E0I0 A=4E B=3701 D=1FE3 H=1E2F>00E1 S=FFE6>1E2C P=1E10 JNZ  1E09
C0Z0M0E0I0 A=4E B=3701 D=1FE3 H=1E2F>00E1 S=FFE6>1E2C P=1E09 LDAX D
C0Z0M0E0I0 A=73 B=3701 D=1FE3 H=1E2F>00E1 S=FFE6>1E2C P=1E0A XRA  B
C0Z0M0E1I0 A=44 B=3701 D=1FE3 H=1E2F>00E1 S=FFE6>1E2C P=1E0B MOV  B,M
C0Z0M0E1I0 A=44 B=E101 D=1FE3 H=1E2F>00E1 S=FFE6>1E2C P=1E0C MOV  M,A
C0Z0M0E1I0 A=44 B=E101 D=1FE3 H=1E2F>0044 S=FFE6>1E2C P=1E0D INX  D
C0Z0M0E1I0 A=44 B=E101 D=1FE4 H=1E2F>0044 S=FFE6>1E2C P=1E0E INX  H
C0Z0M0E1I0 A=44 B=E101 D=1FE4 H=1E30>0000 S=FFE6>1E2C P=1E0F DCR  C
C0Z1M0E0I0 A=44 B=E100 D=1FE4 H=1E30>0000 S=FFE6>1E2C P=1E10 JNZ  1E09
C0Z1M0E0I0 A=44 B=E100 D=1FE4 H=1E30>0000 S=FFE6>1E2C P=1E13 POP  H
C0Z1M0E0I0 A=44 B=E100 D=1FE4 H=1E2C>8644 S=FFE8>1D2C P=1E14 POP  D
C0Z1M0E0I0 A=44 B=E100 D=1D2C H=1E2C>8644 S=FFEA>0702 P=1E15 POP  B
C0Z1M0E0I0 A=44 B=0702 D=1D2C H=1E2C>8644 S=FFEC>8D02 P=1E16 POP  PSW
C0Z0M0E0I0 A=8D B=0702 D=1D2C H=1E2C>8644 S=FFEE>1D19 P=1E17 RET  
C0Z0M0E0I0 A=8D B=0702 D=1D2C H=1E2C>8644 S=FFF0>053C P=1D19 DCR  B
C0Z0M0E0I0 A=8D B=0602 D=1D2C H=1E2C>8644 S=FFF0>053C P=1D1A JNZ  1D14
C0Z0M0E0I0 A=8D B=0602 D=1D2C H=1E2C>8644 S=FFF0>053C P=1D14 LDAX D
C0Z0M0E0I0 A=02 B=0602 D=1D2C H=1E2C>8644 S=FFF0>053C P=1D15 INX  D
C0Z0M0E0I0 A=02 B=0602 D=1D2D H=1E2C>8644 S=FFF0>053C P=1D16 CALL 1DF0
C0Z0M0E0I0 A=02 B=0602 D=1D2D H=1E2C>8644 S=FFEE>1D19 P=1DF0 PUSH PSW
C0Z0M0E0I0 A=02 B=0602 D=1D2D H=1E2C>8644 S=FFEC>0202 P=1DF1 PUSH B
C0Z0M0E0I0 A=02 B=0602 D=1D2D H=1E2C>8644 S=FFEA>0602 P=1DF2 PUSH D
C0Z0M0E0I0 A=02 B=0602 D=1D2D H=1E2C>8644 S=FFE8>1D2D P=1DF3 PUSH H
C0Z0M0E0I0 A=02 B=0602 D=1D2D H=1E2C>8644 S=FFE6>1E2C P=1DF4 PUSH H
C0Z0M0E0I0 A=02 B=0602 D=1D2D H=1E2C>8644 S=FFE4>1E2C P=1DF5 LXI  D,0003
C0Z0M0E0I0 A=02 B=0602 D=0003 H=1E2C>8644 S=FFE4>1E2C P=1DF8 DAD  D
C0Z0M0E0I0 A=02 B=0602 D=0003 H=1E2F>0044 S=FFE4>1E2C P=1DF9 XRA  M
C0Z0M0E0I0 A=46 B=0602 D=0003 H=1E2F>0044 S=FFE4>1E2C P=1DFA MOV  L,A
C0Z0M0E0I0 A=46 B=0602 D=0003 H=1E46>8FF4 S=FFE4>1E2C P=1DFB MVI  H,00
C0Z0M0E0I0 A=46 B=0602 D=0003 H=0046>D302 S=FFE4>1E2C P=1DFD DAD  H
C0Z0M0E0I0 A=46 B=0602 D=0003 H=008C>D923 S=FFE4>1E2C P=1DFE DAD  H
C0Z0M0E0I0 A=46 B=0602 D=0003 H=0118>21FD S=FFE4>1E2C P=1DFF XCHG 
C0Z0M0E0I0 A=46 B=0602 D=0118 H=0003>0000 S=FFE4>1E2C P=1E00 LXI  H,1E30
C0Z0M0E0I0 A=46 B=0602 D=0118 H=1E30>0000 S=FFE4>1E2C P=1E03 DAD  D
C0Z0M0E0I0 A=46 B=0602 D=0118 H=1F48>BF9F S=FFE4>1E2C P=1E04 XCHG 
C0Z0M0E0I0 A=46 B=0602 D=1F48 H=0118>21FD S=FFE4>1E2C P=1E05 POP  H
C0Z0M0E0I0 A=46 B=0602 D=1F48 H=1E2C>8644 S=FFE6>1E2C P=1E06 LXI  B,0004
C0Z0M0E0I0 A=46 B=0004 D=1F48 H=1E2C>8644 S=FFE6>1E2C P=1E09 LDAX D
C0Z0M0E0I0 A=9F B=0004 D=1F48 H=1E2C>8644 S=FFE6>1E2C P=1E0A XRA  B
C0Z0M1E1I0 A=9F B=0004 D=1F48 H=1E2C>8644 S=FFE6>1E2C P=1E0B MOV  B,M
C0Z0M1E1I0 A=9F B=4404 D=1F48 H=1E2C>8644 S=FFE6>1E2C P=1E0C MOV  M,A
C0Z0M1E1I0 A=9F B=4404 D=1F48 H=1E2C>869F S=FFE6>1E2C P=1E0D INX  D
C0Z0M1E1I0 A=9F B=4404 D=1F49 H=1E2C>869F S=FFE6>1E2C P=1E0E INX  H
C0Z0M1E1I0 A=9F B=4404 D=1F49 H=1E2D>4E86 S=FFE6>1E2C P=1E0F DCR  C
C0Z0M0E0I0 A=9F B=4403 D=1F49 H=1E2D>4E86 S=FFE6>1E2C P=1E10 JNZ  1E09
C0Z0M0E0I0 A=9F B=4403 D=1F49 H=1E2D>4E86 S=FFE6>1E2C P=1E09 LDAX D
C0Z0M0E0I0 A=BF B=4403 D=1F49 H=1E2D>4E86 S=FFE6>1E2C P=1E0A XRA  B
C0Z0M1E0I0 A=FB B=4403 D=1F49 H=1E2D>4E86 S=FFE6>1E2C P=1E0B MOV  B,M
C0Z0M1E0I0 A=FB B=8603 D=1F49 H=1E2D>4E86 S=FFE6>1E2C P=1E0C MOV  M,A
C0Z0M1E0I0 A=FB B=8603 D=1F49 H=1E2D>4EFB S=FFE6>1E2C P=1E0D INX  D
C0Z0M1E0I0 A=FB B=8603 D=1F4A H=1E2D>4EFB S=FFE6>1E2C P=1E0E INX  H
C0Z0M1E0I0 A=FB B=8603 D=1F4A H=1E2E>444E S=FFE6>1E2C P=1E0F DCR  C
C0Z0M0E0I0 A=FB B=8602 D=1F4A H=1E2E>444E S=FFE6>1E2C P=1E10 JNZ  1E09
C0Z0M0E0I0 A=FB B=8602 D=1F4A H=1E2E>444E S=FFE6>1E2C P=1E09 LDAX D
C0Z0M0E0I0 A=E4 B=8602 D=1F4A H=1E2E>444E S=FFE6>1E2C P=1E0A XRA  B
C0Z0M0E0I0 A=62 B=8602 D=1F4A H=1E2E>444E S=FFE6>1E2C P=1E0B MOV  B,M
C0Z0M0E0I0 A=62 B=4E02 D=1F4A H=1E2E>444E S=FFE6>1E2C P=1E0C MOV  M,A
C0Z0M0E0I0 A=62 B=4E02 D=1F4A H=1E2E>4462 S=FFE6>1E2C P=1E0D INX  D
C0Z0M0E0I0 A=62 B=4E02 D=1F4B H=1E2E>4462 S=FFE6>1E2C P=1E0E INX  H
C0Z0M0E0I0 A=62 B=4E02 D=1F4B H=1E2F>0044 S=FFE6>1E2C P=1E0F DCR  C
C0Z0M0E0I0 A=62 B=4E01 D=1F4B H=1E2F>0044 S=FFE6>1E2C P=1E10 JNZ  1E09
C0Z0M0E0I0 A=62 B=4E01 D=1F4B H=1E2F>0044 S=FFE6>1E2C P=1E09 LDAX D
C0Z0M0E0I0 A=A5 B=4E01 D=1F4B H=1E2F>0044 S=FFE6>1E2C P=1E0A XRA  B
C0Z0M1E1I0 A=EB B=4E01 D=1F4B H=1E2F>0044 S=FFE6>1E2C P=1E0B MOV  B,M
C0Z0M1E1I0 A=EB B=4401 D=1F4B H=1E2F>0044 S=FFE6>1E2C P=1E0C MOV  M,A
C0Z0M1E1I0 A=EB B=4401 D=1F4B H=1E2F>00EB S=FFE6>1E2C P=1E0D INX  D
C0Z0M1E1I0 A=EB B=4401 D=1F4C H=1E2F>00EB S=FFE6>1E2C P=1E0E INX  H
C0Z0M1E1I0 A=EB B=4401 D=1F4C H=1E30>0000 S=FFE6>1E2C P=1E0F DCR  C
C0Z1M0E0I0 A=EB B=4400 D=1F4C H=1E30>0000 S=FFE6>1E2C P=1E10 JNZ  1E09
C0Z1M0E0I0 A=EB B=4400 D=1F4C H=1E30>0000 S=FFE6>1E2C P=1E13 POP  H
C0Z1M0E0I0 A=EB B=4400 D=1F4C H=1E2C>FB9F S=FFE8>1D2D P=1E14 POP  D
C0Z1M0E0I0 A=EB B=4400 D=1D2D H=1E2C>FB9F S=FFEA>0602 P=1E15 POP  B
C0Z1M0E0I0 A=EB B=0602 D=1D2D H=1E2C>FB9F S=FFEC>0202 P=1E16 POP  PSW
C0Z0M0E0I0 A=02 B=0602 D=1D2D H=1E2C>FB9F S=FFEE>1D19 P=1E17 RET  
C0Z0M0E0I0 A=02 B=0602 D=1D2D H=1E2C>FB9F S=FFF0>053C P=1D19 DCR  B
C0Z0M0E0I0 A=02 B=0502 D=1D2D H=1E2C>FB9F S=FFF0>053C P=1D1A JNZ  1D14
C0Z0M0E0I0 A=02 B=0502 D=1D2D H=1E2C>FB9F S=FFF0>053C P=1D14 LDAX D
C0Z0M0E0I0 A=00 B=0502 D=1D2D H=1E2C>FB9F S=FFF0>053C P=1D15 INX  D
C0Z0M0E0I0 A=00 B=0502 D=1D2E H=1E2C>FB9F S=FFF0>053C P=1D16 CALL 1DF0
C0Z0M0E0I0 A=00 B=0502 D=1D2E H=1E2C>FB9F S=FFEE>1D19 P=1DF0 PUSH PSW
C0Z0M0E0I0 A=00 B=0502 D=1D2E H=1E2C>FB9F S=FFEC>0002 P=1DF1 PUSH B
C0Z0M0E0I0 A=00 B=0502 D=1D2E H=1E2C>FB9F S=FFEA>0502 P=1DF2 PUSH D
C0Z0M0E0I0 A=00 B=0502 D=1D2E H=1E2C>FB9F S=FFE8>1D2E P=1DF3 PUSH H
C0Z0M0E0I0 A=00 B=0502 D=1D2E H=1E2C>FB9F S=FFE6>1E2C P=1DF4 PUSH H
C0Z0M0E0I0 A=00 B=0502 D=1D2E H=1E2C>FB9F S=FFE4>1E2C P=1DF5 LXI  D,0003
C0Z0M0E0I0 A=00 B=0502 D=0003 H=1E2C>FB9F S=FFE4>1E2C P=1DF8 DAD  D
C0Z0M0E0I0 A=00 B=0502 D=0003 H=1E2F>00EB S=FFE4>1E2C P=1DF9 XRA  M
C0Z0M1E1I0 A=EB B=0502 D=0003 H=1E2F>00EB S=FFE4>1E2C P=1DFA MOV  L,A
C0Z0M1E1I0 A=EB B=0502 D=0003 H=1EEB>ABCF S=FFE4>1E2C P=1DFB MVI  H,00
C0Z0M1E1I0 A=EB B=0502 D=0003 H=00EB>1A1A S=FFE4>1E2C P=1DFD DAD  H
C0Z0M1E1I0 A=EB B=0502 D=0003 H=01D6>8566 S=FFE4>1E2C P=1DFE DAD  H
C0Z0M1E1I0 A=EB B=0502 D=0003 H=03AC>D6F7 S=FFE4>1E2C P=1DFF XCHG 
C0Z0M1E1I0 A=EB B=0502 D=03AC H=0003>0000 S=FFE4>1E2C P=1E00 LXI  H,1E30
C0Z0M1E1I0 A=EB B=0502 D=03AC H=1E30>0000 S=FFE4>1E2C P=1E03 DAD  D
C0Z0M1E1I1 A=EB B=0502 D=03AC H=21DC>D837 S=FFE4>1E2C P=1E04 XCHG 
C0Z0M1E1I1 A=EB B=0502 D=21DC H=03AC>D6F7 S=FFE4>1E2C P=1E05 POP  H
C0Z0M1E1I1 A=EB B=0502 D=21DC H=1E2C>FB9F S=FFE6>1E2C P=1E06 LXI  B,0004
C0Z0M1E1I1 A=EB B=0004 D=21DC H=1E2C>FB9F S=FFE6>1E2C P=1E09 LDAX D
C0Z0M1E1I1 A=37 B=0004 D=21DC H=1E2C>FB9F S=FFE6>1E2C P=1E0A XRA  B
C0Z0M0E0I0 A=37 B=0004 D=21DC H=1E2C>FB9F S=FFE6>1E2C P=1E0B MOV  B,M
C0Z0M0E0I0 A=37 B=9F04 D=21DC H=1E2C>FB9F S=FFE6>1E2C P=1E0C MOV  M,A
C0Z0M0E0I0 A=37 B=9F04 D=21DC H=1E2C>FB37 S=FFE6>1E2C P=1E0D INX  D
C0Z0M0E0I0 A=37 B=9F04 D=21DD H=1E2C>FB37 S=FFE6>1E2C P=1E0E INX  H
C0Z0M0E0I0 A=37 B=9F04 D=21DD H=1E2D>62FB S=FFE6>1E2C P=1E0F DCR  C
C0Z0M0E0I0 A=37 B=9F03 D=21DD H=1E2D>62FB S=FFE6>1E2C P=1E10 JNZ  1E09
C0Z0M0E0I0 A=37 B=9F03 D=21DD H=1E2D>62FB S=FFE6>1E2C P=1E09 LDAX D
C0Z0M0E0I0 A=D8 B=9F03 D=21DD H=1E2D>62FB S=FFE6>1E2C P=1E0A XRA  B
C0Z0M0E1I0 A=47 B=9F03 D=21DD H=1E2D>62FB S=FFE6>1E2C P=1E0B MOV  B,M
C0Z0M0E1I0 A=47 B=FB03 D=21DD H=1E2D>62FB S=FFE6>1E2C P=1E0C MOV  M,A
C0Z0M0E1I0 A=47 B=FB03 D=21DD H=1E2D>6247 S=FFE6>1E2C P=1E0D INX  D
C0Z0M0E1I0 A=47 B=FB03 D=21DE H=1E2D>6247 S=FFE6>1E2C P=1E0E INX  H
C0Z0M0E1I0 A=47 B=FB03 D=21DE H=1E2E>EB62 S=FFE6>1E2C P=1E0F DCR  C
C0Z0M0E0I0 A=47 B=FB02 D=21DE H=1E2E>EB62 S=FFE6>1E2C P=1E10 JNZ  1E09
C0Z0M0E0I0 A=47 B=FB02 D=21DE H=1E2E>EB62 S=FFE6>1E2C P=1E09 LDAX D
C0Z0M0E0I0 A=3B B=FB02 D=21DE H=1E2E>EB62 S=FFE6>1E2C P=1E0A XRA  B
C0Z0M1E1I0 A=C0 B=FB02 D=21DE H=1E2E>EB62 S=FFE6>1E2C P=1E0B MOV  B,M
C0Z0M1E1I0 A=C0 B=6202 D=21DE H=1E2E>EB62 S=FFE6>1E2C P=1E0C MOV  M,A
C0Z0M1E1I0 A=C0 B=6202 D=21DE H=1E2E>EBC0 S=FFE6>1E2C P=1E0D INX  D
C0Z0M1E1I0 A=C0 B=6202 D=21DF H=1E2E>EBC0 S=FFE6>1E2C P=1E0E INX  H
C0Z0M1E1I0 A=C0 B=6202 D=21DF H=1E2F>00EB S=FFE6>1E2C P=1E0F DCR  C
C0Z0M0E0I0 A=C0 B=6201 D=21DF H=1E2F>00EB S=FFE6>1E2C P=1E10 JNZ  1E09
C0Z0M0E0I0 A=C0 B=6201 D=21DF H=1E2F>00EB S=FFE6>1E2C P=1E09 LDAX D
C0Z0M0E0I0 A=F0 B=6201 D=21DF H=1E2F>00EB S=FFE6>1E2C P=1E0A XRA  B
C0Z0M1E0I0 A=92 B=6201 D=21DF H=1E2F>00EB S=FFE6>1E2C P=1E0B MOV  B,M
C0Z0M1E0I0 A=92 B=EB01 D=21DF H=1E2F>00EB S=FFE6>1E2C P=1E0C MOV  M,A
C0Z0M1E0I0 A=92 B=EB01 D=21DF H=1E2F>0092 S=FFE6>1E2C P=1E0D INX  D
C0Z0M1E0I0 A=92 B=EB01 D=21E0 H=1E2F>0092 S=FFE6>1E2C P=1E0E INX  H
C0Z0M1E0I0 A=92 B=EB01 D=21E0 H=1E30>0000 S=FFE6>1E2C P=1E0F DCR  C
C0Z1M0E0I0 A=92 B=EB00 D=21E0 H=1E30>0000 S=FFE6>1E2C P=1E10 JNZ  1E09
C0Z1M0E0I0 A=92 B=EB00 D=21E0 H=1E30>0000 S=FFE6>1E2C P=1E13 POP  H
C0Z1M0E0I0 A=92 B=EB00 D=21E0 H=1E2C>4737 S=FFE8>1D2E P=1E14 POP  D
C0Z1M0E0I0 A=92 B=EB00 D=1D2E H=1E2C>4737 S=FFEA>0502 P=1E15 POP  B
C0Z1M0E0I0 A=92 B=0502 D=1D2E H=1E2C>4737 S=FFEC>0002 P=1E16 POP  PSW
C0Z0M0E0I0 A=00 B=0502 D=1D2E H=1E2C>4737 S=FFEE>1D19 P=1E17 RET  
C0Z0M0E0I0 A=00 B=0502 D=1D2E H=1E2C>4737 S=FFF0>053C P=1D19 DCR  B
C0Z0M0E0I0 A=00 B=0402 D=1D2E H=1E2C>4737 S=FFF0>053C P=1D1A JNZ  1D14
C0Z0M0E0I0 A=00 B=0402 D=1D2E H=1E2C>4737 S=FFF0>053C P=1D14 LDAX D
C0Z0M0E0I0 A=17 B=0402 D=1D2E H=1E2C>4737 S=FFF0>053C P=1D15 INX  D
C0Z0M0E0I0 A=17 B=0402 D=1D2F H=1E2C>4737 S=FFF0>053C P=1D16 CALL 1DF0
C0Z0M0E0I0 A=17 B=0402 D=1D2F H=1E2C>4737 S=FFEE>1D19 P=1DF0 PUSH PSW
C0Z0M0E0I0 A=17 B=0402 D=1D2F H=1E2C>4737 S=FFEC>1702 P=1DF1 PUSH B
C0Z0M0E0I0 A=17 B=0402 D=1D2F H=1E2C>4737 S=FFEA>0402 P=1DF2 PUSH D
C0Z0M0E0I0 A=17 B=0402 D=1D2F H=1E2C>4737 S=FFE8>1D2F P=1DF3 PUSH H
C0Z0M0E0I0 A=17 B=0402 D=1D2F H=1E2C>4737 S=FFE6>1E2C P=1DF4 PUSH H
C0Z0M0E0I0 A=17 B=0402 D=1D2F H=1E2C>4737 S=FFE4>1E2C P=1DF5 LXI  D,0003
C0Z0M0E0I0 A=17 B=0402 D=0003 H=1E2C>4737 S=FFE4>1E2C P=1DF8 DAD  D
C0Z0M0E0I0 A=17 B=0402 D=0003 H=1E2F>0092 S=FFE4>1E2C P=1DF9 XRA  M
C0Z0M1E0I0 A=85 B=0402 D=0003 H=1E2F>0092 S=FFE4>1E2C P=1DFA MOV  L,A
C0Z0M1E0I0 A=85 B=0402 D=0003 H=1E85>E4DD S=FFE4>1E2C P=1DFB MVI  H,00
C0Z0M1E0I0 A=85 B=0402 D=0003 H=0085>06D7 S=FFE4>1E2C P=1DFD DAD  H
C0Z0M1E0I0 A=85 B=0402 D=0003 H=010A>E11C S=FFE4>1E2C P=1DFE DAD  H
C0Z0M1E0I0 A=85 B=0402 D=0003 H=0214>2C65 S=FFE4>1E2C P=1DFF XCHG 
C0Z0M1E0I0 A=85 B=0402 D=0214 H=0003>0000 S=FFE4>1E2C P=1E00 LXI  H,1E30
C0Z0M1E0I0 A=85 B=0402 D=0214 H=1E30>0000 S=FFE4>1E2C P=1E03 DAD  D
C0Z0M1E0I1 A=85 B=0402 D=0214 H=2044>D29D S=FFE4>1E2C P=1E04 XCHG 
C0Z0M1E0I1 A=85 B=0402 D=2044 H=0214>2C65 S=FFE4>1E2C P=1E05 POP  H
C0Z0M1E0I1 A=85 B=0402 D=2044 H=1E2C>4737 S=FFE6>1E2C P=1E06 LXI  B,0004
C0Z0M1E0I1 A=85 B=0004 D=2044 H=1E2C>4737 S=FFE6>1E2C P=1E09 LDAX D
C0Z0M1E0I1 A=9D B=0004 D=2044 H=1E2C>4737 S=FFE6>1E2C P=1E0A XRA  B
C0Z0M1E0I0 A=9D B=0004 D=2044 H=1E2C>4737 S=FFE6>1E2C P=1E0B MOV  B,M
C0Z0M1E0I0 A=9D B=3704 D=2044 H=1E2C>4737 S=FFE6>1E2C P=1E0C MOV  M,A
C0Z0M1E0I0 A=9D B=3704 D=2044 H=1E2C>479D S=FFE6>1E2C P=1E0D INX  D
C0Z0M1E0I0 A=9D B=3704 D=2045 H=1E2C>479D S=FFE6>1E2C P=1E0E INX  H
C0Z0M1E0I0 A=9D B=3704 D=2045 H=1E2D>C047 S=FFE6>1E2C P=1E0F DCR  C
C0Z0M0E0I0 A=9D B=3703 D=2045 H=1E2D>C047 S=FFE6>1E2C P=1E10 JNZ  1E09
C0Z0M0E0I0 A=9D B=3703 D=2045 H=1E2D>C047 S=FFE6>1E2C P=1E09 LDAX D
C0Z0M0E0I0 A=D2 B=3703 D=2045 H=1E2D>C047 S=FFE6>1E2C P=1E0A XRA  B
C0Z0M1E0I0 A=E5 B=3703 D=2045 H=1E2D>C047 S=FFE6>1E2C P=1E0B MOV  B,M
C0Z0M1E0I0 A=E5 B=4703 D=2045 H=1E2D>C047 S=FFE6>1E2C P=1E0C MOV  M,A
C0Z0M1E0I0 A=E5 B=4703 D=2045 H=1E2D>C0E5 S=FFE6>1E2C P=1E0D INX  D
C0Z0M1E0I0 A=E5 B=4703 D=2046 H=1E2D>C0E5 S=FFE6>1E2C P=1E0E INX  H
C0Z0M1E0I0 A=E5 B=4703 D=2046 H=1E2E>92C0 S=FFE6>1E2C P=1E0F DCR  C
C0Z0M0E0I0 A=E5 B=4702 D=2046 H=1E2E>92C0 S=FFE6>1E2C P=1E10 JNZ  1E09
C0Z0M0E0I0 A=E5 B=4702 D=2046 H=1E2E>92C0 S=FFE6>1E2C P=1E09 LDAX D
C0Z0M0E0I0 A=77 B=4702 D=2046 H=1E2E>92C0 S=FFE6>1E2C P=1E0A XRA  B
C0Z0M0E1I0 A=30 B=4702 D=2046 H=1E2E>92C0 S=FFE6>1E2C P=1E0B MOV  B,M
C0Z0M0E1I0 A=30 B=C002 D=2046 H=1E2E>92C0 S=FFE6>1E2C P=1E0C MOV  M,A
C0Z0M0E1I0 A=30 B=C002 D=2046 H=1E2E>9230 S=FFE6>1E2C P=1E0D INX  D
C0Z0M0E1I0 A=30 B=C002 D=2047 H=1E2E>9230 S=FFE6>1E2C P=1E0E INX  H
C0Z0M0E1I0 A=30 B=C002 D=2047 H=1E2F>0092 S=FFE6>1E2C P=1E0F DCR  C
C0Z0M0E0I0 A=30 B=C001 D=2047 H=1E2F>0092 S=FFE6>1E2C P=1E10 JNZ  1E09
C0Z0M0E0I0 A=30 B=C001 D=2047 H=1E2F>0092 S=FFE6>1E2C P=1E09 LDAX D
C0Z0M0E0I0 A=AF B=C001 D=2047 H=1E2F>0092 S=FFE6>1E2C P=1E0A XRA  B
C0Z0M0E1I0 A=6F B=C001 D=2047 H=1E2F>0092 S=FFE6>1E2C P=1E0B MOV  B,M
C0Z0M0E1I0 A=6F B=9201 D=2047 H=1E2F>0092 S=FFE6>1E2C P=1E0C MOV  M,A
C0Z0M0E1I0 A=6F B=9201 D=2047 H=1E2F>006F S=FFE6>1E2C P=1E0D INX  D
C0Z0M0E1I0 A=6F B=9201 D=2048 H=1E2F>006F S=FFE6>1E2C P=1E0E INX  H
C0Z0M0E1I0 A=6F B=9201 D=2048 H=1E30>0000 S=FFE6>1E2C P=1E0F DCR  C
C0Z1M0E0I0 A=6F B=9200 D=2048 H=1E30>0000 S=FFE6>1E2C P=1E10 JNZ  1E09
C0Z1M0E0I0 A=6F B=9200 D=2048 H=1E30>0000 S=FFE6>1E2C P=1E13 POP  H
C0Z1M0E0I0 A=6F B=9200 D=2048 H=1E2C>E59D S=FFE8>1D2F P=1E14 POP  D
C0Z1M0E0I0 A=6F B=9200 D=1D2F H=1E2C>E59D S=FFEA>0402 P=1E15 POP  B
C0Z1M0E0I0 A=6F B=0402 D=1D2F H=1E2C>E59D S=FFEC>1702 P=1E16 POP  PSW
C0Z0M0E0I0 A=17 B=0402 D=1D2F H=1E2C>E59D S=FFEE>1D19 P=1E17 RET  
C0Z0M0E0I0 A=17 B=0402 D=1D2F H=1E2C>E59D S=FFF0>053C P=1D19 DCR  B
C0Z0M0E0I0 A=17 B=0302 D=1D2F H=1E2C>E59D S=FFF0>053C P=1D1A JNZ  1D14
C0Z0M0E0I0 A=17 B=0302 D=1D2F H=1E2C>E59D S=FFF0>053C P=1D14 LDAX D
C0Z0M0E0I0 A=30 B=0302 D=1D2F H=1E2C>E59D S=FFF0>053C P=1D15 INX  D
C0Z0M0E0I0 A=30 B=0302 D=1D30 H=1E2C>E59D S=FFF0>053C P=1D16 CALL 1DF0
C0Z0M0E0I0 A=30 B=0302 D=1D30 H=1E2C>E59D S=FFEE>1D19 P=1DF0 PUSH PSW
C0Z0M0E0I0 A=30 B=0302 D=1D30 H=1E2C>E59D S=FFEC>3002 P=1DF1 PUSH B
C0Z0M0E0I0 A=30 B=0302 D=1D30 H=1E2C>E59D S=FFEA>0302 P=1DF2 PUSH D
C0Z0M0E0I0 A=30 B=0302 D=1D30 H=1E2C>E59D S=FFE8>1D30 P=1DF3 PUSH H
C0Z0M0E0I0 A=30 B=0302 D=1D30 H=1E2C>E59D S=FFE6>1E2C P=1DF4 PUSH H
C0Z0M0E0I0 A=30 B=0302 D=1D30 H=1E2C>E59D S=FFE4>1E2C P=1DF5 LXI  D,0003
C0Z0M0E0I0 A=30 B=0302 D=0003 H=1E2C>E59D S=FFE4>1E2C P=1DF8 DAD  D
C0Z0M0E0I0 A=30 B=0302 D=0003 H=1E2F>006F S=FFE4>1E2C P=1DF9 XRA  M
C0Z0M0E1I0 A=5F B=0302 D=0003 H=1E2F>006F S=FFE4>1E2C P=1DFA MOV  L,A
C0Z0M0E1I0 A=5F B=0302 D=0003 H=1E5F>0988 S=FFE4>1E2C P=1DFB MVI  H,00
C0Z0M0E1I0 A=5F B=0302 D=0003 H=005F>4458 S=FFE4>1E2C P=1DFD DAD  H
C0Z0M0E1I0 A=5F B=0302 D=0003 H=00BE>1A1A S=FFE4>1E2C P=1DFE DAD  H
C0Z0M0E1I0 A=5F B=0302 D=0003 H=017C>3800 S=FFE4>1E2C P=1DFF XCHG 
C0Z0M0E1I0 A=5F B=0302 D=017C H=0003>0000 S=FFE4>1E2C P=1E00 LXI  H,1E30
C0Z0M0E1I0 A=5F B=0302 D=017C H=1E30>0000 S=FFE4>1E2C P=1E03 DAD  D
C0Z0M0E1I0 A=5F B=0302 D=017C H=1FAC>D4FB S=FFE4>1E2C P=1E04 XCHG 
C0Z0M0E1I0 A=5F B=0302 D=1FAC H=017C>3800 S=FFE4>1E2C P=1E05 POP  H
C0Z0M0E1I0 A=5F B=0302 D=1FAC H=1E2C>E59D S=FFE6>1E2C P=1E06 LXI  B,0004
C0Z0M0E1I0 A=5F B=0004 D=1FAC H=1E2C>E59D S=FFE6>1E2C P=1E09 LDAX D
C0Z0M0E1I0 A=FB B=0004 D=1FAC H=1E2C>E59D S=FFE6>1E2C P=1E0A XRA  B
C0Z0M1E0I0 A=FB B=0004 D=1FAC H=1E2C>E59D S=FFE6>1E2C P=1E0B MOV  B,M
C0Z0M1E0I0 A=FB B=9D04 D=1FAC H=1E2C>E59D S=FFE6>1E2C P=1E0C MOV  M,A
C0Z0M1E0I0 A=FB B=9D04 D=1FAC H=1E2C>E5FB S=FFE6>1E2C P=1E0D INX  D
C0Z0M1E0I0 A=FB B=9D04 D=1FAD H=1E2C>E5FB S=FFE6>1E2C P=1E0E INX  H
C0Z0M1E0I0 A=FB B=9D04 D=1FAD H=1E2D>30E5 S=FFE6>1E2C P=1E0F DCR  C
C0Z0M0E0I0 A=FB B=9D03 D=1FAD H=1E2D>30E5 S=FFE6>1E2C P=1E10 JNZ  1E09
C0Z0M0E0I0 A=FB B=9D03 D=1FAD H=1E2D>30E5 S=FFE6>1E2C P=1E09 LDAX D
C0Z0M0E0I0 A=D4 B=9D03 D=1FAD H=1E2D>30E5 S=FFE6>1E2C P=1E0A XRA  B
C0Z0M0E0I0 A=49 B=9D03 D=1FAD H=1E2D>30E5 S=FFE6>1E2C P=1E0B MOV  B,M
C0Z0M0E0I0 A=49 B=E503 D=1FAD H=1E2D>30E5 S=FFE6>1E2C P=1E0C MOV  M,A
C0Z0M0E0I0 A=49 B=E503 D=1FAD H=1E2D>3049 S=FFE6>1E2C P=1E0D INX  D
C0Z0M0E0I0 A=49 B=E503 D=1FAE H=1E2D>3049 S=FFE6>1E2C P=1E0E INX  H
C0Z0M0E0I0 A=49 B=E503 D=1FAE H=1E2E>6F30 S=FFE6>1E2C P=1E0F DCR  C
C0Z0M0E0I0 A=49 B=E502 D=1FAE H=1E2E>6F30 S=FFE6>1E2C P=1E10 JNZ  1E09
C0Z0M0E0I0 A=49 B=E502 D=1FAE H=1E2E>6F30 S=FFE6>1E2C P=1E09 LDAX D
C0Z0M0E0I0 A=4C B=E502 D=1FAE H=1E2E>6F30 S=FFE6>1E2C P=1E0A XRA  B
C0Z0M1E1I0 A=A9 B=E502 D=1FAE H=1E2E>6F30 S=FFE6>1E2C P=1E0B MOV  B,M
C0Z0M1E1I0 A=A9 B=3002 D=1FAE H=1E2E>6F30 S=FFE6>1E2C P=1E0C MOV  M,A
C0Z0M1E1I0 A=A9 B=3002 D=1FAE H=1E2E>6FA9 S=FFE6>1E2C P=1E0D INX  D
C0Z0M1E1I0 A=A9 B=3002 D=1FAF H=1E2E>6FA9 S=FFE6>1E2C P=1E0E INX  H
C0Z0M1E1I0 A=A9 B=3002 D=1FAF H=1E2F>006F S=FFE6>1E2C P=1E0F DCR  C
C0Z0M0E0I0 A=A9 B=3001 D=1FAF H=1E2F>006F S=FFE6>1E2C P=1E10 JNZ  1E09
C0Z0M0E0I0 A=A9 B=3001 D=1FAF H=1E2F>006F S=FFE6>1E2C P=1E09 LDAX D
C0Z0M0E0I0 A=65 B=3001 D=1FAF H=1E2F>006F S=FFE6>1E2C P=1E0A XRA  B
C0Z0M0E1I0 A=55 B=3001 D=1FAF H=1E2F>006F S=FFE6>1E2C P=1E0B MOV  B,M
C0Z0M0E1I0 A=55 B=6F01 D=1FAF H=1E2F>006F S=FFE6>1E2C P=1E0C MOV  M,A
C0Z0M0E1I0 A=55 B=6F01 D=1FAF H=1E2F>0055 S=FFE6>1E2C P=1E0D INX  D
C0Z0M0E1I0 A=55 B=6F01 D=1FB0 H=1E2F>0055 S=FFE6>1E2C P=1E0E INX  H
C0Z0M0E1I0 A=55 B=6F01 D=1FB0 H=1E30>0000 S=FFE6>1E2C P=1E0F DCR  C
C0Z1M0E0I0 A=55 B=6F00 D=1FB0 H=1E30>0000 S=FFE6>1E2C P=1E10 JNZ  1E09
C0Z1M0E0I0 A=55 B=6F00 D=1FB0 H=1E30>0000 S=FFE6>1E2C P=1E13 POP  H
C0Z1M0E0I0 A=55 B=6F00 D=1FB0 H=1E2C>49FB S=FFE8>1D30 P=1E14 POP  D
C0Z1M0E0I0 A=55 B=6F00 D=1D30 H=1E2C>49FB S=FFEA>0302 P=1E15 POP  B
C0Z1M0E0I0 A=55 B=0302 D=1D30 H=1E2C>49FB S=FFEC>3002 P=1E16 POP  PSW
C0Z0M0E0I0 A=30 B=0302 D=1D30 H=1E2C>49FB S=FFEE>1D19 P=1E17 RET  
C0Z0M0E0I0 A=30 B=0302 D=1D30 H=1E2C>49FB S=FFF0>053C P=1D19 DCR  B
C0Z0M0E0I0 A=30 B=0202 D=1D30 H=1E2C>49FB S=FFF0>053C P=1D1A JNZ  1D14
C0Z0M0E0I0 A=30 B=0202 D=1D30 H=1E2C>49FB S=FFF0>053C P=1D14 LDAX D
C0Z0M0E0I0 A=A3 B=0202 D=1D30 H=1E2C>49FB S=FFF0>053C P=1D15 INX  D
C0Z0M0E0I0 A=A3 B=0202 D=1D31 H=1E2C>49FB S=FFF0>053C P=1D16 CALL 1DF0
C0Z0M0E0I0 A=A3 B=0202 D=1D31 H=1E2C>49FB S=FFEE>1D19 P=1DF0 PUSH PSW
C0Z0M0E0I0 A=A3 B=0202 D=1D31 H=1E2C>49FB S=FFEC>A302 P=1DF1 PUSH B
C0Z0M0E0I0 A=A3 B=0202 D=1D31 H=1E2C>49FB S=FFEA>0202 P=1DF2 PUSH D
C0Z0M0E0I0 A=A3 B=0202 D=1D31 H=1E2C>49FB S=FFE8>1D31 P=1DF3 PUSH H
C0Z0M0E0I0 A=A3 B=0202 D=1D31 H=1E2C>49FB S=FFE6>1E2C P=1DF4 PUSH H
C0Z0M0E0I0 A=A3 B=0202 D=1D31 H=1E2C>49FB S=FFE4>1E2C P=1DF5 LXI  D,0003
C0Z0M0E0I0 A=A3 B=0202 D=0003 H=1E2C>49FB S=FFE4>1E2C P=1DF8 DAD  D
C0Z0M0E0I0 A=A3 B=0202 D=0003 H=1E2F>0055 S=FFE4>1E2C P=1DF9 XRA  M
C0Z0M1E1I0 A=F6 B=0202 D=0003 H=1E2F>0055 S=FFE4>1E2C P=1DFA MOV  L,A
C0Z0M1E1I0 A=F6 B=0202 D=0003 H=1EF6>3A00 S=FFE4>1E2C P=1DFB MVI  H,00
C0Z0M1E1I0 A=F6 B=0202 D=0003 H=00F6>1A1A S=FFE4>1E2C P=1DFD DAD  H
C0Z0M1E1I0 A=F6 B=0202 D=0003 H=01EC>0000 S=FFE4>1E2C P=1DFE DAD  H
C0Z0M1E1I0 A=F6 B=0202 D=0003 H=03D8>0000 S=FFE4>1E2C P=1DFF XCHG 
C0Z0M1E1I0 A=F6 B=0202 D=03D8 H=0003>0000 S=FFE4>1E2C P=1E00 LXI  H,1E30
C0Z0M1E1I0 A=F6 B=0202 D=03D8 H=1E30>0000 S=FFE4>1E2C P=1E03 DAD  D
C0Z0M1E1I1 A=F6 B=0202 D=03D8 H=2208>DE54 S=FFE4>1E2C P=1E04 XCHG 
C0Z0M1E1I1 A=F6 B=0202 D=2208 H=03D8>0000 S=FFE4>1E2C P=1E05 POP  H
C0Z0M1E1I1 A=F6 B=0202 D=2208 H=1E2C>49FB S=FFE6>1E2C P=1E06 LXI  B,0004
C0Z0M1E1I1 A=F6 B=0004 D=2208 H=1E2C>49FB S=FFE6>1E2C P=1E09 LDAX D
C0Z0M1E1I1 A=54 B=0004 D=2208 H=1E2C>49FB S=FFE6>1E2C P=1E0A XRA  B
C0Z0M0E0I0 A=54 B=0004 D=2208 H=1E2C>49FB S=FFE6>1E2C P=1E0B MOV  B,M
C0Z0M0E0I0 A=54 B=FB04 D=2208 H=1E2C>49FB S=FFE6>1E2C P=1E0C MOV  M,A
C0Z0M0E0I0 A=54 B=FB04 D=2208 H=1E2C>4954 S=FFE6>1E2C P=1E0D INX  D
C0Z0M0E0I0 A=54 B=FB04 D=2209 H=1E2C>4954 S=FFE6>1E2C P=1E0E INX  H
C0Z0M0E0I0 A=54 B=FB04 D=2209 H=1E2D>A949 S=FFE6>1E2C P=1E0F DCR  C
C0Z0M0E0I0 A=54 B=FB03 D=2209 H=1E2D>A949 S=FFE6>1E2C P=1E10 JNZ  1E09
C0Z0M0E0I0 A=54 B=FB03 D=2209 H=1E2D>A949 S=FFE6>1E2C P=1E09 LDAX D*1E0A
C0Z0M0E0I0 A=DE B=FB03 D=2209 H=1E2D>A949 S=FFE6>1E2C P=1E0A XRA  B
-